TpTrace Verbose: 0 : 23572, 1, 2023/12/22, 20:38:55.555, 1258079951173, vstest.console.dll, Version: 17.7.1-release-23418-01 Current process architecture: X64
TpTrace Verbose: 0 : 23572, 1, 2023/12/22, 20:38:55.558, 1258079979314, vstest.console.dll, Runtime location: C:\Program Files\dotnet\shared\Microsoft.NETCore.App\7.0.14
TpTrace Verbose: 0 : 23572, 1, 2023/12/22, 20:38:55.562, 1258080025562, vstest.console.dll, ArtifactProcessingPostProcessModeProcessorExecutor.Initialize: ArtifactProcessingMode.Collect
TpTrace Verbose: 0 : 23572, 1, 2023/12/22, 20:38:55.563, 1258080027120, vstest.console.dll, TestSessionCorrelationIdProcessorModeProcessorExecutor.Initialize: TestSessionCorrelationId '20584_c6d4f054-7ec9-443d-b353-f28a7b6747ac'
TpTrace Information: 0 : 23572, 1, 2023/12/22, 20:38:55.574, 1258080142868, vstest.console.dll, FilePatternParser: The given file C:\Users\nasingh\source\repos\BloodGuardianAPI.tests\bin\Debug\netcoreapp3.1\fine-code-coverage\build-output\BloodGuardianAPI.tests.dll is a full path.
TpTrace Verbose: 0 : 23572, 1, 2023/12/22, 20:38:55.589, 1258080291741, vstest.console.dll, TestPluginCache.DiscoverTestExtensions: finding test extensions in assemblies ends with: RuntimeProvider.dll TPluginInfo: Microsoft.VisualStudio.TestPlatform.Common.ExtensionFramework.Utilities.TestRuntimePluginInformation TExtension: Microsoft.VisualStudio.TestPlatform.ObjectModel.Host.ITestRuntimeProvider
TpTrace Verbose: 0 : 23572, 1, 2023/12/22, 20:38:55.589, 1258080295024, vstest.console.dll, TestPluginCache.GetExtensionPaths: Filtered extension paths: 
TpTrace Verbose: 0 : 23572, 1, 2023/12/22, 20:38:55.589, 1258080295966, vstest.console.dll, TestPluginCache.GetExtensionPaths: Added default extension paths: C:\Program Files\dotnet\sdk\7.0.401\Extensions\Microsoft.Diagnostics.NETCore.Client.dll
C:\Program Files\dotnet\sdk\7.0.401\Extensions\Microsoft.TestPlatform.Extensions.BlameDataCollector.dll
C:\Program Files\dotnet\sdk\7.0.401\Extensions\Microsoft.TestPlatform.Extensions.EventLogCollector.dll
C:\Program Files\dotnet\sdk\7.0.401\Extensions\Microsoft.TestPlatform.TestHostRuntimeProvider.dll
C:\Program Files\dotnet\sdk\7.0.401\Extensions\Microsoft.VisualStudio.TestPlatform.Extensions.Html.TestLogger.dll
C:\Program Files\dotnet\sdk\7.0.401\Extensions\Microsoft.VisualStudio.TestPlatform.Extensions.Trx.TestLogger.dll
TpTrace Verbose: 0 : 23572, 1, 2023/12/22, 20:38:55.590, 1258080296290, vstest.console.dll, TestPluginCache.GetExtensionPaths: Added unfilterableExtensionPaths: 
TpTrace Information: 0 : 23572, 1, 2023/12/22, 20:38:55.590, 1258080304983, vstest.console.dll, AssemblyResolver.ctor: Creating AssemblyResolver with searchDirectories C:\Program Files\dotnet\sdk\7.0.401\Extensions,C:\Program Files\dotnet\sdk\7.0.401
TpTrace Verbose: 0 : 23572, 1, 2023/12/22, 20:38:55.593, 1258080330812, vstest.console.dll, TestPluginCache.DiscoverTestExtensions: Discovering the extensions using extension path.
TpTrace Verbose: 0 : 23572, 1, 2023/12/22, 20:38:55.593, 1258080332232, vstest.console.dll, TestPluginCache.GetExtensionPaths: Filtered extension paths: 
TpTrace Verbose: 0 : 23572, 1, 2023/12/22, 20:38:55.593, 1258080333557, vstest.console.dll, TestPluginCache.GetExtensionPaths: Added default extension paths: C:\Program Files\dotnet\sdk\7.0.401\Extensions\Microsoft.Diagnostics.NETCore.Client.dll
C:\Program Files\dotnet\sdk\7.0.401\Extensions\Microsoft.TestPlatform.Extensions.BlameDataCollector.dll
C:\Program Files\dotnet\sdk\7.0.401\Extensions\Microsoft.TestPlatform.Extensions.EventLogCollector.dll
C:\Program Files\dotnet\sdk\7.0.401\Extensions\Microsoft.TestPlatform.TestHostRuntimeProvider.dll
C:\Program Files\dotnet\sdk\7.0.401\Extensions\Microsoft.VisualStudio.TestPlatform.Extensions.Html.TestLogger.dll
C:\Program Files\dotnet\sdk\7.0.401\Extensions\Microsoft.VisualStudio.TestPlatform.Extensions.Trx.TestLogger.dll
TpTrace Verbose: 0 : 23572, 1, 2023/12/22, 20:38:55.593, 1258080333986, vstest.console.dll, TestPluginCache.GetExtensionPaths: Added unfilterableExtensionPaths: 
TpTrace Verbose: 0 : 23572, 1, 2023/12/22, 20:38:55.594, 1258080336152, vstest.console.dll, TestPluginCache.DiscoverTestExtensions: Discovering the extensions using allExtensionPaths: C:\Program Files\dotnet\sdk\7.0.401\Extensions\Microsoft.Diagnostics.NETCore.Client.dll
C:\Program Files\dotnet\sdk\7.0.401\Extensions\Microsoft.TestPlatform.Extensions.BlameDataCollector.dll
C:\Program Files\dotnet\sdk\7.0.401\Extensions\Microsoft.TestPlatform.Extensions.EventLogCollector.dll
C:\Program Files\dotnet\sdk\7.0.401\Extensions\Microsoft.TestPlatform.TestHostRuntimeProvider.dll
C:\Program Files\dotnet\sdk\7.0.401\Extensions\Microsoft.VisualStudio.TestPlatform.Extensions.Html.TestLogger.dll
C:\Program Files\dotnet\sdk\7.0.401\Extensions\Microsoft.VisualStudio.TestPlatform.Extensions.Trx.TestLogger.dll
TpTrace Information: 0 : 23572, 1, 2023/12/22, 20:38:55.594, 1258080337735, vstest.console.dll, AssemblyResolver.AddSearchDirectories: Adding more searchDirectories C:\Program Files\dotnet\sdk\7.0.401\Extensions,C:\Program Files\dotnet\sdk\7.0.401
TpTrace Information: 0 : 23572, 1, 2023/12/22, 20:38:55.594, 1258080338846, vstest.console.dll, AssemblyResolver.AddSearchDirectories: Adding more searchDirectories C:\Program Files\dotnet\sdk\7.0.401\Extensions,C:\Program Files\dotnet\sdk\7.0.401
TpTrace Information: 0 : 23572, 1, 2023/12/22, 20:38:55.594, 1258080339604, vstest.console.dll, AssemblyResolver.AddSearchDirectories: Adding more searchDirectories C:\Program Files\dotnet\sdk\7.0.401\Extensions,C:\Program Files\dotnet\sdk\7.0.401
TpTrace Information: 0 : 23572, 1, 2023/12/22, 20:38:55.594, 1258080339971, vstest.console.dll, AssemblyResolver.AddSearchDirectories: Adding more searchDirectories C:\Program Files\dotnet\sdk\7.0.401\Extensions,C:\Program Files\dotnet\sdk\7.0.401
TpTrace Information: 0 : 23572, 1, 2023/12/22, 20:38:55.594, 1258080340750, vstest.console.dll, AssemblyResolver.AddSearchDirectories: Adding more searchDirectories C:\Program Files\dotnet\sdk\7.0.401\Extensions,C:\Program Files\dotnet\sdk\7.0.401
TpTrace Information: 0 : 23572, 1, 2023/12/22, 20:38:55.594, 1258080341143, vstest.console.dll, AssemblyResolver.AddSearchDirectories: Adding more searchDirectories C:\Program Files\dotnet\sdk\7.0.401\Extensions,C:\Program Files\dotnet\sdk\7.0.401
TpTrace Information: 0 : 23572, 1, 2023/12/22, 20:38:55.595, 1258080347617, vstest.console.dll, AssemblyResolver.OnResolve: Microsoft.Diagnostics.NETCore.Client: Resolving assembly.
TpTrace Information: 0 : 23572, 1, 2023/12/22, 20:38:55.595, 1258080348907, vstest.console.dll, AssemblyResolver.OnResolve: Microsoft.Diagnostics.NETCore.Client: Searching in: 'C:\Program Files\dotnet\sdk\7.0.401\Extensions'.
TpTrace Information: 0 : 23572, 1, 2023/12/22, 20:38:55.613, 1258080526231, vstest.console.dll, AssemblyResolver.OnResolve: Microsoft.Diagnostics.NETCore.Client: Loading assembly 'C:\Program Files\dotnet\sdk\7.0.401\Extensions\Microsoft.Diagnostics.NETCore.Client.dll'.
TpTrace Information: 0 : 23572, 1, 2023/12/22, 20:38:55.615, 1258080554555, vstest.console.dll, AssemblyResolver.OnResolve: Resolved assembly: Microsoft.Diagnostics.NETCore.Client, from path: C:\Program Files\dotnet\sdk\7.0.401\Extensions\Microsoft.Diagnostics.NETCore.Client.dll
TpTrace Verbose: 0 : 23572, 1, 2023/12/22, 20:38:55.617, 1258080571521, vstest.console.dll, MetadataReaderExtensionsHelper: Discovering extensions inside assembly 'Microsoft.Diagnostics.NETCore.Client, Version=0.2.8.21101, Culture=neutral, PublicKeyToken=31bf3856ad364e35' file path 'C:\Program Files\dotnet\sdk\7.0.401\Extensions\Microsoft.Diagnostics.NETCore.Client.dll'
TpTrace Information: 0 : 23572, 1, 2023/12/22, 20:38:55.622, 1258080620319, vstest.console.dll, AssemblyResolver.OnResolve: Microsoft.Bcl.AsyncInterfaces: Resolving assembly.
TpTrace Information: 0 : 23572, 1, 2023/12/22, 20:38:55.622, 1258080621273, vstest.console.dll, AssemblyResolver.OnResolve: Microsoft.Bcl.AsyncInterfaces: Searching in: 'C:\Program Files\dotnet\sdk\7.0.401\Extensions'.
TpTrace Information: 0 : 23572, 1, 2023/12/22, 20:38:55.622, 1258080621932, vstest.console.dll, AssemblyResolver.OnResolve: Microsoft.Bcl.AsyncInterfaces: Assembly path does not exist: 'C:\Program Files\dotnet\sdk\7.0.401\Extensions\Microsoft.Bcl.AsyncInterfaces.dll', returning.
TpTrace Information: 0 : 23572, 1, 2023/12/22, 20:38:55.622, 1258080622915, vstest.console.dll, AssemblyResolver.OnResolve: Microsoft.Bcl.AsyncInterfaces: Assembly path does not exist: 'C:\Program Files\dotnet\sdk\7.0.401\Extensions\Microsoft.Bcl.AsyncInterfaces.exe', returning.
TpTrace Information: 0 : 23572, 1, 2023/12/22, 20:38:55.622, 1258080623241, vstest.console.dll, AssemblyResolver.OnResolve: Microsoft.Bcl.AsyncInterfaces: Searching in: 'C:\Program Files\dotnet\sdk\7.0.401'.
TpTrace Information: 0 : 23572, 1, 2023/12/22, 20:38:55.622, 1258080623713, vstest.console.dll, AssemblyResolver.OnResolve: Microsoft.Bcl.AsyncInterfaces: Assembly path does not exist: 'C:\Program Files\dotnet\sdk\7.0.401\Microsoft.Bcl.AsyncInterfaces.dll', returning.
TpTrace Information: 0 : 23572, 1, 2023/12/22, 20:38:55.622, 1258080624158, vstest.console.dll, AssemblyResolver.OnResolve: Microsoft.Bcl.AsyncInterfaces: Assembly path does not exist: 'C:\Program Files\dotnet\sdk\7.0.401\Microsoft.Bcl.AsyncInterfaces.exe', returning.
TpTrace Information: 0 : 23572, 1, 2023/12/22, 20:38:55.622, 1258080624514, vstest.console.dll, AssemblyResolver.OnResolve: Microsoft.Bcl.AsyncInterfaces: Failed to load assembly.
TpTrace Verbose: 0 : 23572, 1, 2023/12/22, 20:38:55.622, 1258080624863, vstest.console.dll, CurrentDomainAssemblyResolve: Resolving assembly 'Microsoft.Bcl.AsyncInterfaces'.
TpTrace Information: 0 : 23572, 1, 2023/12/22, 20:38:55.622, 1258080625544, vstest.console.dll, AssemblyResolver.OnResolve: Microsoft.Bcl.AsyncInterfaces: Resolving assembly.
TpTrace Information: 0 : 23572, 1, 2023/12/22, 20:38:55.622, 1258080625935, vstest.console.dll, AssemblyResolver.OnResolve: Microsoft.Bcl.AsyncInterfaces: Resolved from cache.
TpTrace Verbose: 0 : 23572, 1, 2023/12/22, 20:38:55.623, 1258080626176, vstest.console.dll, CurrentDomainAssemblyResolve: Resolving assembly 'Microsoft.Bcl.AsyncInterfaces'.
TpTrace Verbose: 0 : 23572, 1, 2023/12/22, 20:38:55.623, 1258080626550, vstest.console.dll, CurrentDomainAssemblyResolve: Failed to resolve assembly 'Microsoft.Bcl.AsyncInterfaces'.
TpTrace Verbose: 0 : 23572, 1, 2023/12/22, 20:38:55.632, 1258080720813, vstest.console.dll, CurrentDomainAssemblyResolve: Failed to resolve assembly 'Microsoft.Bcl.AsyncInterfaces'.
TpTrace Warning: 0 : 23572, 1, 2023/12/22, 20:38:55.653, 1258080932388, vstest.console.dll, TestPluginDiscoverer: Failed to get types from assembly 'Microsoft.Diagnostics.NETCore.Client, Version=0.2.8.21101, Culture=neutral, PublicKeyToken=31bf3856ad364e35'. Error: System.Reflection.ReflectionTypeLoadException: Unable to load one or more of the requested types.
Could not load file or assembly 'Microsoft.Bcl.AsyncInterfaces, Version=1.0.0.0, Culture=neutral, PublicKeyToken=cc7b13ffcd2ddd51'. The system cannot find the file specified.
   at System.Reflection.RuntimeModule.GetTypes(RuntimeModule module)
   at System.Reflection.Assembly.GetTypes()
   at Microsoft.VisualStudio.TestPlatform.Common.ExtensionFramework.TestPluginDiscoverer.GetTestExtensionsFromAssembly[TPluginInfo,TExtension](Assembly assembly, Dictionary`2 pluginInfos, String filePath) in /_/src/Microsoft.TestPlatform.Common/ExtensionFramework/TestPluginDiscoverer.cs:line 158
System.IO.FileNotFoundException: Could not load file or assembly 'Microsoft.Bcl.AsyncInterfaces, Version=1.0.0.0, Culture=neutral, PublicKeyToken=cc7b13ffcd2ddd51'. The system cannot find the file specified.
File name: 'Microsoft.Bcl.AsyncInterfaces, Version=1.0.0.0, Culture=neutral, PublicKeyToken=cc7b13ffcd2ddd51'
 ---> System.IO.FileNotFoundException: Could not load file or assembly 'Microsoft.Bcl.AsyncInterfaces, Culture=neutral, PublicKeyToken=null'. The system cannot find the file specified.
File name: 'Microsoft.Bcl.AsyncInterfaces, Culture=neutral, PublicKeyToken=null'
   at System.Reflection.RuntimeAssembly.InternalLoad(AssemblyName assemblyName, StackCrawlMark& stackMark, AssemblyLoadContext assemblyLoadContext, RuntimeAssembly requestingAssembly, Boolean throwOnFileNotFound)
   at System.Reflection.Assembly.Load(AssemblyName assemblyRef)
   at Microsoft.VisualStudio.TestPlatform.Common.ExtensionFramework.TestPluginCache.CurrentDomainAssemblyResolve(Object sender, AssemblyResolveEventArgs args) in /_/src/Microsoft.TestPlatform.Common/ExtensionFramework/TestPluginCache.cs:line 513
   at System.Runtime.Loader.AssemblyLoadContext.GetFirstResolvedAssemblyFromResolvingEvent(AssemblyName assemblyName)
   at System.Runtime.Loader.AssemblyLoadContext.ResolveUsingEvent(AssemblyName assemblyName)
   at System.Runtime.Loader.AssemblyLoadContext.ResolveUsingResolvingEvent(IntPtr gchManagedAssemblyLoadContext, AssemblyName assemblyName)
TpTrace Warning: 0 : 23572, 1, 2023/12/22, 20:38:55.654, 1258080937596, vstest.console.dll, LoaderExceptions: System.IO.FileNotFoundException: Could not load file or assembly 'Microsoft.Bcl.AsyncInterfaces, Version=1.0.0.0, Culture=neutral, PublicKeyToken=cc7b13ffcd2ddd51'. The system cannot find the file specified.
File name: 'Microsoft.Bcl.AsyncInterfaces, Version=1.0.0.0, Culture=neutral, PublicKeyToken=cc7b13ffcd2ddd51'
 ---> System.IO.FileNotFoundException: Could not load file or assembly 'Microsoft.Bcl.AsyncInterfaces, Culture=neutral, PublicKeyToken=null'. The system cannot find the file specified.
File name: 'Microsoft.Bcl.AsyncInterfaces, Culture=neutral, PublicKeyToken=null'
   at System.Reflection.RuntimeAssembly.InternalLoad(AssemblyName assemblyName, StackCrawlMark& stackMark, AssemblyLoadContext assemblyLoadContext, RuntimeAssembly requestingAssembly, Boolean throwOnFileNotFound)
   at System.Reflection.Assembly.Load(AssemblyName assemblyRef)
   at Microsoft.VisualStudio.TestPlatform.Common.ExtensionFramework.TestPluginCache.CurrentDomainAssemblyResolve(Object sender, AssemblyResolveEventArgs args) in /_/src/Microsoft.TestPlatform.Common/ExtensionFramework/TestPluginCache.cs:line 513
   at System.Runtime.Loader.AssemblyLoadContext.GetFirstResolvedAssemblyFromResolvingEvent(AssemblyName assemblyName)
   at System.Runtime.Loader.AssemblyLoadContext.ResolveUsingEvent(AssemblyName assemblyName)
   at System.Runtime.Loader.AssemblyLoadContext.ResolveUsingResolvingEvent(IntPtr gchManagedAssemblyLoadContext, AssemblyName assemblyName)
TpTrace Information: 0 : 23572, 1, 2023/12/22, 20:38:55.654, 1258080939077, vstest.console.dll, AssemblyResolver.OnResolve: Microsoft.TestPlatform.Extensions.BlameDataCollector: Resolving assembly.
TpTrace Information: 0 : 23572, 1, 2023/12/22, 20:38:55.654, 1258080939480, vstest.console.dll, AssemblyResolver.OnResolve: Microsoft.TestPlatform.Extensions.BlameDataCollector: Searching in: 'C:\Program Files\dotnet\sdk\7.0.401\Extensions'.
TpTrace Information: 0 : 23572, 1, 2023/12/22, 20:38:55.655, 1258080955196, vstest.console.dll, AssemblyResolver.OnResolve: Microsoft.TestPlatform.Extensions.BlameDataCollector: Loading assembly 'C:\Program Files\dotnet\sdk\7.0.401\Extensions\Microsoft.TestPlatform.Extensions.BlameDataCollector.dll'.
TpTrace Information: 0 : 23572, 1, 2023/12/22, 20:38:55.657, 1258080971326, vstest.console.dll, AssemblyResolver.OnResolve: Resolved assembly: Microsoft.TestPlatform.Extensions.BlameDataCollector, from path: C:\Program Files\dotnet\sdk\7.0.401\Extensions\Microsoft.TestPlatform.Extensions.BlameDataCollector.dll
TpTrace Verbose: 0 : 23572, 1, 2023/12/22, 20:38:55.657, 1258080972647, vstest.console.dll, MetadataReaderExtensionsHelper: Discovering extensions inside assembly 'Microsoft.TestPlatform.Extensions.BlameDataCollector, Version=15.0.0.0, Culture=neutral, PublicKeyToken=b03f5f7f11d50a3a' file path 'C:\Program Files\dotnet\sdk\7.0.401\Extensions\Microsoft.TestPlatform.Extensions.BlameDataCollector.dll'
TpTrace Information: 0 : 23572, 1, 2023/12/22, 20:38:55.659, 1258080993043, vstest.console.dll, AssemblyResolver.OnResolve: Microsoft.TestPlatform.Extensions.EventLogCollector: Resolving assembly.
TpTrace Information: 0 : 23572, 1, 2023/12/22, 20:38:55.659, 1258080993698, vstest.console.dll, AssemblyResolver.OnResolve: Microsoft.TestPlatform.Extensions.EventLogCollector: Searching in: 'C:\Program Files\dotnet\sdk\7.0.401\Extensions'.
TpTrace Information: 0 : 23572, 1, 2023/12/22, 20:38:55.660, 1258081003057, vstest.console.dll, AssemblyResolver.OnResolve: Microsoft.TestPlatform.Extensions.EventLogCollector: Loading assembly 'C:\Program Files\dotnet\sdk\7.0.401\Extensions\Microsoft.TestPlatform.Extensions.EventLogCollector.dll'.
TpTrace Information: 0 : 23572, 1, 2023/12/22, 20:38:55.661, 1258081011136, vstest.console.dll, AssemblyResolver.OnResolve: Resolved assembly: Microsoft.TestPlatform.Extensions.EventLogCollector, from path: C:\Program Files\dotnet\sdk\7.0.401\Extensions\Microsoft.TestPlatform.Extensions.EventLogCollector.dll
TpTrace Verbose: 0 : 23572, 1, 2023/12/22, 20:38:55.661, 1258081011812, vstest.console.dll, MetadataReaderExtensionsHelper: Discovering extensions inside assembly 'Microsoft.TestPlatform.Extensions.EventLogCollector, Version=15.0.0.0, Culture=neutral, PublicKeyToken=b03f5f7f11d50a3a' file path 'C:\Program Files\dotnet\sdk\7.0.401\Extensions\Microsoft.TestPlatform.Extensions.EventLogCollector.dll'
TpTrace Information: 0 : 23572, 1, 2023/12/22, 20:38:55.664, 1258081042467, vstest.console.dll, AssemblyResolver.OnResolve: Microsoft.TestPlatform.TestHostRuntimeProvider: Resolving assembly.
TpTrace Information: 0 : 23572, 1, 2023/12/22, 20:38:55.664, 1258081043159, vstest.console.dll, AssemblyResolver.OnResolve: Microsoft.TestPlatform.TestHostRuntimeProvider: Searching in: 'C:\Program Files\dotnet\sdk\7.0.401\Extensions'.
TpTrace Information: 0 : 23572, 1, 2023/12/22, 20:38:55.665, 1258081055105, vstest.console.dll, AssemblyResolver.OnResolve: Microsoft.TestPlatform.TestHostRuntimeProvider: Loading assembly 'C:\Program Files\dotnet\sdk\7.0.401\Extensions\Microsoft.TestPlatform.TestHostRuntimeProvider.dll'.
TpTrace Information: 0 : 23572, 1, 2023/12/22, 20:38:55.667, 1258081066918, vstest.console.dll, AssemblyResolver.OnResolve: Resolved assembly: Microsoft.TestPlatform.TestHostRuntimeProvider, from path: C:\Program Files\dotnet\sdk\7.0.401\Extensions\Microsoft.TestPlatform.TestHostRuntimeProvider.dll
TpTrace Verbose: 0 : 23572, 1, 2023/12/22, 20:38:55.667, 1258081067675, vstest.console.dll, MetadataReaderExtensionsHelper: Discovering extensions inside assembly 'Microsoft.TestPlatform.TestHostRuntimeProvider, Version=15.0.0.0, Culture=neutral, PublicKeyToken=b03f5f7f11d50a3a' file path 'C:\Program Files\dotnet\sdk\7.0.401\Extensions\Microsoft.TestPlatform.TestHostRuntimeProvider.dll'
TpTrace Information: 0 : 23572, 1, 2023/12/22, 20:38:55.669, 1258081091494, vstest.console.dll, GetTestExtensionFromType: Register extension with identifier data 'HostProvider://DefaultTestHost' and type 'Microsoft.VisualStudio.TestPlatform.CrossPlatEngine.Hosting.DefaultTestHostManager, Microsoft.TestPlatform.TestHostRuntimeProvider, Version=15.0.0.0, Culture=neutral, PublicKeyToken=b03f5f7f11d50a3a' inside file 'C:\Program Files\dotnet\sdk\7.0.401\Extensions\Microsoft.TestPlatform.TestHostRuntimeProvider.dll'
TpTrace Information: 0 : 23572, 1, 2023/12/22, 20:38:55.669, 1258081093424, vstest.console.dll, GetTestExtensionFromType: Register extension with identifier data 'HostProvider://DotnetTestHost' and type 'Microsoft.VisualStudio.TestPlatform.CrossPlatEngine.Hosting.DotnetTestHostManager, Microsoft.TestPlatform.TestHostRuntimeProvider, Version=15.0.0.0, Culture=neutral, PublicKeyToken=b03f5f7f11d50a3a' inside file 'C:\Program Files\dotnet\sdk\7.0.401\Extensions\Microsoft.TestPlatform.TestHostRuntimeProvider.dll'
TpTrace Information: 0 : 23572, 1, 2023/12/22, 20:38:55.669, 1258081094065, vstest.console.dll, AssemblyResolver.OnResolve: Microsoft.VisualStudio.TestPlatform.Extensions.Html.TestLogger: Resolving assembly.
TpTrace Information: 0 : 23572, 1, 2023/12/22, 20:38:55.669, 1258081094375, vstest.console.dll, AssemblyResolver.OnResolve: Microsoft.VisualStudio.TestPlatform.Extensions.Html.TestLogger: Searching in: 'C:\Program Files\dotnet\sdk\7.0.401\Extensions'.
TpTrace Information: 0 : 23572, 1, 2023/12/22, 20:38:55.670, 1258081105435, vstest.console.dll, AssemblyResolver.OnResolve: Microsoft.VisualStudio.TestPlatform.Extensions.Html.TestLogger: Loading assembly 'C:\Program Files\dotnet\sdk\7.0.401\Extensions\Microsoft.VisualStudio.TestPlatform.Extensions.Html.TestLogger.dll'.
TpTrace Information: 0 : 23572, 1, 2023/12/22, 20:38:55.671, 1258081111758, vstest.console.dll, AssemblyResolver.OnResolve: Resolved assembly: Microsoft.VisualStudio.TestPlatform.Extensions.Html.TestLogger, from path: C:\Program Files\dotnet\sdk\7.0.401\Extensions\Microsoft.VisualStudio.TestPlatform.Extensions.Html.TestLogger.dll
TpTrace Verbose: 0 : 23572, 1, 2023/12/22, 20:38:55.671, 1258081112328, vstest.console.dll, MetadataReaderExtensionsHelper: Discovering extensions inside assembly 'Microsoft.VisualStudio.TestPlatform.Extensions.Html.TestLogger, Version=15.0.0.0, Culture=neutral, PublicKeyToken=b03f5f7f11d50a3a' file path 'C:\Program Files\dotnet\sdk\7.0.401\Extensions\Microsoft.VisualStudio.TestPlatform.Extensions.Html.TestLogger.dll'
TpTrace Information: 0 : 23572, 1, 2023/12/22, 20:38:55.672, 1258081122523, vstest.console.dll, AssemblyResolver.OnResolve: Microsoft.VisualStudio.TestPlatform.Extensions.Trx.TestLogger: Resolving assembly.
TpTrace Information: 0 : 23572, 1, 2023/12/22, 20:38:55.672, 1258081122986, vstest.console.dll, AssemblyResolver.OnResolve: Microsoft.VisualStudio.TestPlatform.Extensions.Trx.TestLogger: Searching in: 'C:\Program Files\dotnet\sdk\7.0.401\Extensions'.
TpTrace Information: 0 : 23572, 1, 2023/12/22, 20:38:55.673, 1258081135815, vstest.console.dll, AssemblyResolver.OnResolve: Microsoft.VisualStudio.TestPlatform.Extensions.Trx.TestLogger: Loading assembly 'C:\Program Files\dotnet\sdk\7.0.401\Extensions\Microsoft.VisualStudio.TestPlatform.Extensions.Trx.TestLogger.dll'.
TpTrace Information: 0 : 23572, 1, 2023/12/22, 20:38:55.675, 1258081155352, vstest.console.dll, AssemblyResolver.OnResolve: Resolved assembly: Microsoft.VisualStudio.TestPlatform.Extensions.Trx.TestLogger, from path: C:\Program Files\dotnet\sdk\7.0.401\Extensions\Microsoft.VisualStudio.TestPlatform.Extensions.Trx.TestLogger.dll
TpTrace Verbose: 0 : 23572, 1, 2023/12/22, 20:38:55.676, 1258081156311, vstest.console.dll, MetadataReaderExtensionsHelper: Discovering extensions inside assembly 'Microsoft.VisualStudio.TestPlatform.Extensions.Trx.TestLogger, Version=15.0.0.0, Culture=neutral, PublicKeyToken=b03f5f7f11d50a3a' file path 'C:\Program Files\dotnet\sdk\7.0.401\Extensions\Microsoft.VisualStudio.TestPlatform.Extensions.Trx.TestLogger.dll'
TpTrace Verbose: 0 : 23572, 1, 2023/12/22, 20:38:55.677, 1258081171699, vstest.console.dll, TestPluginCache: Discovered the extensions using extension path ''.
TpTrace Verbose: 0 : 23572, 1, 2023/12/22, 20:38:55.677, 1258081172216, vstest.console.dll, TestPluginCache: Discoverers are ''.
TpTrace Verbose: 0 : 23572, 1, 2023/12/22, 20:38:55.677, 1258081172463, vstest.console.dll, TestPluginCache: Executors are ''.
TpTrace Verbose: 0 : 23572, 1, 2023/12/22, 20:38:55.677, 1258081172668, vstest.console.dll, TestPluginCache: Executors2 are ''.
TpTrace Verbose: 0 : 23572, 1, 2023/12/22, 20:38:55.677, 1258081172868, vstest.console.dll, TestPluginCache: Setting providers are ''.
TpTrace Verbose: 0 : 23572, 1, 2023/12/22, 20:38:55.677, 1258081173141, vstest.console.dll, TestPluginCache: Loggers are ''.
TpTrace Verbose: 0 : 23572, 1, 2023/12/22, 20:38:55.677, 1258081174135, vstest.console.dll, TestPluginCache: TestHosts are 'HostProvider://DefaultTestHost,HostProvider://DotnetTestHost'.
TpTrace Verbose: 0 : 23572, 1, 2023/12/22, 20:38:55.677, 1258081174451, vstest.console.dll, TestPluginCache: DataCollectors are ''.
TpTrace Information: 0 : 23572, 1, 2023/12/22, 20:38:55.700, 1258081404904, vstest.console.dll, RunTestsArgumentProcessor:Execute: Test run is starting.
TpTrace Verbose: 0 : 23572, 1, 2023/12/22, 20:38:55.700, 1258081405973, vstest.console.dll, RunTestsArgumentProcessor:Execute: Queuing Test run.
TpTrace Information: 0 : 23572, 1, 2023/12/22, 20:38:55.701, 1258081408546, vstest.console.dll, TestRequestManager.RunTests: run tests started.
TpTrace Information: 0 : 23572, 1, 2023/12/22, 20:38:55.702, 1258081424088, vstest.console.dll, AssemblyMetadataProvider.GetFrameworkName: Determined framework:'.NETCoreApp,Version=v3.1' for source: 'C:\Users\nasingh\source\repos\BloodGuardianAPI.tests\bin\Debug\netcoreapp3.1\fine-code-coverage\build-output\BloodGuardianAPI.tests.dll'
TpTrace Information: 0 : 23572, 1, 2023/12/22, 20:38:55.702, 1258081425614, vstest.console.dll, Determined framework for all sources: .NETCoreApp,Version=v3.1
TpTrace Verbose: 0 : 23572, 1, 2023/12/22, 20:38:55.703, 1258081429119, vstest.console.dll, TestRequestManager.UpdateRunSettingsIfRequired: Default architecture: X64 IsDefaultTargetArchitecture: True, Current process architecture: X64 OperatingSystem: Windows.
TpTrace Information: 0 : 23572, 1, 2023/12/22, 20:38:55.705, 1258081447411, vstest.console.dll, AssemblyMetadataProvider.GetArchitecture: Determined architecture:AnyCPU info for assembly: C:\Users\nasingh\source\repos\BloodGuardianAPI.tests\bin\Debug\netcoreapp3.1\fine-code-coverage\build-output\BloodGuardianAPI.tests.dll
TpTrace Information: 0 : 23572, 1, 2023/12/22, 20:38:55.705, 1258081448007, vstest.console.dll, Determined platform for source 'C:\Users\nasingh\source\repos\BloodGuardianAPI.tests\bin\Debug\netcoreapp3.1\fine-code-coverage\build-output\BloodGuardianAPI.tests.dll' was AnyCPU and it will use the default plaform X64.
TpTrace Information: 0 : 23572, 1, 2023/12/22, 20:38:55.705, 1258081448702, vstest.console.dll, None of the sources provided any runnable platform, using the default platform: X64
TpTrace Information: 0 : 23572, 1, 2023/12/22, 20:38:55.705, 1258081449603, vstest.console.dll, Platform was updated to 'X64'.
TpTrace Information: 0 : 23572, 1, 2023/12/22, 20:38:55.710, 1258081504241, vstest.console.dll, InferRunSettingsHelper.IsTestSettingsEnabled: Unable to navigate to RunSettings/MSTest. Current node: RunSettings
TpTrace Information: 0 : 23572, 1, 2023/12/22, 20:38:55.711, 1258081510979, vstest.console.dll, AssemblyResolver.OnResolve: Microsoft.VisualStudio.TestPlatform.Fakes: Resolving assembly.
TpTrace Information: 0 : 23572, 1, 2023/12/22, 20:38:55.711, 1258081511469, vstest.console.dll, AssemblyResolver.OnResolve: Microsoft.VisualStudio.TestPlatform.Fakes: Searching in: 'C:\Program Files\dotnet\sdk\7.0.401\Extensions'.
TpTrace Information: 0 : 23572, 1, 2023/12/22, 20:38:55.711, 1258081512244, vstest.console.dll, AssemblyResolver.OnResolve: Microsoft.VisualStudio.TestPlatform.Fakes: Assembly path does not exist: 'C:\Program Files\dotnet\sdk\7.0.401\Extensions\Microsoft.VisualStudio.TestPlatform.Fakes.dll', returning.
TpTrace Information: 0 : 23572, 1, 2023/12/22, 20:38:55.711, 1258081512697, vstest.console.dll, AssemblyResolver.OnResolve: Microsoft.VisualStudio.TestPlatform.Fakes: Assembly path does not exist: 'C:\Program Files\dotnet\sdk\7.0.401\Extensions\Microsoft.VisualStudio.TestPlatform.Fakes.exe', returning.
TpTrace Information: 0 : 23572, 1, 2023/12/22, 20:38:55.711, 1258081513017, vstest.console.dll, AssemblyResolver.OnResolve: Microsoft.VisualStudio.TestPlatform.Fakes: Searching in: 'C:\Program Files\dotnet\sdk\7.0.401'.
TpTrace Information: 0 : 23572, 1, 2023/12/22, 20:38:55.711, 1258081513487, vstest.console.dll, AssemblyResolver.OnResolve: Microsoft.VisualStudio.TestPlatform.Fakes: Assembly path does not exist: 'C:\Program Files\dotnet\sdk\7.0.401\Microsoft.VisualStudio.TestPlatform.Fakes.dll', returning.
TpTrace Information: 0 : 23572, 1, 2023/12/22, 20:38:55.711, 1258081513931, vstest.console.dll, AssemblyResolver.OnResolve: Microsoft.VisualStudio.TestPlatform.Fakes: Assembly path does not exist: 'C:\Program Files\dotnet\sdk\7.0.401\Microsoft.VisualStudio.TestPlatform.Fakes.exe', returning.
TpTrace Information: 0 : 23572, 1, 2023/12/22, 20:38:55.711, 1258081514209, vstest.console.dll, AssemblyResolver.OnResolve: Microsoft.VisualStudio.TestPlatform.Fakes: Failed to load assembly.
TpTrace Information: 0 : 23572, 1, 2023/12/22, 20:38:55.712, 1258081517037, vstest.console.dll, Failed to load assembly Microsoft.VisualStudio.TestPlatform.Fakes, Version=17.0.0.0, Culture=neutral. Reason:System.IO.FileNotFoundException: Could not load file or assembly 'Microsoft.VisualStudio.TestPlatform.Fakes, Version=17.0.0.0, Culture=neutral, PublicKeyToken=null'. The system cannot find the file specified.
File name: 'Microsoft.VisualStudio.TestPlatform.Fakes, Version=17.0.0.0, Culture=neutral, PublicKeyToken=null'
   at System.Reflection.RuntimeAssembly.InternalLoad(AssemblyName assemblyName, StackCrawlMark& stackMark, AssemblyLoadContext assemblyLoadContext, RuntimeAssembly requestingAssembly, Boolean throwOnFileNotFound)
   at System.Reflection.Assembly.Load(AssemblyName assemblyRef)
   at Microsoft.VisualStudio.TestPlatform.Common.Utilities.FakesUtilities.LoadTestPlatformAssembly() in /_/src/Microsoft.TestPlatform.Common/Utilities/FakesUtilities.cs:line 272
TpTrace Verbose: 0 : 23572, 1, 2023/12/22, 20:38:55.716, 1258081558117, vstest.console.dll, TestPluginCache.DiscoverTestExtensions: finding test extensions in assemblies ends with: TestLogger.dll TPluginInfo: Microsoft.VisualStudio.TestPlatform.Common.ExtensionFramework.Utilities.TestLoggerPluginInformation TExtension: Microsoft.VisualStudio.TestPlatform.ObjectModel.Client.ITestLogger
TpTrace Verbose: 0 : 23572, 1, 2023/12/22, 20:38:55.716, 1258081559183, vstest.console.dll, TestPluginCache.GetExtensionPaths: Filtered extension paths: 
TpTrace Verbose: 0 : 23572, 1, 2023/12/22, 20:38:55.716, 1258081559505, vstest.console.dll, TestPluginCache.GetExtensionPaths: Added default extension paths: C:\Program Files\dotnet\sdk\7.0.401\Extensions\Microsoft.Diagnostics.NETCore.Client.dll
C:\Program Files\dotnet\sdk\7.0.401\Extensions\Microsoft.TestPlatform.Extensions.BlameDataCollector.dll
C:\Program Files\dotnet\sdk\7.0.401\Extensions\Microsoft.TestPlatform.Extensions.EventLogCollector.dll
C:\Program Files\dotnet\sdk\7.0.401\Extensions\Microsoft.TestPlatform.TestHostRuntimeProvider.dll
C:\Program Files\dotnet\sdk\7.0.401\Extensions\Microsoft.VisualStudio.TestPlatform.Extensions.Html.TestLogger.dll
C:\Program Files\dotnet\sdk\7.0.401\Extensions\Microsoft.VisualStudio.TestPlatform.Extensions.Trx.TestLogger.dll
TpTrace Verbose: 0 : 23572, 1, 2023/12/22, 20:38:55.716, 1258081559744, vstest.console.dll, TestPluginCache.GetExtensionPaths: Added unfilterableExtensionPaths: 
TpTrace Information: 0 : 23572, 1, 2023/12/22, 20:38:55.716, 1258081560842, vstest.console.dll, AssemblyResolver.AddSearchDirectories: Adding more searchDirectories C:\Program Files\dotnet\sdk\7.0.401\Extensions,C:\Program Files\dotnet\sdk\7.0.401
TpTrace Verbose: 0 : 23572, 1, 2023/12/22, 20:38:55.716, 1258081561197, vstest.console.dll, TestPluginCache.DiscoverTestExtensions: Discovering the extensions using extension path.
TpTrace Verbose: 0 : 23572, 1, 2023/12/22, 20:38:55.716, 1258081561474, vstest.console.dll, TestPluginCache.GetExtensionPaths: Filtered extension paths: 
TpTrace Verbose: 0 : 23572, 1, 2023/12/22, 20:38:55.716, 1258081561757, vstest.console.dll, TestPluginCache.GetExtensionPaths: Added default extension paths: C:\Program Files\dotnet\sdk\7.0.401\Extensions\Microsoft.Diagnostics.NETCore.Client.dll
C:\Program Files\dotnet\sdk\7.0.401\Extensions\Microsoft.TestPlatform.Extensions.BlameDataCollector.dll
C:\Program Files\dotnet\sdk\7.0.401\Extensions\Microsoft.TestPlatform.Extensions.EventLogCollector.dll
C:\Program Files\dotnet\sdk\7.0.401\Extensions\Microsoft.TestPlatform.TestHostRuntimeProvider.dll
C:\Program Files\dotnet\sdk\7.0.401\Extensions\Microsoft.VisualStudio.TestPlatform.Extensions.Html.TestLogger.dll
C:\Program Files\dotnet\sdk\7.0.401\Extensions\Microsoft.VisualStudio.TestPlatform.Extensions.Trx.TestLogger.dll
TpTrace Verbose: 0 : 23572, 1, 2023/12/22, 20:38:55.716, 1258081561990, vstest.console.dll, TestPluginCache.GetExtensionPaths: Added unfilterableExtensionPaths: 
TpTrace Verbose: 0 : 23572, 1, 2023/12/22, 20:38:55.716, 1258081562266, vstest.console.dll, TestPluginCache.DiscoverTestExtensions: Discovering the extensions using allExtensionPaths: C:\Program Files\dotnet\sdk\7.0.401\Extensions\Microsoft.Diagnostics.NETCore.Client.dll
C:\Program Files\dotnet\sdk\7.0.401\Extensions\Microsoft.TestPlatform.Extensions.BlameDataCollector.dll
C:\Program Files\dotnet\sdk\7.0.401\Extensions\Microsoft.TestPlatform.Extensions.EventLogCollector.dll
C:\Program Files\dotnet\sdk\7.0.401\Extensions\Microsoft.TestPlatform.TestHostRuntimeProvider.dll
C:\Program Files\dotnet\sdk\7.0.401\Extensions\Microsoft.VisualStudio.TestPlatform.Extensions.Html.TestLogger.dll
C:\Program Files\dotnet\sdk\7.0.401\Extensions\Microsoft.VisualStudio.TestPlatform.Extensions.Trx.TestLogger.dll
TpTrace Information: 0 : 23572, 1, 2023/12/22, 20:38:55.716, 1258081563424, vstest.console.dll, AssemblyResolver.AddSearchDirectories: Adding more searchDirectories C:\Program Files\dotnet\sdk\7.0.401\Extensions,C:\Program Files\dotnet\sdk\7.0.401
TpTrace Information: 0 : 23572, 1, 2023/12/22, 20:38:55.716, 1258081564219, vstest.console.dll, AssemblyResolver.AddSearchDirectories: Adding more searchDirectories C:\Program Files\dotnet\sdk\7.0.401\Extensions,C:\Program Files\dotnet\sdk\7.0.401
TpTrace Information: 0 : 23572, 1, 2023/12/22, 20:38:55.716, 1258081564483, vstest.console.dll, AssemblyResolver.AddSearchDirectories: Adding more searchDirectories C:\Program Files\dotnet\sdk\7.0.401\Extensions,C:\Program Files\dotnet\sdk\7.0.401
TpTrace Information: 0 : 23572, 1, 2023/12/22, 20:38:55.716, 1258081564719, vstest.console.dll, AssemblyResolver.AddSearchDirectories: Adding more searchDirectories C:\Program Files\dotnet\sdk\7.0.401\Extensions,C:\Program Files\dotnet\sdk\7.0.401
TpTrace Information: 0 : 23572, 1, 2023/12/22, 20:38:55.716, 1258081565309, vstest.console.dll, AssemblyResolver.AddSearchDirectories: Adding more searchDirectories C:\Program Files\dotnet\sdk\7.0.401\Extensions,C:\Program Files\dotnet\sdk\7.0.401
TpTrace Information: 0 : 23572, 1, 2023/12/22, 20:38:55.716, 1258081565653, vstest.console.dll, AssemblyResolver.AddSearchDirectories: Adding more searchDirectories C:\Program Files\dotnet\sdk\7.0.401\Extensions,C:\Program Files\dotnet\sdk\7.0.401
TpTrace Verbose: 0 : 23572, 1, 2023/12/22, 20:38:55.717, 1258081566469, vstest.console.dll, MetadataReaderExtensionsHelper: Discovering extensions inside assembly 'Microsoft.Diagnostics.NETCore.Client, Version=0.2.8.21101, Culture=neutral, PublicKeyToken=31bf3856ad364e35' file path 'C:\Program Files\dotnet\sdk\7.0.401\Extensions\Microsoft.Diagnostics.NETCore.Client.dll'
TpTrace Information: 0 : 23572, 1, 2023/12/22, 20:38:55.717, 1258081573753, vstest.console.dll, AssemblyResolver.OnResolve: Microsoft.Bcl.AsyncInterfaces: Resolving assembly.
TpTrace Information: 0 : 23572, 1, 2023/12/22, 20:38:55.717, 1258081574161, vstest.console.dll, AssemblyResolver.OnResolve: Microsoft.Bcl.AsyncInterfaces: Resolved from cache.
TpTrace Verbose: 0 : 23572, 1, 2023/12/22, 20:38:55.717, 1258081574421, vstest.console.dll, CurrentDomainAssemblyResolve: Resolving assembly 'Microsoft.Bcl.AsyncInterfaces'.
TpTrace Information: 0 : 23572, 1, 2023/12/22, 20:38:55.717, 1258081574766, vstest.console.dll, AssemblyResolver.OnResolve: Microsoft.Bcl.AsyncInterfaces: Resolving assembly.
TpTrace Information: 0 : 23572, 1, 2023/12/22, 20:38:55.717, 1258081575002, vstest.console.dll, AssemblyResolver.OnResolve: Microsoft.Bcl.AsyncInterfaces: Resolved from cache.
TpTrace Verbose: 0 : 23572, 1, 2023/12/22, 20:38:55.717, 1258081575806, vstest.console.dll, CurrentDomainAssemblyResolve: Resolving assembly 'Microsoft.Bcl.AsyncInterfaces'.
TpTrace Verbose: 0 : 23572, 1, 2023/12/22, 20:38:55.718, 1258081576038, vstest.console.dll, CurrentDomainAssemblyResolve: Failed to resolve assembly 'Microsoft.Bcl.AsyncInterfaces'.
TpTrace Verbose: 0 : 23572, 1, 2023/12/22, 20:38:55.718, 1258081577133, vstest.console.dll, CurrentDomainAssemblyResolve: Failed to resolve assembly 'Microsoft.Bcl.AsyncInterfaces'.
TpTrace Warning: 0 : 23572, 1, 2023/12/22, 20:38:55.718, 1258081580929, vstest.console.dll, TestPluginDiscoverer: Failed to get types from assembly 'Microsoft.Diagnostics.NETCore.Client, Version=0.2.8.21101, Culture=neutral, PublicKeyToken=31bf3856ad364e35'. Error: System.Reflection.ReflectionTypeLoadException: Unable to load one or more of the requested types.
Could not load file or assembly 'Microsoft.Bcl.AsyncInterfaces, Version=1.0.0.0, Culture=neutral, PublicKeyToken=cc7b13ffcd2ddd51'. The system cannot find the file specified.
   at System.Reflection.RuntimeModule.GetTypes(RuntimeModule module)
   at System.Reflection.Assembly.GetTypes()
   at Microsoft.VisualStudio.TestPlatform.Common.ExtensionFramework.TestPluginDiscoverer.GetTestExtensionsFromAssembly[TPluginInfo,TExtension](Assembly assembly, Dictionary`2 pluginInfos, String filePath) in /_/src/Microsoft.TestPlatform.Common/ExtensionFramework/TestPluginDiscoverer.cs:line 158
System.IO.FileNotFoundException: Could not load file or assembly 'Microsoft.Bcl.AsyncInterfaces, Version=1.0.0.0, Culture=neutral, PublicKeyToken=cc7b13ffcd2ddd51'. The system cannot find the file specified.
File name: 'Microsoft.Bcl.AsyncInterfaces, Version=1.0.0.0, Culture=neutral, PublicKeyToken=cc7b13ffcd2ddd51'
 ---> System.IO.FileNotFoundException: Could not load file or assembly 'Microsoft.Bcl.AsyncInterfaces, Culture=neutral, PublicKeyToken=null'. The system cannot find the file specified.
File name: 'Microsoft.Bcl.AsyncInterfaces, Culture=neutral, PublicKeyToken=null'
   at System.Reflection.RuntimeAssembly.InternalLoad(AssemblyName assemblyName, StackCrawlMark& stackMark, AssemblyLoadContext assemblyLoadContext, RuntimeAssembly requestingAssembly, Boolean throwOnFileNotFound)
   at System.Reflection.Assembly.Load(AssemblyName assemblyRef)
   at Microsoft.VisualStudio.TestPlatform.Common.ExtensionFramework.TestPluginCache.CurrentDomainAssemblyResolve(Object sender, AssemblyResolveEventArgs args) in /_/src/Microsoft.TestPlatform.Common/ExtensionFramework/TestPluginCache.cs:line 513
   at System.Runtime.Loader.AssemblyLoadContext.GetFirstResolvedAssemblyFromResolvingEvent(AssemblyName assemblyName)
   at System.Runtime.Loader.AssemblyLoadContext.ResolveUsingEvent(AssemblyName assemblyName)
   at System.Runtime.Loader.AssemblyLoadContext.ResolveUsingResolvingEvent(IntPtr gchManagedAssemblyLoadContext, AssemblyName assemblyName)
TpTrace Warning: 0 : 23572, 1, 2023/12/22, 20:38:55.718, 1258081582989, vstest.console.dll, LoaderExceptions: System.IO.FileNotFoundException: Could not load file or assembly 'Microsoft.Bcl.AsyncInterfaces, Version=1.0.0.0, Culture=neutral, PublicKeyToken=cc7b13ffcd2ddd51'. The system cannot find the file specified.
File name: 'Microsoft.Bcl.AsyncInterfaces, Version=1.0.0.0, Culture=neutral, PublicKeyToken=cc7b13ffcd2ddd51'
 ---> System.IO.FileNotFoundException: Could not load file or assembly 'Microsoft.Bcl.AsyncInterfaces, Culture=neutral, PublicKeyToken=null'. The system cannot find the file specified.
File name: 'Microsoft.Bcl.AsyncInterfaces, Culture=neutral, PublicKeyToken=null'
   at System.Reflection.RuntimeAssembly.InternalLoad(AssemblyName assemblyName, StackCrawlMark& stackMark, AssemblyLoadContext assemblyLoadContext, RuntimeAssembly requestingAssembly, Boolean throwOnFileNotFound)
   at System.Reflection.Assembly.Load(AssemblyName assemblyRef)
   at Microsoft.VisualStudio.TestPlatform.Common.ExtensionFramework.TestPluginCache.CurrentDomainAssemblyResolve(Object sender, AssemblyResolveEventArgs args) in /_/src/Microsoft.TestPlatform.Common/ExtensionFramework/TestPluginCache.cs:line 513
   at System.Runtime.Loader.AssemblyLoadContext.GetFirstResolvedAssemblyFromResolvingEvent(AssemblyName assemblyName)
   at System.Runtime.Loader.AssemblyLoadContext.ResolveUsingEvent(AssemblyName assemblyName)
   at System.Runtime.Loader.AssemblyLoadContext.ResolveUsingResolvingEvent(IntPtr gchManagedAssemblyLoadContext, AssemblyName assemblyName)
TpTrace Verbose: 0 : 23572, 1, 2023/12/22, 20:38:55.718, 1258081583709, vstest.console.dll, MetadataReaderExtensionsHelper: Discovering extensions inside assembly 'Microsoft.TestPlatform.Extensions.BlameDataCollector, Version=15.0.0.0, Culture=neutral, PublicKeyToken=b03f5f7f11d50a3a' file path 'C:\Program Files\dotnet\sdk\7.0.401\Extensions\Microsoft.TestPlatform.Extensions.BlameDataCollector.dll'
TpTrace Information: 0 : 23572, 1, 2023/12/22, 20:38:55.719, 1258081588168, vstest.console.dll, GetTestExtensionFromType: Register extension with identifier data 'logger://Microsoft/TestPlatform/Extensions/Blame/v1' and type 'Microsoft.TestPlatform.Extensions.BlameDataCollector.BlameLogger, Microsoft.TestPlatform.Extensions.BlameDataCollector, Version=15.0.0.0, Culture=neutral, PublicKeyToken=b03f5f7f11d50a3a' inside file 'C:\Program Files\dotnet\sdk\7.0.401\Extensions\Microsoft.TestPlatform.Extensions.BlameDataCollector.dll'
TpTrace Verbose: 0 : 23572, 1, 2023/12/22, 20:38:55.719, 1258081588656, vstest.console.dll, MetadataReaderExtensionsHelper: Discovering extensions inside assembly 'Microsoft.TestPlatform.Extensions.EventLogCollector, Version=15.0.0.0, Culture=neutral, PublicKeyToken=b03f5f7f11d50a3a' file path 'C:\Program Files\dotnet\sdk\7.0.401\Extensions\Microsoft.TestPlatform.Extensions.EventLogCollector.dll'
TpTrace Verbose: 0 : 23572, 1, 2023/12/22, 20:38:55.719, 1258081591038, vstest.console.dll, MetadataReaderExtensionsHelper: Discovering extensions inside assembly 'Microsoft.TestPlatform.TestHostRuntimeProvider, Version=15.0.0.0, Culture=neutral, PublicKeyToken=b03f5f7f11d50a3a' file path 'C:\Program Files\dotnet\sdk\7.0.401\Extensions\Microsoft.TestPlatform.TestHostRuntimeProvider.dll'
TpTrace Verbose: 0 : 23572, 1, 2023/12/22, 20:38:55.719, 1258081594530, vstest.console.dll, MetadataReaderExtensionsHelper: Discovering extensions inside assembly 'Microsoft.VisualStudio.TestPlatform.Extensions.Html.TestLogger, Version=15.0.0.0, Culture=neutral, PublicKeyToken=b03f5f7f11d50a3a' file path 'C:\Program Files\dotnet\sdk\7.0.401\Extensions\Microsoft.VisualStudio.TestPlatform.Extensions.Html.TestLogger.dll'
TpTrace Information: 0 : 23572, 1, 2023/12/22, 20:38:55.720, 1258081600112, vstest.console.dll, GetTestExtensionFromType: Register extension with identifier data 'logger://Microsoft/TestPlatform/HtmlLogger/v1' and type 'Microsoft.VisualStudio.TestPlatform.Extensions.HtmlLogger.HtmlLogger, Microsoft.VisualStudio.TestPlatform.Extensions.Html.TestLogger, Version=15.0.0.0, Culture=neutral, PublicKeyToken=b03f5f7f11d50a3a' inside file 'C:\Program Files\dotnet\sdk\7.0.401\Extensions\Microsoft.VisualStudio.TestPlatform.Extensions.Html.TestLogger.dll'
TpTrace Verbose: 0 : 23572, 1, 2023/12/22, 20:38:55.720, 1258081600617, vstest.console.dll, MetadataReaderExtensionsHelper: Discovering extensions inside assembly 'Microsoft.VisualStudio.TestPlatform.Extensions.Trx.TestLogger, Version=15.0.0.0, Culture=neutral, PublicKeyToken=b03f5f7f11d50a3a' file path 'C:\Program Files\dotnet\sdk\7.0.401\Extensions\Microsoft.VisualStudio.TestPlatform.Extensions.Trx.TestLogger.dll'
TpTrace Information: 0 : 23572, 1, 2023/12/22, 20:38:55.720, 1258081604577, vstest.console.dll, GetTestExtensionFromType: Register extension with identifier data 'logger://Microsoft/TestPlatform/TrxLogger/v1' and type 'Microsoft.VisualStudio.TestPlatform.Extensions.TrxLogger.TrxLogger, Microsoft.VisualStudio.TestPlatform.Extensions.Trx.TestLogger, Version=15.0.0.0, Culture=neutral, PublicKeyToken=b03f5f7f11d50a3a' inside file 'C:\Program Files\dotnet\sdk\7.0.401\Extensions\Microsoft.VisualStudio.TestPlatform.Extensions.Trx.TestLogger.dll'
TpTrace Verbose: 0 : 23572, 1, 2023/12/22, 20:38:55.720, 1258081605259, vstest.console.dll, TestPluginCache: Discovered the extensions using extension path ''.
TpTrace Verbose: 0 : 23572, 1, 2023/12/22, 20:38:55.720, 1258081605697, vstest.console.dll, TestPluginCache: Discoverers are ''.
TpTrace Verbose: 0 : 23572, 1, 2023/12/22, 20:38:55.720, 1258081605904, vstest.console.dll, TestPluginCache: Executors are ''.
TpTrace Verbose: 0 : 23572, 1, 2023/12/22, 20:38:55.721, 1258081606097, vstest.console.dll, TestPluginCache: Executors2 are ''.
TpTrace Verbose: 0 : 23572, 1, 2023/12/22, 20:38:55.721, 1258081606287, vstest.console.dll, TestPluginCache: Setting providers are ''.
TpTrace Verbose: 0 : 23572, 1, 2023/12/22, 20:38:55.721, 1258081607404, vstest.console.dll, TestPluginCache: Loggers are 'logger://Microsoft/TestPlatform/Extensions/Blame/v1,logger://Microsoft/TestPlatform/HtmlLogger/v1,logger://Microsoft/TestPlatform/TrxLogger/v1'.
TpTrace Verbose: 0 : 23572, 1, 2023/12/22, 20:38:55.721, 1258081607817, vstest.console.dll, TestPluginCache: TestHosts are 'HostProvider://DefaultTestHost,HostProvider://DotnetTestHost'.
TpTrace Verbose: 0 : 23572, 1, 2023/12/22, 20:38:55.721, 1258081608054, vstest.console.dll, TestPluginCache: DataCollectors are ''.
TpTrace Information: 0 : 23572, 1, 2023/12/22, 20:38:55.721, 1258081614471, vstest.console.dll, TestPluginManager.CreateTestExtension: Attempting to load test extension: Microsoft.TestPlatform.Extensions.BlameDataCollector.BlameLogger
TpTrace Verbose: 0 : 23572, 1, 2023/12/22, 20:38:55.732, 1258081719847, vstest.console.dll, TestEngine: Initializing Parallel Execution as MaxCpuCount is set to: 1
TpTrace Information: 0 : 23572, 1, 2023/12/22, 20:38:55.734, 1258081737147, vstest.console.dll, TestPluginManager.CreateTestExtension: Attempting to load test extension: Microsoft.VisualStudio.TestPlatform.CrossPlatEngine.Hosting.DefaultTestHostManager
TpTrace Information: 0 : 23572, 1, 2023/12/22, 20:38:55.734, 1258081745208, vstest.console.dll, TestPluginManager.CreateTestExtension: Attempting to load test extension: Microsoft.VisualStudio.TestPlatform.CrossPlatEngine.Hosting.DotnetTestHostManager
TpTrace Information: 0 : 23572, 1, 2023/12/22, 20:38:55.735, 1258081750908, vstest.console.dll, InferRunSettingsHelper.IsTestSettingsEnabled: Unable to navigate to RunSettings/MSTest. Current node: RunSettings
TpTrace Verbose: 0 : 23572, 1, 2023/12/22, 20:38:55.736, 1258081758896, vstest.console.dll, ParallelOperationManager.ClearSlots: Clearing all slots. Slots should accept more work: True
TpTrace Verbose: 0 : 23572, 1, 2023/12/22, 20:38:55.736, 1258081764912, vstest.console.dll, ParallelOperationManager.SetOccupiedSlotCount: Setting slot counts AvailableSlotCount = 1, OccupiedSlotCount = 0.
TpTrace Verbose: 0 : 23572, 1, 2023/12/22, 20:38:55.737, 1258081768684, vstest.console.dll, Occupied slots:

TpTrace Verbose: 0 : 23572, 1, 2023/12/22, 20:38:55.740, 1258081796611, vstest.console.dll, TestEngine.GetExecutionManager: Chosen execution manager 'Microsoft.VisualStudio.TestPlatform.CrossPlatEngine.Client.Parallel.ParallelProxyExecutionManager, Microsoft.TestPlatform.CrossPlatEngine, Version=15.0.0.0, Culture=neutral, PublicKeyToken=b03f5f7f11d50a3a' ParallelLevel '1'.
TpTrace Verbose: 0 : 23572, 1, 2023/12/22, 20:38:55.740, 1258081798049, vstest.console.dll, TestRunRequest.ExecuteAsync: Creating test run request.
TpTrace Verbose: 0 : 23572, 1, 2023/12/22, 20:38:55.740, 1258081801604, vstest.console.dll, TestRunRequest.ExecuteAsync: Starting.
TpTrace Information: 0 : 23572, 1, 2023/12/22, 20:38:55.741, 1258081806650, vstest.console.dll, TestRunRequest.ExecuteAsync: Starting run with settings:TestRunCriteria:
   KeepAlive=False,FrequencyOfRunStatsChangeEvent=10,RunStatsChangeEventTimeout=00:00:01.5000000,TestCaseFilter=,TestExecutorLauncher=
   Settingsxml=<RunSettings>
  <RunConfiguration>
    <ResultsDirectory>C:\Users\nasingh\source\repos\BloodGuardianAPI.tests\bin\Debug\netcoreapp3.1\fine-code-coverage\coverage-tool-output</ResultsDirectory>
    <TargetPlatform>X64</TargetPlatform>
    <TargetFrameworkVersion>.NETCoreApp,Version=v3.1</TargetFrameworkVersion>
    <DesignMode>False</DesignMode>
    <CollectSourceInformation>False</CollectSourceInformation>
  </RunConfiguration>
  <LoggerRunSettings>
    <Loggers>
      <Logger friendlyName="blame" enabled="True" />
      <Logger friendlyName="Console" uri="logger://microsoft/TestPlatform/ConsoleLogger/v1" assemblyQualifiedName="Microsoft.VisualStudio.TestPlatform.CommandLine.Internal.ConsoleLogger, vstest.console, Version=15.0.0.0, Culture=neutral, PublicKeyToken=b03f5f7f11d50a3a" codeBase="C:\Program Files\dotnet\sdk\7.0.401\vstest.console.dll" enabled="True" />
    </Loggers>
  </LoggerRunSettings>
  <DataCollectionRunSettings>
    <DataCollectors>
      <DataCollector friendlyName="blame" enabled="True">
        <Configuration>
          <ResultsDirectory>C:\Users\nasingh\source\repos\BloodGuardianAPI.tests\bin\Debug\netcoreapp3.1\fine-code-coverage\coverage-tool-output</ResultsDirectory>
        </Configuration>
      </DataCollector>
    </DataCollectors>
  </DataCollectionRunSettings>
</RunSettings>

TpTrace Verbose: 0 : 23572, 1, 2023/12/22, 20:38:55.741, 1258081807675, vstest.console.dll, TestRunRequest.ExecuteAsync: Wait for the first run request is over.
TpTrace Verbose: 0 : 23572, 1, 2023/12/22, 20:38:55.741, 1258081810499, vstest.console.dll, MulticastDelegateUtilities.SafeInvoke: TestRun.TestRunStart: Invoking callbacks was skipped because there are no subscribers.
TpTrace Verbose: 0 : 23572, 4, 2023/12/22, 20:38:55.741, 1258081812066, vstest.console.dll, MulticastDelegateUtilities.SafeInvoke: InternalTestLoggerEvents.SendTestRunStart: Invoking callback 1/1 for Microsoft.VisualStudio.TestPlatform.CommandLine.Internal.ConsoleLogger., took 0 ms.
TpTrace Verbose: 0 : 23572, 1, 2023/12/22, 20:38:55.742, 1258081821251, vstest.console.dll, ParallelProxyExecutionManager: Start execution. Total sources: 1
TpTrace Verbose: 0 : 23572, 1, 2023/12/22, 20:38:55.742, 1258081824114, vstest.console.dll, ParallelOperationManager.StartWork: Starting adding 1 workloads.
TpTrace Verbose: 0 : 23572, 1, 2023/12/22, 20:38:55.742, 1258081825124, vstest.console.dll, ParallelOperationManager.ClearSlots: Clearing all slots. Slots should accept more work: True
TpTrace Verbose: 0 : 23572, 1, 2023/12/22, 20:38:55.742, 1258081825887, vstest.console.dll, ParallelOperationManager.SetOccupiedSlotCount: Setting slot counts AvailableSlotCount = 1, OccupiedSlotCount = 0.
TpTrace Verbose: 0 : 23572, 1, 2023/12/22, 20:38:55.743, 1258081826230, vstest.console.dll, Occupied slots:

TpTrace Verbose: 0 : 23572, 1, 2023/12/22, 20:38:55.744, 1258081839552, vstest.console.dll, TestRequestSender is acting as server.
TpTrace Verbose: 0 : 23572, 1, 2023/12/22, 20:38:55.745, 1258081849768, vstest.console.dll, ParallelOperationManager.RunWorkInParallel: Adding 1 workload to slot, remaining workloads 0.
TpTrace Verbose: 0 : 23572, 1, 2023/12/22, 20:38:55.745, 1258081850257, vstest.console.dll, ParallelOperationManager.SetOccupiedSlotCount: Setting slot counts AvailableSlotCount = 0, OccupiedSlotCount = 1.
TpTrace Verbose: 0 : 23572, 1, 2023/12/22, 20:38:55.745, 1258081851125, vstest.console.dll, Occupied slots:
0: C:\Users\nasingh\source\repos\BloodGuardianAPI.tests\bin\Debug\netcoreapp3.1\fine-code-coverage\build-output\BloodGuardianAPI.tests.dll
TpTrace Verbose: 0 : 23572, 1, 2023/12/22, 20:38:55.746, 1258081865926, vstest.console.dll, ParallelOperationManager.RunWorkInParallel: Started host in slot number 0 for work (source): C:\Users\nasingh\source\repos\BloodGuardianAPI.tests\bin\Debug\netcoreapp3.1\fine-code-coverage\build-output\BloodGuardianAPI.tests.dll.
TpTrace Verbose: 0 : 23572, 1, 2023/12/22, 20:38:55.748, 1258081876890, vstest.console.dll, ParallelOperationManager.RunWorkInParallel: We started 1 work items, which is the max parallel level. Won't start more work.
TpTrace Verbose: 0 : 23572, 1, 2023/12/22, 20:38:55.748, 1258081877563, vstest.console.dll, ParallelOperationManager.RunWorkInParallel: We started 1 work items in here, returning True.
TpTrace Information: 0 : 23572, 1, 2023/12/22, 20:38:55.748, 1258081878020, vstest.console.dll, TestRunRequest.ExecuteAsync: Started.
TpTrace Verbose: 0 : 23572, 1, 2023/12/22, 20:38:55.748, 1258081878778, vstest.console.dll, TestRunRequest.WaitForCompletion: Waiting with timeout -1.
TpTrace Verbose: 0 : 23572, 5, 2023/12/22, 20:38:55.748, 1258081879919, vstest.console.dll, ParallelProxyExecutionManager.StartTestRunOnConcurrentManager: Initializing uninitialized client. Started clients: 0
TpTrace Verbose: 0 : 23572, 5, 2023/12/22, 20:38:55.748, 1258081881400, vstest.console.dll, DataCollectionRequestSender.InitializeCommunication : Initialize communication. 
TpTrace Information: 0 : 23572, 5, 2023/12/22, 20:38:55.754, 1258081942656, vstest.console.dll, Listening on Endpoint : 127.0.0.1:63721
TpTrace Verbose: 0 : 23572, 5, 2023/12/22, 20:38:55.762, 1258082025340, vstest.console.dll, DotnetDataCollectionLauncher: Adding  --runtimeconfig "C:\Program Files\dotnet\sdk\7.0.401\datacollector.runtimeconfig.json" in args
TpTrace Verbose: 0 : 23572, 5, 2023/12/22, 20:38:55.763, 1258082027776, vstest.console.dll, DotnetDataCollectionLauncher: Adding  --depsfile "C:\Program Files\dotnet\sdk\7.0.401\datacollector.deps.json" in args
TpTrace Verbose: 0 : 23572, 5, 2023/12/22, 20:38:55.763, 1258082030165, vstest.console.dll, DotnetDataCollectionLauncher: Full path of dotnet.exe is C:\Program Files\dotnet\dotnet.exe
TpTrace Information: 0 : 23572, 5, 2023/12/22, 20:38:55.776, 1258082163126, vstest.console.dll, ProxyDataCollectionManager.Initialize: Launched datacollector processId: 7908 port: 63721
TpTrace Information: 0 : 23572, 5, 2023/12/22, 20:38:55.776, 1258082164501, vstest.console.dll, ProxyDataCollectionManager.Initialize: waiting for connection with timeout: 90 seconds
TpTrace Verbose: 0 : 23572, 5, 2023/12/22, 20:38:55.776, 1258082165434, vstest.console.dll, DataCollectionRequestSender.WaitForRequestHandlerConnection : Waiting for connection with timeout: 90000
TpTrace Information: 0 : 23572, 7, 2023/12/22, 20:38:55.934, 1258083739786, vstest.console.dll, Using the buffer size of 16384 bytes
TpTrace Verbose: 0 : 23572, 5, 2023/12/22, 20:38:55.934, 1258083739865, vstest.console.dll, SocketCommunicationManager.WaitForClientConnection took: 157 ms, with 90000 ms timeout, and finished with True.
TpTrace Information: 0 : 23572, 7, 2023/12/22, 20:38:55.934, 1258083740977, vstest.console.dll, Accepted Client request and set the flag
TpTrace Verbose: 0 : 23572, 5, 2023/12/22, 20:38:55.934, 1258083742239, vstest.console.dll, ProxyDataCollectionManager.InvokeDataCollectionServiceAction: Starting.
TpTrace Information: 0 : 23572, 5, 2023/12/22, 20:38:55.934, 1258083743074, vstest.console.dll, ProxyDataCollectionManager.BeforeTestRunStart: Get environment variable and port for datacollector processId: 7908 port: 63721
TpTrace Verbose: 0 : 23572, 5, 2023/12/22, 20:38:55.934, 1258083744449, vstest.console.dll, DataCollectionRequestSender.SendBeforeTestRunStartAndGetResult: Send BeforeTestRunStart message with settingsXml <RunSettings><RunConfiguration><ResultsDirectory>C:\Users\nasingh\source\repos\BloodGuardianAPI.tests\bin\Debug\netcoreapp3.1\fine-code-coverage\coverage-tool-output</ResultsDirectory><TargetPlatform>X64</TargetPlatform><TargetFrameworkVersion>.NETCoreApp,Version=v3.1</TargetFrameworkVersion><DesignMode>False</DesignMode><CollectSourceInformation>False</CollectSourceInformation><TestAdaptersPaths>C:\Program Files\dotnet\sdk\7.0.401\Extensions</TestAdaptersPaths></RunConfiguration><LoggerRunSettings><Loggers><Logger friendlyName="blame" enabled="True" /><Logger friendlyName="Console" uri="logger://microsoft/TestPlatform/ConsoleLogger/v1" assemblyQualifiedName="Microsoft.VisualStudio.TestPlatform.CommandLine.Internal.ConsoleLogger, vstest.console, Version=15.0.0.0, Culture=neutral, PublicKeyToken=b03f5f7f11d50a3a" codeBase="C:\Program Files\dotnet\sdk\7.0.401\vstest.console.dll" enabled="True" /></Loggers></LoggerRunSettings><DataCollectionRunSettings><DataCollectors><DataCollector friendlyName="blame" enabled="True"><Configuration><ResultsDirectory>C:\Users\nasingh\source\repos\BloodGuardianAPI.tests\bin\Debug\netcoreapp3.1\fine-code-coverage\coverage-tool-output</ResultsDirectory></Configuration></DataCollector></DataCollectors></DataCollectionRunSettings></RunSettings> and sources System.Collections.Generic.List`1[System.String]: 
TpTrace Verbose: 0 : 23572, 5, 2023/12/22, 20:38:56.026, 1258084664174, vstest.console.dll, DataCollectionRequestSender.SendBeforeTestRunStartAndGetResult: Received message: (DataCollection.SendMessage) -> {"MessageType":"DataCollection.SendMessage","Payload":{"FriendlyName":null,"Uri":null,"TestCaseId":"00000000-0000-0000-0000-000000000000","Message":"Logging DataCollector Diagnostics in file: C:\\Users\\nasingh\\source\\repos\\BloodGuardianAPI.tests\\bin\\Debug\\netcoreapp3.1\\fine-code-coverage\\coverage-tool-output\\diagnostics.datacollector.23-12-22_20-38-55_76231_5.log","Level":0}}
TpTrace Verbose: 0 : 23572, 5, 2023/12/22, 20:38:56.118, 1258085583391, vstest.console.dll, DataCollectionRequestSender.SendBeforeTestRunStartAndGetResult: Received message: (DataCollection.BeforeTestRunStartResult) -> {"MessageType":"DataCollection.BeforeTestRunStartResult","Payload":{"EnvironmentVariables":{},"DataCollectionEventsPort":63723}}
TpTrace Information: 0 : 23572, 5, 2023/12/22, 20:38:56.127, 1258085672098, vstest.console.dll, ProxyDataCollectionManager.BeforeTestRunStart: SendBeforeTestRunStartAndGetResult successful, env variable from datacollector:   and testhost port: 63723
TpTrace Information: 0 : 23572, 5, 2023/12/22, 20:38:56.127, 1258085673519, vstest.console.dll, ProxyDataCollectionManager.InvokeDataCollectionServiceAction: Completed.
TpTrace Verbose: 0 : 23572, 5, 2023/12/22, 20:38:56.127, 1258085673989, vstest.console.dll, ParallelProxyExecutionManager.StartTestRunOnConcurrentManager: Initializing test run. Started clients: 0
TpTrace Verbose: 0 : 23572, 5, 2023/12/22, 20:38:56.127, 1258085675521, vstest.console.dll, ProxyExecutionManager: Test host is always Lazy initialize.
TpTrace Verbose: 0 : 23572, 5, 2023/12/22, 20:38:56.128, 1258085678580, vstest.console.dll, TestRequestSender.InitializeCommunication: initialize communication. 
TpTrace Information: 0 : 23572, 5, 2023/12/22, 20:38:56.128, 1258085684060, vstest.console.dll, SocketServer.Start: Listening on endpoint : 127.0.0.1:63724
TpTrace Verbose: 0 : 23572, 5, 2023/12/22, 20:38:56.129, 1258085692747, vstest.console.dll, DotnetTestHostmanager.GetTestHostProcessStartInfo: Platform environment 'X64' target architecture 'X64' framework '.NETCoreApp,Version=v3.1' OS 'Windows'
TpTrace Verbose: 0 : 23572, 5, 2023/12/22, 20:38:56.130, 1258085699603, vstest.console.dll, DotnetTestHostmanager: Adding  --runtimeconfig "C:\Users\nasingh\source\repos\BloodGuardianAPI.tests\bin\Debug\netcoreapp3.1\fine-code-coverage\build-output\BloodGuardianAPI.tests.runtimeconfig.json" in args
TpTrace Verbose: 0 : 23572, 5, 2023/12/22, 20:38:56.130, 1258085701733, vstest.console.dll, DotnetTestHostmanager: Adding  --depsfile "C:\Users\nasingh\source\repos\BloodGuardianAPI.tests\bin\Debug\netcoreapp3.1\fine-code-coverage\build-output\BloodGuardianAPI.tests.deps.json" in args
TpTrace Verbose: 0 : 23572, 5, 2023/12/22, 20:38:56.130, 1258085704305, vstest.console.dll, DotnetTestHostmanager.IsWinOnArm: Current PROCESSOR_ARCHITECTURE from environment variable 'AMD64'
TpTrace Verbose: 0 : 23572, 5, 2023/12/22, 20:38:56.130, 1258085704994, vstest.console.dll, DotnetTestHostmanager.IsWinOnArm: Is Windows on ARM 'False'
TpTrace Verbose: 0 : 23572, 5, 2023/12/22, 20:38:56.131, 1258085706448, vstest.console.dll, DotnetTestHostManager: testhost.exe found at path: C:\Users\nasingh\source\repos\BloodGuardianAPI.tests\bin\Debug\netcoreapp3.1\fine-code-coverage\build-output\testhost.exe
TpTrace Verbose: 0 : 23572, 5, 2023/12/22, 20:38:56.131, 1258085706905, vstest.console.dll, DotnetTestHostmanager: Full path of host exe is C:\Users\nasingh\source\repos\BloodGuardianAPI.tests\bin\Debug\netcoreapp3.1\fine-code-coverage\build-output\testhost.exe
TpTrace Verbose: 0 : 23572, 5, 2023/12/22, 20:38:56.131, 1258085708898, vstest.console.dll, DotnetTestHostmanager.LaunchTestHostAsync: Found 'VSTEST_WINAPPHOST_DOTNET_ROOT' in env variables, value 'C:\Program Files\dotnet', forwarding to 'DOTNET_ROOT'
TpTrace Verbose: 0 : 23572, 5, 2023/12/22, 20:38:56.131, 1258085710601, vstest.console.dll, DotnetTestHostManager: Starting process 'C:\Users\nasingh\source\repos\BloodGuardianAPI.tests\bin\Debug\netcoreapp3.1\fine-code-coverage\build-output\testhost.exe' with command line ' --runtimeconfig "C:\Users\nasingh\source\repos\BloodGuardianAPI.tests\bin\Debug\netcoreapp3.1\fine-code-coverage\build-output\BloodGuardianAPI.tests.runtimeconfig.json" --depsfile "C:\Users\nasingh\source\repos\BloodGuardianAPI.tests\bin\Debug\netcoreapp3.1\fine-code-coverage\build-output\BloodGuardianAPI.tests.deps.json" --port 63724 --endpoint 127.0.0.1:063724 --role client --parentprocessid 23572 --diag "C:\Users\nasingh\source\repos\BloodGuardianAPI.tests\bin\Debug\netcoreapp3.1\fine-code-coverage\coverage-tool-output\diagnostics.host.23-12-22_20-38-56_12918_5.log" --tracelevel 4 --datacollectionport 63723 --telemetryoptedin false'
TpTrace Verbose: 0 : 23572, 5, 2023/12/22, 20:38:56.148, 1258085880329, vstest.console.dll, MulticastDelegateUtilities.SafeInvoke: HostProviderEvents.OnHostLaunched: Invoking callback 1/2 for Microsoft.VisualStudio.TestPlatform.CrossPlatEngine.Client.ProxyExecutionManagerWithDataCollection., took 1 ms.
TpTrace Verbose: 0 : 23572, 5, 2023/12/22, 20:38:56.148, 1258085884311, vstest.console.dll, Test Runtime launched
TpTrace Verbose: 0 : 23572, 5, 2023/12/22, 20:38:56.148, 1258085885280, vstest.console.dll, MulticastDelegateUtilities.SafeInvoke: HostProviderEvents.OnHostLaunched: Invoking callback 2/2 for Microsoft.VisualStudio.TestPlatform.CrossPlatEngine.Client.ProxyOperationManager., took 0 ms.
TpTrace Verbose: 0 : 23572, 5, 2023/12/22, 20:38:56.149, 1258085893539, vstest.console.dll, TestRequestSender.WaitForRequestHandlerConnection: waiting for connection with timeout: 90000.
TpTrace Verbose: 0 : 23572, 7, 2023/12/22, 20:38:56.412, 1258088522251, vstest.console.dll, MulticastDelegateUtilities.SafeInvoke: SocketServer: ClientConnected: Invoking callback 1/1 for Microsoft.VisualStudio.TestPlatform.CommunicationUtilities.TestRequestSender., took 0 ms.
TpTrace Verbose: 0 : 23572, 5, 2023/12/22, 20:38:56.412, 1258088522249, vstest.console.dll, TestRequestSender.WaitForRequestHandlerConnection: waiting took 262 ms, with timeout 90000 ms, and result 0, which is success.
TpTrace Verbose: 0 : 23572, 7, 2023/12/22, 20:38:56.412, 1258088523673, vstest.console.dll, SocketServer.OnClientConnected: Client connected for endPoint: 127.0.0.1:63724, starting MessageLoopAsync:
TpTrace Verbose: 0 : 23572, 7, 2023/12/22, 20:38:56.413, 1258088527718, vstest.console.dll, TcpClientExtensions.MessageLoopAsync: Polling on remoteEndPoint: 127.0.0.1:63725 localEndPoint: 127.0.0.1:63724
TpTrace Verbose: 0 : 23572, 5, 2023/12/22, 20:38:56.413, 1258088536019, vstest.console.dll, TestRequestSender.CheckVersionWithTestHost: Sending check version message: {"MessageType":"ProtocolVersion","Payload":7}
TpTrace Verbose: 0 : 23572, 7, 2023/12/22, 20:38:56.550, 1258089903538, vstest.console.dll, TcpClientExtensions.MessageLoopAsync: NotifyDataAvailable remoteEndPoint: 127.0.0.1:63725 localEndPoint: 127.0.0.1:63724
TpTrace Verbose: 0 : 23572, 7, 2023/12/22, 20:38:56.550, 1258089905786, vstest.console.dll, TestRequestSender.CheckVersionWithTestHost: onMessageReceived received message: (ProtocolVersion) -> {"MessageType":"ProtocolVersion","Payload":7}
TpTrace Verbose: 0 : 23572, 7, 2023/12/22, 20:38:56.551, 1258089911696, vstest.console.dll, MulticastDelegateUtilities.SafeInvoke: LengthPrefixCommunicationChannel: MessageReceived: Invoking callback 1/1 for Microsoft.VisualStudio.TestPlatform.CommunicationUtilities.TestRequestSender+<>c__DisplayClass29_0., took 0 ms.
TpTrace Verbose: 0 : 23572, 5, 2023/12/22, 20:38:56.551, 1258089912455, vstest.console.dll, TestPluginCache.GetExtensionPaths: Filtered extension paths: 
TpTrace Verbose: 0 : 23572, 7, 2023/12/22, 20:38:56.551, 1258089912490, vstest.console.dll, TcpClientExtensions.MessageLoopAsync: Polling on remoteEndPoint: 127.0.0.1:63725 localEndPoint: 127.0.0.1:63724
TpTrace Verbose: 0 : 23572, 5, 2023/12/22, 20:38:56.551, 1258089913058, vstest.console.dll, TestPluginCache.GetExtensionPaths: Added default extension paths: C:\Program Files\dotnet\sdk\7.0.401\Extensions\Microsoft.Diagnostics.NETCore.Client.dll
C:\Program Files\dotnet\sdk\7.0.401\Extensions\Microsoft.TestPlatform.Extensions.BlameDataCollector.dll
C:\Program Files\dotnet\sdk\7.0.401\Extensions\Microsoft.TestPlatform.Extensions.EventLogCollector.dll
C:\Program Files\dotnet\sdk\7.0.401\Extensions\Microsoft.TestPlatform.TestHostRuntimeProvider.dll
C:\Program Files\dotnet\sdk\7.0.401\Extensions\Microsoft.VisualStudio.TestPlatform.Extensions.Html.TestLogger.dll
C:\Program Files\dotnet\sdk\7.0.401\Extensions\Microsoft.VisualStudio.TestPlatform.Extensions.Trx.TestLogger.dll
TpTrace Verbose: 0 : 23572, 5, 2023/12/22, 20:38:56.551, 1258089915269, vstest.console.dll, TestPluginCache.GetExtensionPaths: Added unfilterableExtensionPaths: 
TpTrace Verbose: 0 : 23572, 5, 2023/12/22, 20:38:56.555, 1258089950427, vstest.console.dll, TestRequestSender.InitializeExecution: Sending initialize execution with message: {"Version":7,"MessageType":"TestExecution.Initialize","Payload":["C:\\Users\\nasingh\\source\\repos\\BloodGuardianAPI.tests\\bin\\Debug\\netcoreapp3.1\\fine-code-coverage\\build-output\\Microsoft.VisualStudio.TestPlatform.MSTest.TestAdapter.dll"]}
TpTrace Verbose: 0 : 23572, 5, 2023/12/22, 20:38:56.555, 1258089952316, vstest.console.dll, ParallelProxyExecutionManager.StartTestRunOnConcurrentManager: Execution starting. Started clients: 1
TpTrace Verbose: 0 : 23572, 5, 2023/12/22, 20:38:56.555, 1258089954658, vstest.console.dll, TestRunRequest:SendTestRunMessage: Starting.
TpTrace Verbose: 0 : 23572, 5, 2023/12/22, 20:38:56.555, 1258089955779, vstest.console.dll, MulticastDelegateUtilities.SafeInvoke: TestRun.LogMessages: Invoking callback 1/1 for Microsoft.VisualStudio.TestPlatform.CommandLine.TestRunResultAggregator., took 0 ms.
TpTrace Information: 0 : 23572, 5, 2023/12/22, 20:38:56.556, 1258089956115, vstest.console.dll, TestRunRequest:SendTestRunMessage: Completed.
TpTrace Verbose: 0 : 23572, 4, 2023/12/22, 20:38:56.556, 1258089957252, vstest.console.dll, MulticastDelegateUtilities.SafeInvoke: InternalTestLoggerEvents.SendTestRunMessage: Invoking callback 1/1 for Microsoft.VisualStudio.TestPlatform.CommandLine.Internal.ConsoleLogger., took 0 ms.
TpTrace Warning: 0 : 23572, 5, 2023/12/22, 20:38:56.556, 1258089960394, vstest.console.dll, InferRunSettingsHelper.MakeRunsettingsCompatible: Removing the following settings: TargetPlatform from RunSettings file. To use those settings please move to latest version of Microsoft.NET.Test.Sdk
TpTrace Verbose: 0 : 23572, 7, 2023/12/22, 20:38:56.557, 1258089970502, vstest.console.dll, TcpClientExtensions.MessageLoopAsync: NotifyDataAvailable remoteEndPoint: 127.0.0.1:63725 localEndPoint: 127.0.0.1:63724
TpTrace Verbose: 0 : 23572, 7, 2023/12/22, 20:38:56.557, 1258089973658, vstest.console.dll, TestRequestSender.OnExecutionMessageReceived: Received message: {"Version":7,"MessageType":"TestSession.Message","Payload":{"MessageLevel":0,"Message":"Logging TestHost Diagnostics in file: C:\\Users\\nasingh\\source\\repos\\BloodGuardianAPI.tests\\bin\\Debug\\netcoreapp3.1\\fine-code-coverage\\coverage-tool-output\\diagnostics.host.23-12-22_20-38-56_12918_5.log"}}
TpTrace Verbose: 0 : 23572, 7, 2023/12/22, 20:38:56.570, 1258090100291, vstest.console.dll, TestRunRequest:SendTestRunMessage: Starting.
TpTrace Verbose: 0 : 23572, 7, 2023/12/22, 20:38:56.570, 1258090101813, vstest.console.dll, MulticastDelegateUtilities.SafeInvoke: TestRun.LogMessages: Invoking callback 1/1 for Microsoft.VisualStudio.TestPlatform.CommandLine.TestRunResultAggregator., took 0 ms.
TpTrace Verbose: 0 : 23572, 4, 2023/12/22, 20:38:56.570, 1258090101997, vstest.console.dll, MulticastDelegateUtilities.SafeInvoke: InternalTestLoggerEvents.SendTestRunMessage: Invoking callback 1/1 for Microsoft.VisualStudio.TestPlatform.CommandLine.Internal.ConsoleLogger., took 0 ms.
TpTrace Information: 0 : 23572, 7, 2023/12/22, 20:38:56.570, 1258090102207, vstest.console.dll, TestRunRequest:SendTestRunMessage: Completed.
TpTrace Verbose: 0 : 23572, 7, 2023/12/22, 20:38:56.570, 1258090103024, vstest.console.dll, MulticastDelegateUtilities.SafeInvoke: LengthPrefixCommunicationChannel: MessageReceived: Invoking callback 1/1 for Microsoft.VisualStudio.TestPlatform.CommunicationUtilities.TestRequestSender+<>c__DisplayClass34_0., took 13 ms.
TpTrace Verbose: 0 : 23572, 7, 2023/12/22, 20:38:56.570, 1258090103351, vstest.console.dll, TcpClientExtensions.MessageLoopAsync: Polling on remoteEndPoint: 127.0.0.1:63725 localEndPoint: 127.0.0.1:63724
TpTrace Verbose: 0 : 23572, 5, 2023/12/22, 20:38:56.574, 1258090136854, vstest.console.dll, TestRequestSender.StartTestRun: Sending test run with message: {"Version":7,"MessageType":"TestExecution.StartWithSources","Payload":{"AdapterSourceMap":{"_none_":["C:\\Users\\nasingh\\source\\repos\\BloodGuardianAPI.tests\\bin\\Debug\\netcoreapp3.1\\fine-code-coverage\\build-output\\BloodGuardianAPI.tests.dll"]},"RunSettings":"<RunSettings>\r\n  <RunConfiguration>\r\n    <ResultsDirectory>C:\\Users\\nasingh\\source\\repos\\BloodGuardianAPI.tests\\bin\\Debug\\netcoreapp3.1\\fine-code-coverage\\coverage-tool-output</ResultsDirectory>\r\n    <TargetFrameworkVersion>.NETCoreApp,Version=v3.1</TargetFrameworkVersion>\r\n    <DesignMode>False</DesignMode>\r\n    <CollectSourceInformation>False</CollectSourceInformation>\r\n  </RunConfiguration>\r\n  <LoggerRunSettings>\r\n    <Loggers>\r\n      <Logger friendlyName=\"blame\" enabled=\"True\" />\r\n      <Logger friendlyName=\"Console\" uri=\"logger://microsoft/TestPlatform/ConsoleLogger/v1\" assemblyQualifiedName=\"Microsoft.VisualStudio.TestPlatform.CommandLine.Internal.ConsoleLogger, vstest.console, Version=15.0.0.0, Culture=neutral, PublicKeyToken=b03f5f7f11d50a3a\" codeBase=\"C:\\Program Files\\dotnet\\sdk\\7.0.401\\vstest.console.dll\" enabled=\"True\" />\r\n    </Loggers>\r\n  </LoggerRunSettings>\r\n  <DataCollectionRunSettings>\r\n    <DataCollectors>\r\n      <DataCollector friendlyName=\"blame\" enabled=\"True\">\r\n        <Configuration>\r\n          <ResultsDirectory>C:\\Users\\nasingh\\source\\repos\\BloodGuardianAPI.tests\\bin\\Debug\\netcoreapp3.1\\fine-code-coverage\\coverage-tool-output</ResultsDirectory>\r\n        </Configuration>\r\n      </DataCollector>\r\n    </DataCollectors>\r\n  </DataCollectionRunSettings>\r\n</RunSettings>","TestExecutionContext":{"FrequencyOfRunStatsChangeEvent":10,"RunStatsChangeEventTimeout":"00:00:01.5000000","InIsolation":false,"KeepAlive":false,"AreTestCaseLevelEventsRequired":false,"IsDebug":false,"TestCaseFilter":null,"FilterOptions":null},"Package":null}}
TpTrace Verbose: 0 : 23572, 5, 2023/12/22, 20:38:56.574, 1258090138593, vstest.console.dll, ParallelProxyExecutionManager.StartTestRunOnConcurrentManager: Execution started. Started clients: 1
TpTrace Verbose: 0 : 23572, 7, 2023/12/22, 20:38:57.579, 1258100192359, vstest.console.dll, TcpClientExtensions.MessageLoopAsync: Polling on remoteEndPoint: 127.0.0.1:63725 localEndPoint: 127.0.0.1:63724
TpTrace Verbose: 0 : 23572, 7, 2023/12/22, 20:38:58.170, 1258106100503, vstest.console.dll, TcpClientExtensions.MessageLoopAsync: NotifyDataAvailable remoteEndPoint: 127.0.0.1:63725 localEndPoint: 127.0.0.1:63724
TpTrace Verbose: 0 : 23572, 7, 2023/12/22, 20:38:58.170, 1258106102462, vstest.console.dll, TestRequestSender.OnExecutionMessageReceived: Received message: {"Version":7,"MessageType":"TestExecution.StatsChange","Payload":{"NewTestResults":[],"TestRunStatistics":{"ExecutedTests":0,"Stats":{}},"ActiveTests":[{"Id":"100ecdac-2219-4822-b25b-489c34bd2fe2","FullyQualifiedName":"BloodGuardianAPI.tests.Controllers.Tests.BloodBanksControllerTests.GetBloodBankDetails_InputBloodBankId_Returns404NotFound","DisplayName":"GetBloodBankDetails_InputBloodBankId_Returns404NotFound","ExecutorUri":"executor://MSTestAdapter/v2","Source":"C:\\Users\\nasingh\\source\\repos\\BloodGuardianAPI.tests\\bin\\Debug\\netcoreapp3.1\\fine-code-coverage\\build-output\\BloodGuardianAPI.tests.dll","CodeFilePath":null,"LineNumber":-1,"Properties":[{"Key":{"Id":"TestCase.ManagedType","Label":"ManagedType","Category":"","Description":"","Attributes":1,"ValueType":"System.String"},"Value":"BloodGuardianAPI.tests.Controllers.Tests.BloodBanksControllerTests"},{"Key":{"Id":"TestCase.ManagedMethod","Label":"ManagedMethod","Category":"","Description":"","Attributes":1,"ValueType":"System.String"},"Value":"GetBloodBankDetails_InputBloodBankId_Returns404NotFound"},{"Key":{"Id":"MSTestDiscoverer.TestClassName","Label":"ClassName","Category":"","Description":"","Attributes":1,"ValueType":"System.String"},"Value":"BloodGuardianAPI.tests.Controllers.Tests.BloodBanksControllerTests"},{"Key":{"Id":"TestCase.Hierarchy","Label":"Hierarchy","Category":"","Description":"","Attributes":2,"ValueType":"System.String[]"},"Value":["BloodGuardianAPI.tests.Controllers.Tests","BloodBanksControllerTests"]},{"Key":{"Id":"TestObject.Traits","Label":"Traits","Category":"","Description":"","Attributes":5,"ValueType":"System.Collections.Generic.KeyValuePair`2[[System.String],[System.String]][]"},"Value":[]}]}]}}
TpTrace Verbose: 0 : 23572, 7, 2023/12/22, 20:38:58.201, 1258106415129, vstest.console.dll, TestRunRequest:SendTestRunStatsChange: Starting.
TpTrace Verbose: 0 : 23572, 7, 2023/12/22, 20:38:58.202, 1258106416935, vstest.console.dll, InProgress is GetBloodBankDetails_InputBloodBankId_Returns404NotFound
TpTrace Verbose: 0 : 23572, 7, 2023/12/22, 20:38:58.202, 1258106417937, vstest.console.dll, MulticastDelegateUtilities.SafeInvoke: TestRun.RunStatsChanged: Invoking callbacks was skipped because there are no subscribers.
TpTrace Information: 0 : 23572, 7, 2023/12/22, 20:38:58.202, 1258106418265, vstest.console.dll, TestRunRequest:SendTestRunStatsChange: Completed.
TpTrace Verbose: 0 : 23572, 7, 2023/12/22, 20:38:58.202, 1258106418546, vstest.console.dll, MulticastDelegateUtilities.SafeInvoke: LengthPrefixCommunicationChannel: MessageReceived: Invoking callback 1/1 for Microsoft.VisualStudio.TestPlatform.CommunicationUtilities.TestRequestSender+<>c__DisplayClass34_0., took 31 ms.
TpTrace Verbose: 0 : 23572, 7, 2023/12/22, 20:38:58.202, 1258106418818, vstest.console.dll, TcpClientExtensions.MessageLoopAsync: Polling on remoteEndPoint: 127.0.0.1:63725 localEndPoint: 127.0.0.1:63724
TpTrace Verbose: 0 : 23572, 7, 2023/12/22, 20:38:58.547, 1258109869927, vstest.console.dll, TcpClientExtensions.MessageLoopAsync: NotifyDataAvailable remoteEndPoint: 127.0.0.1:63725 localEndPoint: 127.0.0.1:63724
TpTrace Verbose: 0 : 23572, 7, 2023/12/22, 20:38:58.547, 1258109873766, vstest.console.dll, TestRequestSender.OnExecutionMessageReceived: Received message: {"Version":7,"MessageType":"TestExecution.StatsChange","Payload":{"NewTestResults":[{"TestCase":{"Id":"100ecdac-2219-4822-b25b-489c34bd2fe2","FullyQualifiedName":"BloodGuardianAPI.tests.Controllers.Tests.BloodBanksControllerTests.GetBloodBankDetails_InputBloodBankId_Returns404NotFound","DisplayName":"GetBloodBankDetails_InputBloodBankId_Returns404NotFound","ExecutorUri":"executor://MSTestAdapter/v2","Source":"C:\\Users\\nasingh\\source\\repos\\BloodGuardianAPI.tests\\bin\\Debug\\netcoreapp3.1\\fine-code-coverage\\build-output\\BloodGuardianAPI.tests.dll","CodeFilePath":null,"LineNumber":-1,"Properties":[{"Key":{"Id":"TestCase.ManagedType","Label":"ManagedType","Category":"","Description":"","Attributes":1,"ValueType":"System.String"},"Value":"BloodGuardianAPI.tests.Controllers.Tests.BloodBanksControllerTests"},{"Key":{"Id":"TestCase.ManagedMethod","Label":"ManagedMethod","Category":"","Description":"","Attributes":1,"ValueType":"System.String"},"Value":"GetBloodBankDetails_InputBloodBankId_Returns404NotFound"},{"Key":{"Id":"MSTestDiscoverer.TestClassName","Label":"ClassName","Category":"","Description":"","Attributes":1,"ValueType":"System.String"},"Value":"BloodGuardianAPI.tests.Controllers.Tests.BloodBanksControllerTests"},{"Key":{"Id":"TestCase.Hierarchy","Label":"Hierarchy","Category":"","Description":"","Attributes":2,"ValueType":"System.String[]"},"Value":["BloodGuardianAPI.tests.Controllers.Tests","BloodBanksControllerTests"]},{"Key":{"Id":"TestObject.Traits","Label":"Traits","Category":"","Description":"","Attributes":5,"ValueType":"System.Collections.Generic.KeyValuePair`2[[System.String],[System.String]][]"},"Value":[]}]},"Attachments":[],"Outcome":1,"ErrorMessage":null,"ErrorStackTrace":null,"DisplayName":"GetBloodBankDetails_InputBloodBankId_Returns404NotFound","Messages":[],"ComputerName":null,"Duration":"00:00:00.8154257","StartTime":"2023-12-22T20:38:57.6174325+05:30","EndTime":"2023-12-22T20:38:58.4548142+05:30","Properties":[{"Key":{"Id":"ExecutionId","Label":"ExecutionId","Category":"","Description":"","Attributes":1,"ValueType":"System.Guid"},"Value":"00000000-0000-0000-0000-000000000000"},{"Key":{"Id":"ParentExecId","Label":"ParentExecId","Category":"","Description":"","Attributes":1,"ValueType":"System.Guid"},"Value":"00000000-0000-0000-0000-000000000000"},{"Key":{"Id":"InnerResultsCount","Label":"InnerResultsCount","Category":"","Description":"","Attributes":1,"ValueType":"System.Int32"},"Value":0}]},{"TestCase":{"Id":"684ae4cc-28e0-84b7-f711-07dae7d03ff3","FullyQualifiedName":"BloodGuardianAPI.tests.Controllers.Tests.BloodBanksControllerTests.GetBloodBankDetails_InputBloodBankId_Returns200Ok","DisplayName":"GetBloodBankDetails_InputBloodBankId_Returns200Ok","ExecutorUri":"executor://MSTestAdapter/v2","Source":"C:\\Users\\nasingh\\source\\repos\\BloodGuardianAPI.tests\\bin\\Debug\\netcoreapp3.1\\fine-code-coverage\\build-output\\BloodGuardianAPI.tests.dll","CodeFilePath":null,"LineNumber":-1,"Properties":[{"Key":{"Id":"TestCase.ManagedType","Label":"ManagedType","Category":"","Description":"","Attributes":1,"ValueType":"System.String"},"Value":"BloodGuardianAPI.tests.Controllers.Tests.BloodBanksControllerTests"},{"Key":{"Id":"TestCase.ManagedMethod","Label":"ManagedMethod","Category":"","Description":"","Attributes":1,"ValueType":"System.String"},"Value":"GetBloodBankDetails_InputBloodBankId_Returns200Ok"},{"Key":{"Id":"MSTestDiscoverer.TestClassName","Label":"ClassName","Category":"","Description":"","Attributes":1,"ValueType":"System.String"},"Value":"BloodGuardianAPI.tests.Controllers.Tests.BloodBanksControllerTests"},{"Key":{"Id":"TestCase.Hierarchy","Label":"Hierarchy","Category":"","Description":"","Attributes":2,"ValueType":"System.String[]"},"Value":["BloodGuardianAPI.tests.Controllers.Tests","BloodBanksControllerTests"]},{"Key":{"Id":"TestObject.Traits","Label":"Traits","Category":"","Description":"","Attributes":5,"ValueType":"System.Collections.Generic.KeyValuePair`2[[System.String],[System.String]][]"},"Value":[]}]},"Attachments":[],"Outcome":1,"ErrorMessage":null,"ErrorStackTrace":null,"DisplayName":"GetBloodBankDetails_InputBloodBankId_Returns200Ok","Messages":[],"ComputerName":null,"Duration":"00:00:00.0074843","StartTime":"2023-12-22T20:38:58.47463+05:30","EndTime":"2023-12-22T20:38:58.4824887+05:30","Properties":[{"Key":{"Id":"ExecutionId","Label":"ExecutionId","Category":"","Description":"","Attributes":1,"ValueType":"System.Guid"},"Value":"00000000-0000-0000-0000-000000000000"},{"Key":{"Id":"ParentExecId","Label":"ParentExecId","Category":"","Description":"","Attributes":1,"ValueType":"System.Guid"},"Value":"00000000-0000-0000-0000-000000000000"},{"Key":{"Id":"InnerResultsCount","Label":"InnerResultsCount","Category":"","Description":"","Attributes":1,"ValueType":"System.Int32"},"Value":0}]},{"TestCase":{"Id":"72c55c41-a89b-1a2d-a545-9d62d57b1e5a","FullyQualifiedName":"BloodGuardianAPI.tests.Controllers.Tests.BloodBanksControllerTests.GetBloodBanks_StateAndCityNull_Returns200Ok","DisplayName":"GetBloodBanks_StateAndCityNull_Returns200Ok","ExecutorUri":"executor://MSTestAdapter/v2","Source":"C:\\Users\\nasingh\\source\\repos\\BloodGuardianAPI.tests\\bin\\Debug\\netcoreapp3.1\\fine-code-coverage\\build-output\\BloodGuardianAPI.tests.dll","CodeFilePath":null,"LineNumber":-1,"Properties":[{"Key":{"Id":"TestCase.ManagedType","Label":"ManagedType","Category":"","Description":"","Attributes":1,"ValueType":"System.String"},"Value":"BloodGuardianAPI.tests.Controllers.Tests.BloodBanksControllerTests"},{"Key":{"Id":"TestCase.ManagedMethod","Label":"ManagedMethod","Category":"","Description":"","Attributes":1,"ValueType":"System.String"},"Value":"GetBloodBanks_StateAndCityNull_Returns200Ok"},{"Key":{"Id":"MSTestDiscoverer.TestClassName","Label":"ClassName","Category":"","Description":"","Attributes":1,"ValueType":"System.String"},"Value":"BloodGuardianAPI.tests.Controllers.Tests.BloodBanksControllerTests"},{"Key":{"Id":"TestCase.Hierarchy","Label":"Hierarchy","Category":"","Description":"","Attributes":2,"ValueType":"System.String[]"},"Value":["BloodGuardianAPI.tests.Controllers.Tests","BloodBanksControllerTests"]},{"Key":{"Id":"TestObject.Traits","Label":"Traits","Category":"","Description":"","Attributes":5,"ValueType":"System.Collections.Generic.KeyValuePair`2[[System.String],[System.String]][]"},"Value":[]}]},"Attachments":[],"Outcome":1,"ErrorMessage":null,"ErrorStackTrace":null,"DisplayName":"GetBloodBanks_StateAndCityNull_Returns200Ok","Messages":[],"ComputerName":null,"Duration":"00:00:00.0010102","StartTime":"2023-12-22T20:38:58.485173+05:30","EndTime":"2023-12-22T20:38:58.4863669+05:30","Properties":[{"Key":{"Id":"ExecutionId","Label":"ExecutionId","Category":"","Description":"","Attributes":1,"ValueType":"System.Guid"},"Value":"00000000-0000-0000-0000-000000000000"},{"Key":{"Id":"ParentExecId","Label":"ParentExecId","Category":"","Description":"","Attributes":1,"ValueType":"System.Guid"},"Value":"00000000-0000-0000-0000-000000000000"},{"Key":{"Id":"InnerResultsCount","Label":"InnerResultsCount","Category":"","Description":"","Attributes":1,"ValueType":"System.Int32"},"Value":0}]},{"TestCase":{"Id":"ea01feaa-d274-1f91-a98d-b03d44c3ba6c","FullyQualifiedName":"BloodGuardianAPI.tests.Controllers.Tests.BloodBanksControllerTests.GetBloodBanks_StateNull_Returns400BadRequest","DisplayName":"GetBloodBanks_StateNull_Returns400BadRequest","ExecutorUri":"executor://MSTestAdapter/v2","Source":"C:\\Users\\nasingh\\source\\repos\\BloodGuardianAPI.tests\\bin\\Debug\\netcoreapp3.1\\fine-code-coverage\\build-output\\BloodGuardianAPI.tests.dll","CodeFilePath":null,"LineNumber":-1,"Properties":[{"Key":{"Id":"TestCase.ManagedType","Label":"ManagedType","Category":"","Description":"","Attributes":1,"ValueType":"System.String"},"Value":"BloodGuardianAPI.tests.Controllers.Tests.BloodBanksControllerTests"},{"Key":{"Id":"TestCase.ManagedMethod","Label":"ManagedMethod","Category":"","Description":"","Attributes":1,"ValueType":"System.String"},"Value":"GetBloodBanks_StateNull_Returns400BadRequest"},{"Key":{"Id":"MSTestDiscoverer.TestClassName","Label":"ClassName","Category":"","Description":"","Attributes":1,"ValueType":"System.String"},"Value":"BloodGuardianAPI.tests.Controllers.Tests.BloodBanksControllerTests"},{"Key":{"Id":"TestCase.Hierarchy","Label":"Hierarchy","Category":"","Description":"","Attributes":2,"ValueType":"System.String[]"},"Value":["BloodGuardianAPI.tests.Controllers.Tests","BloodBanksControllerTests"]},{"Key":{"Id":"TestObject.Traits","Label":"Traits","Category":"","Description":"","Attributes":5,"ValueType":"System.Collections.Generic.KeyValuePair`2[[System.String],[System.String]][]"},"Value":[]}]},"Attachments":[],"Outcome":1,"ErrorMessage":null,"ErrorStackTrace":null,"DisplayName":"GetBloodBanks_StateNull_Returns400BadRequest","Messages":[],"ComputerName":null,"Duration":"00:00:00.0002685","StartTime":"2023-12-22T20:38:58.4884184+05:30","EndTime":"2023-12-22T20:38:58.4888657+05:30","Properties":[{"Key":{"Id":"ExecutionId","Label":"ExecutionId","Category":"","Description":"","Attributes":1,"ValueType":"System.Guid"},"Value":"00000000-0000-0000-0000-000000000000"},{"Key":{"Id":"ParentExecId","Label":"ParentExecId","Category":"","Description":"","Attributes":1,"ValueType":"System.Guid"},"Value":"00000000-0000-0000-0000-000000000000"},{"Key":{"Id":"InnerResultsCount","Label":"InnerResultsCount","Category":"","Description":"","Attributes":1,"ValueType":"System.Int32"},"Value":0}]},{"TestCase":{"Id":"90828a4f-6571-86d6-cb87-1e6713a90a3d","FullyQualifiedName":"BloodGuardianAPI.tests.Controllers.Tests.BloodBanksControllerTests.GetBloodBanks_StateAndCity_Returns200Ok","DisplayName":"GetBloodBanks_StateAndCity_Returns200Ok","ExecutorUri":"executor://MSTestAdapter/v2","Source":"C:\\Users\\nasingh\\source\\repos\\BloodGuardianAPI.tests\\bin\\Debug\\netcoreapp3.1\\fine-code-coverage\\build-output\\BloodGuardianAPI.tests.dll","CodeFilePath":null,"LineNumber":-1,"Properties":[{"Key":{"Id":"TestCase.ManagedType","Label":"ManagedType","Category":"","Description":"","Attributes":1,"ValueType":"System.String"},"Value":"BloodGuardianAPI.tests.Controllers.Tests.BloodBanksControllerTests"},{"Key":{"Id":"TestCase.ManagedMethod","Label":"ManagedMethod","Category":"","Description":"","Attributes":1,"ValueType":"System.String"},"Value":"GetBloodBanks_StateAndCity_Returns200Ok"},{"Key":{"Id":"MSTestDiscoverer.TestClassName","Label":"ClassName","Category":"","Description":"","Attributes":1,"ValueType":"System.String"},"Value":"BloodGuardianAPI.tests.Controllers.Tests.BloodBanksControllerTests"},{"Key":{"Id":"TestCase.Hierarchy","Label":"Hierarchy","Category":"","Description":"","Attributes":2,"ValueType":"System.String[]"},"Value":["BloodGuardianAPI.tests.Controllers.Tests","BloodBanksControllerTests"]},{"Key":{"Id":"TestObject.Traits","Label":"Traits","Category":"","Description":"","Attributes":5,"ValueType":"System.Collections.Generic.KeyValuePair`2[[System.String],[System.String]][]"},"Value":[]}]},"Attachments":[],"Outcome":1,"ErrorMessage":null,"ErrorStackTrace":null,"DisplayName":"GetBloodBanks_StateAndCity_Returns200Ok","Messages":[],"ComputerName":null,"Duration":"00:00:00.0016311","StartTime":"2023-12-22T20:38:58.4912617+05:30","EndTime":"2023-12-22T20:38:58.4931424+05:30","Properties":[{"Key":{"Id":"ExecutionId","Label":"ExecutionId","Category":"","Description":"","Attributes":1,"ValueType":"System.Guid"},"Value":"00000000-0000-0000-0000-000000000000"},{"Key":{"Id":"ParentExecId","Label":"ParentExecId","Category":"","Description":"","Attributes":1,"ValueType":"System.Guid"},"Value":"00000000-0000-0000-0000-000000000000"},{"Key":{"Id":"InnerResultsCount","Label":"InnerResultsCount","Category":"","Description":"","Attributes":1,"ValueType":"System.Int32"},"Value":0}]},{"TestCase":{"Id":"6b51e386-08e0-0bcd-b8ed-f087dc6138db","FullyQualifiedName":"BloodGuardianAPI.tests.Controllers.Tests.BloodBanksControllerTests.GetBloodBanks_StateAndCityAndBloodType_Returns200Ok","DisplayName":"GetBloodBanks_StateAndCityAndBloodType_Returns200Ok","ExecutorUri":"executor://MSTestAdapter/v2","Source":"C:\\Users\\nasingh\\source\\repos\\BloodGuardianAPI.tests\\bin\\Debug\\netcoreapp3.1\\fine-code-coverage\\build-output\\BloodGuardianAPI.tests.dll","CodeFilePath":null,"LineNumber":-1,"Properties":[{"Key":{"Id":"TestCase.ManagedType","Label":"ManagedType","Category":"","Description":"","Attributes":1,"ValueType":"System.String"},"Value":"BloodGuardianAPI.tests.Controllers.Tests.BloodBanksControllerTests"},{"Key":{"Id":"TestCase.ManagedMethod","Label":"ManagedMethod","Category":"","Description":"","Attributes":1,"ValueType":"System.String"},"Value":"GetBloodBanks_StateAndCityAndBloodType_Returns200Ok"},{"Key":{"Id":"MSTestDiscoverer.TestClassName","Label":"ClassName","Category":"","Description":"","Attributes":1,"ValueType":"System.String"},"Value":"BloodGuardianAPI.tests.Controllers.Tests.BloodBanksControllerTests"},{"Key":{"Id":"TestCase.Hierarchy","Label":"Hierarchy","Category":"","Description":"","Attributes":2,"ValueType":"System.String[]"},"Value":["BloodGuardianAPI.tests.Controllers.Tests","BloodBanksControllerTests"]},{"Key":{"Id":"TestObject.Traits","Label":"Traits","Category":"","Description":"","Attributes":5,"ValueType":"System.Collections.Generic.KeyValuePair`2[[System.String],[System.String]][]"},"Value":[]}]},"Attachments":[],"Outcome":1,"ErrorMessage":null,"ErrorStackTrace":null,"DisplayName":"GetBloodBanks_StateAndCityAndBloodType_Returns200Ok","Messages":[],"ComputerName":null,"Duration":"00:00:00.0076305","StartTime":"2023-12-22T20:38:58.4953897+05:30","EndTime":"2023-12-22T20:38:58.5032364+05:30","Properties":[{"Key":{"Id":"ExecutionId","Label":"ExecutionId","Category":"","Description":"","Attributes":1,"ValueType":"System.Guid"},"Value":"00000000-0000-0000-0000-000000000000"},{"Key":{"Id":"ParentExecId","Label":"ParentExecId","Category":"","Description":"","Attributes":1,"ValueType":"System.Guid"},"Value":"00000000-0000-0000-0000-000000000000"},{"Key":{"Id":"InnerResultsCount","Label":"InnerResultsCount","Category":"","Description":"","Attributes":1,"ValueType":"System.Int32"},"Value":0}]},{"TestCase":{"Id":"d26586b7-81e9-bfd4-3c1d-6ba2b41971cd","FullyQualifiedName":"BloodGuardianAPI.tests.Controllers.Tests.BloodBanksControllerTests.Post_InputBloodBank_Returns400BadRequest","DisplayName":"Post_InputBloodBank_Returns400BadRequest","ExecutorUri":"executor://MSTestAdapter/v2","Source":"C:\\Users\\nasingh\\source\\repos\\BloodGuardianAPI.tests\\bin\\Debug\\netcoreapp3.1\\fine-code-coverage\\build-output\\BloodGuardianAPI.tests.dll","CodeFilePath":null,"LineNumber":-1,"Properties":[{"Key":{"Id":"TestCase.ManagedType","Label":"ManagedType","Category":"","Description":"","Attributes":1,"ValueType":"System.String"},"Value":"BloodGuardianAPI.tests.Controllers.Tests.BloodBanksControllerTests"},{"Key":{"Id":"TestCase.ManagedMethod","Label":"ManagedMethod","Category":"","Description":"","Attributes":1,"ValueType":"System.String"},"Value":"Post_InputBloodBank_Returns400BadRequest"},{"Key":{"Id":"MSTestDiscoverer.TestClassName","Label":"ClassName","Category":"","Description":"","Attributes":1,"ValueType":"System.String"},"Value":"BloodGuardianAPI.tests.Controllers.Tests.BloodBanksControllerTests"},{"Key":{"Id":"TestCase.Hierarchy","Label":"Hierarchy","Category":"","Description":"","Attributes":2,"ValueType":"System.String[]"},"Value":["BloodGuardianAPI.tests.Controllers.Tests","BloodBanksControllerTests"]},{"Key":{"Id":"TestObject.Traits","Label":"Traits","Category":"","Description":"","Attributes":5,"ValueType":"System.Collections.Generic.KeyValuePair`2[[System.String],[System.String]][]"},"Value":[]}]},"Attachments":[],"Outcome":1,"ErrorMessage":null,"ErrorStackTrace":null,"DisplayName":"Post_InputBloodBank_Returns400BadRequest","Messages":[],"ComputerName":null,"Duration":"00:00:00.0096654","StartTime":"2023-12-22T20:38:58.5128325+05:30","EndTime":"2023-12-22T20:38:58.5228588+05:30","Properties":[{"Key":{"Id":"ExecutionId","Label":"ExecutionId","Category":"","Description":"","Attributes":1,"ValueType":"System.Guid"},"Value":"00000000-0000-0000-0000-000000000000"},{"Key":{"Id":"ParentExecId","Label":"ParentExecId","Category":"","Description":"","Attributes":1,"ValueType":"System.Guid"},"Value":"00000000-0000-0000-0000-000000000000"},{"Key":{"Id":"InnerResultsCount","Label":"InnerResultsCount","Category":"","Description":"","Attributes":1,"ValueType":"System.Int32"},"Value":0}]},{"TestCase":{"Id":"e5752d83-b8de-1a74-6072-93c3ca2c046e","FullyQualifiedName":"BloodGuardianAPI.tests.Controllers.Tests.BloodBanksControllerTests.Post_InputBloodBank_Returns200Ok","DisplayName":"Post_InputBloodBank_Returns200Ok","ExecutorUri":"executor://MSTestAdapter/v2","Source":"C:\\Users\\nasingh\\source\\repos\\BloodGuardianAPI.tests\\bin\\Debug\\netcoreapp3.1\\fine-code-coverage\\build-output\\BloodGuardianAPI.tests.dll","CodeFilePath":null,"LineNumber":-1,"Properties":[{"Key":{"Id":"TestCase.ManagedType","Label":"ManagedType","Category":"","Description":"","Attributes":1,"ValueType":"System.String"},"Value":"BloodGuardianAPI.tests.Controllers.Tests.BloodBanksControllerTests"},{"Key":{"Id":"TestCase.ManagedMethod","Label":"ManagedMethod","Category":"","Description":"","Attributes":1,"ValueType":"System.String"},"Value":"Post_InputBloodBank_Returns200Ok"},{"Key":{"Id":"MSTestDiscoverer.TestClassName","Label":"ClassName","Category":"","Description":"","Attributes":1,"ValueType":"System.String"},"Value":"BloodGuardianAPI.tests.Controllers.Tests.BloodBanksControllerTests"},{"Key":{"Id":"TestCase.Hierarchy","Label":"Hierarchy","Category":"","Description":"","Attributes":2,"ValueType":"System.String[]"},"Value":["BloodGuardianAPI.tests.Controllers.Tests","BloodBanksControllerTests"]},{"Key":{"Id":"TestObject.Traits","Label":"Traits","Category":"","Description":"","Attributes":5,"ValueType":"System.Collections.Generic.KeyValuePair`2[[System.String],[System.String]][]"},"Value":[]}]},"Attachments":[],"Outcome":1,"ErrorMessage":null,"ErrorStackTrace":null,"DisplayName":"Post_InputBloodBank_Returns200Ok","Messages":[],"ComputerName":null,"Duration":"00:00:00.0080614","StartTime":"2023-12-22T20:38:58.5254498+05:30","EndTime":"2023-12-22T20:38:58.5337845+05:30","Properties":[{"Key":{"Id":"ExecutionId","Label":"ExecutionId","Category":"","Description":"","Attributes":1,"ValueType":"System.Guid"},"Value":"00000000-0000-0000-0000-000000000000"},{"Key":{"Id":"ParentExecId","Label":"ParentExecId","Category":"","Description":"","Attributes":1,"ValueType":"System.Guid"},"Value":"00000000-0000-0000-0000-000000000000"},{"Key":{"Id":"InnerResultsCount","Label":"InnerResultsCount","Category":"","Description":"","Attributes":1,"ValueType":"System.Int32"},"Value":0}]},{"TestCase":{"Id":"f9b6e76f-2396-3430-1678-456561ec648a","FullyQualifiedName":"BloodGuardianAPI.tests.Controllers.Tests.BloodBanksControllerTests.Delete_InputBloodId_Returns404NotFound","DisplayName":"Delete_InputBloodId_Returns404NotFound","ExecutorUri":"executor://MSTestAdapter/v2","Source":"C:\\Users\\nasingh\\source\\repos\\BloodGuardianAPI.tests\\bin\\Debug\\netcoreapp3.1\\fine-code-coverage\\build-output\\BloodGuardianAPI.tests.dll","CodeFilePath":null,"LineNumber":-1,"Properties":[{"Key":{"Id":"TestCase.ManagedType","Label":"ManagedType","Category":"","Description":"","Attributes":1,"ValueType":"System.String"},"Value":"BloodGuardianAPI.tests.Controllers.Tests.BloodBanksControllerTests"},{"Key":{"Id":"TestCase.ManagedMethod","Label":"ManagedMethod","Category":"","Description":"","Attributes":1,"ValueType":"System.String"},"Value":"Delete_InputBloodId_Returns404NotFound"},{"Key":{"Id":"MSTestDiscoverer.TestClassName","Label":"ClassName","Category":"","Description":"","Attributes":1,"ValueType":"System.String"},"Value":"BloodGuardianAPI.tests.Controllers.Tests.BloodBanksControllerTests"},{"Key":{"Id":"TestCase.Hierarchy","Label":"Hierarchy","Category":"","Description":"","Attributes":2,"ValueType":"System.String[]"},"Value":["BloodGuardianAPI.tests.Controllers.Tests","BloodBanksControllerTests"]},{"Key":{"Id":"TestObject.Traits","Label":"Traits","Category":"","Description":"","Attributes":5,"ValueType":"System.Collections.Generic.KeyValuePair`2[[System.String],[System.String]][]"},"Value":[]}]},"Attachments":[],"Outcome":1,"ErrorMessage":null,"ErrorStackTrace":null,"DisplayName":"Delete_InputBloodId_Returns404NotFound","Messages":[],"ComputerName":null,"Duration":"00:00:00.0010293","StartTime":"2023-12-22T20:38:58.5360104+05:30","EndTime":"2023-12-22T20:38:58.5373107+05:30","Properties":[{"Key":{"Id":"ExecutionId","Label":"ExecutionId","Category":"","Description":"","Attributes":1,"ValueType":"System.Guid"},"Value":"00000000-0000-0000-0000-000000000000"},{"Key":{"Id":"ParentExecId","Label":"ParentExecId","Category":"","Description":"","Attributes":1,"ValueType":"System.Guid"},"Value":"00000000-0000-0000-0000-000000000000"},{"Key":{"Id":"InnerResultsCount","Label":"InnerResultsCount","Category":"","Description":"","Attributes":1,"ValueType":"System.Int32"},"Value":0}]}],"TestRunStatistics":{"ExecutedTests":9,"Stats":{"Passed":9}},"ActiveTests":[{"Id":"020d11e8-c321-f4ae-1a0c-d9a921c78b5f","FullyQualifiedName":"BloodGuardianAPI.tests.Controllers.Tests.BloodBanksControllerTests.Delete_InputBloodId_Returns200Ok","DisplayName":"Delete_InputBloodId_Returns200Ok","ExecutorUri":"executor://MSTestAdapter/v2","Source":"C:\\Users\\nasingh\\source\\repos\\BloodGuardianAPI.tests\\bin\\Debug\\netcoreapp3.1\\fine-code-coverage\\build-output\\BloodGuardianAPI.tests.dll","CodeFilePath":null,"LineNumber":-1,"Properties":[{"Key":{"Id":"TestCase.ManagedType","Label":"ManagedType","Category":"","Description":"","Attributes":1,"ValueType":"System.String"},"Value":"BloodGuardianAPI.tests.Controllers.Tests.BloodBanksControllerTests"},{"Key":{"Id":"TestCase.ManagedMethod","Label":"ManagedMethod","Category":"","Description":"","Attributes":1,"ValueType":"System.String"},"Value":"Delete_InputBloodId_Returns200Ok"},{"Key":{"Id":"MSTestDiscoverer.TestClassName","Label":"ClassName","Category":"","Description":"","Attributes":1,"ValueType":"System.String"},"Value":"BloodGuardianAPI.tests.Controllers.Tests.BloodBanksControllerTests"},{"Key":{"Id":"TestCase.Hierarchy","Label":"Hierarchy","Category":"","Description":"","Attributes":2,"ValueType":"System.String[]"},"Value":["BloodGuardianAPI.tests.Controllers.Tests","BloodBanksControllerTests"]},{"Key":{"Id":"TestObject.Traits","Label":"Traits","Category":"","Description":"","Attributes":5,"ValueType":"System.Collections.Generic.KeyValuePair`2[[System.String],[System.String]][]"},"Value":[]}]}]}}
TpTrace Verbose: 0 : 23572, 7, 2023/12/22, 20:38:58.558, 1258109982723, vstest.console.dll, TestRunRequest:SendTestRunStatsChange: Starting.
TpTrace Verbose: 0 : 23572, 7, 2023/12/22, 20:38:58.558, 1258109983495, vstest.console.dll, InProgress is Delete_InputBloodId_Returns200Ok
TpTrace Verbose: 0 : 23572, 7, 2023/12/22, 20:38:58.559, 1258109986622, vstest.console.dll, MulticastDelegateUtilities.SafeInvoke: TestRun.RunStatsChanged: Invoking callbacks was skipped because there are no subscribers.
TpTrace Information: 0 : 23572, 7, 2023/12/22, 20:38:58.559, 1258109987012, vstest.console.dll, TestRunRequest:SendTestRunStatsChange: Completed.
TpTrace Verbose: 0 : 23572, 7, 2023/12/22, 20:38:58.559, 1258109987263, vstest.console.dll, MulticastDelegateUtilities.SafeInvoke: LengthPrefixCommunicationChannel: MessageReceived: Invoking callback 1/1 for Microsoft.VisualStudio.TestPlatform.CommunicationUtilities.TestRequestSender+<>c__DisplayClass34_0., took 11 ms.
TpTrace Verbose: 0 : 23572, 7, 2023/12/22, 20:38:58.559, 1258109987539, vstest.console.dll, TcpClientExtensions.MessageLoopAsync: Polling on remoteEndPoint: 127.0.0.1:63725 localEndPoint: 127.0.0.1:63724
TpTrace Verbose: 0 : 23572, 4, 2023/12/22, 20:38:58.561, 1258110008579, vstest.console.dll, MulticastDelegateUtilities.SafeInvoke: InternalTestLoggerEvents.SendTestResult: Invoking callback 1/1 for Microsoft.VisualStudio.TestPlatform.CommandLine.Internal.ConsoleLogger., took 2 ms.
TpTrace Verbose: 0 : 23572, 4, 2023/12/22, 20:38:58.561, 1258110011100, vstest.console.dll, MulticastDelegateUtilities.SafeInvoke: InternalTestLoggerEvents.SendTestResult: Invoking callback 1/1 for Microsoft.VisualStudio.TestPlatform.CommandLine.Internal.ConsoleLogger., took 0 ms.
TpTrace Verbose: 0 : 23572, 4, 2023/12/22, 20:38:58.561, 1258110011709, vstest.console.dll, MulticastDelegateUtilities.SafeInvoke: InternalTestLoggerEvents.SendTestResult: Invoking callback 1/1 for Microsoft.VisualStudio.TestPlatform.CommandLine.Internal.ConsoleLogger., took 0 ms.
TpTrace Verbose: 0 : 23572, 4, 2023/12/22, 20:38:58.561, 1258110012070, vstest.console.dll, MulticastDelegateUtilities.SafeInvoke: InternalTestLoggerEvents.SendTestResult: Invoking callback 1/1 for Microsoft.VisualStudio.TestPlatform.CommandLine.Internal.ConsoleLogger., took 0 ms.
TpTrace Verbose: 0 : 23572, 4, 2023/12/22, 20:38:58.561, 1258110012416, vstest.console.dll, MulticastDelegateUtilities.SafeInvoke: InternalTestLoggerEvents.SendTestResult: Invoking callback 1/1 for Microsoft.VisualStudio.TestPlatform.CommandLine.Internal.ConsoleLogger., took 0 ms.
TpTrace Verbose: 0 : 23572, 4, 2023/12/22, 20:38:58.561, 1258110012754, vstest.console.dll, MulticastDelegateUtilities.SafeInvoke: InternalTestLoggerEvents.SendTestResult: Invoking callback 1/1 for Microsoft.VisualStudio.TestPlatform.CommandLine.Internal.ConsoleLogger., took 0 ms.
TpTrace Verbose: 0 : 23572, 4, 2023/12/22, 20:38:58.561, 1258110013077, vstest.console.dll, MulticastDelegateUtilities.SafeInvoke: InternalTestLoggerEvents.SendTestResult: Invoking callback 1/1 for Microsoft.VisualStudio.TestPlatform.CommandLine.Internal.ConsoleLogger., took 0 ms.
TpTrace Verbose: 0 : 23572, 4, 2023/12/22, 20:38:58.561, 1258110013417, vstest.console.dll, MulticastDelegateUtilities.SafeInvoke: InternalTestLoggerEvents.SendTestResult: Invoking callback 1/1 for Microsoft.VisualStudio.TestPlatform.CommandLine.Internal.ConsoleLogger., took 0 ms.
TpTrace Verbose: 0 : 23572, 4, 2023/12/22, 20:38:58.561, 1258110013753, vstest.console.dll, MulticastDelegateUtilities.SafeInvoke: InternalTestLoggerEvents.SendTestResult: Invoking callback 1/1 for Microsoft.VisualStudio.TestPlatform.CommandLine.Internal.ConsoleLogger., took 0 ms.
TpTrace Verbose: 0 : 23572, 7, 2023/12/22, 20:38:58.602, 1258110422995, vstest.console.dll, TcpClientExtensions.MessageLoopAsync: NotifyDataAvailable remoteEndPoint: 127.0.0.1:63725 localEndPoint: 127.0.0.1:63724
TpTrace Verbose: 0 : 23572, 7, 2023/12/22, 20:38:58.603, 1258110426214, vstest.console.dll, TestRequestSender.OnExecutionMessageReceived: Received message: {"Version":7,"MessageType":"TestExecution.Completed","Payload":{"TestRunCompleteArgs":{"TestRunStatistics":{"ExecutedTests":17,"Stats":{"Passed":17}},"IsCanceled":false,"IsAborted":false,"Error":null,"AttachmentSets":[],"InvokedDataCollectors":[],"ElapsedTimeInRunningTests":"00:00:01.8849957","Metrics":{},"DiscoveredExtensions":{"TestDiscoverers":["Microsoft.VisualStudio.TestPlatform.MSTest.TestAdapter.MSTestDiscoverer, Microsoft.VisualStudio.TestPlatform.MSTest.TestAdapter, Version=14.0.0.0, Culture=neutral, PublicKeyToken=b03f5f7f11d50a3a"],"TestExecutors":["executor://MSTestAdapter/v2"],"TestExecutors2":[],"TestSettingsProviders":[]}},"LastRunTests":{"NewTestResults":[{"TestCase":{"Id":"020d11e8-c321-f4ae-1a0c-d9a921c78b5f","FullyQualifiedName":"BloodGuardianAPI.tests.Controllers.Tests.BloodBanksControllerTests.Delete_InputBloodId_Returns200Ok","DisplayName":"Delete_InputBloodId_Returns200Ok","ExecutorUri":"executor://MSTestAdapter/v2","Source":"C:\\Users\\nasingh\\source\\repos\\BloodGuardianAPI.tests\\bin\\Debug\\netcoreapp3.1\\fine-code-coverage\\build-output\\BloodGuardianAPI.tests.dll","CodeFilePath":null,"LineNumber":-1,"Properties":[{"Key":{"Id":"TestCase.ManagedType","Label":"ManagedType","Category":"","Description":"","Attributes":1,"ValueType":"System.String"},"Value":"BloodGuardianAPI.tests.Controllers.Tests.BloodBanksControllerTests"},{"Key":{"Id":"TestCase.ManagedMethod","Label":"ManagedMethod","Category":"","Description":"","Attributes":1,"ValueType":"System.String"},"Value":"Delete_InputBloodId_Returns200Ok"},{"Key":{"Id":"MSTestDiscoverer.TestClassName","Label":"ClassName","Category":"","Description":"","Attributes":1,"ValueType":"System.String"},"Value":"BloodGuardianAPI.tests.Controllers.Tests.BloodBanksControllerTests"},{"Key":{"Id":"TestCase.Hierarchy","Label":"Hierarchy","Category":"","Description":"","Attributes":2,"ValueType":"System.String[]"},"Value":["BloodGuardianAPI.tests.Controllers.Tests","BloodBanksControllerTests"]},{"Key":{"Id":"TestObject.Traits","Label":"Traits","Category":"","Description":"","Attributes":5,"ValueType":"System.Collections.Generic.KeyValuePair`2[[System.String],[System.String]][]"},"Value":[]}]},"Attachments":[],"Outcome":1,"ErrorMessage":null,"ErrorStackTrace":null,"DisplayName":"Delete_InputBloodId_Returns200Ok","Messages":[],"ComputerName":null,"Duration":"00:00:00.0006683","StartTime":"2023-12-22T20:38:58.5487379+05:30","EndTime":"2023-12-22T20:38:58.5498554+05:30","Properties":[{"Key":{"Id":"ExecutionId","Label":"ExecutionId","Category":"","Description":"","Attributes":1,"ValueType":"System.Guid"},"Value":"00000000-0000-0000-0000-000000000000"},{"Key":{"Id":"ParentExecId","Label":"ParentExecId","Category":"","Description":"","Attributes":1,"ValueType":"System.Guid"},"Value":"00000000-0000-0000-0000-000000000000"},{"Key":{"Id":"InnerResultsCount","Label":"InnerResultsCount","Category":"","Description":"","Attributes":1,"ValueType":"System.Int32"},"Value":0}]},{"TestCase":{"Id":"e89bd666-fe99-3a9b-0ca4-f32627ec1416","FullyQualifiedName":"BloodGuardianAPI.tests.Controllers.Tests.BloodDonationCampsControllerTests.GetCampDetails_InputCampId_Returns200Ok","DisplayName":"GetCampDetails_InputCampId_Returns200Ok","ExecutorUri":"executor://MSTestAdapter/v2","Source":"C:\\Users\\nasingh\\source\\repos\\BloodGuardianAPI.tests\\bin\\Debug\\netcoreapp3.1\\fine-code-coverage\\build-output\\BloodGuardianAPI.tests.dll","CodeFilePath":null,"LineNumber":-1,"Properties":[{"Key":{"Id":"TestCase.ManagedType","Label":"ManagedType","Category":"","Description":"","Attributes":1,"ValueType":"System.String"},"Value":"BloodGuardianAPI.tests.Controllers.Tests.BloodDonationCampsControllerTests"},{"Key":{"Id":"TestCase.ManagedMethod","Label":"ManagedMethod","Category":"","Description":"","Attributes":1,"ValueType":"System.String"},"Value":"GetCampDetails_InputCampId_Returns200Ok"},{"Key":{"Id":"MSTestDiscoverer.TestClassName","Label":"ClassName","Category":"","Description":"","Attributes":1,"ValueType":"System.String"},"Value":"BloodGuardianAPI.tests.Controllers.Tests.BloodDonationCampsControllerTests"},{"Key":{"Id":"TestCase.Hierarchy","Label":"Hierarchy","Category":"","Description":"","Attributes":2,"ValueType":"System.String[]"},"Value":["BloodGuardianAPI.tests.Controllers.Tests","BloodDonationCampsControllerTests"]},{"Key":{"Id":"TestObject.Traits","Label":"Traits","Category":"","Description":"","Attributes":5,"ValueType":"System.Collections.Generic.KeyValuePair`2[[System.String],[System.String]][]"},"Value":[]}]},"Attachments":[],"Outcome":1,"ErrorMessage":null,"ErrorStackTrace":null,"DisplayName":"GetCampDetails_InputCampId_Returns200Ok","Messages":[],"ComputerName":null,"Duration":"00:00:00.0044549","StartTime":"2023-12-22T20:38:58.5524779+05:30","EndTime":"2023-12-22T20:38:58.5575426+05:30","Properties":[{"Key":{"Id":"ExecutionId","Label":"ExecutionId","Category":"","Description":"","Attributes":1,"ValueType":"System.Guid"},"Value":"00000000-0000-0000-0000-000000000000"},{"Key":{"Id":"ParentExecId","Label":"ParentExecId","Category":"","Description":"","Attributes":1,"ValueType":"System.Guid"},"Value":"00000000-0000-0000-0000-000000000000"},{"Key":{"Id":"InnerResultsCount","Label":"InnerResultsCount","Category":"","Description":"","Attributes":1,"ValueType":"System.Int32"},"Value":0}]},{"TestCase":{"Id":"fedb9a52-835a-5f46-470d-b796f6bff975","FullyQualifiedName":"BloodGuardianAPI.tests.Controllers.Tests.BloodRequestsControllerTests.Get_Returns200Ok","DisplayName":"Get_Returns200Ok","ExecutorUri":"executor://MSTestAdapter/v2","Source":"C:\\Users\\nasingh\\source\\repos\\BloodGuardianAPI.tests\\bin\\Debug\\netcoreapp3.1\\fine-code-coverage\\build-output\\BloodGuardianAPI.tests.dll","CodeFilePath":null,"LineNumber":-1,"Properties":[{"Key":{"Id":"TestCase.ManagedType","Label":"ManagedType","Category":"","Description":"","Attributes":1,"ValueType":"System.String"},"Value":"BloodGuardianAPI.tests.Controllers.Tests.BloodRequestsControllerTests"},{"Key":{"Id":"TestCase.ManagedMethod","Label":"ManagedMethod","Category":"","Description":"","Attributes":1,"ValueType":"System.String"},"Value":"Get_Returns200Ok"},{"Key":{"Id":"MSTestDiscoverer.TestClassName","Label":"ClassName","Category":"","Description":"","Attributes":1,"ValueType":"System.String"},"Value":"BloodGuardianAPI.tests.Controllers.Tests.BloodRequestsControllerTests"},{"Key":{"Id":"TestCase.Hierarchy","Label":"Hierarchy","Category":"","Description":"","Attributes":2,"ValueType":"System.String[]"},"Value":["BloodGuardianAPI.tests.Controllers.Tests","BloodRequestsControllerTests"]},{"Key":{"Id":"TestObject.Traits","Label":"Traits","Category":"","Description":"","Attributes":5,"ValueType":"System.Collections.Generic.KeyValuePair`2[[System.String],[System.String]][]"},"Value":[]}]},"Attachments":[],"Outcome":1,"ErrorMessage":null,"ErrorStackTrace":null,"DisplayName":"Get_Returns200Ok","Messages":[],"ComputerName":null,"Duration":"00:00:00.0025961","StartTime":"2023-12-22T20:38:58.5601589+05:30","EndTime":"2023-12-22T20:38:58.5631341+05:30","Properties":[{"Key":{"Id":"ExecutionId","Label":"ExecutionId","Category":"","Description":"","Attributes":1,"ValueType":"System.Guid"},"Value":"00000000-0000-0000-0000-000000000000"},{"Key":{"Id":"ParentExecId","Label":"ParentExecId","Category":"","Description":"","Attributes":1,"ValueType":"System.Guid"},"Value":"00000000-0000-0000-0000-000000000000"},{"Key":{"Id":"InnerResultsCount","Label":"InnerResultsCount","Category":"","Description":"","Attributes":1,"ValueType":"System.Int32"},"Value":0}]},{"TestCase":{"Id":"62a52b73-b934-137d-db07-43c9a312bbac","FullyQualifiedName":"BloodGuardianAPI.tests.Controllers.Tests.BloodRequestsControllerTests.Post_InputBloodRequest_Returns400BadRequest","DisplayName":"Post_InputBloodRequest_Returns400BadRequest","ExecutorUri":"executor://MSTestAdapter/v2","Source":"C:\\Users\\nasingh\\source\\repos\\BloodGuardianAPI.tests\\bin\\Debug\\netcoreapp3.1\\fine-code-coverage\\build-output\\BloodGuardianAPI.tests.dll","CodeFilePath":null,"LineNumber":-1,"Properties":[{"Key":{"Id":"TestCase.ManagedType","Label":"ManagedType","Category":"","Description":"","Attributes":1,"ValueType":"System.String"},"Value":"BloodGuardianAPI.tests.Controllers.Tests.BloodRequestsControllerTests"},{"Key":{"Id":"TestCase.ManagedMethod","Label":"ManagedMethod","Category":"","Description":"","Attributes":1,"ValueType":"System.String"},"Value":"Post_InputBloodRequest_Returns400BadRequest"},{"Key":{"Id":"MSTestDiscoverer.TestClassName","Label":"ClassName","Category":"","Description":"","Attributes":1,"ValueType":"System.String"},"Value":"BloodGuardianAPI.tests.Controllers.Tests.BloodRequestsControllerTests"},{"Key":{"Id":"TestCase.Hierarchy","Label":"Hierarchy","Category":"","Description":"","Attributes":2,"ValueType":"System.String[]"},"Value":["BloodGuardianAPI.tests.Controllers.Tests","BloodRequestsControllerTests"]},{"Key":{"Id":"TestObject.Traits","Label":"Traits","Category":"","Description":"","Attributes":5,"ValueType":"System.Collections.Generic.KeyValuePair`2[[System.String],[System.String]][]"},"Value":[]}]},"Attachments":[],"Outcome":1,"ErrorMessage":null,"ErrorStackTrace":null,"DisplayName":"Post_InputBloodRequest_Returns400BadRequest","Messages":[],"ComputerName":null,"Duration":"00:00:00.0005411","StartTime":"2023-12-22T20:38:58.5653197+05:30","EndTime":"2023-12-22T20:38:58.5660576+05:30","Properties":[{"Key":{"Id":"ExecutionId","Label":"ExecutionId","Category":"","Description":"","Attributes":1,"ValueType":"System.Guid"},"Value":"00000000-0000-0000-0000-000000000000"},{"Key":{"Id":"ParentExecId","Label":"ParentExecId","Category":"","Description":"","Attributes":1,"ValueType":"System.Guid"},"Value":"00000000-0000-0000-0000-000000000000"},{"Key":{"Id":"InnerResultsCount","Label":"InnerResultsCount","Category":"","Description":"","Attributes":1,"ValueType":"System.Int32"},"Value":0}]},{"TestCase":{"Id":"94c33950-eaf8-7def-1719-141008f93f26","FullyQualifiedName":"BloodGuardianAPI.tests.Controllers.Tests.BloodRequestsControllerTests.Post_InputBloodRequest_Returns409Conflict","DisplayName":"Post_InputBloodRequest_Returns409Conflict","ExecutorUri":"executor://MSTestAdapter/v2","Source":"C:\\Users\\nasingh\\source\\repos\\BloodGuardianAPI.tests\\bin\\Debug\\netcoreapp3.1\\fine-code-coverage\\build-output\\BloodGuardianAPI.tests.dll","CodeFilePath":null,"LineNumber":-1,"Properties":[{"Key":{"Id":"TestCase.ManagedType","Label":"ManagedType","Category":"","Description":"","Attributes":1,"ValueType":"System.String"},"Value":"BloodGuardianAPI.tests.Controllers.Tests.BloodRequestsControllerTests"},{"Key":{"Id":"TestCase.ManagedMethod","Label":"ManagedMethod","Category":"","Description":"","Attributes":1,"ValueType":"System.String"},"Value":"Post_InputBloodRequest_Returns409Conflict"},{"Key":{"Id":"MSTestDiscoverer.TestClassName","Label":"ClassName","Category":"","Description":"","Attributes":1,"ValueType":"System.String"},"Value":"BloodGuardianAPI.tests.Controllers.Tests.BloodRequestsControllerTests"},{"Key":{"Id":"TestCase.Hierarchy","Label":"Hierarchy","Category":"","Description":"","Attributes":2,"ValueType":"System.String[]"},"Value":["BloodGuardianAPI.tests.Controllers.Tests","BloodRequestsControllerTests"]},{"Key":{"Id":"TestObject.Traits","Label":"Traits","Category":"","Description":"","Attributes":5,"ValueType":"System.Collections.Generic.KeyValuePair`2[[System.String],[System.String]][]"},"Value":[]}]},"Attachments":[],"Outcome":1,"ErrorMessage":null,"ErrorStackTrace":null,"DisplayName":"Post_InputBloodRequest_Returns409Conflict","Messages":[],"ComputerName":null,"Duration":"00:00:00.0014366","StartTime":"2023-12-22T20:38:58.5680912+05:30","EndTime":"2023-12-22T20:38:58.5697221+05:30","Properties":[{"Key":{"Id":"ExecutionId","Label":"ExecutionId","Category":"","Description":"","Attributes":1,"ValueType":"System.Guid"},"Value":"00000000-0000-0000-0000-000000000000"},{"Key":{"Id":"ParentExecId","Label":"ParentExecId","Category":"","Description":"","Attributes":1,"ValueType":"System.Guid"},"Value":"00000000-0000-0000-0000-000000000000"},{"Key":{"Id":"InnerResultsCount","Label":"InnerResultsCount","Category":"","Description":"","Attributes":1,"ValueType":"System.Int32"},"Value":0}]},{"TestCase":{"Id":"410bdac3-1442-f4c3-aa82-09b05ba130ea","FullyQualifiedName":"BloodGuardianAPI.tests.Controllers.Tests.BloodRequestsControllerTests.Post_InputBloodRequest_Returns201Created","DisplayName":"Post_InputBloodRequest_Returns201Created","ExecutorUri":"executor://MSTestAdapter/v2","Source":"C:\\Users\\nasingh\\source\\repos\\BloodGuardianAPI.tests\\bin\\Debug\\netcoreapp3.1\\fine-code-coverage\\build-output\\BloodGuardianAPI.tests.dll","CodeFilePath":null,"LineNumber":-1,"Properties":[{"Key":{"Id":"TestCase.ManagedType","Label":"ManagedType","Category":"","Description":"","Attributes":1,"ValueType":"System.String"},"Value":"BloodGuardianAPI.tests.Controllers.Tests.BloodRequestsControllerTests"},{"Key":{"Id":"TestCase.ManagedMethod","Label":"ManagedMethod","Category":"","Description":"","Attributes":1,"ValueType":"System.String"},"Value":"Post_InputBloodRequest_Returns201Created"},{"Key":{"Id":"MSTestDiscoverer.TestClassName","Label":"ClassName","Category":"","Description":"","Attributes":1,"ValueType":"System.String"},"Value":"BloodGuardianAPI.tests.Controllers.Tests.BloodRequestsControllerTests"},{"Key":{"Id":"TestCase.Hierarchy","Label":"Hierarchy","Category":"","Description":"","Attributes":2,"ValueType":"System.String[]"},"Value":["BloodGuardianAPI.tests.Controllers.Tests","BloodRequestsControllerTests"]},{"Key":{"Id":"TestObject.Traits","Label":"Traits","Category":"","Description":"","Attributes":5,"ValueType":"System.Collections.Generic.KeyValuePair`2[[System.String],[System.String]][]"},"Value":[]}]},"Attachments":[],"Outcome":1,"ErrorMessage":null,"ErrorStackTrace":null,"DisplayName":"Post_InputBloodRequest_Returns201Created","Messages":[],"ComputerName":null,"Duration":"00:00:00.0009200","StartTime":"2023-12-22T20:38:58.5718358+05:30","EndTime":"2023-12-22T20:38:58.57296+05:30","Properties":[{"Key":{"Id":"ExecutionId","Label":"ExecutionId","Category":"","Description":"","Attributes":1,"ValueType":"System.Guid"},"Value":"00000000-0000-0000-0000-000000000000"},{"Key":{"Id":"ParentExecId","Label":"ParentExecId","Category":"","Description":"","Attributes":1,"ValueType":"System.Guid"},"Value":"00000000-0000-0000-0000-000000000000"},{"Key":{"Id":"InnerResultsCount","Label":"InnerResultsCount","Category":"","Description":"","Attributes":1,"ValueType":"System.Int32"},"Value":0}]},{"TestCase":{"Id":"a7b24040-1f46-f97c-fdfe-358bad9b2f83","FullyQualifiedName":"BloodGuardianAPI.tests.Controllers.Tests.BloodRequestsControllerTests.Delete_InputBloodRequestId_Returns404NotFound","DisplayName":"Delete_InputBloodRequestId_Returns404NotFound","ExecutorUri":"executor://MSTestAdapter/v2","Source":"C:\\Users\\nasingh\\source\\repos\\BloodGuardianAPI.tests\\bin\\Debug\\netcoreapp3.1\\fine-code-coverage\\build-output\\BloodGuardianAPI.tests.dll","CodeFilePath":null,"LineNumber":-1,"Properties":[{"Key":{"Id":"TestCase.ManagedType","Label":"ManagedType","Category":"","Description":"","Attributes":1,"ValueType":"System.String"},"Value":"BloodGuardianAPI.tests.Controllers.Tests.BloodRequestsControllerTests"},{"Key":{"Id":"TestCase.ManagedMethod","Label":"ManagedMethod","Category":"","Description":"","Attributes":1,"ValueType":"System.String"},"Value":"Delete_InputBloodRequestId_Returns404NotFound"},{"Key":{"Id":"MSTestDiscoverer.TestClassName","Label":"ClassName","Category":"","Description":"","Attributes":1,"ValueType":"System.String"},"Value":"BloodGuardianAPI.tests.Controllers.Tests.BloodRequestsControllerTests"},{"Key":{"Id":"TestCase.Hierarchy","Label":"Hierarchy","Category":"","Description":"","Attributes":2,"ValueType":"System.String[]"},"Value":["BloodGuardianAPI.tests.Controllers.Tests","BloodRequestsControllerTests"]},{"Key":{"Id":"TestObject.Traits","Label":"Traits","Category":"","Description":"","Attributes":5,"ValueType":"System.Collections.Generic.KeyValuePair`2[[System.String],[System.String]][]"},"Value":[]}]},"Attachments":[],"Outcome":1,"ErrorMessage":null,"ErrorStackTrace":null,"DisplayName":"Delete_InputBloodRequestId_Returns404NotFound","Messages":[],"ComputerName":null,"Duration":"00:00:00.0008050","StartTime":"2023-12-22T20:38:58.5750126+05:30","EndTime":"2023-12-22T20:38:58.5760172+05:30","Properties":[{"Key":{"Id":"ExecutionId","Label":"ExecutionId","Category":"","Description":"","Attributes":1,"ValueType":"System.Guid"},"Value":"00000000-0000-0000-0000-000000000000"},{"Key":{"Id":"ParentExecId","Label":"ParentExecId","Category":"","Description":"","Attributes":1,"ValueType":"System.Guid"},"Value":"00000000-0000-0000-0000-000000000000"},{"Key":{"Id":"InnerResultsCount","Label":"InnerResultsCount","Category":"","Description":"","Attributes":1,"ValueType":"System.Int32"},"Value":0}]},{"TestCase":{"Id":"567ae395-cc79-dcd4-8cb4-cff108525ccd","FullyQualifiedName":"BloodGuardianAPI.tests.Controllers.Tests.BloodRequestsControllerTests.Delete_InputBloodRequestId_Returns200Ok","DisplayName":"Delete_InputBloodRequestId_Returns200Ok","ExecutorUri":"executor://MSTestAdapter/v2","Source":"C:\\Users\\nasingh\\source\\repos\\BloodGuardianAPI.tests\\bin\\Debug\\netcoreapp3.1\\fine-code-coverage\\build-output\\BloodGuardianAPI.tests.dll","CodeFilePath":null,"LineNumber":-1,"Properties":[{"Key":{"Id":"TestCase.ManagedType","Label":"ManagedType","Category":"","Description":"","Attributes":1,"ValueType":"System.String"},"Value":"BloodGuardianAPI.tests.Controllers.Tests.BloodRequestsControllerTests"},{"Key":{"Id":"TestCase.ManagedMethod","Label":"ManagedMethod","Category":"","Description":"","Attributes":1,"ValueType":"System.String"},"Value":"Delete_InputBloodRequestId_Returns200Ok"},{"Key":{"Id":"MSTestDiscoverer.TestClassName","Label":"ClassName","Category":"","Description":"","Attributes":1,"ValueType":"System.String"},"Value":"BloodGuardianAPI.tests.Controllers.Tests.BloodRequestsControllerTests"},{"Key":{"Id":"TestCase.Hierarchy","Label":"Hierarchy","Category":"","Description":"","Attributes":2,"ValueType":"System.String[]"},"Value":["BloodGuardianAPI.tests.Controllers.Tests","BloodRequestsControllerTests"]},{"Key":{"Id":"TestObject.Traits","Label":"Traits","Category":"","Description":"","Attributes":5,"ValueType":"System.Collections.Generic.KeyValuePair`2[[System.String],[System.String]][]"},"Value":[]}]},"Attachments":[],"Outcome":1,"ErrorMessage":null,"ErrorStackTrace":null,"DisplayName":"Delete_InputBloodRequestId_Returns200Ok","Messages":[],"ComputerName":null,"Duration":"00:00:00.0005034","StartTime":"2023-12-22T20:38:58.5779969+05:30","EndTime":"2023-12-22T20:38:58.5786834+05:30","Properties":[{"Key":{"Id":"ExecutionId","Label":"ExecutionId","Category":"","Description":"","Attributes":1,"ValueType":"System.Guid"},"Value":"00000000-0000-0000-0000-000000000000"},{"Key":{"Id":"ParentExecId","Label":"ParentExecId","Category":"","Description":"","Attributes":1,"ValueType":"System.Guid"},"Value":"00000000-0000-0000-0000-000000000000"},{"Key":{"Id":"InnerResultsCount","Label":"InnerResultsCount","Category":"","Description":"","Attributes":1,"ValueType":"System.Int32"},"Value":0}]}],"TestRunStatistics":{"ExecutedTests":17,"Stats":{"Passed":17}},"ActiveTests":[]},"RunAttachments":[],"ExecutorUris":["executor://mstestadapter/v2"]}}
TpTrace Verbose: 0 : 23572, 7, 2023/12/22, 20:38:58.603, 1258110429831, vstest.console.dll, TestRequestSender.EndSession: Sending end session.
TpTrace Verbose: 0 : 23572, 7, 2023/12/22, 20:38:58.603, 1258110431275, vstest.console.dll, ProxyOperationManager.Close: waiting for test host to exit for 100 ms
TpTrace Verbose: 0 : 23572, 11, 2023/12/22, 20:38:58.617, 1258110572154, vstest.console.dll, TestHostManagerCallbacks.ctor: Experimental forwarding output is disabled.
TpTrace Warning: 0 : 23572, 11, 2023/12/22, 20:38:58.617, 1258110573169, vstest.console.dll, TestHostManagerCallbacks.ErrorReceivedCallback Test host standard error line: 
TpTrace Verbose: 0 : 23572, 11, 2023/12/22, 20:38:58.626, 1258110663892, vstest.console.dll, TestHostProvider.ExitCallBack: Host exited starting callback.
TpTrace Information: 0 : 23572, 11, 2023/12/22, 20:38:58.626, 1258110665732, vstest.console.dll, TestHostManagerCallbacks.ExitCallBack: Testhost processId: 20648 exited with exitcode: 0 error: ''
TpTrace Verbose: 0 : 23572, 11, 2023/12/22, 20:38:58.627, 1258110666170, vstest.console.dll, DotnetTestHostManager.OnHostExited: invoking OnHostExited callback
TpTrace Verbose: 0 : 23572, 11, 2023/12/22, 20:38:58.627, 1258110666591, vstest.console.dll, CrossPlatEngine.TestHostManagerHostExited: calling on client process exit callback.
TpTrace Information: 0 : 23572, 11, 2023/12/22, 20:38:58.627, 1258110667058, vstest.console.dll, TestRequestSender.OnClientProcessExit: Test host process exited. Standard error: 
TpTrace Information: 0 : 23572, 11, 2023/12/22, 20:38:58.627, 1258110667423, vstest.console.dll, SocketServer.Stop: Stop server endPoint: 127.0.0.1:63724
TpTrace Information: 0 : 23572, 11, 2023/12/22, 20:38:58.627, 1258110667711, vstest.console.dll, SocketServer.Stop: Cancellation requested. Stopping message loop.
TpTrace Information: 0 : 23572, 7, 2023/12/22, 20:38:58.627, 1258110668026, vstest.console.dll, SocketServer.Stop: Stop server endPoint: 127.0.0.1:63724
TpTrace Information: 0 : 23572, 7, 2023/12/22, 20:38:58.627, 1258110668502, vstest.console.dll, SocketServer.Stop: Cancellation requested. Stopping message loop.
TpTrace Information: 0 : 23572, 7, 2023/12/22, 20:38:58.627, 1258110668910, vstest.console.dll, Closing the connection
TpTrace Verbose: 0 : 23572, 11, 2023/12/22, 20:38:58.627, 1258110668505, vstest.console.dll, MulticastDelegateUtilities.SafeInvoke: HostProviderEvents.OnHostExited: Invoking callback 1/1 for Microsoft.VisualStudio.TestPlatform.CrossPlatEngine.Client.ProxyOperationManager., took 0 ms.
TpTrace Verbose: 0 : 23572, 7, 2023/12/22, 20:38:58.627, 1258110670853, vstest.console.dll, ProxyDataCollectionManager.InvokeDataCollectionServiceAction: Starting.
TpTrace Information: 0 : 23572, 7, 2023/12/22, 20:38:58.627, 1258110671275, vstest.console.dll, ProxyDataCollectionManager.AfterTestRunEnd: Get attachment set and invoked data collectors processId: 7908 port: 63721
TpTrace Verbose: 0 : 23572, 7, 2023/12/22, 20:38:58.627, 1258110671777, vstest.console.dll, DataCollectionRequestSender.SendAfterTestRunStartAndGetResult: Send AfterTestRunEnd message with isCancelled: False
TpTrace Verbose: 0 : 23572, 7, 2023/12/22, 20:38:58.634, 1258110738462, vstest.console.dll, DataCollectionRequestSender.SendAfterTestRunStartAndGetResult: Received message: (DataCollection.AfterTestRunEndResult) -> {"MessageType":"DataCollection.AfterTestRunEndResult","Payload":{"AttachmentSets":[],"InvokedDataCollectors":[{"Uri":"datacollector://Microsoft/TestPlatform/Extensions/Blame/v1","FriendlyName":"Blame","AssemblyQualifiedName":"Microsoft.TestPlatform.Extensions.BlameDataCollector.BlameCollector, Microsoft.TestPlatform.Extensions.BlameDataCollector, Version=15.0.0.0, Culture=neutral, PublicKeyToken=b03f5f7f11d50a3a","FilePath":"C:\\Program Files\\dotnet\\sdk\\7.0.401\\Extensions\\Microsoft.TestPlatform.Extensions.BlameDataCollector.dll","HasAttachmentProcessor":false}],"Metrics":{}}}
TpTrace Information: 0 : 23572, 7, 2023/12/22, 20:38:58.639, 1258110787742, vstest.console.dll, ProxyDataCollectionManager.InvokeDataCollectionServiceAction: Completed.
TpTrace Warning: 0 : 23572, 10, 2023/12/22, 20:38:58.644, 1258110840030, vstest.console.dll, DataCollectionLauncher.ErrorReceivedCallback datacollector standard error line: 
TpTrace Information: 0 : 23572, 10, 2023/12/22, 20:38:58.650, 1258110901978, vstest.console.dll, DataCollectionLauncher.ExitCallBack: Data collector exited with exitcode: 0 error: ''
TpTrace Verbose: 0 : 23572, 7, 2023/12/22, 20:38:58.682, 1258111222282, vstest.console.dll, TestRunRequest:SendTestRunStatsChange: Starting.
TpTrace Verbose: 0 : 23572, 7, 2023/12/22, 20:38:58.682, 1258111223569, vstest.console.dll, MulticastDelegateUtilities.SafeInvoke: TestRun.RunStatsChanged: Invoking callbacks was skipped because there are no subscribers.
TpTrace Information: 0 : 23572, 7, 2023/12/22, 20:38:58.682, 1258111223946, vstest.console.dll, TestRunRequest:SendTestRunStatsChange: Completed.
TpTrace Verbose: 0 : 23572, 4, 2023/12/22, 20:38:58.682, 1258111224178, vstest.console.dll, MulticastDelegateUtilities.SafeInvoke: InternalTestLoggerEvents.SendTestResult: Invoking callback 1/1 for Microsoft.VisualStudio.TestPlatform.CommandLine.Internal.ConsoleLogger., took 0 ms.
TpTrace Verbose: 0 : 23572, 4, 2023/12/22, 20:38:58.682, 1258111224916, vstest.console.dll, MulticastDelegateUtilities.SafeInvoke: InternalTestLoggerEvents.SendTestResult: Invoking callback 1/1 for Microsoft.VisualStudio.TestPlatform.CommandLine.Internal.ConsoleLogger., took 0 ms.
TpTrace Verbose: 0 : 23572, 4, 2023/12/22, 20:38:58.682, 1258111225461, vstest.console.dll, MulticastDelegateUtilities.SafeInvoke: InternalTestLoggerEvents.SendTestResult: Invoking callback 1/1 for Microsoft.VisualStudio.TestPlatform.CommandLine.Internal.ConsoleLogger., took 0 ms.
TpTrace Verbose: 0 : 23572, 4, 2023/12/22, 20:38:58.682, 1258111225902, vstest.console.dll, MulticastDelegateUtilities.SafeInvoke: InternalTestLoggerEvents.SendTestResult: Invoking callback 1/1 for Microsoft.VisualStudio.TestPlatform.CommandLine.Internal.ConsoleLogger., took 0 ms.
TpTrace Verbose: 0 : 23572, 7, 2023/12/22, 20:38:58.683, 1258111228648, vstest.console.dll, ParallelProxyExecutionManager: HandlePartialRunComplete: Total workloads = 1, Total started clients = 1 Total completed clients = 1, Run complete = True, Run canceled: False.
TpTrace Verbose: 0 : 23572, 7, 2023/12/22, 20:38:58.683, 1258111229036, vstest.console.dll, ParallelProxyExecutionManager: HandlePartialRunComplete: All runs completed stopping all managers.
TpTrace Verbose: 0 : 23572, 7, 2023/12/22, 20:38:58.683, 1258111229340, vstest.console.dll, ParallelOperationManager.StopAllManagers: Stopping all managers.
TpTrace Verbose: 0 : 23572, 7, 2023/12/22, 20:38:58.683, 1258111229616, vstest.console.dll, ParallelOperationManager.ClearSlots: Clearing all slots. Slots should accept more work: False
TpTrace Verbose: 0 : 23572, 7, 2023/12/22, 20:38:58.683, 1258111230005, vstest.console.dll, ParallelOperationManager.SetOccupiedSlotCount: Setting slot counts AvailableSlotCount = 1, OccupiedSlotCount = 0.
TpTrace Verbose: 0 : 23572, 7, 2023/12/22, 20:38:58.683, 1258111230450, vstest.console.dll, Occupied slots:

TpTrace Verbose: 0 : 23572, 4, 2023/12/22, 20:38:58.683, 1258111234352, vstest.console.dll, MulticastDelegateUtilities.SafeInvoke: InternalTestLoggerEvents.SendTestResult: Invoking callback 1/1 for Microsoft.VisualStudio.TestPlatform.CommandLine.Internal.ConsoleLogger., took 0 ms.
TpTrace Verbose: 0 : 23572, 4, 2023/12/22, 20:38:58.683, 1258111235044, vstest.console.dll, MulticastDelegateUtilities.SafeInvoke: InternalTestLoggerEvents.SendTestResult: Invoking callback 1/1 for Microsoft.VisualStudio.TestPlatform.CommandLine.Internal.ConsoleLogger., took 0 ms.
TpTrace Verbose: 0 : 23572, 4, 2023/12/22, 20:38:58.683, 1258111235479, vstest.console.dll, MulticastDelegateUtilities.SafeInvoke: InternalTestLoggerEvents.SendTestResult: Invoking callback 1/1 for Microsoft.VisualStudio.TestPlatform.CommandLine.Internal.ConsoleLogger., took 0 ms.
TpTrace Verbose: 0 : 23572, 4, 2023/12/22, 20:38:58.683, 1258111235887, vstest.console.dll, MulticastDelegateUtilities.SafeInvoke: InternalTestLoggerEvents.SendTestResult: Invoking callback 1/1 for Microsoft.VisualStudio.TestPlatform.CommandLine.Internal.ConsoleLogger., took 0 ms.
TpTrace Verbose: 0 : 23572, 4, 2023/12/22, 20:38:58.691, 1258111312435, vstest.console.dll, MulticastDelegateUtilities.SafeInvoke: InternalTestLoggerEvents.SendTestRunComplete: Invoking callback 1/2 for Microsoft.TestPlatform.Extensions.BlameDataCollector.BlameLogger., took 0 ms.
TpTrace Verbose: 0 : 23572, 4, 2023/12/22, 20:38:58.696, 1258111364258, vstest.console.dll, MulticastDelegateUtilities.SafeInvoke: InternalTestLoggerEvents.SendTestRunComplete: Invoking callback 2/2 for Microsoft.VisualStudio.TestPlatform.CommandLine.Internal.ConsoleLogger., took 5 ms.
TpTrace Verbose: 0 : 23572, 7, 2023/12/22, 20:38:58.697, 1258111369402, vstest.console.dll, TestRunRequest:TestRunComplete: Starting. IsAborted:False IsCanceled:False.
TpTrace Verbose: 0 : 23572, 7, 2023/12/22, 20:38:58.697, 1258111371306, vstest.console.dll, ParallelOperationManager.DoActionOnAllManagers: Calling an action on all managers.
TpTrace Verbose: 0 : 23572, 7, 2023/12/22, 20:38:58.699, 1258111387138, vstest.console.dll, TestLoggerManager.HandleTestRunComplete: Ignoring as the object is disposed.
TpTrace Verbose: 0 : 23572, 7, 2023/12/22, 20:38:58.699, 1258111389583, vstest.console.dll, MulticastDelegateUtilities.SafeInvoke: TestRun.TestRunComplete: Invoking callback 1/2 for Microsoft.VisualStudio.TestPlatform.CommandLine.TestRunResultAggregator., took 0 ms.
TpTrace Verbose: 0 : 23572, 7, 2023/12/22, 20:38:58.699, 1258111391019, vstest.console.dll, MulticastDelegateUtilities.SafeInvoke: TestRun.TestRunComplete: Invoking callback 2/2 for Microsoft.VisualStudio.TestPlatform.CommandLine.Processors.RunTestsArgumentExecutor+TestRunRequestEventsRegistrar., took 0 ms.
TpTrace Information: 0 : 23572, 7, 2023/12/22, 20:38:58.699, 1258111392046, vstest.console.dll, TestRunRequest:TestRunComplete: Completed.
TpTrace Verbose: 0 : 23572, 7, 2023/12/22, 20:38:58.699, 1258111392485, vstest.console.dll, TestRequestSender.SetOperationComplete: Setting operation complete.
TpTrace Information: 0 : 23572, 7, 2023/12/22, 20:38:58.699, 1258111392801, vstest.console.dll, SocketServer.Stop: Stop server endPoint: 127.0.0.1:63724
TpTrace Information: 0 : 23572, 7, 2023/12/22, 20:38:58.699, 1258111393030, vstest.console.dll, SocketServer.Stop: Cancellation requested. Stopping message loop.
TpTrace Verbose: 0 : 23572, 1, 2023/12/22, 20:38:58.699, 1258111392533, vstest.console.dll, TestRunRequest.Dispose: Starting.
TpTrace Verbose: 0 : 23572, 7, 2023/12/22, 20:38:58.699, 1258111393321, vstest.console.dll, MulticastDelegateUtilities.SafeInvoke: LengthPrefixCommunicationChannel: MessageReceived: Invoking callback 1/1 for Microsoft.VisualStudio.TestPlatform.CommunicationUtilities.TestRequestSender+<>c__DisplayClass34_0., took 96 ms.
TpTrace Information: 0 : 23572, 1, 2023/12/22, 20:38:58.699, 1258111393876, vstest.console.dll, TestRunRequest.Dispose: Completed.
TpTrace Information: 0 : 23572, 7, 2023/12/22, 20:38:58.699, 1258111394236, vstest.console.dll, SocketServer.PrivateStop: Stopping server endPoint: 127.0.0.1:63724 error: 
TpTrace Information: 0 : 23572, 1, 2023/12/22, 20:38:58.699, 1258111394655, vstest.console.dll, TestRequestManager.RunTests: run tests completed.
TpTrace Information: 0 : 23572, 1, 2023/12/22, 20:38:58.699, 1258111395944, vstest.console.dll, RunTestsArgumentProcessor:Execute: Test run is completed.
TpTrace Verbose: 0 : 23572, 1, 2023/12/22, 20:38:58.700, 1258111398070, vstest.console.dll, Executor.Execute: Exiting with exit code of 0
TpTrace Verbose: 0 : 23572, 7, 2023/12/22, 20:38:58.700, 1258111398413, vstest.console.dll, LengthPrefixCommunicationChannel.Dispose: Dispose reader and writer.
TpTrace Information: 0 : 23572, 7, 2023/12/22, 20:38:58.700, 1258111399056, vstest.console.dll, SocketServer.Stop: Raise disconnected event endPoint: 127.0.0.1:63724 error: 
TpTrace Verbose: 0 : 23572, 7, 2023/12/22, 20:38:58.700, 1258111400027, vstest.console.dll, TestRequestSender: OnTestRunAbort: Operation is already complete. Skip error message.
TpTrace Verbose: 0 : 23572, 7, 2023/12/22, 20:38:58.700, 1258111400394, vstest.console.dll, MulticastDelegateUtilities.SafeInvoke: SocketServer: ClientDisconnected: Invoking callback 1/1 for Microsoft.VisualStudio.TestPlatform.CommunicationUtilities.TestRequestSender., took 0 ms.
TpTrace Verbose: 0 : 23572, 7, 2023/12/22, 20:38:58.700, 1258111400610, vstest.console.dll, TcpClientExtensions.MessageLoopAsync: exiting MessageLoopAsync remoteEndPoint: 127.0.0.1:63725 localEndPoint: 127.0.0.1:63724
