TpTrace Verbose: 0 : 10728, 1, 2023/11/22, 13:37:13.439, 5713274538898, vstest.console.dll, Version: 17.7.1-release-23418-01 Current process architecture: X64
TpTrace Verbose: 0 : 10728, 1, 2023/11/22, 13:37:13.441, 5713274553817, vstest.console.dll, Runtime location: C:\Program Files\dotnet\shared\Microsoft.NETCore.App\7.0.13
TpTrace Verbose: 0 : 10728, 1, 2023/11/22, 13:37:13.447, 5713274614018, vstest.console.dll, ArtifactProcessingPostProcessModeProcessorExecutor.Initialize: ArtifactProcessingMode.Collect
TpTrace Verbose: 0 : 10728, 1, 2023/11/22, 13:37:13.447, 5713274615399, vstest.console.dll, TestSessionCorrelationIdProcessorModeProcessorExecutor.Initialize: TestSessionCorrelationId '24020_8da243db-e7fb-49d4-a002-f9de30ecc1ab'
TpTrace Information: 0 : 10728, 1, 2023/11/22, 13:37:13.456, 5713274706049, vstest.console.dll, FilePatternParser: The given file C:\Users\nasingh\source\repos\BloodGuardian\BloodGuardian.Tests\bin\Debug\net6.0\fine-code-coverage\build-output\BloodGuardian.Tests.dll is a full path.
TpTrace Verbose: 0 : 10728, 1, 2023/11/22, 13:37:13.466, 5713274805796, vstest.console.dll, TestPluginCache.DiscoverTestExtensions: finding test extensions in assemblies ends with: RuntimeProvider.dll TPluginInfo: Microsoft.VisualStudio.TestPlatform.Common.ExtensionFramework.Utilities.TestRuntimePluginInformation TExtension: Microsoft.VisualStudio.TestPlatform.ObjectModel.Host.ITestRuntimeProvider
TpTrace Verbose: 0 : 10728, 1, 2023/11/22, 13:37:13.466, 5713274808861, vstest.console.dll, TestPluginCache.GetExtensionPaths: Filtered extension paths: 
TpTrace Verbose: 0 : 10728, 1, 2023/11/22, 13:37:13.466, 5713274809706, vstest.console.dll, TestPluginCache.GetExtensionPaths: Added default extension paths: C:\Program Files\dotnet\sdk\7.0.401\Extensions\Microsoft.Diagnostics.NETCore.Client.dll
C:\Program Files\dotnet\sdk\7.0.401\Extensions\Microsoft.TestPlatform.Extensions.BlameDataCollector.dll
C:\Program Files\dotnet\sdk\7.0.401\Extensions\Microsoft.TestPlatform.Extensions.EventLogCollector.dll
C:\Program Files\dotnet\sdk\7.0.401\Extensions\Microsoft.TestPlatform.TestHostRuntimeProvider.dll
C:\Program Files\dotnet\sdk\7.0.401\Extensions\Microsoft.VisualStudio.TestPlatform.Extensions.Html.TestLogger.dll
C:\Program Files\dotnet\sdk\7.0.401\Extensions\Microsoft.VisualStudio.TestPlatform.Extensions.Trx.TestLogger.dll
TpTrace Verbose: 0 : 10728, 1, 2023/11/22, 13:37:13.467, 5713274810020, vstest.console.dll, TestPluginCache.GetExtensionPaths: Added unfilterableExtensionPaths: 
TpTrace Information: 0 : 10728, 1, 2023/11/22, 13:37:13.467, 5713274815667, vstest.console.dll, AssemblyResolver.ctor: Creating AssemblyResolver with searchDirectories C:\Program Files\dotnet\sdk\7.0.401\Extensions,C:\Program Files\dotnet\sdk\7.0.401
TpTrace Verbose: 0 : 10728, 1, 2023/11/22, 13:37:13.468, 5713274826391, vstest.console.dll, TestPluginCache.DiscoverTestExtensions: Discovering the extensions using extension path.
TpTrace Verbose: 0 : 10728, 1, 2023/11/22, 13:37:13.468, 5713274827436, vstest.console.dll, TestPluginCache.GetExtensionPaths: Filtered extension paths: 
TpTrace Verbose: 0 : 10728, 1, 2023/11/22, 13:37:13.468, 5713274827807, vstest.console.dll, TestPluginCache.GetExtensionPaths: Added default extension paths: C:\Program Files\dotnet\sdk\7.0.401\Extensions\Microsoft.Diagnostics.NETCore.Client.dll
C:\Program Files\dotnet\sdk\7.0.401\Extensions\Microsoft.TestPlatform.Extensions.BlameDataCollector.dll
C:\Program Files\dotnet\sdk\7.0.401\Extensions\Microsoft.TestPlatform.Extensions.EventLogCollector.dll
C:\Program Files\dotnet\sdk\7.0.401\Extensions\Microsoft.TestPlatform.TestHostRuntimeProvider.dll
C:\Program Files\dotnet\sdk\7.0.401\Extensions\Microsoft.VisualStudio.TestPlatform.Extensions.Html.TestLogger.dll
C:\Program Files\dotnet\sdk\7.0.401\Extensions\Microsoft.VisualStudio.TestPlatform.Extensions.Trx.TestLogger.dll
TpTrace Verbose: 0 : 10728, 1, 2023/11/22, 13:37:13.468, 5713274828033, vstest.console.dll, TestPluginCache.GetExtensionPaths: Added unfilterableExtensionPaths: 
TpTrace Verbose: 0 : 10728, 1, 2023/11/22, 13:37:13.468, 5713274828843, vstest.console.dll, TestPluginCache.DiscoverTestExtensions: Discovering the extensions using allExtensionPaths: C:\Program Files\dotnet\sdk\7.0.401\Extensions\Microsoft.Diagnostics.NETCore.Client.dll
C:\Program Files\dotnet\sdk\7.0.401\Extensions\Microsoft.TestPlatform.Extensions.BlameDataCollector.dll
C:\Program Files\dotnet\sdk\7.0.401\Extensions\Microsoft.TestPlatform.Extensions.EventLogCollector.dll
C:\Program Files\dotnet\sdk\7.0.401\Extensions\Microsoft.TestPlatform.TestHostRuntimeProvider.dll
C:\Program Files\dotnet\sdk\7.0.401\Extensions\Microsoft.VisualStudio.TestPlatform.Extensions.Html.TestLogger.dll
C:\Program Files\dotnet\sdk\7.0.401\Extensions\Microsoft.VisualStudio.TestPlatform.Extensions.Trx.TestLogger.dll
TpTrace Information: 0 : 10728, 1, 2023/11/22, 13:37:13.469, 5713274830288, vstest.console.dll, AssemblyResolver.AddSearchDirectories: Adding more searchDirectories C:\Program Files\dotnet\sdk\7.0.401\Extensions,C:\Program Files\dotnet\sdk\7.0.401
TpTrace Information: 0 : 10728, 1, 2023/11/22, 13:37:13.469, 5713274830935, vstest.console.dll, AssemblyResolver.AddSearchDirectories: Adding more searchDirectories C:\Program Files\dotnet\sdk\7.0.401\Extensions,C:\Program Files\dotnet\sdk\7.0.401
TpTrace Information: 0 : 10728, 1, 2023/11/22, 13:37:13.469, 5713274831262, vstest.console.dll, AssemblyResolver.AddSearchDirectories: Adding more searchDirectories C:\Program Files\dotnet\sdk\7.0.401\Extensions,C:\Program Files\dotnet\sdk\7.0.401
TpTrace Information: 0 : 10728, 1, 2023/11/22, 13:37:13.469, 5713274831486, vstest.console.dll, AssemblyResolver.AddSearchDirectories: Adding more searchDirectories C:\Program Files\dotnet\sdk\7.0.401\Extensions,C:\Program Files\dotnet\sdk\7.0.401
TpTrace Information: 0 : 10728, 1, 2023/11/22, 13:37:13.469, 5713274831765, vstest.console.dll, AssemblyResolver.AddSearchDirectories: Adding more searchDirectories C:\Program Files\dotnet\sdk\7.0.401\Extensions,C:\Program Files\dotnet\sdk\7.0.401
TpTrace Information: 0 : 10728, 1, 2023/11/22, 13:37:13.469, 5713274831996, vstest.console.dll, AssemblyResolver.AddSearchDirectories: Adding more searchDirectories C:\Program Files\dotnet\sdk\7.0.401\Extensions,C:\Program Files\dotnet\sdk\7.0.401
TpTrace Information: 0 : 10728, 1, 2023/11/22, 13:37:13.469, 5713274835753, vstest.console.dll, AssemblyResolver.OnResolve: Microsoft.Diagnostics.NETCore.Client: Resolving assembly.
TpTrace Information: 0 : 10728, 1, 2023/11/22, 13:37:13.469, 5713274836460, vstest.console.dll, AssemblyResolver.OnResolve: Microsoft.Diagnostics.NETCore.Client: Searching in: 'C:\Program Files\dotnet\sdk\7.0.401\Extensions'.
TpTrace Information: 0 : 10728, 1, 2023/11/22, 13:37:13.476, 5713274903985, vstest.console.dll, AssemblyResolver.OnResolve: Microsoft.Diagnostics.NETCore.Client: Loading assembly 'C:\Program Files\dotnet\sdk\7.0.401\Extensions\Microsoft.Diagnostics.NETCore.Client.dll'.
TpTrace Information: 0 : 10728, 1, 2023/11/22, 13:37:13.478, 5713274925502, vstest.console.dll, AssemblyResolver.OnResolve: Resolved assembly: Microsoft.Diagnostics.NETCore.Client, from path: C:\Program Files\dotnet\sdk\7.0.401\Extensions\Microsoft.Diagnostics.NETCore.Client.dll
TpTrace Verbose: 0 : 10728, 1, 2023/11/22, 13:37:13.479, 5713274935226, vstest.console.dll, MetadataReaderExtensionsHelper: Discovering extensions inside assembly 'Microsoft.Diagnostics.NETCore.Client, Version=0.2.8.21101, Culture=neutral, PublicKeyToken=31bf3856ad364e35' file path 'C:\Program Files\dotnet\sdk\7.0.401\Extensions\Microsoft.Diagnostics.NETCore.Client.dll'
TpTrace Information: 0 : 10728, 1, 2023/11/22, 13:37:13.483, 5713274970807, vstest.console.dll, AssemblyResolver.OnResolve: Microsoft.Bcl.AsyncInterfaces: Resolving assembly.
TpTrace Information: 0 : 10728, 1, 2023/11/22, 13:37:13.483, 5713274972122, vstest.console.dll, AssemblyResolver.OnResolve: Microsoft.Bcl.AsyncInterfaces: Searching in: 'C:\Program Files\dotnet\sdk\7.0.401\Extensions'.
TpTrace Information: 0 : 10728, 1, 2023/11/22, 13:37:13.483, 5713274973134, vstest.console.dll, AssemblyResolver.OnResolve: Microsoft.Bcl.AsyncInterfaces: Assembly path does not exist: 'C:\Program Files\dotnet\sdk\7.0.401\Extensions\Microsoft.Bcl.AsyncInterfaces.dll', returning.
TpTrace Information: 0 : 10728, 1, 2023/11/22, 13:37:13.483, 5713274974005, vstest.console.dll, AssemblyResolver.OnResolve: Microsoft.Bcl.AsyncInterfaces: Assembly path does not exist: 'C:\Program Files\dotnet\sdk\7.0.401\Extensions\Microsoft.Bcl.AsyncInterfaces.exe', returning.
TpTrace Information: 0 : 10728, 1, 2023/11/22, 13:37:13.483, 5713274974275, vstest.console.dll, AssemblyResolver.OnResolve: Microsoft.Bcl.AsyncInterfaces: Searching in: 'C:\Program Files\dotnet\sdk\7.0.401'.
TpTrace Information: 0 : 10728, 1, 2023/11/22, 13:37:13.483, 5713274974669, vstest.console.dll, AssemblyResolver.OnResolve: Microsoft.Bcl.AsyncInterfaces: Assembly path does not exist: 'C:\Program Files\dotnet\sdk\7.0.401\Microsoft.Bcl.AsyncInterfaces.dll', returning.
TpTrace Information: 0 : 10728, 1, 2023/11/22, 13:37:13.483, 5713274975040, vstest.console.dll, AssemblyResolver.OnResolve: Microsoft.Bcl.AsyncInterfaces: Assembly path does not exist: 'C:\Program Files\dotnet\sdk\7.0.401\Microsoft.Bcl.AsyncInterfaces.exe', returning.
TpTrace Information: 0 : 10728, 1, 2023/11/22, 13:37:13.483, 5713274975304, vstest.console.dll, AssemblyResolver.OnResolve: Microsoft.Bcl.AsyncInterfaces: Failed to load assembly.
TpTrace Verbose: 0 : 10728, 1, 2023/11/22, 13:37:13.483, 5713274975575, vstest.console.dll, CurrentDomainAssemblyResolve: Resolving assembly 'Microsoft.Bcl.AsyncInterfaces'.
TpTrace Information: 0 : 10728, 1, 2023/11/22, 13:37:13.483, 5713274976035, vstest.console.dll, AssemblyResolver.OnResolve: Microsoft.Bcl.AsyncInterfaces: Resolving assembly.
TpTrace Information: 0 : 10728, 1, 2023/11/22, 13:37:13.483, 5713274976345, vstest.console.dll, AssemblyResolver.OnResolve: Microsoft.Bcl.AsyncInterfaces: Resolved from cache.
TpTrace Verbose: 0 : 10728, 1, 2023/11/22, 13:37:13.483, 5713274976544, vstest.console.dll, CurrentDomainAssemblyResolve: Resolving assembly 'Microsoft.Bcl.AsyncInterfaces'.
TpTrace Verbose: 0 : 10728, 1, 2023/11/22, 13:37:13.483, 5713274976843, vstest.console.dll, CurrentDomainAssemblyResolve: Failed to resolve assembly 'Microsoft.Bcl.AsyncInterfaces'.
TpTrace Verbose: 0 : 10728, 1, 2023/11/22, 13:37:13.492, 5713275063944, vstest.console.dll, CurrentDomainAssemblyResolve: Failed to resolve assembly 'Microsoft.Bcl.AsyncInterfaces'.
TpTrace Warning: 0 : 10728, 1, 2023/11/22, 13:37:13.508, 5713275224934, vstest.console.dll, TestPluginDiscoverer: Failed to get types from assembly 'Microsoft.Diagnostics.NETCore.Client, Version=0.2.8.21101, Culture=neutral, PublicKeyToken=31bf3856ad364e35'. Error: System.Reflection.ReflectionTypeLoadException: Unable to load one or more of the requested types.
Could not load file or assembly 'Microsoft.Bcl.AsyncInterfaces, Version=1.0.0.0, Culture=neutral, PublicKeyToken=cc7b13ffcd2ddd51'. The system cannot find the file specified.
   at System.Reflection.RuntimeModule.GetTypes(RuntimeModule module)
   at System.Reflection.Assembly.GetTypes()
   at Microsoft.VisualStudio.TestPlatform.Common.ExtensionFramework.TestPluginDiscoverer.GetTestExtensionsFromAssembly[TPluginInfo,TExtension](Assembly assembly, Dictionary`2 pluginInfos, String filePath) in /_/src/Microsoft.TestPlatform.Common/ExtensionFramework/TestPluginDiscoverer.cs:line 158
System.IO.FileNotFoundException: Could not load file or assembly 'Microsoft.Bcl.AsyncInterfaces, Version=1.0.0.0, Culture=neutral, PublicKeyToken=cc7b13ffcd2ddd51'. The system cannot find the file specified.
File name: 'Microsoft.Bcl.AsyncInterfaces, Version=1.0.0.0, Culture=neutral, PublicKeyToken=cc7b13ffcd2ddd51'
 ---> System.IO.FileNotFoundException: Could not load file or assembly 'Microsoft.Bcl.AsyncInterfaces, Culture=neutral, PublicKeyToken=null'. The system cannot find the file specified.
File name: 'Microsoft.Bcl.AsyncInterfaces, Culture=neutral, PublicKeyToken=null'
   at System.Reflection.RuntimeAssembly.InternalLoad(AssemblyName assemblyName, StackCrawlMark& stackMark, AssemblyLoadContext assemblyLoadContext, RuntimeAssembly requestingAssembly, Boolean throwOnFileNotFound)
   at System.Reflection.Assembly.Load(AssemblyName assemblyRef)
   at Microsoft.VisualStudio.TestPlatform.Common.ExtensionFramework.TestPluginCache.CurrentDomainAssemblyResolve(Object sender, AssemblyResolveEventArgs args) in /_/src/Microsoft.TestPlatform.Common/ExtensionFramework/TestPluginCache.cs:line 513
   at System.Runtime.Loader.AssemblyLoadContext.GetFirstResolvedAssemblyFromResolvingEvent(AssemblyName assemblyName)
   at System.Runtime.Loader.AssemblyLoadContext.ResolveUsingEvent(AssemblyName assemblyName)
   at System.Runtime.Loader.AssemblyLoadContext.ResolveUsingResolvingEvent(IntPtr gchManagedAssemblyLoadContext, AssemblyName assemblyName)
TpTrace Warning: 0 : 10728, 1, 2023/11/22, 13:37:13.508, 5713275228399, vstest.console.dll, LoaderExceptions: System.IO.FileNotFoundException: Could not load file or assembly 'Microsoft.Bcl.AsyncInterfaces, Version=1.0.0.0, Culture=neutral, PublicKeyToken=cc7b13ffcd2ddd51'. The system cannot find the file specified.
File name: 'Microsoft.Bcl.AsyncInterfaces, Version=1.0.0.0, Culture=neutral, PublicKeyToken=cc7b13ffcd2ddd51'
 ---> System.IO.FileNotFoundException: Could not load file or assembly 'Microsoft.Bcl.AsyncInterfaces, Culture=neutral, PublicKeyToken=null'. The system cannot find the file specified.
File name: 'Microsoft.Bcl.AsyncInterfaces, Culture=neutral, PublicKeyToken=null'
   at System.Reflection.RuntimeAssembly.InternalLoad(AssemblyName assemblyName, StackCrawlMark& stackMark, AssemblyLoadContext assemblyLoadContext, RuntimeAssembly requestingAssembly, Boolean throwOnFileNotFound)
   at System.Reflection.Assembly.Load(AssemblyName assemblyRef)
   at Microsoft.VisualStudio.TestPlatform.Common.ExtensionFramework.TestPluginCache.CurrentDomainAssemblyResolve(Object sender, AssemblyResolveEventArgs args) in /_/src/Microsoft.TestPlatform.Common/ExtensionFramework/TestPluginCache.cs:line 513
   at System.Runtime.Loader.AssemblyLoadContext.GetFirstResolvedAssemblyFromResolvingEvent(AssemblyName assemblyName)
   at System.Runtime.Loader.AssemblyLoadContext.ResolveUsingEvent(AssemblyName assemblyName)
   at System.Runtime.Loader.AssemblyLoadContext.ResolveUsingResolvingEvent(IntPtr gchManagedAssemblyLoadContext, AssemblyName assemblyName)
TpTrace Information: 0 : 10728, 1, 2023/11/22, 13:37:13.508, 5713275229627, vstest.console.dll, AssemblyResolver.OnResolve: Microsoft.TestPlatform.Extensions.BlameDataCollector: Resolving assembly.
TpTrace Information: 0 : 10728, 1, 2023/11/22, 13:37:13.509, 5713275230004, vstest.console.dll, AssemblyResolver.OnResolve: Microsoft.TestPlatform.Extensions.BlameDataCollector: Searching in: 'C:\Program Files\dotnet\sdk\7.0.401\Extensions'.
TpTrace Information: 0 : 10728, 1, 2023/11/22, 13:37:13.509, 5713275233662, vstest.console.dll, AssemblyResolver.OnResolve: Microsoft.TestPlatform.Extensions.BlameDataCollector: Loading assembly 'C:\Program Files\dotnet\sdk\7.0.401\Extensions\Microsoft.TestPlatform.Extensions.BlameDataCollector.dll'.
TpTrace Information: 0 : 10728, 1, 2023/11/22, 13:37:13.509, 5713275237575, vstest.console.dll, AssemblyResolver.OnResolve: Resolved assembly: Microsoft.TestPlatform.Extensions.BlameDataCollector, from path: C:\Program Files\dotnet\sdk\7.0.401\Extensions\Microsoft.TestPlatform.Extensions.BlameDataCollector.dll
TpTrace Verbose: 0 : 10728, 1, 2023/11/22, 13:37:13.509, 5713275238316, vstest.console.dll, MetadataReaderExtensionsHelper: Discovering extensions inside assembly 'Microsoft.TestPlatform.Extensions.BlameDataCollector, Version=15.0.0.0, Culture=neutral, PublicKeyToken=b03f5f7f11d50a3a' file path 'C:\Program Files\dotnet\sdk\7.0.401\Extensions\Microsoft.TestPlatform.Extensions.BlameDataCollector.dll'
TpTrace Information: 0 : 10728, 1, 2023/11/22, 13:37:13.511, 5713275250137, vstest.console.dll, AssemblyResolver.OnResolve: Microsoft.TestPlatform.Extensions.EventLogCollector: Resolving assembly.
TpTrace Information: 0 : 10728, 1, 2023/11/22, 13:37:13.511, 5713275250593, vstest.console.dll, AssemblyResolver.OnResolve: Microsoft.TestPlatform.Extensions.EventLogCollector: Searching in: 'C:\Program Files\dotnet\sdk\7.0.401\Extensions'.
TpTrace Information: 0 : 10728, 1, 2023/11/22, 13:37:13.511, 5713275253711, vstest.console.dll, AssemblyResolver.OnResolve: Microsoft.TestPlatform.Extensions.EventLogCollector: Loading assembly 'C:\Program Files\dotnet\sdk\7.0.401\Extensions\Microsoft.TestPlatform.Extensions.EventLogCollector.dll'.
TpTrace Information: 0 : 10728, 1, 2023/11/22, 13:37:13.511, 5713275257144, vstest.console.dll, AssemblyResolver.OnResolve: Resolved assembly: Microsoft.TestPlatform.Extensions.EventLogCollector, from path: C:\Program Files\dotnet\sdk\7.0.401\Extensions\Microsoft.TestPlatform.Extensions.EventLogCollector.dll
TpTrace Verbose: 0 : 10728, 1, 2023/11/22, 13:37:13.511, 5713275257705, vstest.console.dll, MetadataReaderExtensionsHelper: Discovering extensions inside assembly 'Microsoft.TestPlatform.Extensions.EventLogCollector, Version=15.0.0.0, Culture=neutral, PublicKeyToken=b03f5f7f11d50a3a' file path 'C:\Program Files\dotnet\sdk\7.0.401\Extensions\Microsoft.TestPlatform.Extensions.EventLogCollector.dll'
TpTrace Information: 0 : 10728, 1, 2023/11/22, 13:37:13.513, 5713275274238, vstest.console.dll, AssemblyResolver.OnResolve: Microsoft.TestPlatform.TestHostRuntimeProvider: Resolving assembly.
TpTrace Information: 0 : 10728, 1, 2023/11/22, 13:37:13.513, 5713275274785, vstest.console.dll, AssemblyResolver.OnResolve: Microsoft.TestPlatform.TestHostRuntimeProvider: Searching in: 'C:\Program Files\dotnet\sdk\7.0.401\Extensions'.
TpTrace Information: 0 : 10728, 1, 2023/11/22, 13:37:13.514, 5713275281151, vstest.console.dll, AssemblyResolver.OnResolve: Microsoft.TestPlatform.TestHostRuntimeProvider: Loading assembly 'C:\Program Files\dotnet\sdk\7.0.401\Extensions\Microsoft.TestPlatform.TestHostRuntimeProvider.dll'.
TpTrace Information: 0 : 10728, 1, 2023/11/22, 13:37:13.515, 5713275291335, vstest.console.dll, AssemblyResolver.OnResolve: Resolved assembly: Microsoft.TestPlatform.TestHostRuntimeProvider, from path: C:\Program Files\dotnet\sdk\7.0.401\Extensions\Microsoft.TestPlatform.TestHostRuntimeProvider.dll
TpTrace Verbose: 0 : 10728, 1, 2023/11/22, 13:37:13.515, 5713275292095, vstest.console.dll, MetadataReaderExtensionsHelper: Discovering extensions inside assembly 'Microsoft.TestPlatform.TestHostRuntimeProvider, Version=15.0.0.0, Culture=neutral, PublicKeyToken=b03f5f7f11d50a3a' file path 'C:\Program Files\dotnet\sdk\7.0.401\Extensions\Microsoft.TestPlatform.TestHostRuntimeProvider.dll'
TpTrace Information: 0 : 10728, 1, 2023/11/22, 13:37:13.517, 5713275319106, vstest.console.dll, GetTestExtensionFromType: Register extension with identifier data 'HostProvider://DefaultTestHost' and type 'Microsoft.VisualStudio.TestPlatform.CrossPlatEngine.Hosting.DefaultTestHostManager, Microsoft.TestPlatform.TestHostRuntimeProvider, Version=15.0.0.0, Culture=neutral, PublicKeyToken=b03f5f7f11d50a3a' inside file 'C:\Program Files\dotnet\sdk\7.0.401\Extensions\Microsoft.TestPlatform.TestHostRuntimeProvider.dll'
TpTrace Information: 0 : 10728, 1, 2023/11/22, 13:37:13.518, 5713275321426, vstest.console.dll, GetTestExtensionFromType: Register extension with identifier data 'HostProvider://DotnetTestHost' and type 'Microsoft.VisualStudio.TestPlatform.CrossPlatEngine.Hosting.DotnetTestHostManager, Microsoft.TestPlatform.TestHostRuntimeProvider, Version=15.0.0.0, Culture=neutral, PublicKeyToken=b03f5f7f11d50a3a' inside file 'C:\Program Files\dotnet\sdk\7.0.401\Extensions\Microsoft.TestPlatform.TestHostRuntimeProvider.dll'
TpTrace Information: 0 : 10728, 1, 2023/11/22, 13:37:13.518, 5713275322128, vstest.console.dll, AssemblyResolver.OnResolve: Microsoft.VisualStudio.TestPlatform.Extensions.Html.TestLogger: Resolving assembly.
TpTrace Information: 0 : 10728, 1, 2023/11/22, 13:37:13.518, 5713275322455, vstest.console.dll, AssemblyResolver.OnResolve: Microsoft.VisualStudio.TestPlatform.Extensions.Html.TestLogger: Searching in: 'C:\Program Files\dotnet\sdk\7.0.401\Extensions'.
TpTrace Information: 0 : 10728, 1, 2023/11/22, 13:37:13.518, 5713275329797, vstest.console.dll, AssemblyResolver.OnResolve: Microsoft.VisualStudio.TestPlatform.Extensions.Html.TestLogger: Loading assembly 'C:\Program Files\dotnet\sdk\7.0.401\Extensions\Microsoft.VisualStudio.TestPlatform.Extensions.Html.TestLogger.dll'.
TpTrace Information: 0 : 10728, 1, 2023/11/22, 13:37:13.519, 5713275336207, vstest.console.dll, AssemblyResolver.OnResolve: Resolved assembly: Microsoft.VisualStudio.TestPlatform.Extensions.Html.TestLogger, from path: C:\Program Files\dotnet\sdk\7.0.401\Extensions\Microsoft.VisualStudio.TestPlatform.Extensions.Html.TestLogger.dll
TpTrace Verbose: 0 : 10728, 1, 2023/11/22, 13:37:13.519, 5713275336755, vstest.console.dll, MetadataReaderExtensionsHelper: Discovering extensions inside assembly 'Microsoft.VisualStudio.TestPlatform.Extensions.Html.TestLogger, Version=15.0.0.0, Culture=neutral, PublicKeyToken=b03f5f7f11d50a3a' file path 'C:\Program Files\dotnet\sdk\7.0.401\Extensions\Microsoft.VisualStudio.TestPlatform.Extensions.Html.TestLogger.dll'
TpTrace Information: 0 : 10728, 1, 2023/11/22, 13:37:13.520, 5713275344299, vstest.console.dll, AssemblyResolver.OnResolve: Microsoft.VisualStudio.TestPlatform.Extensions.Trx.TestLogger: Resolving assembly.
TpTrace Information: 0 : 10728, 1, 2023/11/22, 13:37:13.520, 5713275344727, vstest.console.dll, AssemblyResolver.OnResolve: Microsoft.VisualStudio.TestPlatform.Extensions.Trx.TestLogger: Searching in: 'C:\Program Files\dotnet\sdk\7.0.401\Extensions'.
TpTrace Information: 0 : 10728, 1, 2023/11/22, 13:37:13.521, 5713275353003, vstest.console.dll, AssemblyResolver.OnResolve: Microsoft.VisualStudio.TestPlatform.Extensions.Trx.TestLogger: Loading assembly 'C:\Program Files\dotnet\sdk\7.0.401\Extensions\Microsoft.VisualStudio.TestPlatform.Extensions.Trx.TestLogger.dll'.
TpTrace Information: 0 : 10728, 1, 2023/11/22, 13:37:13.522, 5713275362865, vstest.console.dll, AssemblyResolver.OnResolve: Resolved assembly: Microsoft.VisualStudio.TestPlatform.Extensions.Trx.TestLogger, from path: C:\Program Files\dotnet\sdk\7.0.401\Extensions\Microsoft.VisualStudio.TestPlatform.Extensions.Trx.TestLogger.dll
TpTrace Verbose: 0 : 10728, 1, 2023/11/22, 13:37:13.522, 5713275363466, vstest.console.dll, MetadataReaderExtensionsHelper: Discovering extensions inside assembly 'Microsoft.VisualStudio.TestPlatform.Extensions.Trx.TestLogger, Version=15.0.0.0, Culture=neutral, PublicKeyToken=b03f5f7f11d50a3a' file path 'C:\Program Files\dotnet\sdk\7.0.401\Extensions\Microsoft.VisualStudio.TestPlatform.Extensions.Trx.TestLogger.dll'
TpTrace Verbose: 0 : 10728, 1, 2023/11/22, 13:37:13.523, 5713275376494, vstest.console.dll, TestPluginCache: Discovered the extensions using extension path ''.
TpTrace Verbose: 0 : 10728, 1, 2023/11/22, 13:37:13.523, 5713275376965, vstest.console.dll, TestPluginCache: Discoverers are ''.
TpTrace Verbose: 0 : 10728, 1, 2023/11/22, 13:37:13.523, 5713275377181, vstest.console.dll, TestPluginCache: Executors are ''.
TpTrace Verbose: 0 : 10728, 1, 2023/11/22, 13:37:13.523, 5713275377364, vstest.console.dll, TestPluginCache: Executors2 are ''.
TpTrace Verbose: 0 : 10728, 1, 2023/11/22, 13:37:13.523, 5713275377541, vstest.console.dll, TestPluginCache: Setting providers are ''.
TpTrace Verbose: 0 : 10728, 1, 2023/11/22, 13:37:13.523, 5713275377763, vstest.console.dll, TestPluginCache: Loggers are ''.
TpTrace Verbose: 0 : 10728, 1, 2023/11/22, 13:37:13.523, 5713275378817, vstest.console.dll, TestPluginCache: TestHosts are 'HostProvider://DefaultTestHost,HostProvider://DotnetTestHost'.
TpTrace Verbose: 0 : 10728, 1, 2023/11/22, 13:37:13.523, 5713275379089, vstest.console.dll, TestPluginCache: DataCollectors are ''.
TpTrace Information: 0 : 10728, 1, 2023/11/22, 13:37:13.533, 5713275474883, vstest.console.dll, RunTestsArgumentProcessor:Execute: Test run is starting.
TpTrace Verbose: 0 : 10728, 1, 2023/11/22, 13:37:13.533, 5713275476192, vstest.console.dll, RunTestsArgumentProcessor:Execute: Queuing Test run.
TpTrace Information: 0 : 10728, 1, 2023/11/22, 13:37:13.534, 5713275483139, vstest.console.dll, TestRequestManager.RunTests: run tests started.
TpTrace Information: 0 : 10728, 1, 2023/11/22, 13:37:13.535, 5713275497909, vstest.console.dll, AssemblyMetadataProvider.GetFrameworkName: Determined framework:'.NETCoreApp,Version=v6.0' for source: 'C:\Users\nasingh\source\repos\BloodGuardian\BloodGuardian.Tests\bin\Debug\net6.0\fine-code-coverage\build-output\BloodGuardian.Tests.dll'
TpTrace Information: 0 : 10728, 1, 2023/11/22, 13:37:13.535, 5713275499327, vstest.console.dll, Determined framework for all sources: .NETCoreApp,Version=v6.0
TpTrace Verbose: 0 : 10728, 1, 2023/11/22, 13:37:13.536, 5713275502563, vstest.console.dll, TestRequestManager.UpdateRunSettingsIfRequired: Default architecture: X64 IsDefaultTargetArchitecture: True, Current process architecture: X64 OperatingSystem: Windows.
TpTrace Information: 0 : 10728, 1, 2023/11/22, 13:37:13.537, 5713275518188, vstest.console.dll, AssemblyMetadataProvider.GetArchitecture: Determined architecture:AnyCPU info for assembly: C:\Users\nasingh\source\repos\BloodGuardian\BloodGuardian.Tests\bin\Debug\net6.0\fine-code-coverage\build-output\BloodGuardian.Tests.dll
TpTrace Information: 0 : 10728, 1, 2023/11/22, 13:37:13.537, 5713275518705, vstest.console.dll, Determined platform for source 'C:\Users\nasingh\source\repos\BloodGuardian\BloodGuardian.Tests\bin\Debug\net6.0\fine-code-coverage\build-output\BloodGuardian.Tests.dll' was AnyCPU and it will use the default plaform X64.
TpTrace Information: 0 : 10728, 1, 2023/11/22, 13:37:13.537, 5713275519008, vstest.console.dll, None of the sources provided any runnable platform, using the default platform: X64
TpTrace Information: 0 : 10728, 1, 2023/11/22, 13:37:13.537, 5713275519606, vstest.console.dll, Platform was updated to 'X64'.
TpTrace Information: 0 : 10728, 1, 2023/11/22, 13:37:13.544, 5713275582470, vstest.console.dll, InferRunSettingsHelper.IsTestSettingsEnabled: Unable to navigate to RunSettings/MSTest. Current node: RunSettings
TpTrace Information: 0 : 10728, 1, 2023/11/22, 13:37:13.545, 5713275590168, vstest.console.dll, AssemblyResolver.OnResolve: Microsoft.VisualStudio.TestPlatform.Fakes: Resolving assembly.
TpTrace Information: 0 : 10728, 1, 2023/11/22, 13:37:13.545, 5713275590635, vstest.console.dll, AssemblyResolver.OnResolve: Microsoft.VisualStudio.TestPlatform.Fakes: Searching in: 'C:\Program Files\dotnet\sdk\7.0.401\Extensions'.
TpTrace Information: 0 : 10728, 1, 2023/11/22, 13:37:13.545, 5713275591269, vstest.console.dll, AssemblyResolver.OnResolve: Microsoft.VisualStudio.TestPlatform.Fakes: Assembly path does not exist: 'C:\Program Files\dotnet\sdk\7.0.401\Extensions\Microsoft.VisualStudio.TestPlatform.Fakes.dll', returning.
TpTrace Information: 0 : 10728, 1, 2023/11/22, 13:37:13.545, 5713275591688, vstest.console.dll, AssemblyResolver.OnResolve: Microsoft.VisualStudio.TestPlatform.Fakes: Assembly path does not exist: 'C:\Program Files\dotnet\sdk\7.0.401\Extensions\Microsoft.VisualStudio.TestPlatform.Fakes.exe', returning.
TpTrace Information: 0 : 10728, 1, 2023/11/22, 13:37:13.545, 5713275591965, vstest.console.dll, AssemblyResolver.OnResolve: Microsoft.VisualStudio.TestPlatform.Fakes: Searching in: 'C:\Program Files\dotnet\sdk\7.0.401'.
TpTrace Information: 0 : 10728, 1, 2023/11/22, 13:37:13.545, 5713275592375, vstest.console.dll, AssemblyResolver.OnResolve: Microsoft.VisualStudio.TestPlatform.Fakes: Assembly path does not exist: 'C:\Program Files\dotnet\sdk\7.0.401\Microsoft.VisualStudio.TestPlatform.Fakes.dll', returning.
TpTrace Information: 0 : 10728, 1, 2023/11/22, 13:37:13.545, 5713275592802, vstest.console.dll, AssemblyResolver.OnResolve: Microsoft.VisualStudio.TestPlatform.Fakes: Assembly path does not exist: 'C:\Program Files\dotnet\sdk\7.0.401\Microsoft.VisualStudio.TestPlatform.Fakes.exe', returning.
TpTrace Information: 0 : 10728, 1, 2023/11/22, 13:37:13.545, 5713275593069, vstest.console.dll, AssemblyResolver.OnResolve: Microsoft.VisualStudio.TestPlatform.Fakes: Failed to load assembly.
TpTrace Information: 0 : 10728, 1, 2023/11/22, 13:37:13.545, 5713275595184, vstest.console.dll, Failed to load assembly Microsoft.VisualStudio.TestPlatform.Fakes, Version=17.0.0.0, Culture=neutral. Reason:System.IO.FileNotFoundException: Could not load file or assembly 'Microsoft.VisualStudio.TestPlatform.Fakes, Version=17.0.0.0, Culture=neutral, PublicKeyToken=null'. The system cannot find the file specified.
File name: 'Microsoft.VisualStudio.TestPlatform.Fakes, Version=17.0.0.0, Culture=neutral, PublicKeyToken=null'
   at System.Reflection.RuntimeAssembly.InternalLoad(AssemblyName assemblyName, StackCrawlMark& stackMark, AssemblyLoadContext assemblyLoadContext, RuntimeAssembly requestingAssembly, Boolean throwOnFileNotFound)
   at System.Reflection.Assembly.Load(AssemblyName assemblyRef)
   at Microsoft.VisualStudio.TestPlatform.Common.Utilities.FakesUtilities.LoadTestPlatformAssembly() in /_/src/Microsoft.TestPlatform.Common/Utilities/FakesUtilities.cs:line 272
TpTrace Verbose: 0 : 10728, 1, 2023/11/22, 13:37:13.549, 5713275635475, vstest.console.dll, TestPluginCache.DiscoverTestExtensions: finding test extensions in assemblies ends with: TestLogger.dll TPluginInfo: Microsoft.VisualStudio.TestPlatform.Common.ExtensionFramework.Utilities.TestLoggerPluginInformation TExtension: Microsoft.VisualStudio.TestPlatform.ObjectModel.Client.ITestLogger
TpTrace Verbose: 0 : 10728, 1, 2023/11/22, 13:37:13.549, 5713275637250, vstest.console.dll, TestPluginCache.GetExtensionPaths: Filtered extension paths: 
TpTrace Verbose: 0 : 10728, 1, 2023/11/22, 13:37:13.549, 5713275637830, vstest.console.dll, TestPluginCache.GetExtensionPaths: Added default extension paths: C:\Program Files\dotnet\sdk\7.0.401\Extensions\Microsoft.Diagnostics.NETCore.Client.dll
C:\Program Files\dotnet\sdk\7.0.401\Extensions\Microsoft.TestPlatform.Extensions.BlameDataCollector.dll
C:\Program Files\dotnet\sdk\7.0.401\Extensions\Microsoft.TestPlatform.Extensions.EventLogCollector.dll
C:\Program Files\dotnet\sdk\7.0.401\Extensions\Microsoft.TestPlatform.TestHostRuntimeProvider.dll
C:\Program Files\dotnet\sdk\7.0.401\Extensions\Microsoft.VisualStudio.TestPlatform.Extensions.Html.TestLogger.dll
C:\Program Files\dotnet\sdk\7.0.401\Extensions\Microsoft.VisualStudio.TestPlatform.Extensions.Trx.TestLogger.dll
TpTrace Verbose: 0 : 10728, 1, 2023/11/22, 13:37:13.549, 5713275638260, vstest.console.dll, TestPluginCache.GetExtensionPaths: Added unfilterableExtensionPaths: 
TpTrace Information: 0 : 10728, 1, 2023/11/22, 13:37:13.550, 5713275640223, vstest.console.dll, AssemblyResolver.AddSearchDirectories: Adding more searchDirectories C:\Program Files\dotnet\sdk\7.0.401\Extensions,C:\Program Files\dotnet\sdk\7.0.401
TpTrace Verbose: 0 : 10728, 1, 2023/11/22, 13:37:13.550, 5713275640819, vstest.console.dll, TestPluginCache.DiscoverTestExtensions: Discovering the extensions using extension path.
TpTrace Verbose: 0 : 10728, 1, 2023/11/22, 13:37:13.550, 5713275641116, vstest.console.dll, TestPluginCache.GetExtensionPaths: Filtered extension paths: 
TpTrace Verbose: 0 : 10728, 1, 2023/11/22, 13:37:13.550, 5713275641394, vstest.console.dll, TestPluginCache.GetExtensionPaths: Added default extension paths: C:\Program Files\dotnet\sdk\7.0.401\Extensions\Microsoft.Diagnostics.NETCore.Client.dll
C:\Program Files\dotnet\sdk\7.0.401\Extensions\Microsoft.TestPlatform.Extensions.BlameDataCollector.dll
C:\Program Files\dotnet\sdk\7.0.401\Extensions\Microsoft.TestPlatform.Extensions.EventLogCollector.dll
C:\Program Files\dotnet\sdk\7.0.401\Extensions\Microsoft.TestPlatform.TestHostRuntimeProvider.dll
C:\Program Files\dotnet\sdk\7.0.401\Extensions\Microsoft.VisualStudio.TestPlatform.Extensions.Html.TestLogger.dll
C:\Program Files\dotnet\sdk\7.0.401\Extensions\Microsoft.VisualStudio.TestPlatform.Extensions.Trx.TestLogger.dll
TpTrace Verbose: 0 : 10728, 1, 2023/11/22, 13:37:13.550, 5713275641609, vstest.console.dll, TestPluginCache.GetExtensionPaths: Added unfilterableExtensionPaths: 
TpTrace Verbose: 0 : 10728, 1, 2023/11/22, 13:37:13.550, 5713275641953, vstest.console.dll, TestPluginCache.DiscoverTestExtensions: Discovering the extensions using allExtensionPaths: C:\Program Files\dotnet\sdk\7.0.401\Extensions\Microsoft.Diagnostics.NETCore.Client.dll
C:\Program Files\dotnet\sdk\7.0.401\Extensions\Microsoft.TestPlatform.Extensions.BlameDataCollector.dll
C:\Program Files\dotnet\sdk\7.0.401\Extensions\Microsoft.TestPlatform.Extensions.EventLogCollector.dll
C:\Program Files\dotnet\sdk\7.0.401\Extensions\Microsoft.TestPlatform.TestHostRuntimeProvider.dll
C:\Program Files\dotnet\sdk\7.0.401\Extensions\Microsoft.VisualStudio.TestPlatform.Extensions.Html.TestLogger.dll
C:\Program Files\dotnet\sdk\7.0.401\Extensions\Microsoft.VisualStudio.TestPlatform.Extensions.Trx.TestLogger.dll
TpTrace Information: 0 : 10728, 1, 2023/11/22, 13:37:13.550, 5713275642960, vstest.console.dll, AssemblyResolver.AddSearchDirectories: Adding more searchDirectories C:\Program Files\dotnet\sdk\7.0.401\Extensions,C:\Program Files\dotnet\sdk\7.0.401
TpTrace Information: 0 : 10728, 1, 2023/11/22, 13:37:13.550, 5713275643352, vstest.console.dll, AssemblyResolver.AddSearchDirectories: Adding more searchDirectories C:\Program Files\dotnet\sdk\7.0.401\Extensions,C:\Program Files\dotnet\sdk\7.0.401
TpTrace Information: 0 : 10728, 1, 2023/11/22, 13:37:13.550, 5713275643588, vstest.console.dll, AssemblyResolver.AddSearchDirectories: Adding more searchDirectories C:\Program Files\dotnet\sdk\7.0.401\Extensions,C:\Program Files\dotnet\sdk\7.0.401
TpTrace Information: 0 : 10728, 1, 2023/11/22, 13:37:13.550, 5713275643806, vstest.console.dll, AssemblyResolver.AddSearchDirectories: Adding more searchDirectories C:\Program Files\dotnet\sdk\7.0.401\Extensions,C:\Program Files\dotnet\sdk\7.0.401
TpTrace Information: 0 : 10728, 1, 2023/11/22, 13:37:13.550, 5713275644058, vstest.console.dll, AssemblyResolver.AddSearchDirectories: Adding more searchDirectories C:\Program Files\dotnet\sdk\7.0.401\Extensions,C:\Program Files\dotnet\sdk\7.0.401
TpTrace Information: 0 : 10728, 1, 2023/11/22, 13:37:13.550, 5713275644281, vstest.console.dll, AssemblyResolver.AddSearchDirectories: Adding more searchDirectories C:\Program Files\dotnet\sdk\7.0.401\Extensions,C:\Program Files\dotnet\sdk\7.0.401
TpTrace Verbose: 0 : 10728, 1, 2023/11/22, 13:37:13.550, 5713275645248, vstest.console.dll, MetadataReaderExtensionsHelper: Discovering extensions inside assembly 'Microsoft.Diagnostics.NETCore.Client, Version=0.2.8.21101, Culture=neutral, PublicKeyToken=31bf3856ad364e35' file path 'C:\Program Files\dotnet\sdk\7.0.401\Extensions\Microsoft.Diagnostics.NETCore.Client.dll'
TpTrace Information: 0 : 10728, 1, 2023/11/22, 13:37:13.551, 5713275653208, vstest.console.dll, AssemblyResolver.OnResolve: Microsoft.Bcl.AsyncInterfaces: Resolving assembly.
TpTrace Information: 0 : 10728, 1, 2023/11/22, 13:37:13.551, 5713275653657, vstest.console.dll, AssemblyResolver.OnResolve: Microsoft.Bcl.AsyncInterfaces: Resolved from cache.
TpTrace Verbose: 0 : 10728, 1, 2023/11/22, 13:37:13.551, 5713275653921, vstest.console.dll, CurrentDomainAssemblyResolve: Resolving assembly 'Microsoft.Bcl.AsyncInterfaces'.
TpTrace Information: 0 : 10728, 1, 2023/11/22, 13:37:13.551, 5713275654252, vstest.console.dll, AssemblyResolver.OnResolve: Microsoft.Bcl.AsyncInterfaces: Resolving assembly.
TpTrace Information: 0 : 10728, 1, 2023/11/22, 13:37:13.551, 5713275654464, vstest.console.dll, AssemblyResolver.OnResolve: Microsoft.Bcl.AsyncInterfaces: Resolved from cache.
TpTrace Verbose: 0 : 10728, 1, 2023/11/22, 13:37:13.551, 5713275654655, vstest.console.dll, CurrentDomainAssemblyResolve: Resolving assembly 'Microsoft.Bcl.AsyncInterfaces'.
TpTrace Verbose: 0 : 10728, 1, 2023/11/22, 13:37:13.551, 5713275654842, vstest.console.dll, CurrentDomainAssemblyResolve: Failed to resolve assembly 'Microsoft.Bcl.AsyncInterfaces'.
TpTrace Verbose: 0 : 10728, 1, 2023/11/22, 13:37:13.551, 5713275655909, vstest.console.dll, CurrentDomainAssemblyResolve: Failed to resolve assembly 'Microsoft.Bcl.AsyncInterfaces'.
TpTrace Warning: 0 : 10728, 1, 2023/11/22, 13:37:13.551, 5713275658568, vstest.console.dll, TestPluginDiscoverer: Failed to get types from assembly 'Microsoft.Diagnostics.NETCore.Client, Version=0.2.8.21101, Culture=neutral, PublicKeyToken=31bf3856ad364e35'. Error: System.Reflection.ReflectionTypeLoadException: Unable to load one or more of the requested types.
Could not load file or assembly 'Microsoft.Bcl.AsyncInterfaces, Version=1.0.0.0, Culture=neutral, PublicKeyToken=cc7b13ffcd2ddd51'. The system cannot find the file specified.
   at System.Reflection.RuntimeModule.GetTypes(RuntimeModule module)
   at System.Reflection.Assembly.GetTypes()
   at Microsoft.VisualStudio.TestPlatform.Common.ExtensionFramework.TestPluginDiscoverer.GetTestExtensionsFromAssembly[TPluginInfo,TExtension](Assembly assembly, Dictionary`2 pluginInfos, String filePath) in /_/src/Microsoft.TestPlatform.Common/ExtensionFramework/TestPluginDiscoverer.cs:line 158
System.IO.FileNotFoundException: Could not load file or assembly 'Microsoft.Bcl.AsyncInterfaces, Version=1.0.0.0, Culture=neutral, PublicKeyToken=cc7b13ffcd2ddd51'. The system cannot find the file specified.
File name: 'Microsoft.Bcl.AsyncInterfaces, Version=1.0.0.0, Culture=neutral, PublicKeyToken=cc7b13ffcd2ddd51'
 ---> System.IO.FileNotFoundException: Could not load file or assembly 'Microsoft.Bcl.AsyncInterfaces, Culture=neutral, PublicKeyToken=null'. The system cannot find the file specified.
File name: 'Microsoft.Bcl.AsyncInterfaces, Culture=neutral, PublicKeyToken=null'
   at System.Reflection.RuntimeAssembly.InternalLoad(AssemblyName assemblyName, StackCrawlMark& stackMark, AssemblyLoadContext assemblyLoadContext, RuntimeAssembly requestingAssembly, Boolean throwOnFileNotFound)
   at System.Reflection.Assembly.Load(AssemblyName assemblyRef)
   at Microsoft.VisualStudio.TestPlatform.Common.ExtensionFramework.TestPluginCache.CurrentDomainAssemblyResolve(Object sender, AssemblyResolveEventArgs args) in /_/src/Microsoft.TestPlatform.Common/ExtensionFramework/TestPluginCache.cs:line 513
   at System.Runtime.Loader.AssemblyLoadContext.GetFirstResolvedAssemblyFromResolvingEvent(AssemblyName assemblyName)
   at System.Runtime.Loader.AssemblyLoadContext.ResolveUsingEvent(AssemblyName assemblyName)
   at System.Runtime.Loader.AssemblyLoadContext.ResolveUsingResolvingEvent(IntPtr gchManagedAssemblyLoadContext, AssemblyName assemblyName)
TpTrace Warning: 0 : 10728, 1, 2023/11/22, 13:37:13.552, 5713275660384, vstest.console.dll, LoaderExceptions: System.IO.FileNotFoundException: Could not load file or assembly 'Microsoft.Bcl.AsyncInterfaces, Version=1.0.0.0, Culture=neutral, PublicKeyToken=cc7b13ffcd2ddd51'. The system cannot find the file specified.
File name: 'Microsoft.Bcl.AsyncInterfaces, Version=1.0.0.0, Culture=neutral, PublicKeyToken=cc7b13ffcd2ddd51'
 ---> System.IO.FileNotFoundException: Could not load file or assembly 'Microsoft.Bcl.AsyncInterfaces, Culture=neutral, PublicKeyToken=null'. The system cannot find the file specified.
File name: 'Microsoft.Bcl.AsyncInterfaces, Culture=neutral, PublicKeyToken=null'
   at System.Reflection.RuntimeAssembly.InternalLoad(AssemblyName assemblyName, StackCrawlMark& stackMark, AssemblyLoadContext assemblyLoadContext, RuntimeAssembly requestingAssembly, Boolean throwOnFileNotFound)
   at System.Reflection.Assembly.Load(AssemblyName assemblyRef)
   at Microsoft.VisualStudio.TestPlatform.Common.ExtensionFramework.TestPluginCache.CurrentDomainAssemblyResolve(Object sender, AssemblyResolveEventArgs args) in /_/src/Microsoft.TestPlatform.Common/ExtensionFramework/TestPluginCache.cs:line 513
   at System.Runtime.Loader.AssemblyLoadContext.GetFirstResolvedAssemblyFromResolvingEvent(AssemblyName assemblyName)
   at System.Runtime.Loader.AssemblyLoadContext.ResolveUsingEvent(AssemblyName assemblyName)
   at System.Runtime.Loader.AssemblyLoadContext.ResolveUsingResolvingEvent(IntPtr gchManagedAssemblyLoadContext, AssemblyName assemblyName)
TpTrace Verbose: 0 : 10728, 1, 2023/11/22, 13:37:13.552, 5713275661064, vstest.console.dll, MetadataReaderExtensionsHelper: Discovering extensions inside assembly 'Microsoft.TestPlatform.Extensions.BlameDataCollector, Version=15.0.0.0, Culture=neutral, PublicKeyToken=b03f5f7f11d50a3a' file path 'C:\Program Files\dotnet\sdk\7.0.401\Extensions\Microsoft.TestPlatform.Extensions.BlameDataCollector.dll'
TpTrace Information: 0 : 10728, 1, 2023/11/22, 13:37:13.552, 5713275665021, vstest.console.dll, GetTestExtensionFromType: Register extension with identifier data 'logger://Microsoft/TestPlatform/Extensions/Blame/v1' and type 'Microsoft.TestPlatform.Extensions.BlameDataCollector.BlameLogger, Microsoft.TestPlatform.Extensions.BlameDataCollector, Version=15.0.0.0, Culture=neutral, PublicKeyToken=b03f5f7f11d50a3a' inside file 'C:\Program Files\dotnet\sdk\7.0.401\Extensions\Microsoft.TestPlatform.Extensions.BlameDataCollector.dll'
TpTrace Verbose: 0 : 10728, 1, 2023/11/22, 13:37:13.552, 5713275665496, vstest.console.dll, MetadataReaderExtensionsHelper: Discovering extensions inside assembly 'Microsoft.TestPlatform.Extensions.EventLogCollector, Version=15.0.0.0, Culture=neutral, PublicKeyToken=b03f5f7f11d50a3a' file path 'C:\Program Files\dotnet\sdk\7.0.401\Extensions\Microsoft.TestPlatform.Extensions.EventLogCollector.dll'
TpTrace Verbose: 0 : 10728, 1, 2023/11/22, 13:37:13.552, 5713275667690, vstest.console.dll, MetadataReaderExtensionsHelper: Discovering extensions inside assembly 'Microsoft.TestPlatform.TestHostRuntimeProvider, Version=15.0.0.0, Culture=neutral, PublicKeyToken=b03f5f7f11d50a3a' file path 'C:\Program Files\dotnet\sdk\7.0.401\Extensions\Microsoft.TestPlatform.TestHostRuntimeProvider.dll'
TpTrace Verbose: 0 : 10728, 1, 2023/11/22, 13:37:13.553, 5713275670239, vstest.console.dll, MetadataReaderExtensionsHelper: Discovering extensions inside assembly 'Microsoft.VisualStudio.TestPlatform.Extensions.Html.TestLogger, Version=15.0.0.0, Culture=neutral, PublicKeyToken=b03f5f7f11d50a3a' file path 'C:\Program Files\dotnet\sdk\7.0.401\Extensions\Microsoft.VisualStudio.TestPlatform.Extensions.Html.TestLogger.dll'
TpTrace Information: 0 : 10728, 1, 2023/11/22, 13:37:13.553, 5713275674041, vstest.console.dll, GetTestExtensionFromType: Register extension with identifier data 'logger://Microsoft/TestPlatform/HtmlLogger/v1' and type 'Microsoft.VisualStudio.TestPlatform.Extensions.HtmlLogger.HtmlLogger, Microsoft.VisualStudio.TestPlatform.Extensions.Html.TestLogger, Version=15.0.0.0, Culture=neutral, PublicKeyToken=b03f5f7f11d50a3a' inside file 'C:\Program Files\dotnet\sdk\7.0.401\Extensions\Microsoft.VisualStudio.TestPlatform.Extensions.Html.TestLogger.dll'
TpTrace Verbose: 0 : 10728, 1, 2023/11/22, 13:37:13.553, 5713275674539, vstest.console.dll, MetadataReaderExtensionsHelper: Discovering extensions inside assembly 'Microsoft.VisualStudio.TestPlatform.Extensions.Trx.TestLogger, Version=15.0.0.0, Culture=neutral, PublicKeyToken=b03f5f7f11d50a3a' file path 'C:\Program Files\dotnet\sdk\7.0.401\Extensions\Microsoft.VisualStudio.TestPlatform.Extensions.Trx.TestLogger.dll'
TpTrace Information: 0 : 10728, 1, 2023/11/22, 13:37:13.553, 5713275677298, vstest.console.dll, GetTestExtensionFromType: Register extension with identifier data 'logger://Microsoft/TestPlatform/TrxLogger/v1' and type 'Microsoft.VisualStudio.TestPlatform.Extensions.TrxLogger.TrxLogger, Microsoft.VisualStudio.TestPlatform.Extensions.Trx.TestLogger, Version=15.0.0.0, Culture=neutral, PublicKeyToken=b03f5f7f11d50a3a' inside file 'C:\Program Files\dotnet\sdk\7.0.401\Extensions\Microsoft.VisualStudio.TestPlatform.Extensions.Trx.TestLogger.dll'
TpTrace Verbose: 0 : 10728, 1, 2023/11/22, 13:37:13.553, 5713275677989, vstest.console.dll, TestPluginCache: Discovered the extensions using extension path ''.
TpTrace Verbose: 0 : 10728, 1, 2023/11/22, 13:37:13.553, 5713275678305, vstest.console.dll, TestPluginCache: Discoverers are ''.
TpTrace Verbose: 0 : 10728, 1, 2023/11/22, 13:37:13.553, 5713275678545, vstest.console.dll, TestPluginCache: Executors are ''.
TpTrace Verbose: 0 : 10728, 1, 2023/11/22, 13:37:13.553, 5713275678739, vstest.console.dll, TestPluginCache: Executors2 are ''.
TpTrace Verbose: 0 : 10728, 1, 2023/11/22, 13:37:13.553, 5713275679119, vstest.console.dll, TestPluginCache: Setting providers are ''.
TpTrace Verbose: 0 : 10728, 1, 2023/11/22, 13:37:13.553, 5713275679616, vstest.console.dll, TestPluginCache: Loggers are 'logger://Microsoft/TestPlatform/Extensions/Blame/v1,logger://Microsoft/TestPlatform/HtmlLogger/v1,logger://Microsoft/TestPlatform/TrxLogger/v1'.
TpTrace Verbose: 0 : 10728, 1, 2023/11/22, 13:37:13.554, 5713275679974, vstest.console.dll, TestPluginCache: TestHosts are 'HostProvider://DefaultTestHost,HostProvider://DotnetTestHost'.
TpTrace Verbose: 0 : 10728, 1, 2023/11/22, 13:37:13.554, 5713275680247, vstest.console.dll, TestPluginCache: DataCollectors are ''.
TpTrace Information: 0 : 10728, 1, 2023/11/22, 13:37:13.554, 5713275687014, vstest.console.dll, TestPluginManager.CreateTestExtension: Attempting to load test extension: Microsoft.TestPlatform.Extensions.BlameDataCollector.BlameLogger
TpTrace Verbose: 0 : 10728, 1, 2023/11/22, 13:37:13.563, 5713275776947, vstest.console.dll, TestEngine: Initializing Parallel Execution as MaxCpuCount is set to: 1
TpTrace Information: 0 : 10728, 1, 2023/11/22, 13:37:13.565, 5713275796033, vstest.console.dll, TestPluginManager.CreateTestExtension: Attempting to load test extension: Microsoft.VisualStudio.TestPlatform.CrossPlatEngine.Hosting.DefaultTestHostManager
TpTrace Information: 0 : 10728, 1, 2023/11/22, 13:37:13.566, 5713275804961, vstest.console.dll, TestPluginManager.CreateTestExtension: Attempting to load test extension: Microsoft.VisualStudio.TestPlatform.CrossPlatEngine.Hosting.DotnetTestHostManager
TpTrace Information: 0 : 10728, 1, 2023/11/22, 13:37:13.567, 5713275810899, vstest.console.dll, InferRunSettingsHelper.IsTestSettingsEnabled: Unable to navigate to RunSettings/MSTest. Current node: RunSettings
TpTrace Verbose: 0 : 10728, 1, 2023/11/22, 13:37:13.567, 5713275819783, vstest.console.dll, ParallelOperationManager.ClearSlots: Clearing all slots. Slots should accept more work: True
TpTrace Verbose: 0 : 10728, 1, 2023/11/22, 13:37:13.568, 5713275826108, vstest.console.dll, ParallelOperationManager.SetOccupiedSlotCount: Setting slot counts AvailableSlotCount = 1, OccupiedSlotCount = 0.
TpTrace Verbose: 0 : 10728, 1, 2023/11/22, 13:37:13.569, 5713275829913, vstest.console.dll, Occupied slots:

TpTrace Verbose: 0 : 10728, 1, 2023/11/22, 13:37:13.571, 5713275856063, vstest.console.dll, TestEngine.GetExecutionManager: Chosen execution manager 'Microsoft.VisualStudio.TestPlatform.CrossPlatEngine.Client.Parallel.ParallelProxyExecutionManager, Microsoft.TestPlatform.CrossPlatEngine, Version=15.0.0.0, Culture=neutral, PublicKeyToken=b03f5f7f11d50a3a' ParallelLevel '1'.
TpTrace Verbose: 0 : 10728, 1, 2023/11/22, 13:37:13.571, 5713275857163, vstest.console.dll, TestRunRequest.ExecuteAsync: Creating test run request.
TpTrace Verbose: 0 : 10728, 1, 2023/11/22, 13:37:13.571, 5713275859100, vstest.console.dll, TestRunRequest.ExecuteAsync: Starting.
TpTrace Information: 0 : 10728, 1, 2023/11/22, 13:37:13.572, 5713275866127, vstest.console.dll, TestRunRequest.ExecuteAsync: Starting run with settings:TestRunCriteria:
   KeepAlive=False,FrequencyOfRunStatsChangeEvent=10,RunStatsChangeEventTimeout=00:00:01.5000000,TestCaseFilter=,TestExecutorLauncher=
   Settingsxml=<RunSettings>
  <RunConfiguration>
    <ResultsDirectory>C:\Users\nasingh\source\repos\BloodGuardian\BloodGuardian.Tests\bin\Debug\net6.0\fine-code-coverage\coverage-tool-output</ResultsDirectory>
    <TargetPlatform>X64</TargetPlatform>
    <TargetFrameworkVersion>.NETCoreApp,Version=v6.0</TargetFrameworkVersion>
    <DesignMode>False</DesignMode>
    <CollectSourceInformation>False</CollectSourceInformation>
  </RunConfiguration>
  <LoggerRunSettings>
    <Loggers>
      <Logger friendlyName="blame" enabled="True" />
      <Logger friendlyName="Console" uri="logger://microsoft/TestPlatform/ConsoleLogger/v1" assemblyQualifiedName="Microsoft.VisualStudio.TestPlatform.CommandLine.Internal.ConsoleLogger, vstest.console, Version=15.0.0.0, Culture=neutral, PublicKeyToken=b03f5f7f11d50a3a" codeBase="C:\Program Files\dotnet\sdk\7.0.401\vstest.console.dll" enabled="True" />
    </Loggers>
  </LoggerRunSettings>
  <DataCollectionRunSettings>
    <DataCollectors>
      <DataCollector friendlyName="blame" enabled="True">
        <Configuration>
          <ResultsDirectory>C:\Users\nasingh\source\repos\BloodGuardian\BloodGuardian.Tests\bin\Debug\net6.0\fine-code-coverage\coverage-tool-output</ResultsDirectory>
        </Configuration>
      </DataCollector>
    </DataCollectors>
  </DataCollectionRunSettings>
</RunSettings>

TpTrace Verbose: 0 : 10728, 1, 2023/11/22, 13:37:13.572, 5713275866980, vstest.console.dll, TestRunRequest.ExecuteAsync: Wait for the first run request is over.
TpTrace Verbose: 0 : 10728, 1, 2023/11/22, 13:37:13.573, 5713275874695, vstest.console.dll, MulticastDelegateUtilities.SafeInvoke: TestRun.TestRunStart: Invoking callbacks was skipped because there are no subscribers.
TpTrace Verbose: 0 : 10728, 4, 2023/11/22, 13:37:13.573, 5713275877443, vstest.console.dll, MulticastDelegateUtilities.SafeInvoke: InternalTestLoggerEvents.SendTestRunStart: Invoking callback 1/1 for Microsoft.VisualStudio.TestPlatform.CommandLine.Internal.ConsoleLogger., took 0 ms.
TpTrace Verbose: 0 : 10728, 1, 2023/11/22, 13:37:13.574, 5713275888468, vstest.console.dll, ParallelProxyExecutionManager: Start execution. Total sources: 1
TpTrace Verbose: 0 : 10728, 1, 2023/11/22, 13:37:13.575, 5713275892093, vstest.console.dll, ParallelOperationManager.StartWork: Starting adding 1 workloads.
TpTrace Verbose: 0 : 10728, 1, 2023/11/22, 13:37:13.575, 5713275893229, vstest.console.dll, ParallelOperationManager.ClearSlots: Clearing all slots. Slots should accept more work: True
TpTrace Verbose: 0 : 10728, 1, 2023/11/22, 13:37:13.575, 5713275893864, vstest.console.dll, ParallelOperationManager.SetOccupiedSlotCount: Setting slot counts AvailableSlotCount = 1, OccupiedSlotCount = 0.
TpTrace Verbose: 0 : 10728, 1, 2023/11/22, 13:37:13.575, 5713275894180, vstest.console.dll, Occupied slots:

TpTrace Verbose: 0 : 10728, 1, 2023/11/22, 13:37:13.577, 5713275913866, vstest.console.dll, TestRequestSender is acting as server.
TpTrace Verbose: 0 : 10728, 1, 2023/11/22, 13:37:13.578, 5713275927307, vstest.console.dll, ParallelOperationManager.RunWorkInParallel: Adding 1 workload to slot, remaining workloads 0.
TpTrace Verbose: 0 : 10728, 1, 2023/11/22, 13:37:13.578, 5713275927957, vstest.console.dll, ParallelOperationManager.SetOccupiedSlotCount: Setting slot counts AvailableSlotCount = 0, OccupiedSlotCount = 1.
TpTrace Verbose: 0 : 10728, 1, 2023/11/22, 13:37:13.578, 5713275929014, vstest.console.dll, Occupied slots:
0: C:\Users\nasingh\source\repos\BloodGuardian\BloodGuardian.Tests\bin\Debug\net6.0\fine-code-coverage\build-output\BloodGuardian.Tests.dll
TpTrace Verbose: 0 : 10728, 1, 2023/11/22, 13:37:13.580, 5713275940955, vstest.console.dll, ParallelOperationManager.RunWorkInParallel: Started host in slot number 0 for work (source): C:\Users\nasingh\source\repos\BloodGuardian\BloodGuardian.Tests\bin\Debug\net6.0\fine-code-coverage\build-output\BloodGuardian.Tests.dll.
TpTrace Verbose: 0 : 10728, 1, 2023/11/22, 13:37:13.581, 5713275953121, vstest.console.dll, ParallelOperationManager.RunWorkInParallel: We started 1 work items, which is the max parallel level. Won't start more work.
TpTrace Verbose: 0 : 10728, 1, 2023/11/22, 13:37:13.581, 5713275953906, vstest.console.dll, ParallelOperationManager.RunWorkInParallel: We started 1 work items in here, returning True.
TpTrace Information: 0 : 10728, 1, 2023/11/22, 13:37:13.581, 5713275954302, vstest.console.dll, TestRunRequest.ExecuteAsync: Started.
TpTrace Verbose: 0 : 10728, 1, 2023/11/22, 13:37:13.581, 5713275955033, vstest.console.dll, TestRunRequest.WaitForCompletion: Waiting with timeout -1.
TpTrace Verbose: 0 : 10728, 5, 2023/11/22, 13:37:13.581, 5713275956957, vstest.console.dll, ParallelProxyExecutionManager.StartTestRunOnConcurrentManager: Initializing uninitialized client. Started clients: 0
TpTrace Verbose: 0 : 10728, 5, 2023/11/22, 13:37:13.581, 5713275959219, vstest.console.dll, DataCollectionRequestSender.InitializeCommunication : Initialize communication. 
TpTrace Information: 0 : 10728, 5, 2023/11/22, 13:37:13.587, 5713276010051, vstest.console.dll, Listening on Endpoint : 127.0.0.1:58415
TpTrace Verbose: 0 : 10728, 5, 2023/11/22, 13:37:13.593, 5713276077114, vstest.console.dll, DotnetDataCollectionLauncher: Adding  --runtimeconfig "C:\Program Files\dotnet\sdk\7.0.401\datacollector.runtimeconfig.json" in args
TpTrace Verbose: 0 : 10728, 5, 2023/11/22, 13:37:13.594, 5713276081931, vstest.console.dll, DotnetDataCollectionLauncher: Adding  --depsfile "C:\Program Files\dotnet\sdk\7.0.401\datacollector.deps.json" in args
TpTrace Verbose: 0 : 10728, 5, 2023/11/22, 13:37:13.594, 5713276084349, vstest.console.dll, DotnetDataCollectionLauncher: Full path of dotnet.exe is C:\Program Files\dotnet\dotnet.exe
TpTrace Information: 0 : 10728, 5, 2023/11/22, 13:37:13.608, 5713276221487, vstest.console.dll, ProxyDataCollectionManager.Initialize: Launched datacollector processId: 21456 port: 58415
TpTrace Information: 0 : 10728, 5, 2023/11/22, 13:37:13.608, 5713276222613, vstest.console.dll, ProxyDataCollectionManager.Initialize: waiting for connection with timeout: 90 seconds
TpTrace Verbose: 0 : 10728, 5, 2023/11/22, 13:37:13.608, 5713276223052, vstest.console.dll, DataCollectionRequestSender.WaitForRequestHandlerConnection : Waiting for connection with timeout: 90000
TpTrace Information: 0 : 10728, 7, 2023/11/22, 13:37:13.739, 5713277533484, vstest.console.dll, Using the buffer size of 16384 bytes
TpTrace Verbose: 0 : 10728, 5, 2023/11/22, 13:37:13.739, 5713277533682, vstest.console.dll, SocketCommunicationManager.WaitForClientConnection took: 131 ms, with 90000 ms timeout, and finished with True.
TpTrace Information: 0 : 10728, 7, 2023/11/22, 13:37:13.739, 5713277534719, vstest.console.dll, Accepted Client request and set the flag
TpTrace Verbose: 0 : 10728, 5, 2023/11/22, 13:37:13.739, 5713277535764, vstest.console.dll, ProxyDataCollectionManager.InvokeDataCollectionServiceAction: Starting.
TpTrace Information: 0 : 10728, 5, 2023/11/22, 13:37:13.739, 5713277536898, vstest.console.dll, ProxyDataCollectionManager.BeforeTestRunStart: Get environment variable and port for datacollector processId: 21456 port: 58415
TpTrace Verbose: 0 : 10728, 5, 2023/11/22, 13:37:13.739, 5713277537912, vstest.console.dll, DataCollectionRequestSender.SendBeforeTestRunStartAndGetResult: Send BeforeTestRunStart message with settingsXml <RunSettings><RunConfiguration><ResultsDirectory>C:\Users\nasingh\source\repos\BloodGuardian\BloodGuardian.Tests\bin\Debug\net6.0\fine-code-coverage\coverage-tool-output</ResultsDirectory><TargetPlatform>X64</TargetPlatform><TargetFrameworkVersion>.NETCoreApp,Version=v6.0</TargetFrameworkVersion><DesignMode>False</DesignMode><CollectSourceInformation>False</CollectSourceInformation><TestAdaptersPaths>C:\Program Files\dotnet\sdk\7.0.401\Extensions</TestAdaptersPaths></RunConfiguration><LoggerRunSettings><Loggers><Logger friendlyName="blame" enabled="True" /><Logger friendlyName="Console" uri="logger://microsoft/TestPlatform/ConsoleLogger/v1" assemblyQualifiedName="Microsoft.VisualStudio.TestPlatform.CommandLine.Internal.ConsoleLogger, vstest.console, Version=15.0.0.0, Culture=neutral, PublicKeyToken=b03f5f7f11d50a3a" codeBase="C:\Program Files\dotnet\sdk\7.0.401\vstest.console.dll" enabled="True" /></Loggers></LoggerRunSettings><DataCollectionRunSettings><DataCollectors><DataCollector friendlyName="blame" enabled="True"><Configuration><ResultsDirectory>C:\Users\nasingh\source\repos\BloodGuardian\BloodGuardian.Tests\bin\Debug\net6.0\fine-code-coverage\coverage-tool-output</ResultsDirectory></Configuration></DataCollector></DataCollectors></DataCollectionRunSettings></RunSettings> and sources System.Collections.Generic.List`1[System.String]: 
TpTrace Verbose: 0 : 10728, 5, 2023/11/22, 13:37:13.810, 5713278249271, vstest.console.dll, DataCollectionRequestSender.SendBeforeTestRunStartAndGetResult: Received message: (DataCollection.SendMessage) -> {"MessageType":"DataCollection.SendMessage","Payload":{"FriendlyName":null,"Uri":null,"TestCaseId":"00000000-0000-0000-0000-000000000000","Message":"Logging DataCollector Diagnostics in file: C:\\Users\\nasingh\\source\\repos\\BloodGuardian\\BloodGuardian.Tests\\bin\\Debug\\net6.0\\fine-code-coverage\\coverage-tool-output\\diagnostics.datacollector.23-11-22_13-37-13_59309_5.log","Level":0}}
TpTrace Verbose: 0 : 10728, 5, 2023/11/22, 13:37:13.901, 5713279159421, vstest.console.dll, DataCollectionRequestSender.SendBeforeTestRunStartAndGetResult: Received message: (DataCollection.BeforeTestRunStartResult) -> {"MessageType":"DataCollection.BeforeTestRunStartResult","Payload":{"EnvironmentVariables":{},"DataCollectionEventsPort":58417}}
TpTrace Information: 0 : 10728, 5, 2023/11/22, 13:37:13.906, 5713279200769, vstest.console.dll, ProxyDataCollectionManager.BeforeTestRunStart: SendBeforeTestRunStartAndGetResult successful, env variable from datacollector:   and testhost port: 58417
TpTrace Information: 0 : 10728, 5, 2023/11/22, 13:37:13.906, 5713279201459, vstest.console.dll, ProxyDataCollectionManager.InvokeDataCollectionServiceAction: Completed.
TpTrace Verbose: 0 : 10728, 5, 2023/11/22, 13:37:13.906, 5713279201804, vstest.console.dll, ParallelProxyExecutionManager.StartTestRunOnConcurrentManager: Initializing test run. Started clients: 0
TpTrace Verbose: 0 : 10728, 5, 2023/11/22, 13:37:13.906, 5713279202598, vstest.console.dll, ProxyExecutionManager: Test host is always Lazy initialize.
TpTrace Verbose: 0 : 10728, 5, 2023/11/22, 13:37:13.906, 5713279204603, vstest.console.dll, TestRequestSender.InitializeCommunication: initialize communication. 
TpTrace Information: 0 : 10728, 5, 2023/11/22, 13:37:13.906, 5713279208908, vstest.console.dll, SocketServer.Start: Listening on endpoint : 127.0.0.1:58418
TpTrace Verbose: 0 : 10728, 5, 2023/11/22, 13:37:13.907, 5713279216726, vstest.console.dll, DotnetTestHostmanager.GetTestHostProcessStartInfo: Platform environment 'X64' target architecture 'X64' framework '.NETCoreApp,Version=v6.0' OS 'Windows'
TpTrace Verbose: 0 : 10728, 5, 2023/11/22, 13:37:13.908, 5713279220944, vstest.console.dll, DotnetTestHostmanager: Adding  --runtimeconfig "C:\Users\nasingh\source\repos\BloodGuardian\BloodGuardian.Tests\bin\Debug\net6.0\fine-code-coverage\build-output\BloodGuardian.Tests.runtimeconfig.json" in args
TpTrace Verbose: 0 : 10728, 5, 2023/11/22, 13:37:13.908, 5713279222676, vstest.console.dll, DotnetTestHostmanager: Adding  --depsfile "C:\Users\nasingh\source\repos\BloodGuardian\BloodGuardian.Tests\bin\Debug\net6.0\fine-code-coverage\build-output\BloodGuardian.Tests.deps.json" in args
TpTrace Verbose: 0 : 10728, 5, 2023/11/22, 13:37:13.908, 5713279225189, vstest.console.dll, DotnetTestHostmanager.IsWinOnArm: Current PROCESSOR_ARCHITECTURE from environment variable 'AMD64'
TpTrace Verbose: 0 : 10728, 5, 2023/11/22, 13:37:13.908, 5713279225886, vstest.console.dll, DotnetTestHostmanager.IsWinOnArm: Is Windows on ARM 'False'
TpTrace Verbose: 0 : 10728, 5, 2023/11/22, 13:37:13.908, 5713279227263, vstest.console.dll, DotnetTestHostManager: testhost.exe found at path: C:\Users\nasingh\source\repos\BloodGuardian\BloodGuardian.Tests\bin\Debug\net6.0\fine-code-coverage\build-output\testhost.exe
TpTrace Verbose: 0 : 10728, 5, 2023/11/22, 13:37:13.908, 5713279227855, vstest.console.dll, DotnetTestHostmanager: Full path of host exe is C:\Users\nasingh\source\repos\BloodGuardian\BloodGuardian.Tests\bin\Debug\net6.0\fine-code-coverage\build-output\testhost.exe
TpTrace Verbose: 0 : 10728, 5, 2023/11/22, 13:37:13.908, 5713279229118, vstest.console.dll, DotnetTestHostmanager.LaunchTestHostAsync: Found 'VSTEST_WINAPPHOST_DOTNET_ROOT' in env variables, value 'C:\Program Files\dotnet', forwarding to 'DOTNET_ROOT'
TpTrace Verbose: 0 : 10728, 5, 2023/11/22, 13:37:13.909, 5713279230679, vstest.console.dll, DotnetTestHostManager: Starting process 'C:\Users\nasingh\source\repos\BloodGuardian\BloodGuardian.Tests\bin\Debug\net6.0\fine-code-coverage\build-output\testhost.exe' with command line ' --runtimeconfig "C:\Users\nasingh\source\repos\BloodGuardian\BloodGuardian.Tests\bin\Debug\net6.0\fine-code-coverage\build-output\BloodGuardian.Tests.runtimeconfig.json" --depsfile "C:\Users\nasingh\source\repos\BloodGuardian\BloodGuardian.Tests\bin\Debug\net6.0\fine-code-coverage\build-output\BloodGuardian.Tests.deps.json" --port 58418 --endpoint 127.0.0.1:058418 --role client --parentprocessid 10728 --diag "C:\Users\nasingh\source\repos\BloodGuardian\BloodGuardian.Tests\bin\Debug\net6.0\fine-code-coverage\coverage-tool-output\diagnostics.host.23-11-22_13-37-13_90727_5.log" --tracelevel 4 --datacollectionport 58417 --telemetryoptedin false'
TpTrace Verbose: 0 : 10728, 5, 2023/11/22, 13:37:13.926, 5713279400566, vstest.console.dll, MulticastDelegateUtilities.SafeInvoke: HostProviderEvents.OnHostLaunched: Invoking callback 1/2 for Microsoft.VisualStudio.TestPlatform.CrossPlatEngine.Client.ProxyExecutionManagerWithDataCollection., took 1 ms.
TpTrace Verbose: 0 : 10728, 5, 2023/11/22, 13:37:13.926, 5713279403513, vstest.console.dll, Test Runtime launched
TpTrace Verbose: 0 : 10728, 5, 2023/11/22, 13:37:13.926, 5713279404329, vstest.console.dll, MulticastDelegateUtilities.SafeInvoke: HostProviderEvents.OnHostLaunched: Invoking callback 2/2 for Microsoft.VisualStudio.TestPlatform.CrossPlatEngine.Client.ProxyOperationManager., took 0 ms.
TpTrace Verbose: 0 : 10728, 5, 2023/11/22, 13:37:13.926, 5713279408951, vstest.console.dll, TestRequestSender.WaitForRequestHandlerConnection: waiting for connection with timeout: 90000.
TpTrace Verbose: 0 : 10728, 7, 2023/11/22, 13:37:14.074, 5713280880336, vstest.console.dll, MulticastDelegateUtilities.SafeInvoke: SocketServer: ClientConnected: Invoking callback 1/1 for Microsoft.VisualStudio.TestPlatform.CommunicationUtilities.TestRequestSender., took 0 ms.
TpTrace Verbose: 0 : 10728, 5, 2023/11/22, 13:37:14.074, 5713280880293, vstest.console.dll, TestRequestSender.WaitForRequestHandlerConnection: waiting took 147 ms, with timeout 90000 ms, and result 0, which is success.
TpTrace Verbose: 0 : 10728, 7, 2023/11/22, 13:37:14.074, 5713280882380, vstest.console.dll, SocketServer.OnClientConnected: Client connected for endPoint: 127.0.0.1:58418, starting MessageLoopAsync:
TpTrace Verbose: 0 : 10728, 7, 2023/11/22, 13:37:14.074, 5713280885504, vstest.console.dll, TcpClientExtensions.MessageLoopAsync: Polling on remoteEndPoint: 127.0.0.1:58419 localEndPoint: 127.0.0.1:58418
TpTrace Verbose: 0 : 10728, 5, 2023/11/22, 13:37:14.074, 5713280889597, vstest.console.dll, TestRequestSender.CheckVersionWithTestHost: Sending check version message: {"MessageType":"ProtocolVersion","Payload":7}
TpTrace Verbose: 0 : 10728, 7, 2023/11/22, 13:37:14.191, 5713282058193, vstest.console.dll, TcpClientExtensions.MessageLoopAsync: NotifyDataAvailable remoteEndPoint: 127.0.0.1:58419 localEndPoint: 127.0.0.1:58418
TpTrace Verbose: 0 : 10728, 7, 2023/11/22, 13:37:14.192, 5713282059945, vstest.console.dll, TestRequestSender.CheckVersionWithTestHost: onMessageReceived received message: (ProtocolVersion) -> {"MessageType":"ProtocolVersion","Payload":7}
TpTrace Verbose: 0 : 10728, 7, 2023/11/22, 13:37:14.193, 5713282072491, vstest.console.dll, MulticastDelegateUtilities.SafeInvoke: LengthPrefixCommunicationChannel: MessageReceived: Invoking callback 1/1 for Microsoft.VisualStudio.TestPlatform.CommunicationUtilities.TestRequestSender+<>c__DisplayClass29_0., took 1 ms.
TpTrace Verbose: 0 : 10728, 7, 2023/11/22, 13:37:14.193, 5713282073329, vstest.console.dll, TcpClientExtensions.MessageLoopAsync: Polling on remoteEndPoint: 127.0.0.1:58419 localEndPoint: 127.0.0.1:58418
TpTrace Verbose: 0 : 10728, 5, 2023/11/22, 13:37:14.193, 5713282073539, vstest.console.dll, TestPluginCache.GetExtensionPaths: Filtered extension paths: 
TpTrace Verbose: 0 : 10728, 5, 2023/11/22, 13:37:14.193, 5713282074030, vstest.console.dll, TestPluginCache.GetExtensionPaths: Added default extension paths: C:\Program Files\dotnet\sdk\7.0.401\Extensions\Microsoft.Diagnostics.NETCore.Client.dll
C:\Program Files\dotnet\sdk\7.0.401\Extensions\Microsoft.TestPlatform.Extensions.BlameDataCollector.dll
C:\Program Files\dotnet\sdk\7.0.401\Extensions\Microsoft.TestPlatform.Extensions.EventLogCollector.dll
C:\Program Files\dotnet\sdk\7.0.401\Extensions\Microsoft.TestPlatform.TestHostRuntimeProvider.dll
C:\Program Files\dotnet\sdk\7.0.401\Extensions\Microsoft.VisualStudio.TestPlatform.Extensions.Html.TestLogger.dll
C:\Program Files\dotnet\sdk\7.0.401\Extensions\Microsoft.VisualStudio.TestPlatform.Extensions.Trx.TestLogger.dll
TpTrace Verbose: 0 : 10728, 5, 2023/11/22, 13:37:14.193, 5713282074731, vstest.console.dll, TestPluginCache.GetExtensionPaths: Added unfilterableExtensionPaths: 
TpTrace Verbose: 0 : 10728, 7, 2023/11/22, 13:37:14.195, 5713282099076, vstest.console.dll, TcpClientExtensions.MessageLoopAsync: NotifyDataAvailable remoteEndPoint: 127.0.0.1:58419 localEndPoint: 127.0.0.1:58418
TpTrace Verbose: 0 : 10728, 7, 2023/11/22, 13:37:14.196, 5713282100220, vstest.console.dll, LengthPrefixCommunicationChannel.NotifyDataAvailable: New data are waiting to be received, but there is no subscriber to be notified. Not reading them from the stream.
TpTrace Verbose: 0 : 10728, 7, 2023/11/22, 13:37:14.196, 5713282100551, vstest.console.dll, TcpClientExtensions.MessageLoopAsync: Polling on remoteEndPoint: 127.0.0.1:58419 localEndPoint: 127.0.0.1:58418
TpTrace Verbose: 0 : 10728, 7, 2023/11/22, 13:37:14.196, 5713282100825, vstest.console.dll, TcpClientExtensions.MessageLoopAsync: NotifyDataAvailable remoteEndPoint: 127.0.0.1:58419 localEndPoint: 127.0.0.1:58418
TpTrace Verbose: 0 : 10728, 7, 2023/11/22, 13:37:14.196, 5713282101019, vstest.console.dll, LengthPrefixCommunicationChannel.NotifyDataAvailable: New data are waiting to be received, but there is no subscriber to be notified. Not reading them from the stream.
TpTrace Verbose: 0 : 10728, 7, 2023/11/22, 13:37:14.196, 5713282101255, vstest.console.dll, TcpClientExtensions.MessageLoopAsync: Polling on remoteEndPoint: 127.0.0.1:58419 localEndPoint: 127.0.0.1:58418
TpTrace Verbose: 0 : 10728, 7, 2023/11/22, 13:37:14.196, 5713282101466, vstest.console.dll, TcpClientExtensions.MessageLoopAsync: NotifyDataAvailable remoteEndPoint: 127.0.0.1:58419 localEndPoint: 127.0.0.1:58418
TpTrace Verbose: 0 : 10728, 7, 2023/11/22, 13:37:14.196, 5713282101745, vstest.console.dll, LengthPrefixCommunicationChannel.NotifyDataAvailable: New data are waiting to be received, but there is no subscriber to be notified. Not reading them from the stream.
TpTrace Verbose: 0 : 10728, 7, 2023/11/22, 13:37:14.196, 5713282101952, vstest.console.dll, TcpClientExtensions.MessageLoopAsync: Polling on remoteEndPoint: 127.0.0.1:58419 localEndPoint: 127.0.0.1:58418
TpTrace Verbose: 0 : 10728, 7, 2023/11/22, 13:37:14.196, 5713282102258, vstest.console.dll, TcpClientExtensions.MessageLoopAsync: NotifyDataAvailable remoteEndPoint: 127.0.0.1:58419 localEndPoint: 127.0.0.1:58418
TpTrace Verbose: 0 : 10728, 7, 2023/11/22, 13:37:14.196, 5713282102498, vstest.console.dll, LengthPrefixCommunicationChannel.NotifyDataAvailable: New data are waiting to be received, but there is no subscriber to be notified. Not reading them from the stream.
TpTrace Verbose: 0 : 10728, 7, 2023/11/22, 13:37:14.196, 5713282102692, vstest.console.dll, TcpClientExtensions.MessageLoopAsync: Polling on remoteEndPoint: 127.0.0.1:58419 localEndPoint: 127.0.0.1:58418
TpTrace Verbose: 0 : 10728, 7, 2023/11/22, 13:37:14.196, 5713282102900, vstest.console.dll, TcpClientExtensions.MessageLoopAsync: NotifyDataAvailable remoteEndPoint: 127.0.0.1:58419 localEndPoint: 127.0.0.1:58418
TpTrace Verbose: 0 : 10728, 7, 2023/11/22, 13:37:14.196, 5713282103084, vstest.console.dll, LengthPrefixCommunicationChannel.NotifyDataAvailable: New data are waiting to be received, but there is no subscriber to be notified. Not reading them from the stream.
TpTrace Verbose: 0 : 10728, 7, 2023/11/22, 13:37:14.196, 5713282103265, vstest.console.dll, TcpClientExtensions.MessageLoopAsync: Polling on remoteEndPoint: 127.0.0.1:58419 localEndPoint: 127.0.0.1:58418
TpTrace Verbose: 0 : 10728, 7, 2023/11/22, 13:37:14.196, 5713282103467, vstest.console.dll, TcpClientExtensions.MessageLoopAsync: NotifyDataAvailable remoteEndPoint: 127.0.0.1:58419 localEndPoint: 127.0.0.1:58418
TpTrace Verbose: 0 : 10728, 7, 2023/11/22, 13:37:14.196, 5713282104388, vstest.console.dll, LengthPrefixCommunicationChannel.NotifyDataAvailable: New data are waiting to be received, but there is no subscriber to be notified. Not reading them from the stream.
TpTrace Verbose: 0 : 10728, 7, 2023/11/22, 13:37:14.196, 5713282104950, vstest.console.dll, TcpClientExtensions.MessageLoopAsync: Polling on remoteEndPoint: 127.0.0.1:58419 localEndPoint: 127.0.0.1:58418
TpTrace Verbose: 0 : 10728, 7, 2023/11/22, 13:37:14.196, 5713282105170, vstest.console.dll, TcpClientExtensions.MessageLoopAsync: NotifyDataAvailable remoteEndPoint: 127.0.0.1:58419 localEndPoint: 127.0.0.1:58418
TpTrace Verbose: 0 : 10728, 7, 2023/11/22, 13:37:14.196, 5713282105354, vstest.console.dll, LengthPrefixCommunicationChannel.NotifyDataAvailable: New data are waiting to be received, but there is no subscriber to be notified. Not reading them from the stream.
TpTrace Verbose: 0 : 10728, 7, 2023/11/22, 13:37:14.196, 5713282105534, vstest.console.dll, TcpClientExtensions.MessageLoopAsync: Polling on remoteEndPoint: 127.0.0.1:58419 localEndPoint: 127.0.0.1:58418
TpTrace Verbose: 0 : 10728, 7, 2023/11/22, 13:37:14.196, 5713282105770, vstest.console.dll, TcpClientExtensions.MessageLoopAsync: NotifyDataAvailable remoteEndPoint: 127.0.0.1:58419 localEndPoint: 127.0.0.1:58418
TpTrace Verbose: 0 : 10728, 7, 2023/11/22, 13:37:14.196, 5713282105963, vstest.console.dll, LengthPrefixCommunicationChannel.NotifyDataAvailable: New data are waiting to be received, but there is no subscriber to be notified. Not reading them from the stream.
TpTrace Verbose: 0 : 10728, 7, 2023/11/22, 13:37:14.196, 5713282106143, vstest.console.dll, TcpClientExtensions.MessageLoopAsync: Polling on remoteEndPoint: 127.0.0.1:58419 localEndPoint: 127.0.0.1:58418
TpTrace Verbose: 0 : 10728, 7, 2023/11/22, 13:37:14.196, 5713282106346, vstest.console.dll, TcpClientExtensions.MessageLoopAsync: NotifyDataAvailable remoteEndPoint: 127.0.0.1:58419 localEndPoint: 127.0.0.1:58418
TpTrace Verbose: 0 : 10728, 7, 2023/11/22, 13:37:14.196, 5713282106529, vstest.console.dll, LengthPrefixCommunicationChannel.NotifyDataAvailable: New data are waiting to be received, but there is no subscriber to be notified. Not reading them from the stream.
TpTrace Verbose: 0 : 10728, 7, 2023/11/22, 13:37:14.196, 5713282106708, vstest.console.dll, TcpClientExtensions.MessageLoopAsync: Polling on remoteEndPoint: 127.0.0.1:58419 localEndPoint: 127.0.0.1:58418
TpTrace Verbose: 0 : 10728, 7, 2023/11/22, 13:37:14.196, 5713282106984, vstest.console.dll, TcpClientExtensions.MessageLoopAsync: NotifyDataAvailable remoteEndPoint: 127.0.0.1:58419 localEndPoint: 127.0.0.1:58418
TpTrace Verbose: 0 : 10728, 7, 2023/11/22, 13:37:14.196, 5713282107167, vstest.console.dll, LengthPrefixCommunicationChannel.NotifyDataAvailable: New data are waiting to be received, but there is no subscriber to be notified. Not reading them from the stream.
TpTrace Verbose: 0 : 10728, 7, 2023/11/22, 13:37:14.196, 5713282107429, vstest.console.dll, TcpClientExtensions.MessageLoopAsync: Polling on remoteEndPoint: 127.0.0.1:58419 localEndPoint: 127.0.0.1:58418
TpTrace Verbose: 0 : 10728, 7, 2023/11/22, 13:37:14.196, 5713282107665, vstest.console.dll, TcpClientExtensions.MessageLoopAsync: NotifyDataAvailable remoteEndPoint: 127.0.0.1:58419 localEndPoint: 127.0.0.1:58418
TpTrace Verbose: 0 : 10728, 7, 2023/11/22, 13:37:14.196, 5713282107851, vstest.console.dll, LengthPrefixCommunicationChannel.NotifyDataAvailable: New data are waiting to be received, but there is no subscriber to be notified. Not reading them from the stream.
TpTrace Verbose: 0 : 10728, 7, 2023/11/22, 13:37:14.196, 5713282108087, vstest.console.dll, TcpClientExtensions.MessageLoopAsync: Polling on remoteEndPoint: 127.0.0.1:58419 localEndPoint: 127.0.0.1:58418
TpTrace Verbose: 0 : 10728, 7, 2023/11/22, 13:37:14.196, 5713282108290, vstest.console.dll, TcpClientExtensions.MessageLoopAsync: NotifyDataAvailable remoteEndPoint: 127.0.0.1:58419 localEndPoint: 127.0.0.1:58418
TpTrace Verbose: 0 : 10728, 7, 2023/11/22, 13:37:14.196, 5713282108481, vstest.console.dll, LengthPrefixCommunicationChannel.NotifyDataAvailable: New data are waiting to be received, but there is no subscriber to be notified. Not reading them from the stream.
TpTrace Verbose: 0 : 10728, 7, 2023/11/22, 13:37:14.196, 5713282108671, vstest.console.dll, TcpClientExtensions.MessageLoopAsync: Polling on remoteEndPoint: 127.0.0.1:58419 localEndPoint: 127.0.0.1:58418
TpTrace Verbose: 0 : 10728, 7, 2023/11/22, 13:37:14.196, 5713282108873, vstest.console.dll, TcpClientExtensions.MessageLoopAsync: NotifyDataAvailable remoteEndPoint: 127.0.0.1:58419 localEndPoint: 127.0.0.1:58418
TpTrace Verbose: 0 : 10728, 7, 2023/11/22, 13:37:14.196, 5713282109071, vstest.console.dll, LengthPrefixCommunicationChannel.NotifyDataAvailable: New data are waiting to be received, but there is no subscriber to be notified. Not reading them from the stream.
TpTrace Verbose: 0 : 10728, 7, 2023/11/22, 13:37:14.196, 5713282109369, vstest.console.dll, TcpClientExtensions.MessageLoopAsync: Polling on remoteEndPoint: 127.0.0.1:58419 localEndPoint: 127.0.0.1:58418
TpTrace Verbose: 0 : 10728, 7, 2023/11/22, 13:37:14.196, 5713282109589, vstest.console.dll, TcpClientExtensions.MessageLoopAsync: NotifyDataAvailable remoteEndPoint: 127.0.0.1:58419 localEndPoint: 127.0.0.1:58418
TpTrace Verbose: 0 : 10728, 7, 2023/11/22, 13:37:14.196, 5713282109773, vstest.console.dll, LengthPrefixCommunicationChannel.NotifyDataAvailable: New data are waiting to be received, but there is no subscriber to be notified. Not reading them from the stream.
TpTrace Verbose: 0 : 10728, 7, 2023/11/22, 13:37:14.197, 5713282109951, vstest.console.dll, TcpClientExtensions.MessageLoopAsync: Polling on remoteEndPoint: 127.0.0.1:58419 localEndPoint: 127.0.0.1:58418
TpTrace Verbose: 0 : 10728, 7, 2023/11/22, 13:37:14.197, 5713282110151, vstest.console.dll, TcpClientExtensions.MessageLoopAsync: NotifyDataAvailable remoteEndPoint: 127.0.0.1:58419 localEndPoint: 127.0.0.1:58418
TpTrace Verbose: 0 : 10728, 7, 2023/11/22, 13:37:14.197, 5713282110373, vstest.console.dll, LengthPrefixCommunicationChannel.NotifyDataAvailable: New data are waiting to be received, but there is no subscriber to be notified. Not reading them from the stream.
TpTrace Verbose: 0 : 10728, 7, 2023/11/22, 13:37:14.197, 5713282110553, vstest.console.dll, TcpClientExtensions.MessageLoopAsync: Polling on remoteEndPoint: 127.0.0.1:58419 localEndPoint: 127.0.0.1:58418
TpTrace Verbose: 0 : 10728, 7, 2023/11/22, 13:37:14.197, 5713282110752, vstest.console.dll, TcpClientExtensions.MessageLoopAsync: NotifyDataAvailable remoteEndPoint: 127.0.0.1:58419 localEndPoint: 127.0.0.1:58418
TpTrace Verbose: 0 : 10728, 7, 2023/11/22, 13:37:14.197, 5713282110934, vstest.console.dll, LengthPrefixCommunicationChannel.NotifyDataAvailable: New data are waiting to be received, but there is no subscriber to be notified. Not reading them from the stream.
TpTrace Verbose: 0 : 10728, 7, 2023/11/22, 13:37:14.197, 5713282111114, vstest.console.dll, TcpClientExtensions.MessageLoopAsync: Polling on remoteEndPoint: 127.0.0.1:58419 localEndPoint: 127.0.0.1:58418
TpTrace Verbose: 0 : 10728, 7, 2023/11/22, 13:37:14.197, 5713282111342, vstest.console.dll, TcpClientExtensions.MessageLoopAsync: NotifyDataAvailable remoteEndPoint: 127.0.0.1:58419 localEndPoint: 127.0.0.1:58418
TpTrace Verbose: 0 : 10728, 7, 2023/11/22, 13:37:14.197, 5713282111571, vstest.console.dll, LengthPrefixCommunicationChannel.NotifyDataAvailable: New data are waiting to be received, but there is no subscriber to be notified. Not reading them from the stream.
TpTrace Verbose: 0 : 10728, 7, 2023/11/22, 13:37:14.197, 5713282111763, vstest.console.dll, TcpClientExtensions.MessageLoopAsync: Polling on remoteEndPoint: 127.0.0.1:58419 localEndPoint: 127.0.0.1:58418
TpTrace Verbose: 0 : 10728, 5, 2023/11/22, 13:37:14.197, 5713282111360, vstest.console.dll, TestRequestSender.InitializeExecution: Sending initialize execution with message: {"Version":7,"MessageType":"TestExecution.Initialize","Payload":["C:\\Users\\nasingh\\source\\repos\\BloodGuardian\\BloodGuardian.Tests\\bin\\Debug\\net6.0\\fine-code-coverage\\build-output\\Microsoft.VisualStudio.TestPlatform.MSTest.TestAdapter.dll"]}
TpTrace Verbose: 0 : 10728, 7, 2023/11/22, 13:37:14.197, 5713282111968, vstest.console.dll, TcpClientExtensions.MessageLoopAsync: NotifyDataAvailable remoteEndPoint: 127.0.0.1:58419 localEndPoint: 127.0.0.1:58418
TpTrace Verbose: 0 : 10728, 7, 2023/11/22, 13:37:14.197, 5713282112892, vstest.console.dll, LengthPrefixCommunicationChannel.NotifyDataAvailable: New data are waiting to be received, but there is no subscriber to be notified. Not reading them from the stream.
TpTrace Verbose: 0 : 10728, 7, 2023/11/22, 13:37:14.197, 5713282113166, vstest.console.dll, TcpClientExtensions.MessageLoopAsync: Polling on remoteEndPoint: 127.0.0.1:58419 localEndPoint: 127.0.0.1:58418
TpTrace Verbose: 0 : 10728, 5, 2023/11/22, 13:37:14.197, 5713282113322, vstest.console.dll, ParallelProxyExecutionManager.StartTestRunOnConcurrentManager: Execution starting. Started clients: 1
TpTrace Verbose: 0 : 10728, 7, 2023/11/22, 13:37:14.197, 5713282113493, vstest.console.dll, TcpClientExtensions.MessageLoopAsync: NotifyDataAvailable remoteEndPoint: 127.0.0.1:58419 localEndPoint: 127.0.0.1:58418
TpTrace Verbose: 0 : 10728, 7, 2023/11/22, 13:37:14.197, 5713282114406, vstest.console.dll, LengthPrefixCommunicationChannel.NotifyDataAvailable: New data are waiting to be received, but there is no subscriber to be notified. Not reading them from the stream.
TpTrace Verbose: 0 : 10728, 7, 2023/11/22, 13:37:14.197, 5713282114646, vstest.console.dll, TcpClientExtensions.MessageLoopAsync: Polling on remoteEndPoint: 127.0.0.1:58419 localEndPoint: 127.0.0.1:58418
TpTrace Verbose: 0 : 10728, 7, 2023/11/22, 13:37:14.197, 5713282114992, vstest.console.dll, TcpClientExtensions.MessageLoopAsync: NotifyDataAvailable remoteEndPoint: 127.0.0.1:58419 localEndPoint: 127.0.0.1:58418
TpTrace Verbose: 0 : 10728, 7, 2023/11/22, 13:37:14.197, 5713282115199, vstest.console.dll, LengthPrefixCommunicationChannel.NotifyDataAvailable: New data are waiting to be received, but there is no subscriber to be notified. Not reading them from the stream.
TpTrace Verbose: 0 : 10728, 7, 2023/11/22, 13:37:14.197, 5713282115438, vstest.console.dll, TcpClientExtensions.MessageLoopAsync: Polling on remoteEndPoint: 127.0.0.1:58419 localEndPoint: 127.0.0.1:58418
TpTrace Verbose: 0 : 10728, 7, 2023/11/22, 13:37:14.197, 5713282115661, vstest.console.dll, TcpClientExtensions.MessageLoopAsync: NotifyDataAvailable remoteEndPoint: 127.0.0.1:58419 localEndPoint: 127.0.0.1:58418
TpTrace Verbose: 0 : 10728, 7, 2023/11/22, 13:37:14.197, 5713282115845, vstest.console.dll, LengthPrefixCommunicationChannel.NotifyDataAvailable: New data are waiting to be received, but there is no subscriber to be notified. Not reading them from the stream.
TpTrace Verbose: 0 : 10728, 5, 2023/11/22, 13:37:14.197, 5713282115945, vstest.console.dll, TestRunRequest:SendTestRunMessage: Starting.
TpTrace Verbose: 0 : 10728, 7, 2023/11/22, 13:37:14.197, 5713282116035, vstest.console.dll, TcpClientExtensions.MessageLoopAsync: Polling on remoteEndPoint: 127.0.0.1:58419 localEndPoint: 127.0.0.1:58418
TpTrace Verbose: 0 : 10728, 7, 2023/11/22, 13:37:14.197, 5713282116766, vstest.console.dll, TcpClientExtensions.MessageLoopAsync: NotifyDataAvailable remoteEndPoint: 127.0.0.1:58419 localEndPoint: 127.0.0.1:58418
TpTrace Verbose: 0 : 10728, 7, 2023/11/22, 13:37:14.197, 5713282116996, vstest.console.dll, LengthPrefixCommunicationChannel.NotifyDataAvailable: New data are waiting to be received, but there is no subscriber to be notified. Not reading them from the stream.
TpTrace Verbose: 0 : 10728, 5, 2023/11/22, 13:37:14.197, 5713282117130, vstest.console.dll, MulticastDelegateUtilities.SafeInvoke: TestRun.LogMessages: Invoking callback 1/1 for Microsoft.VisualStudio.TestPlatform.CommandLine.TestRunResultAggregator., took 0 ms.
TpTrace Verbose: 0 : 10728, 7, 2023/11/22, 13:37:14.197, 5713282117248, vstest.console.dll, TcpClientExtensions.MessageLoopAsync: Polling on remoteEndPoint: 127.0.0.1:58419 localEndPoint: 127.0.0.1:58418
TpTrace Information: 0 : 10728, 5, 2023/11/22, 13:37:14.197, 5713282117528, vstest.console.dll, TestRunRequest:SendTestRunMessage: Completed.
TpTrace Verbose: 0 : 10728, 7, 2023/11/22, 13:37:14.197, 5713282117903, vstest.console.dll, TcpClientExtensions.MessageLoopAsync: NotifyDataAvailable remoteEndPoint: 127.0.0.1:58419 localEndPoint: 127.0.0.1:58418
TpTrace Verbose: 0 : 10728, 7, 2023/11/22, 13:37:14.197, 5713282118508, vstest.console.dll, LengthPrefixCommunicationChannel.NotifyDataAvailable: New data are waiting to be received, but there is no subscriber to be notified. Not reading them from the stream.
TpTrace Verbose: 0 : 10728, 7, 2023/11/22, 13:37:14.197, 5713282118753, vstest.console.dll, TcpClientExtensions.MessageLoopAsync: Polling on remoteEndPoint: 127.0.0.1:58419 localEndPoint: 127.0.0.1:58418
TpTrace Verbose: 0 : 10728, 4, 2023/11/22, 13:37:14.197, 5713282118817, vstest.console.dll, MulticastDelegateUtilities.SafeInvoke: InternalTestLoggerEvents.SendTestRunMessage: Invoking callback 1/1 for Microsoft.VisualStudio.TestPlatform.CommandLine.Internal.ConsoleLogger., took 0 ms.
TpTrace Verbose: 0 : 10728, 7, 2023/11/22, 13:37:14.197, 5713282118982, vstest.console.dll, TcpClientExtensions.MessageLoopAsync: NotifyDataAvailable remoteEndPoint: 127.0.0.1:58419 localEndPoint: 127.0.0.1:58418
TpTrace Verbose: 0 : 10728, 7, 2023/11/22, 13:37:14.197, 5713282119696, vstest.console.dll, LengthPrefixCommunicationChannel.NotifyDataAvailable: New data are waiting to be received, but there is no subscriber to be notified. Not reading them from the stream.
TpTrace Verbose: 0 : 10728, 7, 2023/11/22, 13:37:14.198, 5713282119904, vstest.console.dll, TcpClientExtensions.MessageLoopAsync: Polling on remoteEndPoint: 127.0.0.1:58419 localEndPoint: 127.0.0.1:58418
TpTrace Verbose: 0 : 10728, 7, 2023/11/22, 13:37:14.198, 5713282120129, vstest.console.dll, TcpClientExtensions.MessageLoopAsync: NotifyDataAvailable remoteEndPoint: 127.0.0.1:58419 localEndPoint: 127.0.0.1:58418
TpTrace Verbose: 0 : 10728, 7, 2023/11/22, 13:37:14.198, 5713282120318, vstest.console.dll, LengthPrefixCommunicationChannel.NotifyDataAvailable: New data are waiting to be received, but there is no subscriber to be notified. Not reading them from the stream.
TpTrace Verbose: 0 : 10728, 7, 2023/11/22, 13:37:14.198, 5713282120508, vstest.console.dll, TcpClientExtensions.MessageLoopAsync: Polling on remoteEndPoint: 127.0.0.1:58419 localEndPoint: 127.0.0.1:58418
TpTrace Verbose: 0 : 10728, 7, 2023/11/22, 13:37:14.198, 5713282120837, vstest.console.dll, TcpClientExtensions.MessageLoopAsync: NotifyDataAvailable remoteEndPoint: 127.0.0.1:58419 localEndPoint: 127.0.0.1:58418
TpTrace Verbose: 0 : 10728, 7, 2023/11/22, 13:37:14.198, 5713282121087, vstest.console.dll, LengthPrefixCommunicationChannel.NotifyDataAvailable: New data are waiting to be received, but there is no subscriber to be notified. Not reading them from the stream.
TpTrace Warning: 0 : 10728, 5, 2023/11/22, 13:37:14.198, 5713282121094, vstest.console.dll, InferRunSettingsHelper.MakeRunsettingsCompatible: Removing the following settings: TargetPlatform from RunSettings file. To use those settings please move to latest version of Microsoft.NET.Test.Sdk
TpTrace Verbose: 0 : 10728, 7, 2023/11/22, 13:37:14.198, 5713282121288, vstest.console.dll, TcpClientExtensions.MessageLoopAsync: Polling on remoteEndPoint: 127.0.0.1:58419 localEndPoint: 127.0.0.1:58418
TpTrace Verbose: 0 : 10728, 7, 2023/11/22, 13:37:14.198, 5713282121913, vstest.console.dll, TcpClientExtensions.MessageLoopAsync: NotifyDataAvailable remoteEndPoint: 127.0.0.1:58419 localEndPoint: 127.0.0.1:58418
TpTrace Verbose: 0 : 10728, 7, 2023/11/22, 13:37:14.198, 5713282122112, vstest.console.dll, LengthPrefixCommunicationChannel.NotifyDataAvailable: New data are waiting to be received, but there is no subscriber to be notified. Not reading them from the stream.
TpTrace Verbose: 0 : 10728, 7, 2023/11/22, 13:37:14.198, 5713282122312, vstest.console.dll, TcpClientExtensions.MessageLoopAsync: Polling on remoteEndPoint: 127.0.0.1:58419 localEndPoint: 127.0.0.1:58418
TpTrace Verbose: 0 : 10728, 7, 2023/11/22, 13:37:14.198, 5713282122580, vstest.console.dll, TcpClientExtensions.MessageLoopAsync: NotifyDataAvailable remoteEndPoint: 127.0.0.1:58419 localEndPoint: 127.0.0.1:58418
TpTrace Verbose: 0 : 10728, 7, 2023/11/22, 13:37:14.198, 5713282122776, vstest.console.dll, LengthPrefixCommunicationChannel.NotifyDataAvailable: New data are waiting to be received, but there is no subscriber to be notified. Not reading them from the stream.
TpTrace Verbose: 0 : 10728, 7, 2023/11/22, 13:37:14.198, 5713282122959, vstest.console.dll, TcpClientExtensions.MessageLoopAsync: Polling on remoteEndPoint: 127.0.0.1:58419 localEndPoint: 127.0.0.1:58418
TpTrace Verbose: 0 : 10728, 7, 2023/11/22, 13:37:14.198, 5713282123286, vstest.console.dll, TcpClientExtensions.MessageLoopAsync: NotifyDataAvailable remoteEndPoint: 127.0.0.1:58419 localEndPoint: 127.0.0.1:58418
TpTrace Verbose: 0 : 10728, 7, 2023/11/22, 13:37:14.198, 5713282123577, vstest.console.dll, LengthPrefixCommunicationChannel.NotifyDataAvailable: New data are waiting to be received, but there is no subscriber to be notified. Not reading them from the stream.
TpTrace Verbose: 0 : 10728, 7, 2023/11/22, 13:37:14.198, 5713282124004, vstest.console.dll, TcpClientExtensions.MessageLoopAsync: Polling on remoteEndPoint: 127.0.0.1:58419 localEndPoint: 127.0.0.1:58418
TpTrace Verbose: 0 : 10728, 7, 2023/11/22, 13:37:14.198, 5713282124471, vstest.console.dll, TcpClientExtensions.MessageLoopAsync: NotifyDataAvailable remoteEndPoint: 127.0.0.1:58419 localEndPoint: 127.0.0.1:58418
TpTrace Verbose: 0 : 10728, 7, 2023/11/22, 13:37:14.198, 5713282124747, vstest.console.dll, LengthPrefixCommunicationChannel.NotifyDataAvailable: New data are waiting to be received, but there is no subscriber to be notified. Not reading them from the stream.
TpTrace Verbose: 0 : 10728, 7, 2023/11/22, 13:37:14.198, 5713282125027, vstest.console.dll, TcpClientExtensions.MessageLoopAsync: Polling on remoteEndPoint: 127.0.0.1:58419 localEndPoint: 127.0.0.1:58418
TpTrace Verbose: 0 : 10728, 7, 2023/11/22, 13:37:14.198, 5713282125476, vstest.console.dll, TcpClientExtensions.MessageLoopAsync: NotifyDataAvailable remoteEndPoint: 127.0.0.1:58419 localEndPoint: 127.0.0.1:58418
TpTrace Verbose: 0 : 10728, 7, 2023/11/22, 13:37:14.198, 5713282128372, vstest.console.dll, TestRequestSender.OnExecutionMessageReceived: Received message: {"Version":7,"MessageType":"TestSession.Message","Payload":{"MessageLevel":0,"Message":"Logging TestHost Diagnostics in file: C:\\Users\\nasingh\\source\\repos\\BloodGuardian\\BloodGuardian.Tests\\bin\\Debug\\net6.0\\fine-code-coverage\\coverage-tool-output\\diagnostics.host.23-11-22_13-37-13_90727_5.log"}}
TpTrace Verbose: 0 : 10728, 7, 2023/11/22, 13:37:14.208, 5713282225476, vstest.console.dll, TestRunRequest:SendTestRunMessage: Starting.
TpTrace Verbose: 0 : 10728, 7, 2023/11/22, 13:37:14.208, 5713282226888, vstest.console.dll, MulticastDelegateUtilities.SafeInvoke: TestRun.LogMessages: Invoking callback 1/1 for Microsoft.VisualStudio.TestPlatform.CommandLine.TestRunResultAggregator., took 0 ms.
TpTrace Information: 0 : 10728, 7, 2023/11/22, 13:37:14.208, 5713282227218, vstest.console.dll, TestRunRequest:SendTestRunMessage: Completed.
TpTrace Verbose: 0 : 10728, 4, 2023/11/22, 13:37:14.208, 5713282227359, vstest.console.dll, MulticastDelegateUtilities.SafeInvoke: InternalTestLoggerEvents.SendTestRunMessage: Invoking callback 1/1 for Microsoft.VisualStudio.TestPlatform.CommandLine.Internal.ConsoleLogger., took 0 ms.
TpTrace Verbose: 0 : 10728, 7, 2023/11/22, 13:37:14.208, 5713282227492, vstest.console.dll, MulticastDelegateUtilities.SafeInvoke: LengthPrefixCommunicationChannel: MessageReceived: Invoking callback 1/1 for Microsoft.VisualStudio.TestPlatform.CommunicationUtilities.TestRequestSender+<>c__DisplayClass34_0., took 10 ms.
TpTrace Verbose: 0 : 10728, 7, 2023/11/22, 13:37:14.208, 5713282228238, vstest.console.dll, TcpClientExtensions.MessageLoopAsync: Polling on remoteEndPoint: 127.0.0.1:58419 localEndPoint: 127.0.0.1:58418
TpTrace Verbose: 0 : 10728, 5, 2023/11/22, 13:37:14.214, 5713282282100, vstest.console.dll, TestRequestSender.StartTestRun: Sending test run with message: {"Version":7,"MessageType":"TestExecution.StartWithSources","Payload":{"AdapterSourceMap":{"_none_":["C:\\Users\\nasingh\\source\\repos\\BloodGuardian\\BloodGuardian.Tests\\bin\\Debug\\net6.0\\fine-code-coverage\\build-output\\BloodGuardian.Tests.dll"]},"RunSettings":"<RunSettings>\r\n  <RunConfiguration>\r\n    <ResultsDirectory>C:\\Users\\nasingh\\source\\repos\\BloodGuardian\\BloodGuardian.Tests\\bin\\Debug\\net6.0\\fine-code-coverage\\coverage-tool-output</ResultsDirectory>\r\n    <TargetFrameworkVersion>.NETCoreApp,Version=v6.0</TargetFrameworkVersion>\r\n    <DesignMode>False</DesignMode>\r\n    <CollectSourceInformation>False</CollectSourceInformation>\r\n  </RunConfiguration>\r\n  <LoggerRunSettings>\r\n    <Loggers>\r\n      <Logger friendlyName=\"blame\" enabled=\"True\" />\r\n      <Logger friendlyName=\"Console\" uri=\"logger://microsoft/TestPlatform/ConsoleLogger/v1\" assemblyQualifiedName=\"Microsoft.VisualStudio.TestPlatform.CommandLine.Internal.ConsoleLogger, vstest.console, Version=15.0.0.0, Culture=neutral, PublicKeyToken=b03f5f7f11d50a3a\" codeBase=\"C:\\Program Files\\dotnet\\sdk\\7.0.401\\vstest.console.dll\" enabled=\"True\" />\r\n    </Loggers>\r\n  </LoggerRunSettings>\r\n  <DataCollectionRunSettings>\r\n    <DataCollectors>\r\n      <DataCollector friendlyName=\"blame\" enabled=\"True\">\r\n        <Configuration>\r\n          <ResultsDirectory>C:\\Users\\nasingh\\source\\repos\\BloodGuardian\\BloodGuardian.Tests\\bin\\Debug\\net6.0\\fine-code-coverage\\coverage-tool-output</ResultsDirectory>\r\n        </Configuration>\r\n      </DataCollector>\r\n    </DataCollectors>\r\n  </DataCollectionRunSettings>\r\n</RunSettings>","TestExecutionContext":{"FrequencyOfRunStatsChangeEvent":10,"RunStatsChangeEventTimeout":"00:00:01.5000000","InIsolation":false,"KeepAlive":false,"AreTestCaseLevelEventsRequired":false,"IsDebug":false,"TestCaseFilter":null,"FilterOptions":null},"Package":null}}
TpTrace Verbose: 0 : 10728, 5, 2023/11/22, 13:37:14.214, 5713282283619, vstest.console.dll, ParallelProxyExecutionManager.StartTestRunOnConcurrentManager: Execution started. Started clients: 1
TpTrace Verbose: 0 : 10728, 7, 2023/11/22, 13:37:15.211, 5713292250933, vstest.console.dll, TcpClientExtensions.MessageLoopAsync: Polling on remoteEndPoint: 127.0.0.1:58419 localEndPoint: 127.0.0.1:58418
TpTrace Verbose: 0 : 10728, 7, 2023/11/22, 13:37:15.242, 5713292561300, vstest.console.dll, TcpClientExtensions.MessageLoopAsync: NotifyDataAvailable remoteEndPoint: 127.0.0.1:58419 localEndPoint: 127.0.0.1:58418
TpTrace Verbose: 0 : 10728, 7, 2023/11/22, 13:37:15.242, 5713292562760, vstest.console.dll, TestRequestSender.OnExecutionMessageReceived: Received message: {"Version":7,"MessageType":"TestSession.Message","Payload":{"MessageLevel":1,"Message":"[MSTest][Discovery][C:\\Users\\nasingh\\source\\repos\\BloodGuardian\\BloodGuardian.Tests\\bin\\Debug\\net6.0\\fine-code-coverage\\build-output\\BloodGuardian.Tests.dll] UTA001: TestClass attribute defined on non-public class BloodGuardian.Tests.Common.Tests.InputHandlerTests"}}
TpTrace Verbose: 0 : 10728, 7, 2023/11/22, 13:37:15.242, 5713292565165, vstest.console.dll, TestRunRequest:SendTestRunMessage: Starting.
TpTrace Verbose: 0 : 10728, 7, 2023/11/22, 13:37:15.242, 5713292565755, vstest.console.dll, MulticastDelegateUtilities.SafeInvoke: TestRun.LogMessages: Invoking callback 1/1 for Microsoft.VisualStudio.TestPlatform.CommandLine.TestRunResultAggregator., took 0 ms.
TpTrace Information: 0 : 10728, 7, 2023/11/22, 13:37:15.242, 5713292566027, vstest.console.dll, TestRunRequest:SendTestRunMessage: Completed.
TpTrace Verbose: 0 : 10728, 7, 2023/11/22, 13:37:15.242, 5713292566391, vstest.console.dll, MulticastDelegateUtilities.SafeInvoke: LengthPrefixCommunicationChannel: MessageReceived: Invoking callback 1/1 for Microsoft.VisualStudio.TestPlatform.CommunicationUtilities.TestRequestSender+<>c__DisplayClass34_0., took 0 ms.
TpTrace Verbose: 0 : 10728, 7, 2023/11/22, 13:37:15.242, 5713292566845, vstest.console.dll, TcpClientExtensions.MessageLoopAsync: Polling on remoteEndPoint: 127.0.0.1:58419 localEndPoint: 127.0.0.1:58418
TpTrace Verbose: 0 : 10728, 4, 2023/11/22, 13:37:15.242, 5713292567682, vstest.console.dll, MulticastDelegateUtilities.SafeInvoke: InternalTestLoggerEvents.SendTestRunMessage: Invoking callback 1/1 for Microsoft.VisualStudio.TestPlatform.CommandLine.Internal.ConsoleLogger., took 0 ms.
TpTrace Verbose: 0 : 10728, 7, 2023/11/22, 13:37:15.809, 5713298239656, vstest.console.dll, TcpClientExtensions.MessageLoopAsync: NotifyDataAvailable remoteEndPoint: 127.0.0.1:58419 localEndPoint: 127.0.0.1:58418
TpTrace Verbose: 0 : 10728, 7, 2023/11/22, 13:37:15.810, 5713298241725, vstest.console.dll, TestRequestSender.OnExecutionMessageReceived: Received message: {"Version":7,"MessageType":"TestExecution.StatsChange","Payload":{"NewTestResults":[],"TestRunStatistics":{"ExecutedTests":0,"Stats":{}},"ActiveTests":[{"Id":"b115378a-beda-07d3-48f8-8af1019ea036","FullyQualifiedName":"BloodGuardian.Tests.Database.Tests.DonorDBHandlerTests.Get_FetchingDonors_ReturnsList","DisplayName":"Get_FetchingDonors_ReturnsList","ExecutorUri":"executor://MSTestAdapter/v2","Source":"C:\\Users\\nasingh\\source\\repos\\BloodGuardian\\BloodGuardian.Tests\\bin\\Debug\\net6.0\\fine-code-coverage\\build-output\\BloodGuardian.Tests.dll","CodeFilePath":null,"LineNumber":-1,"Properties":[{"Key":{"Id":"TestCase.ManagedType","Label":"ManagedType","Category":"","Description":"","Attributes":1,"ValueType":"System.String"},"Value":"BloodGuardian.Tests.Database.Tests.DonorDBHandlerTests"},{"Key":{"Id":"TestCase.ManagedMethod","Label":"ManagedMethod","Category":"","Description":"","Attributes":1,"ValueType":"System.String"},"Value":"Get_FetchingDonors_ReturnsList"},{"Key":{"Id":"MSTestDiscoverer.TestClassName","Label":"ClassName","Category":"","Description":"","Attributes":1,"ValueType":"System.String"},"Value":"BloodGuardian.Tests.Database.Tests.DonorDBHandlerTests"},{"Key":{"Id":"TestCase.Hierarchy","Label":"Hierarchy","Category":"","Description":"","Attributes":2,"ValueType":"System.String[]"},"Value":["BloodGuardian.Tests.Database.Tests","DonorDBHandlerTests"]},{"Key":{"Id":"TestObject.Traits","Label":"Traits","Category":"","Description":"","Attributes":5,"ValueType":"System.Collections.Generic.KeyValuePair`2[[System.String],[System.String]][]"},"Value":[]}]}]}}
TpTrace Verbose: 0 : 10728, 7, 2023/11/22, 13:37:15.836, 5713298507762, vstest.console.dll, TestRunRequest:SendTestRunStatsChange: Starting.
TpTrace Verbose: 0 : 10728, 7, 2023/11/22, 13:37:15.836, 5713298509231, vstest.console.dll, InProgress is Get_FetchingDonors_ReturnsList
TpTrace Verbose: 0 : 10728, 7, 2023/11/22, 13:37:15.837, 5713298510087, vstest.console.dll, MulticastDelegateUtilities.SafeInvoke: TestRun.RunStatsChanged: Invoking callbacks was skipped because there are no subscribers.
TpTrace Information: 0 : 10728, 7, 2023/11/22, 13:37:15.837, 5713298510350, vstest.console.dll, TestRunRequest:SendTestRunStatsChange: Completed.
TpTrace Verbose: 0 : 10728, 7, 2023/11/22, 13:37:15.837, 5713298510564, vstest.console.dll, MulticastDelegateUtilities.SafeInvoke: LengthPrefixCommunicationChannel: MessageReceived: Invoking callback 1/1 for Microsoft.VisualStudio.TestPlatform.CommunicationUtilities.TestRequestSender+<>c__DisplayClass34_0., took 26 ms.
TpTrace Verbose: 0 : 10728, 7, 2023/11/22, 13:37:15.837, 5713298510768, vstest.console.dll, TcpClientExtensions.MessageLoopAsync: Polling on remoteEndPoint: 127.0.0.1:58419 localEndPoint: 127.0.0.1:58418
TpTrace Verbose: 0 : 10728, 7, 2023/11/22, 13:37:16.383, 5713303970186, vstest.console.dll, TcpClientExtensions.MessageLoopAsync: NotifyDataAvailable remoteEndPoint: 127.0.0.1:58419 localEndPoint: 127.0.0.1:58418
TpTrace Verbose: 0 : 10728, 7, 2023/11/22, 13:37:16.383, 5713303975138, vstest.console.dll, TestRequestSender.OnExecutionMessageReceived: Received message: {"Version":7,"MessageType":"TestExecution.StatsChange","Payload":{"NewTestResults":[{"TestCase":{"Id":"b115378a-beda-07d3-48f8-8af1019ea036","FullyQualifiedName":"BloodGuardian.Tests.Database.Tests.DonorDBHandlerTests.Get_FetchingDonors_ReturnsList","DisplayName":"Get_FetchingDonors_ReturnsList","ExecutorUri":"executor://MSTestAdapter/v2","Source":"C:\\Users\\nasingh\\source\\repos\\BloodGuardian\\BloodGuardian.Tests\\bin\\Debug\\net6.0\\fine-code-coverage\\build-output\\BloodGuardian.Tests.dll","CodeFilePath":null,"LineNumber":-1,"Properties":[{"Key":{"Id":"TestCase.ManagedType","Label":"ManagedType","Category":"","Description":"","Attributes":1,"ValueType":"System.String"},"Value":"BloodGuardian.Tests.Database.Tests.DonorDBHandlerTests"},{"Key":{"Id":"TestCase.ManagedMethod","Label":"ManagedMethod","Category":"","Description":"","Attributes":1,"ValueType":"System.String"},"Value":"Get_FetchingDonors_ReturnsList"},{"Key":{"Id":"MSTestDiscoverer.TestClassName","Label":"ClassName","Category":"","Description":"","Attributes":1,"ValueType":"System.String"},"Value":"BloodGuardian.Tests.Database.Tests.DonorDBHandlerTests"},{"Key":{"Id":"TestCase.Hierarchy","Label":"Hierarchy","Category":"","Description":"","Attributes":2,"ValueType":"System.String[]"},"Value":["BloodGuardian.Tests.Database.Tests","DonorDBHandlerTests"]},{"Key":{"Id":"TestObject.Traits","Label":"Traits","Category":"","Description":"","Attributes":5,"ValueType":"System.Collections.Generic.KeyValuePair`2[[System.String],[System.String]][]"},"Value":[]}]},"Attachments":[],"Outcome":1,"ErrorMessage":null,"ErrorStackTrace":null,"DisplayName":"Get_FetchingDonors_ReturnsList","Messages":[],"ComputerName":null,"Duration":"00:00:00.9102383","StartTime":"2023-11-22T13:37:15.3503004+05:30","EndTime":"2023-11-22T13:37:16.2760739+05:30","Properties":[{"Key":{"Id":"ExecutionId","Label":"ExecutionId","Category":"","Description":"","Attributes":1,"ValueType":"System.Guid"},"Value":"00000000-0000-0000-0000-000000000000"},{"Key":{"Id":"ParentExecId","Label":"ParentExecId","Category":"","Description":"","Attributes":1,"ValueType":"System.Guid"},"Value":"00000000-0000-0000-0000-000000000000"},{"Key":{"Id":"InnerResultsCount","Label":"InnerResultsCount","Category":"","Description":"","Attributes":1,"ValueType":"System.Int32"},"Value":0}]},{"TestCase":{"Id":"30a7bb8a-5a91-9e07-ca08-1822a5cf2501","FullyQualifiedName":"BloodGuardian.Tests.Database.Tests.DonorDBHandlerTests.Add_AddDonorObject_UpdatesDonorList","DisplayName":"Add_AddDonorObject_UpdatesDonorList","ExecutorUri":"executor://MSTestAdapter/v2","Source":"C:\\Users\\nasingh\\source\\repos\\BloodGuardian\\BloodGuardian.Tests\\bin\\Debug\\net6.0\\fine-code-coverage\\build-output\\BloodGuardian.Tests.dll","CodeFilePath":null,"LineNumber":-1,"Properties":[{"Key":{"Id":"TestCase.ManagedType","Label":"ManagedType","Category":"","Description":"","Attributes":1,"ValueType":"System.String"},"Value":"BloodGuardian.Tests.Database.Tests.DonorDBHandlerTests"},{"Key":{"Id":"TestCase.ManagedMethod","Label":"ManagedMethod","Category":"","Description":"","Attributes":1,"ValueType":"System.String"},"Value":"Add_AddDonorObject_UpdatesDonorList"},{"Key":{"Id":"MSTestDiscoverer.TestClassName","Label":"ClassName","Category":"","Description":"","Attributes":1,"ValueType":"System.String"},"Value":"BloodGuardian.Tests.Database.Tests.DonorDBHandlerTests"},{"Key":{"Id":"TestCase.Hierarchy","Label":"Hierarchy","Category":"","Description":"","Attributes":2,"ValueType":"System.String[]"},"Value":["BloodGuardian.Tests.Database.Tests","DonorDBHandlerTests"]},{"Key":{"Id":"TestObject.Traits","Label":"Traits","Category":"","Description":"","Attributes":5,"ValueType":"System.Collections.Generic.KeyValuePair`2[[System.String],[System.String]][]"},"Value":[]}]},"Attachments":[],"Outcome":1,"ErrorMessage":null,"ErrorStackTrace":null,"DisplayName":"Add_AddDonorObject_UpdatesDonorList","Messages":[{"Category":"StdOutMsgs","Text":"3\r\n"}],"ComputerName":null,"Duration":"00:00:00.0144703","StartTime":"2023-11-22T13:37:16.2981775+05:30","EndTime":"2023-11-22T13:37:16.3133929+05:30","Properties":[{"Key":{"Id":"ExecutionId","Label":"ExecutionId","Category":"","Description":"","Attributes":1,"ValueType":"System.Guid"},"Value":"00000000-0000-0000-0000-000000000000"},{"Key":{"Id":"ParentExecId","Label":"ParentExecId","Category":"","Description":"","Attributes":1,"ValueType":"System.Guid"},"Value":"00000000-0000-0000-0000-000000000000"},{"Key":{"Id":"InnerResultsCount","Label":"InnerResultsCount","Category":"","Description":"","Attributes":1,"ValueType":"System.Int32"},"Value":0}]},{"TestCase":{"Id":"660339fd-2845-db0e-6bf3-b4d2b9bc783c","FullyQualifiedName":"BloodGuardian.Tests.Database.Tests.DonorDBHandlerTests.Delete_DeleteDonorObject_UpdatesDonorList","DisplayName":"Delete_DeleteDonorObject_UpdatesDonorList","ExecutorUri":"executor://MSTestAdapter/v2","Source":"C:\\Users\\nasingh\\source\\repos\\BloodGuardian\\BloodGuardian.Tests\\bin\\Debug\\net6.0\\fine-code-coverage\\build-output\\BloodGuardian.Tests.dll","CodeFilePath":null,"LineNumber":-1,"Properties":[{"Key":{"Id":"TestCase.ManagedType","Label":"ManagedType","Category":"","Description":"","Attributes":1,"ValueType":"System.String"},"Value":"BloodGuardian.Tests.Database.Tests.DonorDBHandlerTests"},{"Key":{"Id":"TestCase.ManagedMethod","Label":"ManagedMethod","Category":"","Description":"","Attributes":1,"ValueType":"System.String"},"Value":"Delete_DeleteDonorObject_UpdatesDonorList"},{"Key":{"Id":"MSTestDiscoverer.TestClassName","Label":"ClassName","Category":"","Description":"","Attributes":1,"ValueType":"System.String"},"Value":"BloodGuardian.Tests.Database.Tests.DonorDBHandlerTests"},{"Key":{"Id":"TestCase.Hierarchy","Label":"Hierarchy","Category":"","Description":"","Attributes":2,"ValueType":"System.String[]"},"Value":["BloodGuardian.Tests.Database.Tests","DonorDBHandlerTests"]},{"Key":{"Id":"TestObject.Traits","Label":"Traits","Category":"","Description":"","Attributes":5,"ValueType":"System.Collections.Generic.KeyValuePair`2[[System.String],[System.String]][]"},"Value":[]}]},"Attachments":[],"Outcome":1,"ErrorMessage":null,"ErrorStackTrace":null,"DisplayName":"Delete_DeleteDonorObject_UpdatesDonorList","Messages":[],"ComputerName":null,"Duration":"00:00:00.0038139","StartTime":"2023-11-22T13:37:16.3174034+05:30","EndTime":"2023-11-22T13:37:16.3217942+05:30","Properties":[{"Key":{"Id":"ExecutionId","Label":"ExecutionId","Category":"","Description":"","Attributes":1,"ValueType":"System.Guid"},"Value":"00000000-0000-0000-0000-000000000000"},{"Key":{"Id":"ParentExecId","Label":"ParentExecId","Category":"","Description":"","Attributes":1,"ValueType":"System.Guid"},"Value":"00000000-0000-0000-0000-000000000000"},{"Key":{"Id":"InnerResultsCount","Label":"InnerResultsCount","Category":"","Description":"","Attributes":1,"ValueType":"System.Int32"},"Value":0}]},{"TestCase":{"Id":"82cd21d1-32a6-05f6-b886-dfce4bf05d6c","FullyQualifiedName":"BloodGuardian.Tests.Database.Tests.DonorDBHandlerTests.Update_UpdatesDonorObject","DisplayName":"Update_UpdatesDonorObject","ExecutorUri":"executor://MSTestAdapter/v2","Source":"C:\\Users\\nasingh\\source\\repos\\BloodGuardian\\BloodGuardian.Tests\\bin\\Debug\\net6.0\\fine-code-coverage\\build-output\\BloodGuardian.Tests.dll","CodeFilePath":null,"LineNumber":-1,"Properties":[{"Key":{"Id":"TestCase.ManagedType","Label":"ManagedType","Category":"","Description":"","Attributes":1,"ValueType":"System.String"},"Value":"BloodGuardian.Tests.Database.Tests.DonorDBHandlerTests"},{"Key":{"Id":"TestCase.ManagedMethod","Label":"ManagedMethod","Category":"","Description":"","Attributes":1,"ValueType":"System.String"},"Value":"Update_UpdatesDonorObject"},{"Key":{"Id":"MSTestDiscoverer.TestClassName","Label":"ClassName","Category":"","Description":"","Attributes":1,"ValueType":"System.String"},"Value":"BloodGuardian.Tests.Database.Tests.DonorDBHandlerTests"},{"Key":{"Id":"TestCase.Hierarchy","Label":"Hierarchy","Category":"","Description":"","Attributes":2,"ValueType":"System.String[]"},"Value":["BloodGuardian.Tests.Database.Tests","DonorDBHandlerTests"]},{"Key":{"Id":"TestObject.Traits","Label":"Traits","Category":"","Description":"","Attributes":5,"ValueType":"System.Collections.Generic.KeyValuePair`2[[System.String],[System.String]][]"},"Value":[]}]},"Attachments":[],"Outcome":1,"ErrorMessage":null,"ErrorStackTrace":null,"DisplayName":"Update_UpdatesDonorObject","Messages":[],"ComputerName":null,"Duration":"00:00:00.0013949","StartTime":"2023-11-22T13:37:16.3246412+05:30","EndTime":"2023-11-22T13:37:16.3262256+05:30","Properties":[{"Key":{"Id":"ExecutionId","Label":"ExecutionId","Category":"","Description":"","Attributes":1,"ValueType":"System.Guid"},"Value":"00000000-0000-0000-0000-000000000000"},{"Key":{"Id":"ParentExecId","Label":"ParentExecId","Category":"","Description":"","Attributes":1,"ValueType":"System.Guid"},"Value":"00000000-0000-0000-0000-000000000000"},{"Key":{"Id":"InnerResultsCount","Label":"InnerResultsCount","Category":"","Description":"","Attributes":1,"ValueType":"System.Int32"},"Value":0}]},{"TestCase":{"Id":"01100c13-3540-f4e4-1d0b-5fc2884f11f4","FullyQualifiedName":"BloodGuardian.Tests.Database.Tests.DonorDBHandlerTests.FindDonorByCredentials_UsernameandPassword_ReturnsDonorObject","DisplayName":"FindDonorByCredentials_UsernameandPassword_ReturnsDonorObject","ExecutorUri":"executor://MSTestAdapter/v2","Source":"C:\\Users\\nasingh\\source\\repos\\BloodGuardian\\BloodGuardian.Tests\\bin\\Debug\\net6.0\\fine-code-coverage\\build-output\\BloodGuardian.Tests.dll","CodeFilePath":null,"LineNumber":-1,"Properties":[{"Key":{"Id":"TestCase.ManagedType","Label":"ManagedType","Category":"","Description":"","Attributes":1,"ValueType":"System.String"},"Value":"BloodGuardian.Tests.Database.Tests.DonorDBHandlerTests"},{"Key":{"Id":"TestCase.ManagedMethod","Label":"ManagedMethod","Category":"","Description":"","Attributes":1,"ValueType":"System.String"},"Value":"FindDonorByCredentials_UsernameandPassword_ReturnsDonorObject"},{"Key":{"Id":"MSTestDiscoverer.TestClassName","Label":"ClassName","Category":"","Description":"","Attributes":1,"ValueType":"System.String"},"Value":"BloodGuardian.Tests.Database.Tests.DonorDBHandlerTests"},{"Key":{"Id":"TestCase.Hierarchy","Label":"Hierarchy","Category":"","Description":"","Attributes":2,"ValueType":"System.String[]"},"Value":["BloodGuardian.Tests.Database.Tests","DonorDBHandlerTests"]},{"Key":{"Id":"TestObject.Traits","Label":"Traits","Category":"","Description":"","Attributes":5,"ValueType":"System.Collections.Generic.KeyValuePair`2[[System.String],[System.String]][]"},"Value":[]}]},"Attachments":[],"Outcome":1,"ErrorMessage":null,"ErrorStackTrace":null,"DisplayName":"FindDonorByCredentials_UsernameandPassword_ReturnsDonorObject","Messages":[],"ComputerName":null,"Duration":"00:00:00.0035106","StartTime":"2023-11-22T13:37:16.3281998+05:30","EndTime":"2023-11-22T13:37:16.3319694+05:30","Properties":[{"Key":{"Id":"ExecutionId","Label":"ExecutionId","Category":"","Description":"","Attributes":1,"ValueType":"System.Guid"},"Value":"00000000-0000-0000-0000-000000000000"},{"Key":{"Id":"ParentExecId","Label":"ParentExecId","Category":"","Description":"","Attributes":1,"ValueType":"System.Guid"},"Value":"00000000-0000-0000-0000-000000000000"},{"Key":{"Id":"InnerResultsCount","Label":"InnerResultsCount","Category":"","Description":"","Attributes":1,"ValueType":"System.Int32"},"Value":0}]},{"TestCase":{"Id":"64d099e1-b5d3-fa05-4655-b579ef77580d","FullyQualifiedName":"BloodGuardian.Tests.Database.Tests.DonorDBHandlerTests.FindDonorByBank_InputBloodBankObject_ReturnsDonorObject","DisplayName":"FindDonorByBank_InputBloodBankObject_ReturnsDonorObject","ExecutorUri":"executor://MSTestAdapter/v2","Source":"C:\\Users\\nasingh\\source\\repos\\BloodGuardian\\BloodGuardian.Tests\\bin\\Debug\\net6.0\\fine-code-coverage\\build-output\\BloodGuardian.Tests.dll","CodeFilePath":null,"LineNumber":-1,"Properties":[{"Key":{"Id":"TestCase.ManagedType","Label":"ManagedType","Category":"","Description":"","Attributes":1,"ValueType":"System.String"},"Value":"BloodGuardian.Tests.Database.Tests.DonorDBHandlerTests"},{"Key":{"Id":"TestCase.ManagedMethod","Label":"ManagedMethod","Category":"","Description":"","Attributes":1,"ValueType":"System.String"},"Value":"FindDonorByBank_InputBloodBankObject_ReturnsDonorObject"},{"Key":{"Id":"MSTestDiscoverer.TestClassName","Label":"ClassName","Category":"","Description":"","Attributes":1,"ValueType":"System.String"},"Value":"BloodGuardian.Tests.Database.Tests.DonorDBHandlerTests"},{"Key":{"Id":"TestCase.Hierarchy","Label":"Hierarchy","Category":"","Description":"","Attributes":2,"ValueType":"System.String[]"},"Value":["BloodGuardian.Tests.Database.Tests","DonorDBHandlerTests"]},{"Key":{"Id":"TestObject.Traits","Label":"Traits","Category":"","Description":"","Attributes":5,"ValueType":"System.Collections.Generic.KeyValuePair`2[[System.String],[System.String]][]"},"Value":[]}]},"Attachments":[],"Outcome":2,"ErrorMessage":"Assert.AreEqual failed. Expected:<(null)>. Actual:<BloodGuardian.Models.Donor>. ","ErrorStackTrace":"   at BloodGuardian.Tests.Database.Tests.DonorDBHandlerTests.FindDonorByBank_InputBloodBankObject_ReturnsDonorObject() in C:\\Users\\nasingh\\source\\repos\\BloodGuardian\\BloodGuardian.Tests\\Database.Tests\\DonorDBHandlerTests.cs:line 186\r\n","DisplayName":"FindDonorByBank_InputBloodBankObject_ReturnsDonorObject","Messages":[],"ComputerName":null,"Duration":"00:00:00.0251512","StartTime":"2023-11-22T13:37:16.3344747+05:30","EndTime":"2023-11-22T13:37:16.3601349+05:30","Properties":[{"Key":{"Id":"ExecutionId","Label":"ExecutionId","Category":"","Description":"","Attributes":1,"ValueType":"System.Guid"},"Value":"00000000-0000-0000-0000-000000000000"},{"Key":{"Id":"ParentExecId","Label":"ParentExecId","Category":"","Description":"","Attributes":1,"ValueType":"System.Guid"},"Value":"00000000-0000-0000-0000-000000000000"},{"Key":{"Id":"InnerResultsCount","Label":"InnerResultsCount","Category":"","Description":"","Attributes":1,"ValueType":"System.Int32"},"Value":0}]},{"TestCase":{"Id":"441f7670-d04b-7731-1406-8d5cf308bbb4","FullyQualifiedName":"BloodGuardian.Tests.Controller.Tests.DonorControllerTests.GetDonors_ReturnsDonorList","DisplayName":"GetDonors_ReturnsDonorList","ExecutorUri":"executor://MSTestAdapter/v2","Source":"C:\\Users\\nasingh\\source\\repos\\BloodGuardian\\BloodGuardian.Tests\\bin\\Debug\\net6.0\\fine-code-coverage\\build-output\\BloodGuardian.Tests.dll","CodeFilePath":null,"LineNumber":-1,"Properties":[{"Key":{"Id":"TestCase.ManagedType","Label":"ManagedType","Category":"","Description":"","Attributes":1,"ValueType":"System.String"},"Value":"BloodGuardian.Tests.Controller.Tests.DonorControllerTests"},{"Key":{"Id":"TestCase.ManagedMethod","Label":"ManagedMethod","Category":"","Description":"","Attributes":1,"ValueType":"System.String"},"Value":"GetDonors_ReturnsDonorList"},{"Key":{"Id":"MSTestDiscoverer.TestClassName","Label":"ClassName","Category":"","Description":"","Attributes":1,"ValueType":"System.String"},"Value":"BloodGuardian.Tests.Controller.Tests.DonorControllerTests"},{"Key":{"Id":"TestCase.Hierarchy","Label":"Hierarchy","Category":"","Description":"","Attributes":2,"ValueType":"System.String[]"},"Value":["BloodGuardian.Tests.Controller.Tests","DonorControllerTests"]},{"Key":{"Id":"TestObject.Traits","Label":"Traits","Category":"","Description":"","Attributes":5,"ValueType":"System.Collections.Generic.KeyValuePair`2[[System.String],[System.String]][]"},"Value":[]}]},"Attachments":[],"Outcome":1,"ErrorMessage":null,"ErrorStackTrace":null,"DisplayName":"GetDonors_ReturnsDonorList","Messages":[],"ComputerName":null,"Duration":"00:00:00.0023265","StartTime":"2023-11-22T13:37:16.3671493+05:30","EndTime":"2023-11-22T13:37:16.3697367+05:30","Properties":[{"Key":{"Id":"ExecutionId","Label":"ExecutionId","Category":"","Description":"","Attributes":1,"ValueType":"System.Guid"},"Value":"00000000-0000-0000-0000-000000000000"},{"Key":{"Id":"ParentExecId","Label":"ParentExecId","Category":"","Description":"","Attributes":1,"ValueType":"System.Guid"},"Value":"00000000-0000-0000-0000-000000000000"},{"Key":{"Id":"InnerResultsCount","Label":"InnerResultsCount","Category":"","Description":"","Attributes":1,"ValueType":"System.Int32"},"Value":0}]},{"TestCase":{"Id":"e1e5f921-b5d4-507f-656b-b56a6fe3f46c","FullyQualifiedName":"BloodGuardian.Tests.Common.Tests.ValidationTests.ValidateName_InputCheck_DoesNotThrowException","DisplayName":"ValidateName_InputCheck_DoesNotThrowException","ExecutorUri":"executor://MSTestAdapter/v2","Source":"C:\\Users\\nasingh\\source\\repos\\BloodGuardian\\BloodGuardian.Tests\\bin\\Debug\\net6.0\\fine-code-coverage\\build-output\\BloodGuardian.Tests.dll","CodeFilePath":null,"LineNumber":-1,"Properties":[{"Key":{"Id":"TestCase.ManagedType","Label":"ManagedType","Category":"","Description":"","Attributes":1,"ValueType":"System.String"},"Value":"BloodGuardian.Tests.Common.Tests.ValidationTests"},{"Key":{"Id":"TestCase.ManagedMethod","Label":"ManagedMethod","Category":"","Description":"","Attributes":1,"ValueType":"System.String"},"Value":"ValidateName_InputCheck_DoesNotThrowException"},{"Key":{"Id":"MSTestDiscoverer.TestClassName","Label":"ClassName","Category":"","Description":"","Attributes":1,"ValueType":"System.String"},"Value":"BloodGuardian.Tests.Common.Tests.ValidationTests"},{"Key":{"Id":"TestCase.Hierarchy","Label":"Hierarchy","Category":"","Description":"","Attributes":2,"ValueType":"System.String[]"},"Value":["BloodGuardian.Tests.Common.Tests","ValidationTests"]},{"Key":{"Id":"TestObject.Traits","Label":"Traits","Category":"","Description":"","Attributes":5,"ValueType":"System.Collections.Generic.KeyValuePair`2[[System.String],[System.String]][]"},"Value":[]}]},"Attachments":[],"Outcome":1,"ErrorMessage":null,"ErrorStackTrace":null,"DisplayName":"ValidateName_InputCheck_DoesNotThrowException","Messages":[],"ComputerName":null,"Duration":"00:00:00.0004362","StartTime":"2023-11-22T13:37:16.3715263+05:30","EndTime":"2023-11-22T13:37:16.3722683+05:30","Properties":[{"Key":{"Id":"ExecutionId","Label":"ExecutionId","Category":"","Description":"","Attributes":1,"ValueType":"System.Guid"},"Value":"00000000-0000-0000-0000-000000000000"},{"Key":{"Id":"ParentExecId","Label":"ParentExecId","Category":"","Description":"","Attributes":1,"ValueType":"System.Guid"},"Value":"00000000-0000-0000-0000-000000000000"},{"Key":{"Id":"InnerResultsCount","Label":"InnerResultsCount","Category":"","Description":"","Attributes":1,"ValueType":"System.Int32"},"Value":0}]},{"TestCase":{"Id":"b89e41f2-cdd1-4634-d2a9-d496139b958f","FullyQualifiedName":"BloodGuardian.Tests.Common.Tests.ValidationTests.ValidateName_InputCheck_ThrowsException","DisplayName":"ValidateName_InputCheck_ThrowsException","ExecutorUri":"executor://MSTestAdapter/v2","Source":"C:\\Users\\nasingh\\source\\repos\\BloodGuardian\\BloodGuardian.Tests\\bin\\Debug\\net6.0\\fine-code-coverage\\build-output\\BloodGuardian.Tests.dll","CodeFilePath":null,"LineNumber":-1,"Properties":[{"Key":{"Id":"TestCase.ManagedType","Label":"ManagedType","Category":"","Description":"","Attributes":1,"ValueType":"System.String"},"Value":"BloodGuardian.Tests.Common.Tests.ValidationTests"},{"Key":{"Id":"TestCase.ManagedMethod","Label":"ManagedMethod","Category":"","Description":"","Attributes":1,"ValueType":"System.String"},"Value":"ValidateName_InputCheck_ThrowsException"},{"Key":{"Id":"MSTestDiscoverer.TestClassName","Label":"ClassName","Category":"","Description":"","Attributes":1,"ValueType":"System.String"},"Value":"BloodGuardian.Tests.Common.Tests.ValidationTests"},{"Key":{"Id":"TestCase.Hierarchy","Label":"Hierarchy","Category":"","Description":"","Attributes":2,"ValueType":"System.String[]"},"Value":["BloodGuardian.Tests.Common.Tests","ValidationTests"]},{"Key":{"Id":"TestObject.Traits","Label":"Traits","Category":"","Description":"","Attributes":5,"ValueType":"System.Collections.Generic.KeyValuePair`2[[System.String],[System.String]][]"},"Value":[]}]},"Attachments":[],"Outcome":1,"ErrorMessage":null,"ErrorStackTrace":null,"DisplayName":"ValidateName_InputCheck_ThrowsException","Messages":[{"Category":"StdOutMsgs","Text":"Enter Valid Name.\r\n"}],"ComputerName":null,"Duration":"00:00:00.0007583","StartTime":"2023-11-22T13:37:16.3739554+05:30","EndTime":"2023-11-22T13:37:16.3748682+05:30","Properties":[{"Key":{"Id":"ExecutionId","Label":"ExecutionId","Category":"","Description":"","Attributes":1,"ValueType":"System.Guid"},"Value":"00000000-0000-0000-0000-000000000000"},{"Key":{"Id":"ParentExecId","Label":"ParentExecId","Category":"","Description":"","Attributes":1,"ValueType":"System.Guid"},"Value":"00000000-0000-0000-0000-000000000000"},{"Key":{"Id":"InnerResultsCount","Label":"InnerResultsCount","Category":"","Description":"","Attributes":1,"ValueType":"System.Int32"},"Value":0}]}],"TestRunStatistics":{"ExecutedTests":9,"Stats":{"Passed":8,"Failed":1}},"ActiveTests":[{"Id":"6200e444-4124-6db2-21c9-fc5cbce1b747","FullyQualifiedName":"BloodGuardian.Tests.Common.Tests.ValidationTests.ValidateUserName_InputCheck_DoesNotThrowException","DisplayName":"ValidateUserName_InputCheck_DoesNotThrowException","ExecutorUri":"executor://MSTestAdapter/v2","Source":"C:\\Users\\nasingh\\source\\repos\\BloodGuardian\\BloodGuardian.Tests\\bin\\Debug\\net6.0\\fine-code-coverage\\build-output\\BloodGuardian.Tests.dll","CodeFilePath":null,"LineNumber":-1,"Properties":[{"Key":{"Id":"TestCase.ManagedType","Label":"ManagedType","Category":"","Description":"","Attributes":1,"ValueType":"System.String"},"Value":"BloodGuardian.Tests.Common.Tests.ValidationTests"},{"Key":{"Id":"TestCase.ManagedMethod","Label":"ManagedMethod","Category":"","Description":"","Attributes":1,"ValueType":"System.String"},"Value":"ValidateUserName_InputCheck_DoesNotThrowException"},{"Key":{"Id":"MSTestDiscoverer.TestClassName","Label":"ClassName","Category":"","Description":"","Attributes":1,"ValueType":"System.String"},"Value":"BloodGuardian.Tests.Common.Tests.ValidationTests"},{"Key":{"Id":"TestCase.Hierarchy","Label":"Hierarchy","Category":"","Description":"","Attributes":2,"ValueType":"System.String[]"},"Value":["BloodGuardian.Tests.Common.Tests","ValidationTests"]},{"Key":{"Id":"TestObject.Traits","Label":"Traits","Category":"","Description":"","Attributes":5,"ValueType":"System.Collections.Generic.KeyValuePair`2[[System.String],[System.String]][]"},"Value":[]}]}]}}
TpTrace Verbose: 0 : 10728, 7, 2023/11/22, 13:37:16.393, 5713304074149, vstest.console.dll, TestRunRequest:SendTestRunStatsChange: Starting.
TpTrace Verbose: 0 : 10728, 7, 2023/11/22, 13:37:16.393, 5713304074749, vstest.console.dll, InProgress is ValidateUserName_InputCheck_DoesNotThrowException
TpTrace Verbose: 0 : 10728, 7, 2023/11/22, 13:37:16.393, 5713304077306, vstest.console.dll, MulticastDelegateUtilities.SafeInvoke: TestRun.RunStatsChanged: Invoking callbacks was skipped because there are no subscribers.
TpTrace Information: 0 : 10728, 7, 2023/11/22, 13:37:16.393, 5713304077587, vstest.console.dll, TestRunRequest:SendTestRunStatsChange: Completed.
TpTrace Verbose: 0 : 10728, 7, 2023/11/22, 13:37:16.393, 5713304078074, vstest.console.dll, MulticastDelegateUtilities.SafeInvoke: LengthPrefixCommunicationChannel: MessageReceived: Invoking callback 1/1 for Microsoft.VisualStudio.TestPlatform.CommunicationUtilities.TestRequestSender+<>c__DisplayClass34_0., took 10 ms.
TpTrace Verbose: 0 : 10728, 7, 2023/11/22, 13:37:16.393, 5713304078483, vstest.console.dll, TcpClientExtensions.MessageLoopAsync: Polling on remoteEndPoint: 127.0.0.1:58419 localEndPoint: 127.0.0.1:58418
TpTrace Verbose: 0 : 10728, 4, 2023/11/22, 13:37:16.395, 5713304095833, vstest.console.dll, MulticastDelegateUtilities.SafeInvoke: InternalTestLoggerEvents.SendTestResult: Invoking callback 1/1 for Microsoft.VisualStudio.TestPlatform.CommandLine.Internal.ConsoleLogger., took 1 ms.
TpTrace Verbose: 0 : 10728, 4, 2023/11/22, 13:37:16.395, 5713304098006, vstest.console.dll, MulticastDelegateUtilities.SafeInvoke: InternalTestLoggerEvents.SendTestResult: Invoking callback 1/1 for Microsoft.VisualStudio.TestPlatform.CommandLine.Internal.ConsoleLogger., took 0 ms.
TpTrace Verbose: 0 : 10728, 4, 2023/11/22, 13:37:16.395, 5713304098498, vstest.console.dll, MulticastDelegateUtilities.SafeInvoke: InternalTestLoggerEvents.SendTestResult: Invoking callback 1/1 for Microsoft.VisualStudio.TestPlatform.CommandLine.Internal.ConsoleLogger., took 0 ms.
TpTrace Verbose: 0 : 10728, 4, 2023/11/22, 13:37:16.395, 5713304098958, vstest.console.dll, MulticastDelegateUtilities.SafeInvoke: InternalTestLoggerEvents.SendTestResult: Invoking callback 1/1 for Microsoft.VisualStudio.TestPlatform.CommandLine.Internal.ConsoleLogger., took 0 ms.
TpTrace Verbose: 0 : 10728, 4, 2023/11/22, 13:37:16.395, 5713304099646, vstest.console.dll, MulticastDelegateUtilities.SafeInvoke: InternalTestLoggerEvents.SendTestResult: Invoking callback 1/1 for Microsoft.VisualStudio.TestPlatform.CommandLine.Internal.ConsoleLogger., took 0 ms.
TpTrace Verbose: 0 : 10728, 4, 2023/11/22, 13:37:16.396, 5713304105100, vstest.console.dll, MulticastDelegateUtilities.SafeInvoke: InternalTestLoggerEvents.SendTestResult: Invoking callback 1/1 for Microsoft.VisualStudio.TestPlatform.CommandLine.Internal.ConsoleLogger., took 0 ms.
TpTrace Verbose: 0 : 10728, 4, 2023/11/22, 13:37:16.396, 5713304105839, vstest.console.dll, MulticastDelegateUtilities.SafeInvoke: InternalTestLoggerEvents.SendTestResult: Invoking callback 1/1 for Microsoft.VisualStudio.TestPlatform.CommandLine.Internal.ConsoleLogger., took 0 ms.
TpTrace Verbose: 0 : 10728, 4, 2023/11/22, 13:37:16.396, 5713304106210, vstest.console.dll, MulticastDelegateUtilities.SafeInvoke: InternalTestLoggerEvents.SendTestResult: Invoking callback 1/1 for Microsoft.VisualStudio.TestPlatform.CommandLine.Internal.ConsoleLogger., took 0 ms.
TpTrace Verbose: 0 : 10728, 4, 2023/11/22, 13:37:16.396, 5713304106520, vstest.console.dll, MulticastDelegateUtilities.SafeInvoke: InternalTestLoggerEvents.SendTestResult: Invoking callback 1/1 for Microsoft.VisualStudio.TestPlatform.CommandLine.Internal.ConsoleLogger., took 0 ms.
TpTrace Verbose: 0 : 10728, 7, 2023/11/22, 13:37:16.412, 5713304265423, vstest.console.dll, TcpClientExtensions.MessageLoopAsync: NotifyDataAvailable remoteEndPoint: 127.0.0.1:58419 localEndPoint: 127.0.0.1:58418
TpTrace Verbose: 0 : 10728, 7, 2023/11/22, 13:37:16.412, 5713304269204, vstest.console.dll, TestRequestSender.OnExecutionMessageReceived: Received message: {"Version":7,"MessageType":"TestExecution.StatsChange","Payload":{"NewTestResults":[{"TestCase":{"Id":"6200e444-4124-6db2-21c9-fc5cbce1b747","FullyQualifiedName":"BloodGuardian.Tests.Common.Tests.ValidationTests.ValidateUserName_InputCheck_DoesNotThrowException","DisplayName":"ValidateUserName_InputCheck_DoesNotThrowException","ExecutorUri":"executor://MSTestAdapter/v2","Source":"C:\\Users\\nasingh\\source\\repos\\BloodGuardian\\BloodGuardian.Tests\\bin\\Debug\\net6.0\\fine-code-coverage\\build-output\\BloodGuardian.Tests.dll","CodeFilePath":null,"LineNumber":-1,"Properties":[{"Key":{"Id":"TestCase.ManagedType","Label":"ManagedType","Category":"","Description":"","Attributes":1,"ValueType":"System.String"},"Value":"BloodGuardian.Tests.Common.Tests.ValidationTests"},{"Key":{"Id":"TestCase.ManagedMethod","Label":"ManagedMethod","Category":"","Description":"","Attributes":1,"ValueType":"System.String"},"Value":"ValidateUserName_InputCheck_DoesNotThrowException"},{"Key":{"Id":"MSTestDiscoverer.TestClassName","Label":"ClassName","Category":"","Description":"","Attributes":1,"ValueType":"System.String"},"Value":"BloodGuardian.Tests.Common.Tests.ValidationTests"},{"Key":{"Id":"TestCase.Hierarchy","Label":"Hierarchy","Category":"","Description":"","Attributes":2,"ValueType":"System.String[]"},"Value":["BloodGuardian.Tests.Common.Tests","ValidationTests"]},{"Key":{"Id":"TestObject.Traits","Label":"Traits","Category":"","Description":"","Attributes":5,"ValueType":"System.Collections.Generic.KeyValuePair`2[[System.String],[System.String]][]"},"Value":[]}]},"Attachments":[],"Outcome":1,"ErrorMessage":null,"ErrorStackTrace":null,"DisplayName":"ValidateUserName_InputCheck_DoesNotThrowException","Messages":[],"ComputerName":null,"Duration":"00:00:00.0033545","StartTime":"2023-11-22T13:37:16.3842784+05:30","EndTime":"2023-11-22T13:37:16.3879013+05:30","Properties":[{"Key":{"Id":"ExecutionId","Label":"ExecutionId","Category":"","Description":"","Attributes":1,"ValueType":"System.Guid"},"Value":"00000000-0000-0000-0000-000000000000"},{"Key":{"Id":"ParentExecId","Label":"ParentExecId","Category":"","Description":"","Attributes":1,"ValueType":"System.Guid"},"Value":"00000000-0000-0000-0000-000000000000"},{"Key":{"Id":"InnerResultsCount","Label":"InnerResultsCount","Category":"","Description":"","Attributes":1,"ValueType":"System.Int32"},"Value":0}]},{"TestCase":{"Id":"05bf3507-9202-6fd5-01f2-949e8be39513","FullyQualifiedName":"BloodGuardian.Tests.Common.Tests.ValidationTests.ValidateUserName_InputCheck_ThrowsException","DisplayName":"ValidateUserName_InputCheck_ThrowsException","ExecutorUri":"executor://MSTestAdapter/v2","Source":"C:\\Users\\nasingh\\source\\repos\\BloodGuardian\\BloodGuardian.Tests\\bin\\Debug\\net6.0\\fine-code-coverage\\build-output\\BloodGuardian.Tests.dll","CodeFilePath":null,"LineNumber":-1,"Properties":[{"Key":{"Id":"TestCase.ManagedType","Label":"ManagedType","Category":"","Description":"","Attributes":1,"ValueType":"System.String"},"Value":"BloodGuardian.Tests.Common.Tests.ValidationTests"},{"Key":{"Id":"TestCase.ManagedMethod","Label":"ManagedMethod","Category":"","Description":"","Attributes":1,"ValueType":"System.String"},"Value":"ValidateUserName_InputCheck_ThrowsException"},{"Key":{"Id":"MSTestDiscoverer.TestClassName","Label":"ClassName","Category":"","Description":"","Attributes":1,"ValueType":"System.String"},"Value":"BloodGuardian.Tests.Common.Tests.ValidationTests"},{"Key":{"Id":"TestCase.Hierarchy","Label":"Hierarchy","Category":"","Description":"","Attributes":2,"ValueType":"System.String[]"},"Value":["BloodGuardian.Tests.Common.Tests","ValidationTests"]},{"Key":{"Id":"TestObject.Traits","Label":"Traits","Category":"","Description":"","Attributes":5,"ValueType":"System.Collections.Generic.KeyValuePair`2[[System.String],[System.String]][]"},"Value":[]}]},"Attachments":[],"Outcome":1,"ErrorMessage":null,"ErrorStackTrace":null,"DisplayName":"ValidateUserName_InputCheck_ThrowsException","Messages":[{"Category":"StdOutMsgs","Text":"User Name can only be alphanumeric\r\n"}],"ComputerName":null,"Duration":"00:00:00.0002354","StartTime":"2023-11-22T13:37:16.389896+05:30","EndTime":"2023-11-22T13:37:16.3903186+05:30","Properties":[{"Key":{"Id":"ExecutionId","Label":"ExecutionId","Category":"","Description":"","Attributes":1,"ValueType":"System.Guid"},"Value":"00000000-0000-0000-0000-000000000000"},{"Key":{"Id":"ParentExecId","Label":"ParentExecId","Category":"","Description":"","Attributes":1,"ValueType":"System.Guid"},"Value":"00000000-0000-0000-0000-000000000000"},{"Key":{"Id":"InnerResultsCount","Label":"InnerResultsCount","Category":"","Description":"","Attributes":1,"ValueType":"System.Int32"},"Value":0}]},{"TestCase":{"Id":"7911761c-0312-a65c-6a1d-9536d386ac0a","FullyQualifiedName":"BloodGuardian.Tests.Common.Tests.ValidationTests.ValidateAge_InputCheck_DoesNotThrowException","DisplayName":"ValidateAge_InputCheck_DoesNotThrowException","ExecutorUri":"executor://MSTestAdapter/v2","Source":"C:\\Users\\nasingh\\source\\repos\\BloodGuardian\\BloodGuardian.Tests\\bin\\Debug\\net6.0\\fine-code-coverage\\build-output\\BloodGuardian.Tests.dll","CodeFilePath":null,"LineNumber":-1,"Properties":[{"Key":{"Id":"TestCase.ManagedType","Label":"ManagedType","Category":"","Description":"","Attributes":1,"ValueType":"System.String"},"Value":"BloodGuardian.Tests.Common.Tests.ValidationTests"},{"Key":{"Id":"TestCase.ManagedMethod","Label":"ManagedMethod","Category":"","Description":"","Attributes":1,"ValueType":"System.String"},"Value":"ValidateAge_InputCheck_DoesNotThrowException"},{"Key":{"Id":"MSTestDiscoverer.TestClassName","Label":"ClassName","Category":"","Description":"","Attributes":1,"ValueType":"System.String"},"Value":"BloodGuardian.Tests.Common.Tests.ValidationTests"},{"Key":{"Id":"TestCase.Hierarchy","Label":"Hierarchy","Category":"","Description":"","Attributes":2,"ValueType":"System.String[]"},"Value":["BloodGuardian.Tests.Common.Tests","ValidationTests"]},{"Key":{"Id":"TestObject.Traits","Label":"Traits","Category":"","Description":"","Attributes":5,"ValueType":"System.Collections.Generic.KeyValuePair`2[[System.String],[System.String]][]"},"Value":[]}]},"Attachments":[],"Outcome":1,"ErrorMessage":null,"ErrorStackTrace":null,"DisplayName":"ValidateAge_InputCheck_DoesNotThrowException","Messages":[],"ComputerName":null,"Duration":"00:00:00.0002824","StartTime":"2023-11-22T13:37:16.392204+05:30","EndTime":"2023-11-22T13:37:16.3926714+05:30","Properties":[{"Key":{"Id":"ExecutionId","Label":"ExecutionId","Category":"","Description":"","Attributes":1,"ValueType":"System.Guid"},"Value":"00000000-0000-0000-0000-000000000000"},{"Key":{"Id":"ParentExecId","Label":"ParentExecId","Category":"","Description":"","Attributes":1,"ValueType":"System.Guid"},"Value":"00000000-0000-0000-0000-000000000000"},{"Key":{"Id":"InnerResultsCount","Label":"InnerResultsCount","Category":"","Description":"","Attributes":1,"ValueType":"System.Int32"},"Value":0}]},{"TestCase":{"Id":"5172905a-9238-66eb-2a82-0438a1cbc809","FullyQualifiedName":"BloodGuardian.Tests.Common.Tests.ValidationTests.ValidateAge_InputCheck_ThrowsException","DisplayName":"ValidateAge_InputCheck_ThrowsException","ExecutorUri":"executor://MSTestAdapter/v2","Source":"C:\\Users\\nasingh\\source\\repos\\BloodGuardian\\BloodGuardian.Tests\\bin\\Debug\\net6.0\\fine-code-coverage\\build-output\\BloodGuardian.Tests.dll","CodeFilePath":null,"LineNumber":-1,"Properties":[{"Key":{"Id":"TestCase.ManagedType","Label":"ManagedType","Category":"","Description":"","Attributes":1,"ValueType":"System.String"},"Value":"BloodGuardian.Tests.Common.Tests.ValidationTests"},{"Key":{"Id":"TestCase.ManagedMethod","Label":"ManagedMethod","Category":"","Description":"","Attributes":1,"ValueType":"System.String"},"Value":"ValidateAge_InputCheck_ThrowsException"},{"Key":{"Id":"MSTestDiscoverer.TestClassName","Label":"ClassName","Category":"","Description":"","Attributes":1,"ValueType":"System.String"},"Value":"BloodGuardian.Tests.Common.Tests.ValidationTests"},{"Key":{"Id":"TestCase.Hierarchy","Label":"Hierarchy","Category":"","Description":"","Attributes":2,"ValueType":"System.String[]"},"Value":["BloodGuardian.Tests.Common.Tests","ValidationTests"]},{"Key":{"Id":"TestObject.Traits","Label":"Traits","Category":"","Description":"","Attributes":5,"ValueType":"System.Collections.Generic.KeyValuePair`2[[System.String],[System.String]][]"},"Value":[]}]},"Attachments":[],"Outcome":1,"ErrorMessage":null,"ErrorStackTrace":null,"DisplayName":"ValidateAge_InputCheck_ThrowsException","Messages":[{"Category":"StdOutMsgs","Text":"Enter Valid Input.\r\n"}],"ComputerName":null,"Duration":"00:00:00.0001938","StartTime":"2023-11-22T13:37:16.3946235+05:30","EndTime":"2023-11-22T13:37:16.3949959+05:30","Properties":[{"Key":{"Id":"ExecutionId","Label":"ExecutionId","Category":"","Description":"","Attributes":1,"ValueType":"System.Guid"},"Value":"00000000-0000-0000-0000-000000000000"},{"Key":{"Id":"ParentExecId","Label":"ParentExecId","Category":"","Description":"","Attributes":1,"ValueType":"System.Guid"},"Value":"00000000-0000-0000-0000-000000000000"},{"Key":{"Id":"InnerResultsCount","Label":"InnerResultsCount","Category":"","Description":"","Attributes":1,"ValueType":"System.Int32"},"Value":0}]},{"TestCase":{"Id":"1d353721-00ce-0ef7-5b15-66cc7a8d5967","FullyQualifiedName":"BloodGuardian.Tests.Common.Tests.ValidationTests.ValidatePhone_InputCheck_DoesNotThrowException","DisplayName":"ValidatePhone_InputCheck_DoesNotThrowException","ExecutorUri":"executor://MSTestAdapter/v2","Source":"C:\\Users\\nasingh\\source\\repos\\BloodGuardian\\BloodGuardian.Tests\\bin\\Debug\\net6.0\\fine-code-coverage\\build-output\\BloodGuardian.Tests.dll","CodeFilePath":null,"LineNumber":-1,"Properties":[{"Key":{"Id":"TestCase.ManagedType","Label":"ManagedType","Category":"","Description":"","Attributes":1,"ValueType":"System.String"},"Value":"BloodGuardian.Tests.Common.Tests.ValidationTests"},{"Key":{"Id":"TestCase.ManagedMethod","Label":"ManagedMethod","Category":"","Description":"","Attributes":1,"ValueType":"System.String"},"Value":"ValidatePhone_InputCheck_DoesNotThrowException"},{"Key":{"Id":"MSTestDiscoverer.TestClassName","Label":"ClassName","Category":"","Description":"","Attributes":1,"ValueType":"System.String"},"Value":"BloodGuardian.Tests.Common.Tests.ValidationTests"},{"Key":{"Id":"TestCase.Hierarchy","Label":"Hierarchy","Category":"","Description":"","Attributes":2,"ValueType":"System.String[]"},"Value":["BloodGuardian.Tests.Common.Tests","ValidationTests"]},{"Key":{"Id":"TestObject.Traits","Label":"Traits","Category":"","Description":"","Attributes":5,"ValueType":"System.Collections.Generic.KeyValuePair`2[[System.String],[System.String]][]"},"Value":[]}]},"Attachments":[],"Outcome":1,"ErrorMessage":null,"ErrorStackTrace":null,"DisplayName":"ValidatePhone_InputCheck_DoesNotThrowException","Messages":[],"ComputerName":null,"Duration":"00:00:00.0002998","StartTime":"2023-11-22T13:37:16.3970551+05:30","EndTime":"2023-11-22T13:37:16.3975819+05:30","Properties":[{"Key":{"Id":"ExecutionId","Label":"ExecutionId","Category":"","Description":"","Attributes":1,"ValueType":"System.Guid"},"Value":"00000000-0000-0000-0000-000000000000"},{"Key":{"Id":"ParentExecId","Label":"ParentExecId","Category":"","Description":"","Attributes":1,"ValueType":"System.Guid"},"Value":"00000000-0000-0000-0000-000000000000"},{"Key":{"Id":"InnerResultsCount","Label":"InnerResultsCount","Category":"","Description":"","Attributes":1,"ValueType":"System.Int32"},"Value":0}]},{"TestCase":{"Id":"f60bf360-a524-b5fd-a5a9-03134ecb217b","FullyQualifiedName":"BloodGuardian.Tests.Common.Tests.ValidationTests.ValidatePhone_InputCheck_ThrowsException","DisplayName":"ValidatePhone_InputCheck_ThrowsException","ExecutorUri":"executor://MSTestAdapter/v2","Source":"C:\\Users\\nasingh\\source\\repos\\BloodGuardian\\BloodGuardian.Tests\\bin\\Debug\\net6.0\\fine-code-coverage\\build-output\\BloodGuardian.Tests.dll","CodeFilePath":null,"LineNumber":-1,"Properties":[{"Key":{"Id":"TestCase.ManagedType","Label":"ManagedType","Category":"","Description":"","Attributes":1,"ValueType":"System.String"},"Value":"BloodGuardian.Tests.Common.Tests.ValidationTests"},{"Key":{"Id":"TestCase.ManagedMethod","Label":"ManagedMethod","Category":"","Description":"","Attributes":1,"ValueType":"System.String"},"Value":"ValidatePhone_InputCheck_ThrowsException"},{"Key":{"Id":"MSTestDiscoverer.TestClassName","Label":"ClassName","Category":"","Description":"","Attributes":1,"ValueType":"System.String"},"Value":"BloodGuardian.Tests.Common.Tests.ValidationTests"},{"Key":{"Id":"TestCase.Hierarchy","Label":"Hierarchy","Category":"","Description":"","Attributes":2,"ValueType":"System.String[]"},"Value":["BloodGuardian.Tests.Common.Tests","ValidationTests"]},{"Key":{"Id":"TestObject.Traits","Label":"Traits","Category":"","Description":"","Attributes":5,"ValueType":"System.Collections.Generic.KeyValuePair`2[[System.String],[System.String]][]"},"Value":[]}]},"Attachments":[],"Outcome":1,"ErrorMessage":null,"ErrorStackTrace":null,"DisplayName":"ValidatePhone_InputCheck_ThrowsException","Messages":[{"Category":"StdOutMsgs","Text":"Enter valid Phone Number.\r\n"}],"ComputerName":null,"Duration":"00:00:00.0002177","StartTime":"2023-11-22T13:37:16.4042148+05:30","EndTime":"2023-11-22T13:37:16.4046362+05:30","Properties":[{"Key":{"Id":"ExecutionId","Label":"ExecutionId","Category":"","Description":"","Attributes":1,"ValueType":"System.Guid"},"Value":"00000000-0000-0000-0000-000000000000"},{"Key":{"Id":"ParentExecId","Label":"ParentExecId","Category":"","Description":"","Attributes":1,"ValueType":"System.Guid"},"Value":"00000000-0000-0000-0000-000000000000"},{"Key":{"Id":"InnerResultsCount","Label":"InnerResultsCount","Category":"","Description":"","Attributes":1,"ValueType":"System.Int32"},"Value":0}]},{"TestCase":{"Id":"06950074-aa0b-d0bf-931b-ab4cb27e42d4","FullyQualifiedName":"BloodGuardian.Tests.Common.Tests.ValidationTests.ValidateId_InputCheck_DoesNotThrowException","DisplayName":"ValidateId_InputCheck_DoesNotThrowException","ExecutorUri":"executor://MSTestAdapter/v2","Source":"C:\\Users\\nasingh\\source\\repos\\BloodGuardian\\BloodGuardian.Tests\\bin\\Debug\\net6.0\\fine-code-coverage\\build-output\\BloodGuardian.Tests.dll","CodeFilePath":null,"LineNumber":-1,"Properties":[{"Key":{"Id":"TestCase.ManagedType","Label":"ManagedType","Category":"","Description":"","Attributes":1,"ValueType":"System.String"},"Value":"BloodGuardian.Tests.Common.Tests.ValidationTests"},{"Key":{"Id":"TestCase.ManagedMethod","Label":"ManagedMethod","Category":"","Description":"","Attributes":1,"ValueType":"System.String"},"Value":"ValidateId_InputCheck_DoesNotThrowException"},{"Key":{"Id":"MSTestDiscoverer.TestClassName","Label":"ClassName","Category":"","Description":"","Attributes":1,"ValueType":"System.String"},"Value":"BloodGuardian.Tests.Common.Tests.ValidationTests"},{"Key":{"Id":"TestCase.Hierarchy","Label":"Hierarchy","Category":"","Description":"","Attributes":2,"ValueType":"System.String[]"},"Value":["BloodGuardian.Tests.Common.Tests","ValidationTests"]},{"Key":{"Id":"TestObject.Traits","Label":"Traits","Category":"","Description":"","Attributes":5,"ValueType":"System.Collections.Generic.KeyValuePair`2[[System.String],[System.String]][]"},"Value":[]}]},"Attachments":[],"Outcome":1,"ErrorMessage":null,"ErrorStackTrace":null,"DisplayName":"ValidateId_InputCheck_DoesNotThrowException","Messages":[],"ComputerName":null,"Duration":"00:00:00.0002598","StartTime":"2023-11-22T13:37:16.4064011+05:30","EndTime":"2023-11-22T13:37:16.4068495+05:30","Properties":[{"Key":{"Id":"ExecutionId","Label":"ExecutionId","Category":"","Description":"","Attributes":1,"ValueType":"System.Guid"},"Value":"00000000-0000-0000-0000-000000000000"},{"Key":{"Id":"ParentExecId","Label":"ParentExecId","Category":"","Description":"","Attributes":1,"ValueType":"System.Guid"},"Value":"00000000-0000-0000-0000-000000000000"},{"Key":{"Id":"InnerResultsCount","Label":"InnerResultsCount","Category":"","Description":"","Attributes":1,"ValueType":"System.Int32"},"Value":0}]},{"TestCase":{"Id":"4092d962-0dd0-08f2-fbed-1092f3983ff3","FullyQualifiedName":"BloodGuardian.Tests.Common.Tests.ValidationTests.ValidateState_InputCheck_DoesNotThrowException","DisplayName":"ValidateState_InputCheck_DoesNotThrowException","ExecutorUri":"executor://MSTestAdapter/v2","Source":"C:\\Users\\nasingh\\source\\repos\\BloodGuardian\\BloodGuardian.Tests\\bin\\Debug\\net6.0\\fine-code-coverage\\build-output\\BloodGuardian.Tests.dll","CodeFilePath":null,"LineNumber":-1,"Properties":[{"Key":{"Id":"TestCase.ManagedType","Label":"ManagedType","Category":"","Description":"","Attributes":1,"ValueType":"System.String"},"Value":"BloodGuardian.Tests.Common.Tests.ValidationTests"},{"Key":{"Id":"TestCase.ManagedMethod","Label":"ManagedMethod","Category":"","Description":"","Attributes":1,"ValueType":"System.String"},"Value":"ValidateState_InputCheck_DoesNotThrowException"},{"Key":{"Id":"MSTestDiscoverer.TestClassName","Label":"ClassName","Category":"","Description":"","Attributes":1,"ValueType":"System.String"},"Value":"BloodGuardian.Tests.Common.Tests.ValidationTests"},{"Key":{"Id":"TestCase.Hierarchy","Label":"Hierarchy","Category":"","Description":"","Attributes":2,"ValueType":"System.String[]"},"Value":["BloodGuardian.Tests.Common.Tests","ValidationTests"]},{"Key":{"Id":"TestObject.Traits","Label":"Traits","Category":"","Description":"","Attributes":5,"ValueType":"System.Collections.Generic.KeyValuePair`2[[System.String],[System.String]][]"},"Value":[]}]},"Attachments":[],"Outcome":1,"ErrorMessage":null,"ErrorStackTrace":null,"DisplayName":"ValidateState_InputCheck_DoesNotThrowException","Messages":[],"ComputerName":null,"Duration":"00:00:00.0002352","StartTime":"2023-11-22T13:37:16.4084422+05:30","EndTime":"2023-11-22T13:37:16.4088177+05:30","Properties":[{"Key":{"Id":"ExecutionId","Label":"ExecutionId","Category":"","Description":"","Attributes":1,"ValueType":"System.Guid"},"Value":"00000000-0000-0000-0000-000000000000"},{"Key":{"Id":"ParentExecId","Label":"ParentExecId","Category":"","Description":"","Attributes":1,"ValueType":"System.Guid"},"Value":"00000000-0000-0000-0000-000000000000"},{"Key":{"Id":"InnerResultsCount","Label":"InnerResultsCount","Category":"","Description":"","Attributes":1,"ValueType":"System.Int32"},"Value":0}]},{"TestCase":{"Id":"a2c49a0f-c56a-43a1-f414-4fafe992a7b6","FullyQualifiedName":"BloodGuardian.Tests.Common.Tests.ValidationTests.ValidateState_InputCheck_ThrowException","DisplayName":"ValidateState_InputCheck_ThrowException","ExecutorUri":"executor://MSTestAdapter/v2","Source":"C:\\Users\\nasingh\\source\\repos\\BloodGuardian\\BloodGuardian.Tests\\bin\\Debug\\net6.0\\fine-code-coverage\\build-output\\BloodGuardian.Tests.dll","CodeFilePath":null,"LineNumber":-1,"Properties":[{"Key":{"Id":"TestCase.ManagedType","Label":"ManagedType","Category":"","Description":"","Attributes":1,"ValueType":"System.String"},"Value":"BloodGuardian.Tests.Common.Tests.ValidationTests"},{"Key":{"Id":"TestCase.ManagedMethod","Label":"ManagedMethod","Category":"","Description":"","Attributes":1,"ValueType":"System.String"},"Value":"ValidateState_InputCheck_ThrowException"},{"Key":{"Id":"MSTestDiscoverer.TestClassName","Label":"ClassName","Category":"","Description":"","Attributes":1,"ValueType":"System.String"},"Value":"BloodGuardian.Tests.Common.Tests.ValidationTests"},{"Key":{"Id":"TestCase.Hierarchy","Label":"Hierarchy","Category":"","Description":"","Attributes":2,"ValueType":"System.String[]"},"Value":["BloodGuardian.Tests.Common.Tests","ValidationTests"]},{"Key":{"Id":"TestObject.Traits","Label":"Traits","Category":"","Description":"","Attributes":5,"ValueType":"System.Collections.Generic.KeyValuePair`2[[System.String],[System.String]][]"},"Value":[]}]},"Attachments":[],"Outcome":1,"ErrorMessage":null,"ErrorStackTrace":null,"DisplayName":"ValidateState_InputCheck_ThrowException","Messages":[{"Category":"StdOutMsgs","Text":"Enter Valid State.\r\n"}],"ComputerName":null,"Duration":"00:00:00.0001516","StartTime":"2023-11-22T13:37:16.4102613+05:30","EndTime":"2023-11-22T13:37:16.4105447+05:30","Properties":[{"Key":{"Id":"ExecutionId","Label":"ExecutionId","Category":"","Description":"","Attributes":1,"ValueType":"System.Guid"},"Value":"00000000-0000-0000-0000-000000000000"},{"Key":{"Id":"ParentExecId","Label":"ParentExecId","Category":"","Description":"","Attributes":1,"ValueType":"System.Guid"},"Value":"00000000-0000-0000-0000-000000000000"},{"Key":{"Id":"InnerResultsCount","Label":"InnerResultsCount","Category":"","Description":"","Attributes":1,"ValueType":"System.Int32"},"Value":0}]}],"TestRunStatistics":{"ExecutedTests":18,"Stats":{"Passed":17,"Failed":1}},"ActiveTests":[{"Id":"8f63d1a3-5917-9dc0-6b60-e863a248d268","FullyQualifiedName":"BloodGuardian.Tests.Common.Tests.ValidationTests.ValidateCity_InputCheck_DoesNotThrowException","DisplayName":"ValidateCity_InputCheck_DoesNotThrowException","ExecutorUri":"executor://MSTestAdapter/v2","Source":"C:\\Users\\nasingh\\source\\repos\\BloodGuardian\\BloodGuardian.Tests\\bin\\Debug\\net6.0\\fine-code-coverage\\build-output\\BloodGuardian.Tests.dll","CodeFilePath":null,"LineNumber":-1,"Properties":[{"Key":{"Id":"TestCase.ManagedType","Label":"ManagedType","Category":"","Description":"","Attributes":1,"ValueType":"System.String"},"Value":"BloodGuardian.Tests.Common.Tests.ValidationTests"},{"Key":{"Id":"TestCase.ManagedMethod","Label":"ManagedMethod","Category":"","Description":"","Attributes":1,"ValueType":"System.String"},"Value":"ValidateCity_InputCheck_DoesNotThrowException"},{"Key":{"Id":"MSTestDiscoverer.TestClassName","Label":"ClassName","Category":"","Description":"","Attributes":1,"ValueType":"System.String"},"Value":"BloodGuardian.Tests.Common.Tests.ValidationTests"},{"Key":{"Id":"TestCase.Hierarchy","Label":"Hierarchy","Category":"","Description":"","Attributes":2,"ValueType":"System.String[]"},"Value":["BloodGuardian.Tests.Common.Tests","ValidationTests"]},{"Key":{"Id":"TestObject.Traits","Label":"Traits","Category":"","Description":"","Attributes":5,"ValueType":"System.Collections.Generic.KeyValuePair`2[[System.String],[System.String]][]"},"Value":[]}]}]}}
TpTrace Verbose: 0 : 10728, 7, 2023/11/22, 13:37:16.415, 5713304297808, vstest.console.dll, TestRunRequest:SendTestRunStatsChange: Starting.
TpTrace Verbose: 0 : 10728, 7, 2023/11/22, 13:37:16.415, 5713304298439, vstest.console.dll, InProgress is ValidateCity_InputCheck_DoesNotThrowException
TpTrace Verbose: 0 : 10728, 7, 2023/11/22, 13:37:16.415, 5713304299020, vstest.console.dll, MulticastDelegateUtilities.SafeInvoke: TestRun.RunStatsChanged: Invoking callbacks was skipped because there are no subscribers.
TpTrace Information: 0 : 10728, 7, 2023/11/22, 13:37:16.415, 5713304299369, vstest.console.dll, TestRunRequest:SendTestRunStatsChange: Completed.
TpTrace Verbose: 0 : 10728, 7, 2023/11/22, 13:37:16.415, 5713304299701, vstest.console.dll, MulticastDelegateUtilities.SafeInvoke: LengthPrefixCommunicationChannel: MessageReceived: Invoking callback 1/1 for Microsoft.VisualStudio.TestPlatform.CommunicationUtilities.TestRequestSender+<>c__DisplayClass34_0., took 3 ms.
TpTrace Verbose: 0 : 10728, 7, 2023/11/22, 13:37:16.416, 5713304300030, vstest.console.dll, TcpClientExtensions.MessageLoopAsync: Polling on remoteEndPoint: 127.0.0.1:58419 localEndPoint: 127.0.0.1:58418
TpTrace Verbose: 0 : 10728, 4, 2023/11/22, 13:37:16.416, 5713304307770, vstest.console.dll, MulticastDelegateUtilities.SafeInvoke: InternalTestLoggerEvents.SendTestResult: Invoking callback 1/1 for Microsoft.VisualStudio.TestPlatform.CommandLine.Internal.ConsoleLogger., took 0 ms.
TpTrace Verbose: 0 : 10728, 4, 2023/11/22, 13:37:16.416, 5713304308564, vstest.console.dll, MulticastDelegateUtilities.SafeInvoke: InternalTestLoggerEvents.SendTestResult: Invoking callback 1/1 for Microsoft.VisualStudio.TestPlatform.CommandLine.Internal.ConsoleLogger., took 0 ms.
TpTrace Verbose: 0 : 10728, 4, 2023/11/22, 13:37:16.416, 5713304308942, vstest.console.dll, MulticastDelegateUtilities.SafeInvoke: InternalTestLoggerEvents.SendTestResult: Invoking callback 1/1 for Microsoft.VisualStudio.TestPlatform.CommandLine.Internal.ConsoleLogger., took 0 ms.
TpTrace Verbose: 0 : 10728, 4, 2023/11/22, 13:37:16.416, 5713304309357, vstest.console.dll, MulticastDelegateUtilities.SafeInvoke: InternalTestLoggerEvents.SendTestResult: Invoking callback 1/1 for Microsoft.VisualStudio.TestPlatform.CommandLine.Internal.ConsoleLogger., took 0 ms.
TpTrace Verbose: 0 : 10728, 4, 2023/11/22, 13:37:16.416, 5713304309769, vstest.console.dll, MulticastDelegateUtilities.SafeInvoke: InternalTestLoggerEvents.SendTestResult: Invoking callback 1/1 for Microsoft.VisualStudio.TestPlatform.CommandLine.Internal.ConsoleLogger., took 0 ms.
TpTrace Verbose: 0 : 10728, 4, 2023/11/22, 13:37:16.417, 5713304310126, vstest.console.dll, MulticastDelegateUtilities.SafeInvoke: InternalTestLoggerEvents.SendTestResult: Invoking callback 1/1 for Microsoft.VisualStudio.TestPlatform.CommandLine.Internal.ConsoleLogger., took 0 ms.
TpTrace Verbose: 0 : 10728, 4, 2023/11/22, 13:37:16.417, 5713304310450, vstest.console.dll, MulticastDelegateUtilities.SafeInvoke: InternalTestLoggerEvents.SendTestResult: Invoking callback 1/1 for Microsoft.VisualStudio.TestPlatform.CommandLine.Internal.ConsoleLogger., took 0 ms.
TpTrace Verbose: 0 : 10728, 4, 2023/11/22, 13:37:16.417, 5713304310850, vstest.console.dll, MulticastDelegateUtilities.SafeInvoke: InternalTestLoggerEvents.SendTestResult: Invoking callback 1/1 for Microsoft.VisualStudio.TestPlatform.CommandLine.Internal.ConsoleLogger., took 0 ms.
TpTrace Verbose: 0 : 10728, 4, 2023/11/22, 13:37:16.417, 5713304311208, vstest.console.dll, MulticastDelegateUtilities.SafeInvoke: InternalTestLoggerEvents.SendTestResult: Invoking callback 1/1 for Microsoft.VisualStudio.TestPlatform.CommandLine.Internal.ConsoleLogger., took 0 ms.
TpTrace Verbose: 0 : 10728, 7, 2023/11/22, 13:37:16.432, 5713304462690, vstest.console.dll, TcpClientExtensions.MessageLoopAsync: NotifyDataAvailable remoteEndPoint: 127.0.0.1:58419 localEndPoint: 127.0.0.1:58418
TpTrace Verbose: 0 : 10728, 7, 2023/11/22, 13:37:16.432, 5713304465612, vstest.console.dll, TestRequestSender.OnExecutionMessageReceived: Received message: {"Version":7,"MessageType":"TestExecution.StatsChange","Payload":{"NewTestResults":[{"TestCase":{"Id":"8f63d1a3-5917-9dc0-6b60-e863a248d268","FullyQualifiedName":"BloodGuardian.Tests.Common.Tests.ValidationTests.ValidateCity_InputCheck_DoesNotThrowException","DisplayName":"ValidateCity_InputCheck_DoesNotThrowException","ExecutorUri":"executor://MSTestAdapter/v2","Source":"C:\\Users\\nasingh\\source\\repos\\BloodGuardian\\BloodGuardian.Tests\\bin\\Debug\\net6.0\\fine-code-coverage\\build-output\\BloodGuardian.Tests.dll","CodeFilePath":null,"LineNumber":-1,"Properties":[{"Key":{"Id":"TestCase.ManagedType","Label":"ManagedType","Category":"","Description":"","Attributes":1,"ValueType":"System.String"},"Value":"BloodGuardian.Tests.Common.Tests.ValidationTests"},{"Key":{"Id":"TestCase.ManagedMethod","Label":"ManagedMethod","Category":"","Description":"","Attributes":1,"ValueType":"System.String"},"Value":"ValidateCity_InputCheck_DoesNotThrowException"},{"Key":{"Id":"MSTestDiscoverer.TestClassName","Label":"ClassName","Category":"","Description":"","Attributes":1,"ValueType":"System.String"},"Value":"BloodGuardian.Tests.Common.Tests.ValidationTests"},{"Key":{"Id":"TestCase.Hierarchy","Label":"Hierarchy","Category":"","Description":"","Attributes":2,"ValueType":"System.String[]"},"Value":["BloodGuardian.Tests.Common.Tests","ValidationTests"]},{"Key":{"Id":"TestObject.Traits","Label":"Traits","Category":"","Description":"","Attributes":5,"ValueType":"System.Collections.Generic.KeyValuePair`2[[System.String],[System.String]][]"},"Value":[]}]},"Attachments":[],"Outcome":1,"ErrorMessage":null,"ErrorStackTrace":null,"DisplayName":"ValidateCity_InputCheck_DoesNotThrowException","Messages":[],"ComputerName":null,"Duration":"00:00:00.0002789","StartTime":"2023-11-22T13:37:16.4134033+05:30","EndTime":"2023-11-22T13:37:16.4138578+05:30","Properties":[{"Key":{"Id":"ExecutionId","Label":"ExecutionId","Category":"","Description":"","Attributes":1,"ValueType":"System.Guid"},"Value":"00000000-0000-0000-0000-000000000000"},{"Key":{"Id":"ParentExecId","Label":"ParentExecId","Category":"","Description":"","Attributes":1,"ValueType":"System.Guid"},"Value":"00000000-0000-0000-0000-000000000000"},{"Key":{"Id":"InnerResultsCount","Label":"InnerResultsCount","Category":"","Description":"","Attributes":1,"ValueType":"System.Int32"},"Value":0}]},{"TestCase":{"Id":"3765c608-868d-1479-0e58-3ec4bb2e5edd","FullyQualifiedName":"BloodGuardian.Tests.Common.Tests.ValidationTests.ValidateCity_InputCheck_ThrowsException","DisplayName":"ValidateCity_InputCheck_ThrowsException","ExecutorUri":"executor://MSTestAdapter/v2","Source":"C:\\Users\\nasingh\\source\\repos\\BloodGuardian\\BloodGuardian.Tests\\bin\\Debug\\net6.0\\fine-code-coverage\\build-output\\BloodGuardian.Tests.dll","CodeFilePath":null,"LineNumber":-1,"Properties":[{"Key":{"Id":"TestCase.ManagedType","Label":"ManagedType","Category":"","Description":"","Attributes":1,"ValueType":"System.String"},"Value":"BloodGuardian.Tests.Common.Tests.ValidationTests"},{"Key":{"Id":"TestCase.ManagedMethod","Label":"ManagedMethod","Category":"","Description":"","Attributes":1,"ValueType":"System.String"},"Value":"ValidateCity_InputCheck_ThrowsException"},{"Key":{"Id":"MSTestDiscoverer.TestClassName","Label":"ClassName","Category":"","Description":"","Attributes":1,"ValueType":"System.String"},"Value":"BloodGuardian.Tests.Common.Tests.ValidationTests"},{"Key":{"Id":"TestCase.Hierarchy","Label":"Hierarchy","Category":"","Description":"","Attributes":2,"ValueType":"System.String[]"},"Value":["BloodGuardian.Tests.Common.Tests","ValidationTests"]},{"Key":{"Id":"TestObject.Traits","Label":"Traits","Category":"","Description":"","Attributes":5,"ValueType":"System.Collections.Generic.KeyValuePair`2[[System.String],[System.String]][]"},"Value":[]}]},"Attachments":[],"Outcome":1,"ErrorMessage":null,"ErrorStackTrace":null,"DisplayName":"ValidateCity_InputCheck_ThrowsException","Messages":[{"Category":"StdOutMsgs","Text":"City can not be empty.\r\n"}],"ComputerName":null,"Duration":"00:00:00.0003750","StartTime":"2023-11-22T13:37:16.4157859+05:30","EndTime":"2023-11-22T13:37:16.4164627+05:30","Properties":[{"Key":{"Id":"ExecutionId","Label":"ExecutionId","Category":"","Description":"","Attributes":1,"ValueType":"System.Guid"},"Value":"00000000-0000-0000-0000-000000000000"},{"Key":{"Id":"ParentExecId","Label":"ParentExecId","Category":"","Description":"","Attributes":1,"ValueType":"System.Guid"},"Value":"00000000-0000-0000-0000-000000000000"},{"Key":{"Id":"InnerResultsCount","Label":"InnerResultsCount","Category":"","Description":"","Attributes":1,"ValueType":"System.Int32"},"Value":0}]},{"TestCase":{"Id":"4231ae40-3810-b0f4-8f25-a6d70ba3c429","FullyQualifiedName":"BloodGuardian.Tests.Common.Tests.ValidationTests.ValidateAddress_InputCheck_DoesNotThrowException","DisplayName":"ValidateAddress_InputCheck_DoesNotThrowException","ExecutorUri":"executor://MSTestAdapter/v2","Source":"C:\\Users\\nasingh\\source\\repos\\BloodGuardian\\BloodGuardian.Tests\\bin\\Debug\\net6.0\\fine-code-coverage\\build-output\\BloodGuardian.Tests.dll","CodeFilePath":null,"LineNumber":-1,"Properties":[{"Key":{"Id":"TestCase.ManagedType","Label":"ManagedType","Category":"","Description":"","Attributes":1,"ValueType":"System.String"},"Value":"BloodGuardian.Tests.Common.Tests.ValidationTests"},{"Key":{"Id":"TestCase.ManagedMethod","Label":"ManagedMethod","Category":"","Description":"","Attributes":1,"ValueType":"System.String"},"Value":"ValidateAddress_InputCheck_DoesNotThrowException"},{"Key":{"Id":"MSTestDiscoverer.TestClassName","Label":"ClassName","Category":"","Description":"","Attributes":1,"ValueType":"System.String"},"Value":"BloodGuardian.Tests.Common.Tests.ValidationTests"},{"Key":{"Id":"TestCase.Hierarchy","Label":"Hierarchy","Category":"","Description":"","Attributes":2,"ValueType":"System.String[]"},"Value":["BloodGuardian.Tests.Common.Tests","ValidationTests"]},{"Key":{"Id":"TestObject.Traits","Label":"Traits","Category":"","Description":"","Attributes":5,"ValueType":"System.Collections.Generic.KeyValuePair`2[[System.String],[System.String]][]"},"Value":[]}]},"Attachments":[],"Outcome":1,"ErrorMessage":null,"ErrorStackTrace":null,"DisplayName":"ValidateAddress_InputCheck_DoesNotThrowException","Messages":[],"ComputerName":null,"Duration":"00:00:00.0002738","StartTime":"2023-11-22T13:37:16.4183595+05:30","EndTime":"2023-11-22T13:37:16.4187871+05:30","Properties":[{"Key":{"Id":"ExecutionId","Label":"ExecutionId","Category":"","Description":"","Attributes":1,"ValueType":"System.Guid"},"Value":"00000000-0000-0000-0000-000000000000"},{"Key":{"Id":"ParentExecId","Label":"ParentExecId","Category":"","Description":"","Attributes":1,"ValueType":"System.Guid"},"Value":"00000000-0000-0000-0000-000000000000"},{"Key":{"Id":"InnerResultsCount","Label":"InnerResultsCount","Category":"","Description":"","Attributes":1,"ValueType":"System.Int32"},"Value":0}]},{"TestCase":{"Id":"ace9124e-a695-2279-3493-48f5bb74bde3","FullyQualifiedName":"BloodGuardian.Tests.Common.Tests.ValidationTests.ValidateAddress_InputCheck_ThrowsException","DisplayName":"ValidateAddress_InputCheck_ThrowsException","ExecutorUri":"executor://MSTestAdapter/v2","Source":"C:\\Users\\nasingh\\source\\repos\\BloodGuardian\\BloodGuardian.Tests\\bin\\Debug\\net6.0\\fine-code-coverage\\build-output\\BloodGuardian.Tests.dll","CodeFilePath":null,"LineNumber":-1,"Properties":[{"Key":{"Id":"TestCase.ManagedType","Label":"ManagedType","Category":"","Description":"","Attributes":1,"ValueType":"System.String"},"Value":"BloodGuardian.Tests.Common.Tests.ValidationTests"},{"Key":{"Id":"TestCase.ManagedMethod","Label":"ManagedMethod","Category":"","Description":"","Attributes":1,"ValueType":"System.String"},"Value":"ValidateAddress_InputCheck_ThrowsException"},{"Key":{"Id":"MSTestDiscoverer.TestClassName","Label":"ClassName","Category":"","Description":"","Attributes":1,"ValueType":"System.String"},"Value":"BloodGuardian.Tests.Common.Tests.ValidationTests"},{"Key":{"Id":"TestCase.Hierarchy","Label":"Hierarchy","Category":"","Description":"","Attributes":2,"ValueType":"System.String[]"},"Value":["BloodGuardian.Tests.Common.Tests","ValidationTests"]},{"Key":{"Id":"TestObject.Traits","Label":"Traits","Category":"","Description":"","Attributes":5,"ValueType":"System.Collections.Generic.KeyValuePair`2[[System.String],[System.String]][]"},"Value":[]}]},"Attachments":[],"Outcome":1,"ErrorMessage":null,"ErrorStackTrace":null,"DisplayName":"ValidateAddress_InputCheck_ThrowsException","Messages":[{"Category":"StdOutMsgs","Text":"Enter Valid Address.\r\n"}],"ComputerName":null,"Duration":"00:00:00.0001516","StartTime":"2023-11-22T13:37:16.4202764+05:30","EndTime":"2023-11-22T13:37:16.4205579+05:30","Properties":[{"Key":{"Id":"ExecutionId","Label":"ExecutionId","Category":"","Description":"","Attributes":1,"ValueType":"System.Guid"},"Value":"00000000-0000-0000-0000-000000000000"},{"Key":{"Id":"ParentExecId","Label":"ParentExecId","Category":"","Description":"","Attributes":1,"ValueType":"System.Guid"},"Value":"00000000-0000-0000-0000-000000000000"},{"Key":{"Id":"InnerResultsCount","Label":"InnerResultsCount","Category":"","Description":"","Attributes":1,"ValueType":"System.Int32"},"Value":0}]},{"TestCase":{"Id":"e4777ebf-5924-2a5c-9ddd-424147f2a4aa","FullyQualifiedName":"BloodGuardian.Tests.Common.Tests.ValidationTests.ValidateRole_InputCheck_DoesNotThrowException","DisplayName":"ValidateRole_InputCheck_DoesNotThrowException","ExecutorUri":"executor://MSTestAdapter/v2","Source":"C:\\Users\\nasingh\\source\\repos\\BloodGuardian\\BloodGuardian.Tests\\bin\\Debug\\net6.0\\fine-code-coverage\\build-output\\BloodGuardian.Tests.dll","CodeFilePath":null,"LineNumber":-1,"Properties":[{"Key":{"Id":"TestCase.ManagedType","Label":"ManagedType","Category":"","Description":"","Attributes":1,"ValueType":"System.String"},"Value":"BloodGuardian.Tests.Common.Tests.ValidationTests"},{"Key":{"Id":"TestCase.ManagedMethod","Label":"ManagedMethod","Category":"","Description":"","Attributes":1,"ValueType":"System.String"},"Value":"ValidateRole_InputCheck_DoesNotThrowException"},{"Key":{"Id":"MSTestDiscoverer.TestClassName","Label":"ClassName","Category":"","Description":"","Attributes":1,"ValueType":"System.String"},"Value":"BloodGuardian.Tests.Common.Tests.ValidationTests"},{"Key":{"Id":"TestCase.Hierarchy","Label":"Hierarchy","Category":"","Description":"","Attributes":2,"ValueType":"System.String[]"},"Value":["BloodGuardian.Tests.Common.Tests","ValidationTests"]},{"Key":{"Id":"TestObject.Traits","Label":"Traits","Category":"","Description":"","Attributes":5,"ValueType":"System.Collections.Generic.KeyValuePair`2[[System.String],[System.String]][]"},"Value":[]}]},"Attachments":[],"Outcome":1,"ErrorMessage":null,"ErrorStackTrace":null,"DisplayName":"ValidateRole_InputCheck_DoesNotThrowException","Messages":[],"ComputerName":null,"Duration":"00:00:00.0002980","StartTime":"2023-11-22T13:37:16.4220229+05:30","EndTime":"2023-11-22T13:37:16.4224665+05:30","Properties":[{"Key":{"Id":"ExecutionId","Label":"ExecutionId","Category":"","Description":"","Attributes":1,"ValueType":"System.Guid"},"Value":"00000000-0000-0000-0000-000000000000"},{"Key":{"Id":"ParentExecId","Label":"ParentExecId","Category":"","Description":"","Attributes":1,"ValueType":"System.Guid"},"Value":"00000000-0000-0000-0000-000000000000"},{"Key":{"Id":"InnerResultsCount","Label":"InnerResultsCount","Category":"","Description":"","Attributes":1,"ValueType":"System.Int32"},"Value":0}]},{"TestCase":{"Id":"cee915f6-27f0-f823-a941-2eee31f4e32f","FullyQualifiedName":"BloodGuardian.Tests.Common.Tests.ValidationTests.ValidateRole_InputCheck_ThrowsException","DisplayName":"ValidateRole_InputCheck_ThrowsException","ExecutorUri":"executor://MSTestAdapter/v2","Source":"C:\\Users\\nasingh\\source\\repos\\BloodGuardian\\BloodGuardian.Tests\\bin\\Debug\\net6.0\\fine-code-coverage\\build-output\\BloodGuardian.Tests.dll","CodeFilePath":null,"LineNumber":-1,"Properties":[{"Key":{"Id":"TestCase.ManagedType","Label":"ManagedType","Category":"","Description":"","Attributes":1,"ValueType":"System.String"},"Value":"BloodGuardian.Tests.Common.Tests.ValidationTests"},{"Key":{"Id":"TestCase.ManagedMethod","Label":"ManagedMethod","Category":"","Description":"","Attributes":1,"ValueType":"System.String"},"Value":"ValidateRole_InputCheck_ThrowsException"},{"Key":{"Id":"MSTestDiscoverer.TestClassName","Label":"ClassName","Category":"","Description":"","Attributes":1,"ValueType":"System.String"},"Value":"BloodGuardian.Tests.Common.Tests.ValidationTests"},{"Key":{"Id":"TestCase.Hierarchy","Label":"Hierarchy","Category":"","Description":"","Attributes":2,"ValueType":"System.String[]"},"Value":["BloodGuardian.Tests.Common.Tests","ValidationTests"]},{"Key":{"Id":"TestObject.Traits","Label":"Traits","Category":"","Description":"","Attributes":5,"ValueType":"System.Collections.Generic.KeyValuePair`2[[System.String],[System.String]][]"},"Value":[]}]},"Attachments":[],"Outcome":1,"ErrorMessage":null,"ErrorStackTrace":null,"DisplayName":"ValidateRole_InputCheck_ThrowsException","Messages":[{"Category":"StdOutMsgs","Text":"Enter valid Role.\r\n"}],"ComputerName":null,"Duration":"00:00:00.0001834","StartTime":"2023-11-22T13:37:16.4240673+05:30","EndTime":"2023-11-22T13:37:16.4244012+05:30","Properties":[{"Key":{"Id":"ExecutionId","Label":"ExecutionId","Category":"","Description":"","Attributes":1,"ValueType":"System.Guid"},"Value":"00000000-0000-0000-0000-000000000000"},{"Key":{"Id":"ParentExecId","Label":"ParentExecId","Category":"","Description":"","Attributes":1,"ValueType":"System.Guid"},"Value":"00000000-0000-0000-0000-000000000000"},{"Key":{"Id":"InnerResultsCount","Label":"InnerResultsCount","Category":"","Description":"","Attributes":1,"ValueType":"System.Int32"},"Value":0}]},{"TestCase":{"Id":"c25c4cc9-c6f3-9578-ec26-b2b86f5f5993","FullyQualifiedName":"BloodGuardian.Tests.Common.Tests.ValidationTests.ValidateEmail_InputCheck_DoesNotThrowException","DisplayName":"ValidateEmail_InputCheck_DoesNotThrowException","ExecutorUri":"executor://MSTestAdapter/v2","Source":"C:\\Users\\nasingh\\source\\repos\\BloodGuardian\\BloodGuardian.Tests\\bin\\Debug\\net6.0\\fine-code-coverage\\build-output\\BloodGuardian.Tests.dll","CodeFilePath":null,"LineNumber":-1,"Properties":[{"Key":{"Id":"TestCase.ManagedType","Label":"ManagedType","Category":"","Description":"","Attributes":1,"ValueType":"System.String"},"Value":"BloodGuardian.Tests.Common.Tests.ValidationTests"},{"Key":{"Id":"TestCase.ManagedMethod","Label":"ManagedMethod","Category":"","Description":"","Attributes":1,"ValueType":"System.String"},"Value":"ValidateEmail_InputCheck_DoesNotThrowException"},{"Key":{"Id":"MSTestDiscoverer.TestClassName","Label":"ClassName","Category":"","Description":"","Attributes":1,"ValueType":"System.String"},"Value":"BloodGuardian.Tests.Common.Tests.ValidationTests"},{"Key":{"Id":"TestCase.Hierarchy","Label":"Hierarchy","Category":"","Description":"","Attributes":2,"ValueType":"System.String[]"},"Value":["BloodGuardian.Tests.Common.Tests","ValidationTests"]},{"Key":{"Id":"TestObject.Traits","Label":"Traits","Category":"","Description":"","Attributes":5,"ValueType":"System.Collections.Generic.KeyValuePair`2[[System.String],[System.String]][]"},"Value":[]}]},"Attachments":[],"Outcome":1,"ErrorMessage":null,"ErrorStackTrace":null,"DisplayName":"ValidateEmail_InputCheck_DoesNotThrowException","Messages":[],"ComputerName":null,"Duration":"00:00:00.0002628","StartTime":"2023-11-22T13:37:16.4259235+05:30","EndTime":"2023-11-22T13:37:16.4263246+05:30","Properties":[{"Key":{"Id":"ExecutionId","Label":"ExecutionId","Category":"","Description":"","Attributes":1,"ValueType":"System.Guid"},"Value":"00000000-0000-0000-0000-000000000000"},{"Key":{"Id":"ParentExecId","Label":"ParentExecId","Category":"","Description":"","Attributes":1,"ValueType":"System.Guid"},"Value":"00000000-0000-0000-0000-000000000000"},{"Key":{"Id":"InnerResultsCount","Label":"InnerResultsCount","Category":"","Description":"","Attributes":1,"ValueType":"System.Int32"},"Value":0}]},{"TestCase":{"Id":"fee2445b-ca0c-2b95-dba6-96b064d878d4","FullyQualifiedName":"BloodGuardian.Tests.Common.Tests.ValidationTests.ValidateEmail_InputCheck_ThrowsException","DisplayName":"ValidateEmail_InputCheck_ThrowsException","ExecutorUri":"executor://MSTestAdapter/v2","Source":"C:\\Users\\nasingh\\source\\repos\\BloodGuardian\\BloodGuardian.Tests\\bin\\Debug\\net6.0\\fine-code-coverage\\build-output\\BloodGuardian.Tests.dll","CodeFilePath":null,"LineNumber":-1,"Properties":[{"Key":{"Id":"TestCase.ManagedType","Label":"ManagedType","Category":"","Description":"","Attributes":1,"ValueType":"System.String"},"Value":"BloodGuardian.Tests.Common.Tests.ValidationTests"},{"Key":{"Id":"TestCase.ManagedMethod","Label":"ManagedMethod","Category":"","Description":"","Attributes":1,"ValueType":"System.String"},"Value":"ValidateEmail_InputCheck_ThrowsException"},{"Key":{"Id":"MSTestDiscoverer.TestClassName","Label":"ClassName","Category":"","Description":"","Attributes":1,"ValueType":"System.String"},"Value":"BloodGuardian.Tests.Common.Tests.ValidationTests"},{"Key":{"Id":"TestCase.Hierarchy","Label":"Hierarchy","Category":"","Description":"","Attributes":2,"ValueType":"System.String[]"},"Value":["BloodGuardian.Tests.Common.Tests","ValidationTests"]},{"Key":{"Id":"TestObject.Traits","Label":"Traits","Category":"","Description":"","Attributes":5,"ValueType":"System.Collections.Generic.KeyValuePair`2[[System.String],[System.String]][]"},"Value":[]}]},"Attachments":[],"Outcome":1,"ErrorMessage":null,"ErrorStackTrace":null,"DisplayName":"ValidateEmail_InputCheck_ThrowsException","Messages":[{"Category":"StdOutMsgs","Text":"Enter Valid Email.\r\n"}],"ComputerName":null,"Duration":"00:00:00.0001765","StartTime":"2023-11-22T13:37:16.4281391+05:30","EndTime":"2023-11-22T13:37:16.4284631+05:30","Properties":[{"Key":{"Id":"ExecutionId","Label":"ExecutionId","Category":"","Description":"","Attributes":1,"ValueType":"System.Guid"},"Value":"00000000-0000-0000-0000-000000000000"},{"Key":{"Id":"ParentExecId","Label":"ParentExecId","Category":"","Description":"","Attributes":1,"ValueType":"System.Guid"},"Value":"00000000-0000-0000-0000-000000000000"},{"Key":{"Id":"InnerResultsCount","Label":"InnerResultsCount","Category":"","Description":"","Attributes":1,"ValueType":"System.Int32"},"Value":0}]},{"TestCase":{"Id":"942d661d-cda4-b818-3638-03ee2391dfd2","FullyQualifiedName":"BloodGuardian.Tests.Common.Tests.ValidationTests.ValidateBloodGroup_InputCheck_DoesNotThrowException","DisplayName":"ValidateBloodGroup_InputCheck_DoesNotThrowException","ExecutorUri":"executor://MSTestAdapter/v2","Source":"C:\\Users\\nasingh\\source\\repos\\BloodGuardian\\BloodGuardian.Tests\\bin\\Debug\\net6.0\\fine-code-coverage\\build-output\\BloodGuardian.Tests.dll","CodeFilePath":null,"LineNumber":-1,"Properties":[{"Key":{"Id":"TestCase.ManagedType","Label":"ManagedType","Category":"","Description":"","Attributes":1,"ValueType":"System.String"},"Value":"BloodGuardian.Tests.Common.Tests.ValidationTests"},{"Key":{"Id":"TestCase.ManagedMethod","Label":"ManagedMethod","Category":"","Description":"","Attributes":1,"ValueType":"System.String"},"Value":"ValidateBloodGroup_InputCheck_DoesNotThrowException"},{"Key":{"Id":"MSTestDiscoverer.TestClassName","Label":"ClassName","Category":"","Description":"","Attributes":1,"ValueType":"System.String"},"Value":"BloodGuardian.Tests.Common.Tests.ValidationTests"},{"Key":{"Id":"TestCase.Hierarchy","Label":"Hierarchy","Category":"","Description":"","Attributes":2,"ValueType":"System.String[]"},"Value":["BloodGuardian.Tests.Common.Tests","ValidationTests"]},{"Key":{"Id":"TestObject.Traits","Label":"Traits","Category":"","Description":"","Attributes":5,"ValueType":"System.Collections.Generic.KeyValuePair`2[[System.String],[System.String]][]"},"Value":[]}]},"Attachments":[],"Outcome":1,"ErrorMessage":null,"ErrorStackTrace":null,"DisplayName":"ValidateBloodGroup_InputCheck_DoesNotThrowException","Messages":[],"ComputerName":null,"Duration":"00:00:00.0002638","StartTime":"2023-11-22T13:37:16.4300847+05:30","EndTime":"2023-11-22T13:37:16.4304932+05:30","Properties":[{"Key":{"Id":"ExecutionId","Label":"ExecutionId","Category":"","Description":"","Attributes":1,"ValueType":"System.Guid"},"Value":"00000000-0000-0000-0000-000000000000"},{"Key":{"Id":"ParentExecId","Label":"ParentExecId","Category":"","Description":"","Attributes":1,"ValueType":"System.Guid"},"Value":"00000000-0000-0000-0000-000000000000"},{"Key":{"Id":"InnerResultsCount","Label":"InnerResultsCount","Category":"","Description":"","Attributes":1,"ValueType":"System.Int32"},"Value":0}]}],"TestRunStatistics":{"ExecutedTests":27,"Stats":{"Passed":26,"Failed":1}},"ActiveTests":[{"Id":"762b8428-6a0f-e501-d4ae-318f385f413d","FullyQualifiedName":"BloodGuardian.Tests.Common.Tests.ValidationTests.ValidateBloodGroup_InputCheck_ThrowsException","DisplayName":"ValidateBloodGroup_InputCheck_ThrowsException","ExecutorUri":"executor://MSTestAdapter/v2","Source":"C:\\Users\\nasingh\\source\\repos\\BloodGuardian\\BloodGuardian.Tests\\bin\\Debug\\net6.0\\fine-code-coverage\\build-output\\BloodGuardian.Tests.dll","CodeFilePath":null,"LineNumber":-1,"Properties":[{"Key":{"Id":"TestCase.ManagedType","Label":"ManagedType","Category":"","Description":"","Attributes":1,"ValueType":"System.String"},"Value":"BloodGuardian.Tests.Common.Tests.ValidationTests"},{"Key":{"Id":"TestCase.ManagedMethod","Label":"ManagedMethod","Category":"","Description":"","Attributes":1,"ValueType":"System.String"},"Value":"ValidateBloodGroup_InputCheck_ThrowsException"},{"Key":{"Id":"MSTestDiscoverer.TestClassName","Label":"ClassName","Category":"","Description":"","Attributes":1,"ValueType":"System.String"},"Value":"BloodGuardian.Tests.Common.Tests.ValidationTests"},{"Key":{"Id":"TestCase.Hierarchy","Label":"Hierarchy","Category":"","Description":"","Attributes":2,"ValueType":"System.String[]"},"Value":["BloodGuardian.Tests.Common.Tests","ValidationTests"]},{"Key":{"Id":"TestObject.Traits","Label":"Traits","Category":"","Description":"","Attributes":5,"ValueType":"System.Collections.Generic.KeyValuePair`2[[System.String],[System.String]][]"},"Value":[]}]}]}}
TpTrace Verbose: 0 : 10728, 7, 2023/11/22, 13:37:16.439, 5713304533172, vstest.console.dll, TestRunRequest:SendTestRunStatsChange: Starting.
TpTrace Verbose: 0 : 10728, 7, 2023/11/22, 13:37:16.439, 5713304533808, vstest.console.dll, InProgress is ValidateBloodGroup_InputCheck_ThrowsException
TpTrace Verbose: 0 : 10728, 7, 2023/11/22, 13:37:16.439, 5713304534266, vstest.console.dll, MulticastDelegateUtilities.SafeInvoke: TestRun.RunStatsChanged: Invoking callbacks was skipped because there are no subscribers.
TpTrace Information: 0 : 10728, 7, 2023/11/22, 13:37:16.439, 5713304534457, vstest.console.dll, TestRunRequest:SendTestRunStatsChange: Completed.
TpTrace Verbose: 0 : 10728, 7, 2023/11/22, 13:37:16.439, 5713304534722, vstest.console.dll, MulticastDelegateUtilities.SafeInvoke: LengthPrefixCommunicationChannel: MessageReceived: Invoking callback 1/1 for Microsoft.VisualStudio.TestPlatform.CommunicationUtilities.TestRequestSender+<>c__DisplayClass34_0., took 6 ms.
TpTrace Verbose: 0 : 10728, 7, 2023/11/22, 13:37:16.439, 5713304534935, vstest.console.dll, TcpClientExtensions.MessageLoopAsync: Polling on remoteEndPoint: 127.0.0.1:58419 localEndPoint: 127.0.0.1:58418
TpTrace Verbose: 0 : 10728, 4, 2023/11/22, 13:37:16.439, 5713304535267, vstest.console.dll, MulticastDelegateUtilities.SafeInvoke: InternalTestLoggerEvents.SendTestResult: Invoking callback 1/1 for Microsoft.VisualStudio.TestPlatform.CommandLine.Internal.ConsoleLogger., took 0 ms.
TpTrace Verbose: 0 : 10728, 4, 2023/11/22, 13:37:16.439, 5713304536023, vstest.console.dll, MulticastDelegateUtilities.SafeInvoke: InternalTestLoggerEvents.SendTestResult: Invoking callback 1/1 for Microsoft.VisualStudio.TestPlatform.CommandLine.Internal.ConsoleLogger., took 0 ms.
TpTrace Verbose: 0 : 10728, 4, 2023/11/22, 13:37:16.439, 5713304536713, vstest.console.dll, MulticastDelegateUtilities.SafeInvoke: InternalTestLoggerEvents.SendTestResult: Invoking callback 1/1 for Microsoft.VisualStudio.TestPlatform.CommandLine.Internal.ConsoleLogger., took 0 ms.
TpTrace Verbose: 0 : 10728, 4, 2023/11/22, 13:37:16.439, 5713304537204, vstest.console.dll, MulticastDelegateUtilities.SafeInvoke: InternalTestLoggerEvents.SendTestResult: Invoking callback 1/1 for Microsoft.VisualStudio.TestPlatform.CommandLine.Internal.ConsoleLogger., took 0 ms.
TpTrace Verbose: 0 : 10728, 4, 2023/11/22, 13:37:16.439, 5713304537669, vstest.console.dll, MulticastDelegateUtilities.SafeInvoke: InternalTestLoggerEvents.SendTestResult: Invoking callback 1/1 for Microsoft.VisualStudio.TestPlatform.CommandLine.Internal.ConsoleLogger., took 0 ms.
TpTrace Verbose: 0 : 10728, 4, 2023/11/22, 13:37:16.439, 5713304538206, vstest.console.dll, MulticastDelegateUtilities.SafeInvoke: InternalTestLoggerEvents.SendTestResult: Invoking callback 1/1 for Microsoft.VisualStudio.TestPlatform.CommandLine.Internal.ConsoleLogger., took 0 ms.
TpTrace Verbose: 0 : 10728, 4, 2023/11/22, 13:37:16.439, 5713304538685, vstest.console.dll, MulticastDelegateUtilities.SafeInvoke: InternalTestLoggerEvents.SendTestResult: Invoking callback 1/1 for Microsoft.VisualStudio.TestPlatform.CommandLine.Internal.ConsoleLogger., took 0 ms.
TpTrace Verbose: 0 : 10728, 4, 2023/11/22, 13:37:16.439, 5713304539162, vstest.console.dll, MulticastDelegateUtilities.SafeInvoke: InternalTestLoggerEvents.SendTestResult: Invoking callback 1/1 for Microsoft.VisualStudio.TestPlatform.CommandLine.Internal.ConsoleLogger., took 0 ms.
TpTrace Verbose: 0 : 10728, 4, 2023/11/22, 13:37:16.439, 5713304539700, vstest.console.dll, MulticastDelegateUtilities.SafeInvoke: InternalTestLoggerEvents.SendTestResult: Invoking callback 1/1 for Microsoft.VisualStudio.TestPlatform.CommandLine.Internal.ConsoleLogger., took 0 ms.
TpTrace Verbose: 0 : 10728, 7, 2023/11/22, 13:37:16.459, 5713304737472, vstest.console.dll, TcpClientExtensions.MessageLoopAsync: NotifyDataAvailable remoteEndPoint: 127.0.0.1:58419 localEndPoint: 127.0.0.1:58418
TpTrace Verbose: 0 : 10728, 7, 2023/11/22, 13:37:16.459, 5713304739385, vstest.console.dll, TestRequestSender.OnExecutionMessageReceived: Received message: {"Version":7,"MessageType":"TestExecution.Completed","Payload":{"TestRunCompleteArgs":{"TestRunStatistics":{"ExecutedTests":32,"Stats":{"Passed":31,"Failed":1}},"IsCanceled":false,"IsAborted":false,"Error":null,"AttachmentSets":[],"InvokedDataCollectors":[],"ElapsedTimeInRunningTests":"00:00:02.1088770","Metrics":{},"DiscoveredExtensions":{"TestDiscoverers":["Microsoft.VisualStudio.TestPlatform.MSTest.TestAdapter.MSTestDiscoverer, Microsoft.VisualStudio.TestPlatform.MSTest.TestAdapter, Version=14.0.0.0, Culture=neutral, PublicKeyToken=b03f5f7f11d50a3a"],"TestExecutors":["executor://MSTestAdapter/v2"],"TestExecutors2":[],"TestSettingsProviders":[]}},"LastRunTests":{"NewTestResults":[{"TestCase":{"Id":"762b8428-6a0f-e501-d4ae-318f385f413d","FullyQualifiedName":"BloodGuardian.Tests.Common.Tests.ValidationTests.ValidateBloodGroup_InputCheck_ThrowsException","DisplayName":"ValidateBloodGroup_InputCheck_ThrowsException","ExecutorUri":"executor://MSTestAdapter/v2","Source":"C:\\Users\\nasingh\\source\\repos\\BloodGuardian\\BloodGuardian.Tests\\bin\\Debug\\net6.0\\fine-code-coverage\\build-output\\BloodGuardian.Tests.dll","CodeFilePath":null,"LineNumber":-1,"Properties":[{"Key":{"Id":"TestCase.ManagedType","Label":"ManagedType","Category":"","Description":"","Attributes":1,"ValueType":"System.String"},"Value":"BloodGuardian.Tests.Common.Tests.ValidationTests"},{"Key":{"Id":"TestCase.ManagedMethod","Label":"ManagedMethod","Category":"","Description":"","Attributes":1,"ValueType":"System.String"},"Value":"ValidateBloodGroup_InputCheck_ThrowsException"},{"Key":{"Id":"MSTestDiscoverer.TestClassName","Label":"ClassName","Category":"","Description":"","Attributes":1,"ValueType":"System.String"},"Value":"BloodGuardian.Tests.Common.Tests.ValidationTests"},{"Key":{"Id":"TestCase.Hierarchy","Label":"Hierarchy","Category":"","Description":"","Attributes":2,"ValueType":"System.String[]"},"Value":["BloodGuardian.Tests.Common.Tests","ValidationTests"]},{"Key":{"Id":"TestObject.Traits","Label":"Traits","Category":"","Description":"","Attributes":5,"ValueType":"System.Collections.Generic.KeyValuePair`2[[System.String],[System.String]][]"},"Value":[]}]},"Attachments":[],"Outcome":1,"ErrorMessage":null,"ErrorStackTrace":null,"DisplayName":"ValidateBloodGroup_InputCheck_ThrowsException","Messages":[{"Category":"StdOutMsgs","Text":"Enter Valid Blood Group.\r\n"}],"ComputerName":null,"Duration":"00:00:00.0002409","StartTime":"2023-11-22T13:37:16.4334732+05:30","EndTime":"2023-11-22T13:37:16.4339133+05:30","Properties":[{"Key":{"Id":"ExecutionId","Label":"ExecutionId","Category":"","Description":"","Attributes":1,"ValueType":"System.Guid"},"Value":"00000000-0000-0000-0000-000000000000"},{"Key":{"Id":"ParentExecId","Label":"ParentExecId","Category":"","Description":"","Attributes":1,"ValueType":"System.Guid"},"Value":"00000000-0000-0000-0000-000000000000"},{"Key":{"Id":"InnerResultsCount","Label":"InnerResultsCount","Category":"","Description":"","Attributes":1,"ValueType":"System.Int32"},"Value":0}]},{"TestCase":{"Id":"f2fe9de0-4e31-6d0b-7f97-3242062bf965","FullyQualifiedName":"BloodGuardian.Tests.Common.Tests.ValidationTests.ValidateDate_InputCheck_DoesNotThrowException","DisplayName":"ValidateDate_InputCheck_DoesNotThrowException","ExecutorUri":"executor://MSTestAdapter/v2","Source":"C:\\Users\\nasingh\\source\\repos\\BloodGuardian\\BloodGuardian.Tests\\bin\\Debug\\net6.0\\fine-code-coverage\\build-output\\BloodGuardian.Tests.dll","CodeFilePath":null,"LineNumber":-1,"Properties":[{"Key":{"Id":"TestCase.ManagedType","Label":"ManagedType","Category":"","Description":"","Attributes":1,"ValueType":"System.String"},"Value":"BloodGuardian.Tests.Common.Tests.ValidationTests"},{"Key":{"Id":"TestCase.ManagedMethod","Label":"ManagedMethod","Category":"","Description":"","Attributes":1,"ValueType":"System.String"},"Value":"ValidateDate_InputCheck_DoesNotThrowException"},{"Key":{"Id":"MSTestDiscoverer.TestClassName","Label":"ClassName","Category":"","Description":"","Attributes":1,"ValueType":"System.String"},"Value":"BloodGuardian.Tests.Common.Tests.ValidationTests"},{"Key":{"Id":"TestCase.Hierarchy","Label":"Hierarchy","Category":"","Description":"","Attributes":2,"ValueType":"System.String[]"},"Value":["BloodGuardian.Tests.Common.Tests","ValidationTests"]},{"Key":{"Id":"TestObject.Traits","Label":"Traits","Category":"","Description":"","Attributes":5,"ValueType":"System.Collections.Generic.KeyValuePair`2[[System.String],[System.String]][]"},"Value":[]}]},"Attachments":[],"Outcome":1,"ErrorMessage":null,"ErrorStackTrace":null,"DisplayName":"ValidateDate_InputCheck_DoesNotThrowException","Messages":[],"ComputerName":null,"Duration":"00:00:00.0029489","StartTime":"2023-11-22T13:37:16.4360356+05:30","EndTime":"2023-11-22T13:37:16.4392426+05:30","Properties":[{"Key":{"Id":"ExecutionId","Label":"ExecutionId","Category":"","Description":"","Attributes":1,"ValueType":"System.Guid"},"Value":"00000000-0000-0000-0000-000000000000"},{"Key":{"Id":"ParentExecId","Label":"ParentExecId","Category":"","Description":"","Attributes":1,"ValueType":"System.Guid"},"Value":"00000000-0000-0000-0000-000000000000"},{"Key":{"Id":"InnerResultsCount","Label":"InnerResultsCount","Category":"","Description":"","Attributes":1,"ValueType":"System.Int32"},"Value":0}]},{"TestCase":{"Id":"4216cd1e-ba31-4f79-00f7-3e5a8beeacd0","FullyQualifiedName":"BloodGuardian.Tests.Common.Tests.ValidationTests.ValidateDate_InputCheck_ThrowsException","DisplayName":"ValidateDate_InputCheck_ThrowsException","ExecutorUri":"executor://MSTestAdapter/v2","Source":"C:\\Users\\nasingh\\source\\repos\\BloodGuardian\\BloodGuardian.Tests\\bin\\Debug\\net6.0\\fine-code-coverage\\build-output\\BloodGuardian.Tests.dll","CodeFilePath":null,"LineNumber":-1,"Properties":[{"Key":{"Id":"TestCase.ManagedType","Label":"ManagedType","Category":"","Description":"","Attributes":1,"ValueType":"System.String"},"Value":"BloodGuardian.Tests.Common.Tests.ValidationTests"},{"Key":{"Id":"TestCase.ManagedMethod","Label":"ManagedMethod","Category":"","Description":"","Attributes":1,"ValueType":"System.String"},"Value":"ValidateDate_InputCheck_ThrowsException"},{"Key":{"Id":"MSTestDiscoverer.TestClassName","Label":"ClassName","Category":"","Description":"","Attributes":1,"ValueType":"System.String"},"Value":"BloodGuardian.Tests.Common.Tests.ValidationTests"},{"Key":{"Id":"TestCase.Hierarchy","Label":"Hierarchy","Category":"","Description":"","Attributes":2,"ValueType":"System.String[]"},"Value":["BloodGuardian.Tests.Common.Tests","ValidationTests"]},{"Key":{"Id":"TestObject.Traits","Label":"Traits","Category":"","Description":"","Attributes":5,"ValueType":"System.Collections.Generic.KeyValuePair`2[[System.String],[System.String]][]"},"Value":[]}]},"Attachments":[],"Outcome":1,"ErrorMessage":null,"ErrorStackTrace":null,"DisplayName":"ValidateDate_InputCheck_ThrowsException","Messages":[{"Category":"StdOutMsgs","Text":"Enter Valid Date.\r\n"}],"ComputerName":null,"Duration":"00:00:00.0001958","StartTime":"2023-11-22T13:37:16.4412896+05:30","EndTime":"2023-11-22T13:37:16.4416421+05:30","Properties":[{"Key":{"Id":"ExecutionId","Label":"ExecutionId","Category":"","Description":"","Attributes":1,"ValueType":"System.Guid"},"Value":"00000000-0000-0000-0000-000000000000"},{"Key":{"Id":"ParentExecId","Label":"ParentExecId","Category":"","Description":"","Attributes":1,"ValueType":"System.Guid"},"Value":"00000000-0000-0000-0000-000000000000"},{"Key":{"Id":"InnerResultsCount","Label":"InnerResultsCount","Category":"","Description":"","Attributes":1,"ValueType":"System.Int32"},"Value":0}]},{"TestCase":{"Id":"f8c01ea3-d08d-5cb9-b3f7-d89d5eca2208","FullyQualifiedName":"BloodGuardian.Tests.Common.Tests.ValidationTests.ValidateTime_InputCheck_DoesNotThrowException","DisplayName":"ValidateTime_InputCheck_DoesNotThrowException","ExecutorUri":"executor://MSTestAdapter/v2","Source":"C:\\Users\\nasingh\\source\\repos\\BloodGuardian\\BloodGuardian.Tests\\bin\\Debug\\net6.0\\fine-code-coverage\\build-output\\BloodGuardian.Tests.dll","CodeFilePath":null,"LineNumber":-1,"Properties":[{"Key":{"Id":"TestCase.ManagedType","Label":"ManagedType","Category":"","Description":"","Attributes":1,"ValueType":"System.String"},"Value":"BloodGuardian.Tests.Common.Tests.ValidationTests"},{"Key":{"Id":"TestCase.ManagedMethod","Label":"ManagedMethod","Category":"","Description":"","Attributes":1,"ValueType":"System.String"},"Value":"ValidateTime_InputCheck_DoesNotThrowException"},{"Key":{"Id":"MSTestDiscoverer.TestClassName","Label":"ClassName","Category":"","Description":"","Attributes":1,"ValueType":"System.String"},"Value":"BloodGuardian.Tests.Common.Tests.ValidationTests"},{"Key":{"Id":"TestCase.Hierarchy","Label":"Hierarchy","Category":"","Description":"","Attributes":2,"ValueType":"System.String[]"},"Value":["BloodGuardian.Tests.Common.Tests","ValidationTests"]},{"Key":{"Id":"TestObject.Traits","Label":"Traits","Category":"","Description":"","Attributes":5,"ValueType":"System.Collections.Generic.KeyValuePair`2[[System.String],[System.String]][]"},"Value":[]}]},"Attachments":[],"Outcome":1,"ErrorMessage":null,"ErrorStackTrace":null,"DisplayName":"ValidateTime_InputCheck_DoesNotThrowException","Messages":[],"ComputerName":null,"Duration":"00:00:00.0001482","StartTime":"2023-11-22T13:37:16.4433121+05:30","EndTime":"2023-11-22T13:37:16.4436199+05:30","Properties":[{"Key":{"Id":"ExecutionId","Label":"ExecutionId","Category":"","Description":"","Attributes":1,"ValueType":"System.Guid"},"Value":"00000000-0000-0000-0000-000000000000"},{"Key":{"Id":"ParentExecId","Label":"ParentExecId","Category":"","Description":"","Attributes":1,"ValueType":"System.Guid"},"Value":"00000000-0000-0000-0000-000000000000"},{"Key":{"Id":"InnerResultsCount","Label":"InnerResultsCount","Category":"","Description":"","Attributes":1,"ValueType":"System.Int32"},"Value":0}]},{"TestCase":{"Id":"db209b3b-ee13-f918-7273-be12fe674c2e","FullyQualifiedName":"BloodGuardian.Tests.Common.Tests.ValidationTests.ValidateTime_InputCheck_ThrowsException","DisplayName":"ValidateTime_InputCheck_ThrowsException","ExecutorUri":"executor://MSTestAdapter/v2","Source":"C:\\Users\\nasingh\\source\\repos\\BloodGuardian\\BloodGuardian.Tests\\bin\\Debug\\net6.0\\fine-code-coverage\\build-output\\BloodGuardian.Tests.dll","CodeFilePath":null,"LineNumber":-1,"Properties":[{"Key":{"Id":"TestCase.ManagedType","Label":"ManagedType","Category":"","Description":"","Attributes":1,"ValueType":"System.String"},"Value":"BloodGuardian.Tests.Common.Tests.ValidationTests"},{"Key":{"Id":"TestCase.ManagedMethod","Label":"ManagedMethod","Category":"","Description":"","Attributes":1,"ValueType":"System.String"},"Value":"ValidateTime_InputCheck_ThrowsException"},{"Key":{"Id":"MSTestDiscoverer.TestClassName","Label":"ClassName","Category":"","Description":"","Attributes":1,"ValueType":"System.String"},"Value":"BloodGuardian.Tests.Common.Tests.ValidationTests"},{"Key":{"Id":"TestCase.Hierarchy","Label":"Hierarchy","Category":"","Description":"","Attributes":2,"ValueType":"System.String[]"},"Value":["BloodGuardian.Tests.Common.Tests","ValidationTests"]},{"Key":{"Id":"TestObject.Traits","Label":"Traits","Category":"","Description":"","Attributes":5,"ValueType":"System.Collections.Generic.KeyValuePair`2[[System.String],[System.String]][]"},"Value":[]}]},"Attachments":[],"Outcome":1,"ErrorMessage":null,"ErrorStackTrace":null,"DisplayName":"ValidateTime_InputCheck_ThrowsException","Messages":[{"Category":"StdOutMsgs","Text":"Enter Valid Date.\r\n"}],"ComputerName":null,"Duration":"00:00:00.0002031","StartTime":"2023-11-22T13:37:16.4479292+05:30","EndTime":"2023-11-22T13:37:16.4483121+05:30","Properties":[{"Key":{"Id":"ExecutionId","Label":"ExecutionId","Category":"","Description":"","Attributes":1,"ValueType":"System.Guid"},"Value":"00000000-0000-0000-0000-000000000000"},{"Key":{"Id":"ParentExecId","Label":"ParentExecId","Category":"","Description":"","Attributes":1,"ValueType":"System.Guid"},"Value":"00000000-0000-0000-0000-000000000000"},{"Key":{"Id":"InnerResultsCount","Label":"InnerResultsCount","Category":"","Description":"","Attributes":1,"ValueType":"System.Int32"},"Value":0}]}],"TestRunStatistics":{"ExecutedTests":32,"Stats":{"Passed":31,"Failed":1}},"ActiveTests":[]},"RunAttachments":[],"ExecutorUris":["executor://mstestadapter/v2"]}}
TpTrace Verbose: 0 : 10728, 7, 2023/11/22, 13:37:16.460, 5713304740732, vstest.console.dll, TestRequestSender.EndSession: Sending end session.
TpTrace Verbose: 0 : 10728, 7, 2023/11/22, 13:37:16.460, 5713304741833, vstest.console.dll, ProxyOperationManager.Close: waiting for test host to exit for 100 ms
TpTrace Verbose: 0 : 10728, 11, 2023/11/22, 13:37:16.474, 5713304880693, vstest.console.dll, TestHostManagerCallbacks.ctor: Experimental forwarding output is disabled.
TpTrace Warning: 0 : 10728, 11, 2023/11/22, 13:37:16.474, 5713304881670, vstest.console.dll, TestHostManagerCallbacks.ErrorReceivedCallback Test host standard error line: 
TpTrace Verbose: 0 : 10728, 11, 2023/11/22, 13:37:16.479, 5713304936696, vstest.console.dll, TestHostProvider.ExitCallBack: Host exited starting callback.
TpTrace Information: 0 : 10728, 11, 2023/11/22, 13:37:16.479, 5713304938090, vstest.console.dll, TestHostManagerCallbacks.ExitCallBack: Testhost processId: 20348 exited with exitcode: 0 error: ''
TpTrace Verbose: 0 : 10728, 11, 2023/11/22, 13:37:16.479, 5713304938444, vstest.console.dll, DotnetTestHostManager.OnHostExited: invoking OnHostExited callback
TpTrace Verbose: 0 : 10728, 11, 2023/11/22, 13:37:16.479, 5713304938855, vstest.console.dll, CrossPlatEngine.TestHostManagerHostExited: calling on client process exit callback.
TpTrace Information: 0 : 10728, 11, 2023/11/22, 13:37:16.479, 5713304939230, vstest.console.dll, TestRequestSender.OnClientProcessExit: Test host process exited. Standard error: 
TpTrace Information: 0 : 10728, 11, 2023/11/22, 13:37:16.479, 5713304939486, vstest.console.dll, SocketServer.Stop: Stop server endPoint: 127.0.0.1:58418
TpTrace Information: 0 : 10728, 11, 2023/11/22, 13:37:16.479, 5713304939651, vstest.console.dll, SocketServer.Stop: Cancellation requested. Stopping message loop.
TpTrace Information: 0 : 10728, 7, 2023/11/22, 13:37:16.480, 5713304940411, vstest.console.dll, SocketServer.Stop: Stop server endPoint: 127.0.0.1:58418
TpTrace Information: 0 : 10728, 7, 2023/11/22, 13:37:16.480, 5713304940852, vstest.console.dll, SocketServer.Stop: Cancellation requested. Stopping message loop.
TpTrace Information: 0 : 10728, 7, 2023/11/22, 13:37:16.480, 5713304941148, vstest.console.dll, Closing the connection
TpTrace Verbose: 0 : 10728, 11, 2023/11/22, 13:37:16.480, 5713304940410, vstest.console.dll, MulticastDelegateUtilities.SafeInvoke: HostProviderEvents.OnHostExited: Invoking callback 1/1 for Microsoft.VisualStudio.TestPlatform.CrossPlatEngine.Client.ProxyOperationManager., took 0 ms.
TpTrace Verbose: 0 : 10728, 7, 2023/11/22, 13:37:16.480, 5713304943136, vstest.console.dll, ProxyDataCollectionManager.InvokeDataCollectionServiceAction: Starting.
TpTrace Information: 0 : 10728, 7, 2023/11/22, 13:37:16.480, 5713304943477, vstest.console.dll, ProxyDataCollectionManager.AfterTestRunEnd: Get attachment set and invoked data collectors processId: 21456 port: 58415
TpTrace Verbose: 0 : 10728, 7, 2023/11/22, 13:37:16.480, 5713304943787, vstest.console.dll, DataCollectionRequestSender.SendAfterTestRunStartAndGetResult: Send AfterTestRunEnd message with isCancelled: False
TpTrace Verbose: 0 : 10728, 7, 2023/11/22, 13:37:16.486, 5713305008458, vstest.console.dll, DataCollectionRequestSender.SendAfterTestRunStartAndGetResult: Received message: (DataCollection.AfterTestRunEndResult) -> {"MessageType":"DataCollection.AfterTestRunEndResult","Payload":{"AttachmentSets":[],"InvokedDataCollectors":[{"Uri":"datacollector://Microsoft/TestPlatform/Extensions/Blame/v1","FriendlyName":"Blame","AssemblyQualifiedName":"Microsoft.TestPlatform.Extensions.BlameDataCollector.BlameCollector, Microsoft.TestPlatform.Extensions.BlameDataCollector, Version=15.0.0.0, Culture=neutral, PublicKeyToken=b03f5f7f11d50a3a","FilePath":"C:\\Program Files\\dotnet\\sdk\\7.0.401\\Extensions\\Microsoft.TestPlatform.Extensions.BlameDataCollector.dll","HasAttachmentProcessor":false}],"Metrics":{}}}
TpTrace Information: 0 : 10728, 7, 2023/11/22, 13:37:16.490, 5713305045153, vstest.console.dll, ProxyDataCollectionManager.InvokeDataCollectionServiceAction: Completed.
TpTrace Warning: 0 : 10728, 10, 2023/11/22, 13:37:16.493, 5713305076451, vstest.console.dll, DataCollectionLauncher.ErrorReceivedCallback datacollector standard error line: 
TpTrace Information: 0 : 10728, 10, 2023/11/22, 13:37:16.501, 5713305154765, vstest.console.dll, DataCollectionLauncher.ExitCallBack: Data collector exited with exitcode: 0 error: ''
TpTrace Verbose: 0 : 10728, 7, 2023/11/22, 13:37:16.528, 5713305428528, vstest.console.dll, TestRunRequest:SendTestRunStatsChange: Starting.
TpTrace Verbose: 0 : 10728, 7, 2023/11/22, 13:37:16.528, 5713305429711, vstest.console.dll, MulticastDelegateUtilities.SafeInvoke: TestRun.RunStatsChanged: Invoking callbacks was skipped because there are no subscribers.
TpTrace Information: 0 : 10728, 7, 2023/11/22, 13:37:16.529, 5713305430007, vstest.console.dll, TestRunRequest:SendTestRunStatsChange: Completed.
TpTrace Verbose: 0 : 10728, 4, 2023/11/22, 13:37:16.529, 5713305430311, vstest.console.dll, MulticastDelegateUtilities.SafeInvoke: InternalTestLoggerEvents.SendTestResult: Invoking callback 1/1 for Microsoft.VisualStudio.TestPlatform.CommandLine.Internal.ConsoleLogger., took 0 ms.
TpTrace Verbose: 0 : 10728, 4, 2023/11/22, 13:37:16.529, 5713305431078, vstest.console.dll, MulticastDelegateUtilities.SafeInvoke: InternalTestLoggerEvents.SendTestResult: Invoking callback 1/1 for Microsoft.VisualStudio.TestPlatform.CommandLine.Internal.ConsoleLogger., took 0 ms.
TpTrace Verbose: 0 : 10728, 4, 2023/11/22, 13:37:16.529, 5713305431595, vstest.console.dll, MulticastDelegateUtilities.SafeInvoke: InternalTestLoggerEvents.SendTestResult: Invoking callback 1/1 for Microsoft.VisualStudio.TestPlatform.CommandLine.Internal.ConsoleLogger., took 0 ms.
TpTrace Verbose: 0 : 10728, 4, 2023/11/22, 13:37:16.529, 5713305432133, vstest.console.dll, MulticastDelegateUtilities.SafeInvoke: InternalTestLoggerEvents.SendTestResult: Invoking callback 1/1 for Microsoft.VisualStudio.TestPlatform.CommandLine.Internal.ConsoleLogger., took 0 ms.
TpTrace Verbose: 0 : 10728, 4, 2023/11/22, 13:37:16.529, 5713305432598, vstest.console.dll, MulticastDelegateUtilities.SafeInvoke: InternalTestLoggerEvents.SendTestResult: Invoking callback 1/1 for Microsoft.VisualStudio.TestPlatform.CommandLine.Internal.ConsoleLogger., took 0 ms.
TpTrace Verbose: 0 : 10728, 7, 2023/11/22, 13:37:16.529, 5713305434204, vstest.console.dll, ParallelProxyExecutionManager: HandlePartialRunComplete: Total workloads = 1, Total started clients = 1 Total completed clients = 1, Run complete = True, Run canceled: False.
TpTrace Verbose: 0 : 10728, 7, 2023/11/22, 13:37:16.529, 5713305435078, vstest.console.dll, ParallelProxyExecutionManager: HandlePartialRunComplete: All runs completed stopping all managers.
TpTrace Verbose: 0 : 10728, 7, 2023/11/22, 13:37:16.529, 5713305435439, vstest.console.dll, ParallelOperationManager.StopAllManagers: Stopping all managers.
TpTrace Verbose: 0 : 10728, 7, 2023/11/22, 13:37:16.529, 5713305435697, vstest.console.dll, ParallelOperationManager.ClearSlots: Clearing all slots. Slots should accept more work: False
TpTrace Verbose: 0 : 10728, 7, 2023/11/22, 13:37:16.529, 5713305436082, vstest.console.dll, ParallelOperationManager.SetOccupiedSlotCount: Setting slot counts AvailableSlotCount = 1, OccupiedSlotCount = 0.
TpTrace Verbose: 0 : 10728, 7, 2023/11/22, 13:37:16.529, 5713305436538, vstest.console.dll, Occupied slots:

TpTrace Verbose: 0 : 10728, 4, 2023/11/22, 13:37:16.538, 5713305521812, vstest.console.dll, MulticastDelegateUtilities.SafeInvoke: InternalTestLoggerEvents.SendTestRunComplete: Invoking callback 1/2 for Microsoft.TestPlatform.Extensions.BlameDataCollector.BlameLogger., took 0 ms.
TpTrace Verbose: 0 : 10728, 4, 2023/11/22, 13:37:16.543, 5713305574081, vstest.console.dll, MulticastDelegateUtilities.SafeInvoke: InternalTestLoggerEvents.SendTestRunComplete: Invoking callback 2/2 for Microsoft.VisualStudio.TestPlatform.CommandLine.Internal.ConsoleLogger., took 5 ms.
TpTrace Verbose: 0 : 10728, 7, 2023/11/22, 13:37:16.543, 5713305578374, vstest.console.dll, TestRunRequest:TestRunComplete: Starting. IsAborted:False IsCanceled:False.
TpTrace Verbose: 0 : 10728, 7, 2023/11/22, 13:37:16.544, 5713305580435, vstest.console.dll, ParallelOperationManager.DoActionOnAllManagers: Calling an action on all managers.
TpTrace Verbose: 0 : 10728, 7, 2023/11/22, 13:37:16.545, 5713305597577, vstest.console.dll, TestLoggerManager.HandleTestRunComplete: Ignoring as the object is disposed.
TpTrace Verbose: 0 : 10728, 7, 2023/11/22, 13:37:16.546, 5713305600323, vstest.console.dll, MulticastDelegateUtilities.SafeInvoke: TestRun.TestRunComplete: Invoking callback 1/2 for Microsoft.VisualStudio.TestPlatform.CommandLine.TestRunResultAggregator., took 0 ms.
TpTrace Verbose: 0 : 10728, 7, 2023/11/22, 13:37:16.546, 5713305601771, vstest.console.dll, MulticastDelegateUtilities.SafeInvoke: TestRun.TestRunComplete: Invoking callback 2/2 for Microsoft.VisualStudio.TestPlatform.CommandLine.Processors.RunTestsArgumentExecutor+TestRunRequestEventsRegistrar., took 0 ms.
TpTrace Information: 0 : 10728, 7, 2023/11/22, 13:37:16.546, 5713305602864, vstest.console.dll, TestRunRequest:TestRunComplete: Completed.
TpTrace Verbose: 0 : 10728, 7, 2023/11/22, 13:37:16.546, 5713305603268, vstest.console.dll, TestRequestSender.SetOperationComplete: Setting operation complete.
TpTrace Information: 0 : 10728, 7, 2023/11/22, 13:37:16.546, 5713305603603, vstest.console.dll, SocketServer.Stop: Stop server endPoint: 127.0.0.1:58418
TpTrace Verbose: 0 : 10728, 1, 2023/11/22, 13:37:16.546, 5713305603664, vstest.console.dll, TestRunRequest.Dispose: Starting.
TpTrace Information: 0 : 10728, 7, 2023/11/22, 13:37:16.546, 5713305603830, vstest.console.dll, SocketServer.Stop: Cancellation requested. Stopping message loop.
TpTrace Information: 0 : 10728, 1, 2023/11/22, 13:37:16.546, 5713305604378, vstest.console.dll, TestRunRequest.Dispose: Completed.
TpTrace Verbose: 0 : 10728, 7, 2023/11/22, 13:37:16.546, 5713305604684, vstest.console.dll, MulticastDelegateUtilities.SafeInvoke: LengthPrefixCommunicationChannel: MessageReceived: Invoking callback 1/1 for Microsoft.VisualStudio.TestPlatform.CommunicationUtilities.TestRequestSender+<>c__DisplayClass34_0., took 86 ms.
TpTrace Information: 0 : 10728, 1, 2023/11/22, 13:37:16.546, 5713305605148, vstest.console.dll, TestRequestManager.RunTests: run tests completed.
TpTrace Information: 0 : 10728, 7, 2023/11/22, 13:37:16.546, 5713305605434, vstest.console.dll, SocketServer.PrivateStop: Stopping server endPoint: 127.0.0.1:58418 error: 
TpTrace Information: 0 : 10728, 1, 2023/11/22, 13:37:16.546, 5713305607005, vstest.console.dll, RunTestsArgumentProcessor:Execute: Test run is completed.
TpTrace Verbose: 0 : 10728, 1, 2023/11/22, 13:37:16.547, 5713305611030, vstest.console.dll, Executor.Execute: Exiting with exit code of 1
TpTrace Verbose: 0 : 10728, 7, 2023/11/22, 13:37:16.547, 5713305612428, vstest.console.dll, LengthPrefixCommunicationChannel.Dispose: Dispose reader and writer.
TpTrace Information: 0 : 10728, 7, 2023/11/22, 13:37:16.547, 5713305613476, vstest.console.dll, SocketServer.Stop: Raise disconnected event endPoint: 127.0.0.1:58418 error: 
TpTrace Verbose: 0 : 10728, 7, 2023/11/22, 13:37:16.547, 5713305614585, vstest.console.dll, TestRequestSender: OnTestRunAbort: Operation is already complete. Skip error message.
TpTrace Verbose: 0 : 10728, 7, 2023/11/22, 13:37:16.547, 5713305615167, vstest.console.dll, MulticastDelegateUtilities.SafeInvoke: SocketServer: ClientDisconnected: Invoking callback 1/1 for Microsoft.VisualStudio.TestPlatform.CommunicationUtilities.TestRequestSender., took 0 ms.
TpTrace Verbose: 0 : 10728, 7, 2023/11/22, 13:37:16.547, 5713305615593, vstest.console.dll, TcpClientExtensions.MessageLoopAsync: exiting MessageLoopAsync remoteEndPoint: 127.0.0.1:58419 localEndPoint: 127.0.0.1:58418
